Determining if the pthread_create exist failed with the following output:
Change Dir: /home/student/LJ2_P4_ROS_Groep1/universal_robots_ws/build/ur_calibration/CMakeFiles/CMakeTmp

Run Build Command:"/usr/bin/make" "cmTC_49f5a/fast"
/usr/bin/make -f CMakeFiles/cmTC_49f5a.dir/build.make CMakeFiles/cmTC_49f5a.dir/build
make[1]: Entering directory '/home/student/LJ2_P4_ROS_Groep1/universal_robots_ws/build/ur_calibration/CMakeFiles/CMakeTmp'
Building C object CMakeFiles/cmTC_49f5a.dir/CheckSymbolExists.c.o
/usr/bin/cc    -o CMakeFiles/cmTC_49f5a.dir/CheckSymbolExists.c.o   -c /home/student/LJ2_P4_ROS_Groep1/universal_robots_ws/build/ur_calibration/CMakeFiles/CMakeTmp/CheckSymbolExists.c
Linking C executable cmTC_49f5a
/usr/bin/cmake -E cmake_link_script CMakeFiles/cmTC_49f5a.dir/link.txt --verbose=1
/usr/bin/cc      -rdynamic CMakeFiles/cmTC_49f5a.dir/CheckSymbolExists.c.o  -o cmTC_49f5a 
CMakeFiles/cmTC_49f5a.dir/CheckSymbolExists.c.o: In function `main':
CheckSymbolExists.c:(.text+0x1b): undefined reference to `pthread_create'
collect2: error: ld returned 1 exit status
CMakeFiles/cmTC_49f5a.dir/build.make:97: recipe for target 'cmTC_49f5a' failed
make[1]: *** [cmTC_49f5a] Error 1
make[1]: Leaving directory '/home/student/LJ2_P4_ROS_Groep1/universal_robots_ws/build/ur_calibration/CMakeFiles/CMakeTmp'
Makefile:126: recipe for target 'cmTC_49f5a/fast' failed
make: *** [cmTC_49f5a/fast] Error 2

File /home/student/LJ2_P4_ROS_Groep1/universal_robots_ws/build/ur_calibration/CMakeFiles/CMakeTmp/CheckSymbolExists.c:
/* */
#include <pthread.h>

int main(int argc, char** argv)
{
  (void)argv;
#ifndef pthread_create
  return ((int*)(&pthread_create))[argc];
#else
  (void)argc;
  return 0;
#endif
}

Determining if the function pthread_create exists in the pthreads failed with the following output:
Change Dir: /home/student/LJ2_P4_ROS_Groep1/universal_robots_ws/build/ur_calibration/CMakeFiles/CMakeTmp

Run Build Command:"/usr/bin/make" "cmTC_eda72/fast"
/usr/bin/make -f CMakeFiles/cmTC_eda72.dir/build.make CMakeFiles/cmTC_eda72.dir/build
make[1]: Entering directory '/home/student/LJ2_P4_ROS_Groep1/universal_robots_ws/build/ur_calibration/CMakeFiles/CMakeTmp'
Building C object CMakeFiles/cmTC_eda72.dir/CheckFunctionExists.c.o
/usr/bin/cc   -DCHECK_FUNCTION_EXISTS=pthread_create   -o CMakeFiles/cmTC_eda72.dir/CheckFunctionExists.c.o   -c /usr/share/cmake-3.10/Modules/CheckFunctionExists.c
Linking C executable cmTC_eda72
/usr/bin/cmake -E cmake_link_script CMakeFiles/cmTC_eda72.dir/link.txt --verbose=1
/usr/bin/cc  -DCHECK_FUNCTION_EXISTS=pthread_create    -rdynamic CMakeFiles/cmTC_eda72.dir/CheckFunctionExists.c.o  -o cmTC_eda72 -lpthreads 
/usr/bin/ld: cannot find -lpthreads
collect2: error: ld returned 1 exit status
CMakeFiles/cmTC_eda72.dir/build.make:97: recipe for target 'cmTC_eda72' failed
make[1]: *** [cmTC_eda72] Error 1
make[1]: Leaving directory '/home/student/LJ2_P4_ROS_Groep1/universal_robots_ws/build/ur_calibration/CMakeFiles/CMakeTmp'
Makefile:126: recipe for target 'cmTC_eda72/fast' failed
make: *** [cmTC_eda72/fast] Error 2


