Determining if the pthread_create exist failed with the following output:
Change Dir: /home/student/LJ2_P4_ROS_Groep1/universal_robots_ws/build/rosserial_embeddedlinux/CMakeFiles/CMakeTmp

Run Build Command:"/usr/bin/make" "cmTC_83bf8/fast"
/usr/bin/make -f CMakeFiles/cmTC_83bf8.dir/build.make CMakeFiles/cmTC_83bf8.dir/build
make[1]: Entering directory '/home/student/LJ2_P4_ROS_Groep1/universal_robots_ws/build/rosserial_embeddedlinux/CMakeFiles/CMakeTmp'
Building C object CMakeFiles/cmTC_83bf8.dir/CheckSymbolExists.c.o
/usr/bin/cc    -o CMakeFiles/cmTC_83bf8.dir/CheckSymbolExists.c.o   -c /home/student/LJ2_P4_ROS_Groep1/universal_robots_ws/build/rosserial_embeddedlinux/CMakeFiles/CMakeTmp/CheckSymbolExists.c
Linking C executable cmTC_83bf8
/usr/bin/cmake -E cmake_link_script CMakeFiles/cmTC_83bf8.dir/link.txt --verbose=1
/usr/bin/cc      -rdynamic CMakeFiles/cmTC_83bf8.dir/CheckSymbolExists.c.o  -o cmTC_83bf8 
CMakeFiles/cmTC_83bf8.dir/CheckSymbolExists.c.o: In function `main':
CheckSymbolExists.c:(.text+0x1b): undefined reference to `pthread_create'
collect2: error: ld returned 1 exit status
CMakeFiles/cmTC_83bf8.dir/build.make:97: recipe for target 'cmTC_83bf8' failed
make[1]: *** [cmTC_83bf8] Error 1
make[1]: Leaving directory '/home/student/LJ2_P4_ROS_Groep1/universal_robots_ws/build/rosserial_embeddedlinux/CMakeFiles/CMakeTmp'
Makefile:126: recipe for target 'cmTC_83bf8/fast' failed
make: *** [cmTC_83bf8/fast] Error 2

File /home/student/LJ2_P4_ROS_Groep1/universal_robots_ws/build/rosserial_embeddedlinux/CMakeFiles/CMakeTmp/CheckSymbolExists.c:
/* */
#include <pthread.h>

int main(int argc, char** argv)
{
  (void)argv;
#ifndef pthread_create
  return ((int*)(&pthread_create))[argc];
#else
  (void)argc;
  return 0;
#endif
}

Determining if the function pthread_create exists in the pthreads failed with the following output:
Change Dir: /home/student/LJ2_P4_ROS_Groep1/universal_robots_ws/build/rosserial_embeddedlinux/CMakeFiles/CMakeTmp

Run Build Command:"/usr/bin/make" "cmTC_dc18a/fast"
/usr/bin/make -f CMakeFiles/cmTC_dc18a.dir/build.make CMakeFiles/cmTC_dc18a.dir/build
make[1]: Entering directory '/home/student/LJ2_P4_ROS_Groep1/universal_robots_ws/build/rosserial_embeddedlinux/CMakeFiles/CMakeTmp'
Building C object CMakeFiles/cmTC_dc18a.dir/CheckFunctionExists.c.o
/usr/bin/cc   -DCHECK_FUNCTION_EXISTS=pthread_create   -o CMakeFiles/cmTC_dc18a.dir/CheckFunctionExists.c.o   -c /usr/share/cmake-3.10/Modules/CheckFunctionExists.c
Linking C executable cmTC_dc18a
/usr/bin/cmake -E cmake_link_script CMakeFiles/cmTC_dc18a.dir/link.txt --verbose=1
/usr/bin/cc  -DCHECK_FUNCTION_EXISTS=pthread_create    -rdynamic CMakeFiles/cmTC_dc18a.dir/CheckFunctionExists.c.o  -o cmTC_dc18a -lpthreads 
/usr/bin/ld: cannot find -lpthreads
collect2: error: ld returned 1 exit status
CMakeFiles/cmTC_dc18a.dir/build.make:97: recipe for target 'cmTC_dc18a' failed
make[1]: *** [cmTC_dc18a] Error 1
make[1]: Leaving directory '/home/student/LJ2_P4_ROS_Groep1/universal_robots_ws/build/rosserial_embeddedlinux/CMakeFiles/CMakeTmp'
Makefile:126: recipe for target 'cmTC_dc18a/fast' failed
make: *** [cmTC_dc18a/fast] Error 2


