Determining if the pthread_create exist failed with the following output:
Change Dir: /home/student/LJ2_P4_ROS_Groep1/universal_robots_ws/build/hmi/CMakeFiles/CMakeTmp

Run Build Command:"/usr/bin/make" "cmTC_94a0f/fast"
/usr/bin/make -f CMakeFiles/cmTC_94a0f.dir/build.make CMakeFiles/cmTC_94a0f.dir/build
make[1]: Entering directory '/home/student/LJ2_P4_ROS_Groep1/universal_robots_ws/build/hmi/CMakeFiles/CMakeTmp'
Building C object CMakeFiles/cmTC_94a0f.dir/CheckSymbolExists.c.o
/usr/bin/cc    -o CMakeFiles/cmTC_94a0f.dir/CheckSymbolExists.c.o   -c /home/student/LJ2_P4_ROS_Groep1/universal_robots_ws/build/hmi/CMakeFiles/CMakeTmp/CheckSymbolExists.c
Linking C executable cmTC_94a0f
/usr/bin/cmake -E cmake_link_script CMakeFiles/cmTC_94a0f.dir/link.txt --verbose=1
/usr/bin/cc      -rdynamic CMakeFiles/cmTC_94a0f.dir/CheckSymbolExists.c.o  -o cmTC_94a0f 
CMakeFiles/cmTC_94a0f.dir/CheckSymbolExists.c.o: In function `main':
CheckSymbolExists.c:(.text+0x1b): undefined reference to `pthread_create'
collect2: error: ld returned 1 exit status
CMakeFiles/cmTC_94a0f.dir/build.make:97: recipe for target 'cmTC_94a0f' failed
make[1]: *** [cmTC_94a0f] Error 1
make[1]: Leaving directory '/home/student/LJ2_P4_ROS_Groep1/universal_robots_ws/build/hmi/CMakeFiles/CMakeTmp'
Makefile:126: recipe for target 'cmTC_94a0f/fast' failed
make: *** [cmTC_94a0f/fast] Error 2

File /home/student/LJ2_P4_ROS_Groep1/universal_robots_ws/build/hmi/CMakeFiles/CMakeTmp/CheckSymbolExists.c:
/* */
#include <pthread.h>

int main(int argc, char** argv)
{
  (void)argv;
#ifndef pthread_create
  return ((int*)(&pthread_create))[argc];
#else
  (void)argc;
  return 0;
#endif
}

Determining if the function pthread_create exists in the pthreads failed with the following output:
Change Dir: /home/student/LJ2_P4_ROS_Groep1/universal_robots_ws/build/hmi/CMakeFiles/CMakeTmp

Run Build Command:"/usr/bin/make" "cmTC_0f0b5/fast"
/usr/bin/make -f CMakeFiles/cmTC_0f0b5.dir/build.make CMakeFiles/cmTC_0f0b5.dir/build
make[1]: Entering directory '/home/student/LJ2_P4_ROS_Groep1/universal_robots_ws/build/hmi/CMakeFiles/CMakeTmp'
Building C object CMakeFiles/cmTC_0f0b5.dir/CheckFunctionExists.c.o
/usr/bin/cc   -DCHECK_FUNCTION_EXISTS=pthread_create   -o CMakeFiles/cmTC_0f0b5.dir/CheckFunctionExists.c.o   -c /usr/share/cmake-3.10/Modules/CheckFunctionExists.c
Linking C executable cmTC_0f0b5
/usr/bin/cmake -E cmake_link_script CMakeFiles/cmTC_0f0b5.dir/link.txt --verbose=1
/usr/bin/cc  -DCHECK_FUNCTION_EXISTS=pthread_create    -rdynamic CMakeFiles/cmTC_0f0b5.dir/CheckFunctionExists.c.o  -o cmTC_0f0b5 -lpthreads 
/usr/bin/ld: cannot find -lpthreads
collect2: error: ld returned 1 exit status
CMakeFiles/cmTC_0f0b5.dir/build.make:97: recipe for target 'cmTC_0f0b5' failed
make[1]: *** [cmTC_0f0b5] Error 1
make[1]: Leaving directory '/home/student/LJ2_P4_ROS_Groep1/universal_robots_ws/build/hmi/CMakeFiles/CMakeTmp'
Makefile:126: recipe for target 'cmTC_0f0b5/fast' failed
make: *** [cmTC_0f0b5/fast] Error 2


