Determining if the pthread_create exist failed with the following output:
Change Dir: /home/student/LJ2_P4_ROS_Groep1/universal_robots_ws/build/my_behavior_flexbe_states/CMakeFiles/CMakeTmp

Run Build Command:"/usr/bin/make" "cmTC_53604/fast"
/usr/bin/make -f CMakeFiles/cmTC_53604.dir/build.make CMakeFiles/cmTC_53604.dir/build
make[1]: Entering directory '/home/student/LJ2_P4_ROS_Groep1/universal_robots_ws/build/my_behavior_flexbe_states/CMakeFiles/CMakeTmp'
Building C object CMakeFiles/cmTC_53604.dir/CheckSymbolExists.c.o
/usr/bin/cc    -o CMakeFiles/cmTC_53604.dir/CheckSymbolExists.c.o   -c /home/student/LJ2_P4_ROS_Groep1/universal_robots_ws/build/my_behavior_flexbe_states/CMakeFiles/CMakeTmp/CheckSymbolExists.c
Linking C executable cmTC_53604
/usr/bin/cmake -E cmake_link_script CMakeFiles/cmTC_53604.dir/link.txt --verbose=1
/usr/bin/cc      -rdynamic CMakeFiles/cmTC_53604.dir/CheckSymbolExists.c.o  -o cmTC_53604 
CMakeFiles/cmTC_53604.dir/CheckSymbolExists.c.o: In function `main':
CheckSymbolExists.c:(.text+0x1b): undefined reference to `pthread_create'
collect2: error: ld returned 1 exit status
CMakeFiles/cmTC_53604.dir/build.make:97: recipe for target 'cmTC_53604' failed
make[1]: *** [cmTC_53604] Error 1
make[1]: Leaving directory '/home/student/LJ2_P4_ROS_Groep1/universal_robots_ws/build/my_behavior_flexbe_states/CMakeFiles/CMakeTmp'
Makefile:126: recipe for target 'cmTC_53604/fast' failed
make: *** [cmTC_53604/fast] Error 2

File /home/student/LJ2_P4_ROS_Groep1/universal_robots_ws/build/my_behavior_flexbe_states/CMakeFiles/CMakeTmp/CheckSymbolExists.c:
/* */
#include <pthread.h>

int main(int argc, char** argv)
{
  (void)argv;
#ifndef pthread_create
  return ((int*)(&pthread_create))[argc];
#else
  (void)argc;
  return 0;
#endif
}

Determining if the function pthread_create exists in the pthreads failed with the following output:
Change Dir: /home/student/LJ2_P4_ROS_Groep1/universal_robots_ws/build/my_behavior_flexbe_states/CMakeFiles/CMakeTmp

Run Build Command:"/usr/bin/make" "cmTC_c086d/fast"
/usr/bin/make -f CMakeFiles/cmTC_c086d.dir/build.make CMakeFiles/cmTC_c086d.dir/build
make[1]: Entering directory '/home/student/LJ2_P4_ROS_Groep1/universal_robots_ws/build/my_behavior_flexbe_states/CMakeFiles/CMakeTmp'
Building C object CMakeFiles/cmTC_c086d.dir/CheckFunctionExists.c.o
/usr/bin/cc   -DCHECK_FUNCTION_EXISTS=pthread_create   -o CMakeFiles/cmTC_c086d.dir/CheckFunctionExists.c.o   -c /usr/share/cmake-3.10/Modules/CheckFunctionExists.c
Linking C executable cmTC_c086d
/usr/bin/cmake -E cmake_link_script CMakeFiles/cmTC_c086d.dir/link.txt --verbose=1
/usr/bin/cc  -DCHECK_FUNCTION_EXISTS=pthread_create    -rdynamic CMakeFiles/cmTC_c086d.dir/CheckFunctionExists.c.o  -o cmTC_c086d -lpthreads 
/usr/bin/ld: cannot find -lpthreads
collect2: error: ld returned 1 exit status
CMakeFiles/cmTC_c086d.dir/build.make:97: recipe for target 'cmTC_c086d' failed
make[1]: *** [cmTC_c086d] Error 1
make[1]: Leaving directory '/home/student/LJ2_P4_ROS_Groep1/universal_robots_ws/build/my_behavior_flexbe_states/CMakeFiles/CMakeTmp'
Makefile:126: recipe for target 'cmTC_c086d/fast' failed
make: *** [cmTC_c086d/fast] Error 2


