Determining if the pthread_create exist failed with the following output:
Change Dir: /home/student/LJ2_P4_ROS_Groep1/universal_robots_ws/build/ur_gazebo/CMakeFiles/CMakeTmp

Run Build Command:"/usr/bin/make" "cmTC_13af0/fast"
/usr/bin/make -f CMakeFiles/cmTC_13af0.dir/build.make CMakeFiles/cmTC_13af0.dir/build
make[1]: Entering directory '/home/student/LJ2_P4_ROS_Groep1/universal_robots_ws/build/ur_gazebo/CMakeFiles/CMakeTmp'
Building C object CMakeFiles/cmTC_13af0.dir/CheckSymbolExists.c.o
/usr/bin/cc    -o CMakeFiles/cmTC_13af0.dir/CheckSymbolExists.c.o   -c /home/student/LJ2_P4_ROS_Groep1/universal_robots_ws/build/ur_gazebo/CMakeFiles/CMakeTmp/CheckSymbolExists.c
Linking C executable cmTC_13af0
/usr/bin/cmake -E cmake_link_script CMakeFiles/cmTC_13af0.dir/link.txt --verbose=1
/usr/bin/cc      -rdynamic CMakeFiles/cmTC_13af0.dir/CheckSymbolExists.c.o  -o cmTC_13af0 
CMakeFiles/cmTC_13af0.dir/CheckSymbolExists.c.o: In function `main':
CheckSymbolExists.c:(.text+0x1b): undefined reference to `pthread_create'
collect2: error: ld returned 1 exit status
CMakeFiles/cmTC_13af0.dir/build.make:97: recipe for target 'cmTC_13af0' failed
make[1]: *** [cmTC_13af0] Error 1
make[1]: Leaving directory '/home/student/LJ2_P4_ROS_Groep1/universal_robots_ws/build/ur_gazebo/CMakeFiles/CMakeTmp'
Makefile:126: recipe for target 'cmTC_13af0/fast' failed
make: *** [cmTC_13af0/fast] Error 2

File /home/student/LJ2_P4_ROS_Groep1/universal_robots_ws/build/ur_gazebo/CMakeFiles/CMakeTmp/CheckSymbolExists.c:
/* */
#include <pthread.h>

int main(int argc, char** argv)
{
  (void)argv;
#ifndef pthread_create
  return ((int*)(&pthread_create))[argc];
#else
  (void)argc;
  return 0;
#endif
}

Determining if the function pthread_create exists in the pthreads failed with the following output:
Change Dir: /home/student/LJ2_P4_ROS_Groep1/universal_robots_ws/build/ur_gazebo/CMakeFiles/CMakeTmp

Run Build Command:"/usr/bin/make" "cmTC_7fc3b/fast"
/usr/bin/make -f CMakeFiles/cmTC_7fc3b.dir/build.make CMakeFiles/cmTC_7fc3b.dir/build
make[1]: Entering directory '/home/student/LJ2_P4_ROS_Groep1/universal_robots_ws/build/ur_gazebo/CMakeFiles/CMakeTmp'
Building C object CMakeFiles/cmTC_7fc3b.dir/CheckFunctionExists.c.o
/usr/bin/cc   -DCHECK_FUNCTION_EXISTS=pthread_create   -o CMakeFiles/cmTC_7fc3b.dir/CheckFunctionExists.c.o   -c /usr/share/cmake-3.10/Modules/CheckFunctionExists.c
Linking C executable cmTC_7fc3b
/usr/bin/cmake -E cmake_link_script CMakeFiles/cmTC_7fc3b.dir/link.txt --verbose=1
/usr/bin/cc  -DCHECK_FUNCTION_EXISTS=pthread_create    -rdynamic CMakeFiles/cmTC_7fc3b.dir/CheckFunctionExists.c.o  -o cmTC_7fc3b -lpthreads 
/usr/bin/ld: cannot find -lpthreads
collect2: error: ld returned 1 exit status
CMakeFiles/cmTC_7fc3b.dir/build.make:97: recipe for target 'cmTC_7fc3b' failed
make[1]: *** [cmTC_7fc3b] Error 1
make[1]: Leaving directory '/home/student/LJ2_P4_ROS_Groep1/universal_robots_ws/build/ur_gazebo/CMakeFiles/CMakeTmp'
Makefile:126: recipe for target 'cmTC_7fc3b/fast' failed
make: *** [cmTC_7fc3b/fast] Error 2


