[33m[1mCMake Warning[0m at /opt/ros/melodic/share/catkin/cmake/test/gtest.cmake:180 (add_executable):
  Cannot generate a safe runtime search path for target calibration_test
  because there is a cycle in the constraint graph:

    dir 0 is [/home/student/.local/share/Trash/files/LJ2_P4_ROS_Groep1/universal_robots_ws/build/ur_calibration/gtest]
    dir 1 is [/home/student/.local/share/Trash/files/LJ2_P4_ROS_Groep1/universal_robots_ws/build/ur_calibration/gtest/googlemock/gtest]
    dir 2 is [/home/student/LJ2_P4_ROS_Groep1/universal_robots_ws/devel/.private/ur_robot_driver/lib]
    dir 3 is [/home/student/LJ2_P4_ROS_Groep1/universal_robots_ws/devel/lib]
      dir 5 must precede it due to runtime library [liburcl.so]
    dir 4 is [/opt/ros/melodic/lib]
    dir 5 is [/home/student/.local/share/Trash/files/LJ2_P4_ROS_Groep1/universal_robots_ws/devel/lib]
      dir 3 must precede it due to runtime library [liburcl.so]

  Some of these libraries may not be found correctly.
[36mCall Stack (most recent call first):[0m
  /opt/ros/melodic/share/catkin/cmake/test/gtest.cmake:89 (_catkin_add_executable_with_google_test)
  /opt/ros/melodic/share/catkin/cmake/test/gtest.cmake:37 (_catkin_add_google_test)
  CMakeLists.txt:64 (catkin_add_gtest)


[33m[1mCMake Warning[0m at /home/student/.local/share/Trash/files/LJ2_P4_ROS_Groep1/universal_robots_ws/src/Universal_Robots_ROS_Driver/ur_calibration/CMakeLists.txt:40 (add_executable):
  Cannot generate a safe runtime search path for target
  calibration_correction because there is a cycle in the constraint graph:

    dir 0 is [/home/student/LJ2_P4_ROS_Groep1/universal_robots_ws/devel/.private/ur_robot_driver/lib]
    dir 1 is [/home/student/LJ2_P4_ROS_Groep1/universal_robots_ws/devel/lib]
      dir 3 must precede it due to runtime library [liburcl.so]
    dir 2 is [/opt/ros/melodic/lib]
    dir 3 is [/home/student/.local/share/Trash/files/LJ2_P4_ROS_Groep1/universal_robots_ws/devel/lib]
      dir 1 must precede it due to runtime library [liburcl.so]

  Some of these libraries may not be found correctly.


