Determining if the pthread_create exist failed with the following output:
Change Dir: /home/student/LJ2_P4_ROS_Groep1/universal_robots_ws/build/ur_client_library/CMakeFiles/CMakeTmp

Run Build Command:"/usr/bin/make" "cmTC_3cd7f/fast"
/usr/bin/make -f CMakeFiles/cmTC_3cd7f.dir/build.make CMakeFiles/cmTC_3cd7f.dir/build
make[1]: Entering directory '/home/student/LJ2_P4_ROS_Groep1/universal_robots_ws/build/ur_client_library/CMakeFiles/CMakeTmp'
Building C object CMakeFiles/cmTC_3cd7f.dir/CheckSymbolExists.c.o
/usr/bin/cc    -o CMakeFiles/cmTC_3cd7f.dir/CheckSymbolExists.c.o   -c /home/student/LJ2_P4_ROS_Groep1/universal_robots_ws/build/ur_client_library/CMakeFiles/CMakeTmp/CheckSymbolExists.c
Linking C executable cmTC_3cd7f
/usr/bin/cmake -E cmake_link_script CMakeFiles/cmTC_3cd7f.dir/link.txt --verbose=1
/usr/bin/cc      -rdynamic CMakeFiles/cmTC_3cd7f.dir/CheckSymbolExists.c.o  -o cmTC_3cd7f 
CMakeFiles/cmTC_3cd7f.dir/CheckSymbolExists.c.o: In function `main':
CheckSymbolExists.c:(.text+0x1b): undefined reference to `pthread_create'
collect2: error: ld returned 1 exit status
CMakeFiles/cmTC_3cd7f.dir/build.make:97: recipe for target 'cmTC_3cd7f' failed
make[1]: *** [cmTC_3cd7f] Error 1
make[1]: Leaving directory '/home/student/LJ2_P4_ROS_Groep1/universal_robots_ws/build/ur_client_library/CMakeFiles/CMakeTmp'
Makefile:126: recipe for target 'cmTC_3cd7f/fast' failed
make: *** [cmTC_3cd7f/fast] Error 2

File /home/student/LJ2_P4_ROS_Groep1/universal_robots_ws/build/ur_client_library/CMakeFiles/CMakeTmp/CheckSymbolExists.c:
/* */
#include <pthread.h>

int main(int argc, char** argv)
{
  (void)argv;
#ifndef pthread_create
  return ((int*)(&pthread_create))[argc];
#else
  (void)argc;
  return 0;
#endif
}

Determining if the function pthread_create exists in the pthreads failed with the following output:
Change Dir: /home/student/LJ2_P4_ROS_Groep1/universal_robots_ws/build/ur_client_library/CMakeFiles/CMakeTmp

Run Build Command:"/usr/bin/make" "cmTC_016fa/fast"
/usr/bin/make -f CMakeFiles/cmTC_016fa.dir/build.make CMakeFiles/cmTC_016fa.dir/build
make[1]: Entering directory '/home/student/LJ2_P4_ROS_Groep1/universal_robots_ws/build/ur_client_library/CMakeFiles/CMakeTmp'
Building C object CMakeFiles/cmTC_016fa.dir/CheckFunctionExists.c.o
/usr/bin/cc   -DCHECK_FUNCTION_EXISTS=pthread_create   -o CMakeFiles/cmTC_016fa.dir/CheckFunctionExists.c.o   -c /usr/share/cmake-3.10/Modules/CheckFunctionExists.c
Linking C executable cmTC_016fa
/usr/bin/cmake -E cmake_link_script CMakeFiles/cmTC_016fa.dir/link.txt --verbose=1
/usr/bin/cc  -DCHECK_FUNCTION_EXISTS=pthread_create    -rdynamic CMakeFiles/cmTC_016fa.dir/CheckFunctionExists.c.o  -o cmTC_016fa -lpthreads 
/usr/bin/ld: cannot find -lpthreads
collect2: error: ld returned 1 exit status
CMakeFiles/cmTC_016fa.dir/build.make:97: recipe for target 'cmTC_016fa' failed
make[1]: *** [cmTC_016fa] Error 1
make[1]: Leaving directory '/home/student/LJ2_P4_ROS_Groep1/universal_robots_ws/build/ur_client_library/CMakeFiles/CMakeTmp'
Makefile:126: recipe for target 'cmTC_016fa/fast' failed
make: *** [cmTC_016fa/fast] Error 2


