Symlinking /home/student/LJ2_P4_ROS_Groep1/universal_robots_ws/devel/include/manipulator_groep_1/control_robotActionGoal.h
Symlinking /home/student/LJ2_P4_ROS_Groep1/universal_robots_ws/devel/include/manipulator_groep_1/control_robotAction.h
Symlinking /home/student/LJ2_P4_ROS_Groep1/universal_robots_ws/devel/include/manipulator_groep_1/control_robotActionResult.h
Symlinking /home/student/LJ2_P4_ROS_Groep1/universal_robots_ws/devel/include/manipulator_groep_1/control_robotResult.h
Symlinking /home/student/LJ2_P4_ROS_Groep1/universal_robots_ws/devel/include/manipulator_groep_1/control_robotFeedback.h
Symlinking /home/student/LJ2_P4_ROS_Groep1/universal_robots_ws/devel/include/manipulator_groep_1/control_robotActionFeedback.h
Symlinking /home/student/LJ2_P4_ROS_Groep1/universal_robots_ws/devel/include/manipulator_groep_1/control_robotGoal.h
Symlinking /home/student/LJ2_P4_ROS_Groep1/universal_robots_ws/devel/lib/python2.7/dist-packages/manipulator_groep_1/__init__.py
Symlinking /home/student/LJ2_P4_ROS_Groep1/universal_robots_ws/devel/lib/python2.7/dist-packages/manipulator_groep_1/msg/_control_robotFeedback.py
Symlinking /home/student/LJ2_P4_ROS_Groep1/universal_robots_ws/devel/lib/python2.7/dist-packages/manipulator_groep_1/msg/_control_robotGoal.py
Symlinking /home/student/LJ2_P4_ROS_Groep1/universal_robots_ws/devel/lib/python2.7/dist-packages/manipulator_groep_1/msg/_control_robotActionFeedback.py
Symlinking /home/student/LJ2_P4_ROS_Groep1/universal_robots_ws/devel/lib/python2.7/dist-packages/manipulator_groep_1/msg/_control_robotActionResult.py
Symlinking /home/student/LJ2_P4_ROS_Groep1/universal_robots_ws/devel/lib/python2.7/dist-packages/manipulator_groep_1/msg/__init__.py
Symlinking /home/student/LJ2_P4_ROS_Groep1/universal_robots_ws/devel/lib/python2.7/dist-packages/manipulator_groep_1/msg/_control_robotAction.py
Symlinking /home/student/LJ2_P4_ROS_Groep1/universal_robots_ws/devel/lib/python2.7/dist-packages/manipulator_groep_1/msg/_control_robotActionGoal.py
Symlinking /home/student/LJ2_P4_ROS_Groep1/universal_robots_ws/devel/lib/python2.7/dist-packages/manipulator_groep_1/msg/_control_robotResult.py
Linked: (/home/student/LJ2_P4_ROS_Groep1/universal_robots_ws/devel/.private/manipulator_groep_1/lib/pkgconfig/manipulator_groep_1.pc, /home/student/LJ2_P4_ROS_Groep1/universal_robots_ws/devel/lib/pkgconfig/manipulator_groep_1.pc)
Symlinking /home/student/LJ2_P4_ROS_Groep1/universal_robots_ws/devel/share/manipulator_groep_1/msg/control_robotActionGoal.msg
Symlinking /home/student/LJ2_P4_ROS_Groep1/universal_robots_ws/devel/share/manipulator_groep_1/msg/control_robotGoal.msg
Symlinking /home/student/LJ2_P4_ROS_Groep1/universal_robots_ws/devel/share/manipulator_groep_1/msg/control_robotActionResult.msg
Symlinking /home/student/LJ2_P4_ROS_Groep1/universal_robots_ws/devel/share/manipulator_groep_1/msg/control_robotFeedback.msg
Symlinking /home/student/LJ2_P4_ROS_Groep1/universal_robots_ws/devel/share/manipulator_groep_1/msg/control_robotResult.msg
Symlinking /home/student/LJ2_P4_ROS_Groep1/universal_robots_ws/devel/share/manipulator_groep_1/msg/control_robotActionFeedback.msg
Symlinking /home/student/LJ2_P4_ROS_Groep1/universal_robots_ws/devel/share/manipulator_groep_1/msg/control_robotAction.msg
Linked: (/home/student/LJ2_P4_ROS_Groep1/universal_robots_ws/devel/.private/manipulator_groep_1/share/manipulator_groep_1/cmake/manipulator_groep_1Config-version.cmake, /home/student/LJ2_P4_ROS_Groep1/universal_robots_ws/devel/share/manipulator_groep_1/cmake/manipulator_groep_1Config-version.cmake)
Symlinking /home/student/LJ2_P4_ROS_Groep1/universal_robots_ws/devel/share/manipulator_groep_1/cmake/manipulator_groep_1-msg-extras.cmake
Symlinking /home/student/LJ2_P4_ROS_Groep1/universal_robots_ws/devel/share/manipulator_groep_1/cmake/manipulator_groep_1-msg-paths.cmake
Linked: (/home/student/LJ2_P4_ROS_Groep1/universal_robots_ws/devel/.private/manipulator_groep_1/share/manipulator_groep_1/cmake/manipulator_groep_1Config.cmake, /home/student/LJ2_P4_ROS_Groep1/universal_robots_ws/devel/share/manipulator_groep_1/cmake/manipulator_groep_1Config.cmake)
Symlinking /home/student/LJ2_P4_ROS_Groep1/universal_robots_ws/devel/share/gennodejs/ros/manipulator_groep_1/_index.js
Symlinking /home/student/LJ2_P4_ROS_Groep1/universal_robots_ws/devel/share/gennodejs/ros/manipulator_groep_1/msg/control_robotActionResult.js
Symlinking /home/student/LJ2_P4_ROS_Groep1/universal_robots_ws/devel/share/gennodejs/ros/manipulator_groep_1/msg/control_robotAction.js
Symlinking /home/student/LJ2_P4_ROS_Groep1/universal_robots_ws/devel/share/gennodejs/ros/manipulator_groep_1/msg/control_robotResult.js
Symlinking /home/student/LJ2_P4_ROS_Groep1/universal_robots_ws/devel/share/gennodejs/ros/manipulator_groep_1/msg/control_robotGoal.js
Symlinking /home/student/LJ2_P4_ROS_Groep1/universal_robots_ws/devel/share/gennodejs/ros/manipulator_groep_1/msg/control_robotActionGoal.js
Symlinking /home/student/LJ2_P4_ROS_Groep1/universal_robots_ws/devel/share/gennodejs/ros/manipulator_groep_1/msg/control_robotFeedback.js
Symlinking /home/student/LJ2_P4_ROS_Groep1/universal_robots_ws/devel/share/gennodejs/ros/manipulator_groep_1/msg/control_robotActionFeedback.js
Symlinking /home/student/LJ2_P4_ROS_Groep1/universal_robots_ws/devel/share/gennodejs/ros/manipulator_groep_1/msg/_index.js
Symlinking /home/student/LJ2_P4_ROS_Groep1/universal_robots_ws/devel/share/roseus/ros/manipulator_groep_1/manifest.l
Symlinking /home/student/LJ2_P4_ROS_Groep1/universal_robots_ws/devel/share/roseus/ros/manipulator_groep_1/msg/control_robotResult.l
Symlinking /home/student/LJ2_P4_ROS_Groep1/universal_robots_ws/devel/share/roseus/ros/manipulator_groep_1/msg/control_robotFeedback.l
Symlinking /home/student/LJ2_P4_ROS_Groep1/universal_robots_ws/devel/share/roseus/ros/manipulator_groep_1/msg/control_robotActionResult.l
Symlinking /home/student/LJ2_P4_ROS_Groep1/universal_robots_ws/devel/share/roseus/ros/manipulator_groep_1/msg/control_robotAction.l
Symlinking /home/student/LJ2_P4_ROS_Groep1/universal_robots_ws/devel/share/roseus/ros/manipulator_groep_1/msg/control_robotActionGoal.l
Symlinking /home/student/LJ2_P4_ROS_Groep1/universal_robots_ws/devel/share/roseus/ros/manipulator_groep_1/msg/control_robotActionFeedback.l
Symlinking /home/student/LJ2_P4_ROS_Groep1/universal_robots_ws/devel/share/roseus/ros/manipulator_groep_1/msg/control_robotGoal.l
Symlinking /home/student/LJ2_P4_ROS_Groep1/universal_robots_ws/devel/share/common-lisp/ros/manipulator_groep_1/msg/control_robotActionGoal.lisp
Symlinking /home/student/LJ2_P4_ROS_Groep1/universal_robots_ws/devel/share/common-lisp/ros/manipulator_groep_1/msg/_package_control_robotFeedback.lisp
Symlinking /home/student/LJ2_P4_ROS_Groep1/universal_robots_ws/devel/share/common-lisp/ros/manipulator_groep_1/msg/_package_control_robotActionGoal.lisp
Symlinking /home/student/LJ2_P4_ROS_Groep1/universal_robots_ws/devel/share/common-lisp/ros/manipulator_groep_1/msg/_package_control_robotGoal.lisp
Symlinking /home/student/LJ2_P4_ROS_Groep1/universal_robots_ws/devel/share/common-lisp/ros/manipulator_groep_1/msg/_package_control_robotActionResult.lisp
Symlinking /home/student/LJ2_P4_ROS_Groep1/universal_robots_ws/devel/share/common-lisp/ros/manipulator_groep_1/msg/control_robotActionFeedback.lisp
Symlinking /home/student/LJ2_P4_ROS_Groep1/universal_robots_ws/devel/share/common-lisp/ros/manipulator_groep_1/msg/_package.lisp
Symlinking /home/student/LJ2_P4_ROS_Groep1/universal_robots_ws/devel/share/common-lisp/ros/manipulator_groep_1/msg/control_robotFeedback.lisp
Symlinking /home/student/LJ2_P4_ROS_Groep1/universal_robots_ws/devel/share/common-lisp/ros/manipulator_groep_1/msg/control_robotResult.lisp
Symlinking /home/student/LJ2_P4_ROS_Groep1/universal_robots_ws/devel/share/common-lisp/ros/manipulator_groep_1/msg/manipulator_groep_1-msg.asd
Symlinking /home/student/LJ2_P4_ROS_Groep1/universal_robots_ws/devel/share/common-lisp/ros/manipulator_groep_1/msg/control_robotGoal.lisp
Symlinking /home/student/LJ2_P4_ROS_Groep1/universal_robots_ws/devel/share/common-lisp/ros/manipulator_groep_1/msg/control_robotActionResult.lisp
Symlinking /home/student/LJ2_P4_ROS_Groep1/universal_robots_ws/devel/share/common-lisp/ros/manipulator_groep_1/msg/_package_control_robotActionFeedback.lisp
Symlinking /home/student/LJ2_P4_ROS_Groep1/universal_robots_ws/devel/share/common-lisp/ros/manipulator_groep_1/msg/_package_control_robotAction.lisp
Symlinking /home/student/LJ2_P4_ROS_Groep1/universal_robots_ws/devel/share/common-lisp/ros/manipulator_groep_1/msg/control_robotAction.lisp
Symlinking /home/student/LJ2_P4_ROS_Groep1/universal_robots_ws/devel/share/common-lisp/ros/manipulator_groep_1/msg/_package_control_robotResult.lisp
