[  0%] Built target actionlib_msgs_generate_messages_lisp
[  0%] Built target _manipulator_groep_1_generate_messages_check_deps_control_robotActionFeedback
[  0%] Built target std_msgs_generate_messages_lisp
[  0%] Built target geometry_msgs_generate_messages_lisp
[  0%] Built target _manipulator_groep_1_generate_messages_check_deps_control_robotFeedback
[  0%] Built target _manipulator_groep_1_generate_messages_check_deps_control_robotAction
[  0%] Built target _manipulator_groep_1_generate_messages_check_deps_control_robotResult
[  0%] Built target _manipulator_groep_1_generate_messages_check_deps_control_robotGoal
[  0%] Built target _manipulator_groep_1_generate_messages_check_deps_control_robotActionGoal
[  0%] Built target _manipulator_groep_1_generate_messages_check_deps_control_robotActionResult
[  0%] Built target std_msgs_generate_messages_nodejs
[  0%] Built target actionlib_msgs_generate_messages_nodejs
[  0%] Built target geometry_msgs_generate_messages_nodejs
[  0%] Built target std_msgs_generate_messages_eus
[  0%] Built target actionlib_msgs_generate_messages_eus
[  0%] Built target geometry_msgs_generate_messages_eus
[  0%] Built target std_msgs_generate_messages_py
[  0%] Built target actionlib_msgs_generate_messages_py
[  0%] Built target geometry_msgs_generate_messages_py
[  0%] Built target actionlib_msgs_generate_messages_cpp
[  0%] Built target std_msgs_generate_messages_cpp
[  0%] Built target geometry_msgs_generate_messages_cpp
[ 18%] Built target manipulator_groep_1_generate_messages_lisp
[ 37%] Built target manipulator_groep_1_generate_messages_nodejs
[ 59%] Built target manipulator_groep_1_generate_messages_eus
[ 81%] Built target manipulator_groep_1_generate_messages_py
[100%] Built target manipulator_groep_1_generate_messages_cpp
[100%] Built target manipulator_groep_1_generate_messages
