[35m[1mScanning dependencies of target _manipulator_groep_1_generate_messages_check_deps_control_robotActionFeedback[0m
[  0%] Built target _manipulator_groep_1_generate_messages_check_deps_control_robotActionFeedback
[35m[1mScanning dependencies of target actionlib_msgs_generate_messages_lisp[0m
[  0%] Built target actionlib_msgs_generate_messages_lisp
[35m[1mScanning dependencies of target std_msgs_generate_messages_lisp[0m
[  0%] Built target std_msgs_generate_messages_lisp
[35m[1mScanning dependencies of target geometry_msgs_generate_messages_lisp[0m
[  0%] Built target geometry_msgs_generate_messages_lisp
[35m[1mScanning dependencies of target _manipulator_groep_1_generate_messages_check_deps_control_robotFeedback[0m
[  0%] Built target _manipulator_groep_1_generate_messages_check_deps_control_robotFeedback
[35m[1mScanning dependencies of target _manipulator_groep_1_generate_messages_check_deps_control_robotAction[0m
[  0%] Built target _manipulator_groep_1_generate_messages_check_deps_control_robotAction
[35m[1mScanning dependencies of target _manipulator_groep_1_generate_messages_check_deps_control_robotResult[0m
[  0%] Built target _manipulator_groep_1_generate_messages_check_deps_control_robotResult
[35m[1mScanning dependencies of target _manipulator_groep_1_generate_messages_check_deps_control_robotGoal[0m
[  0%] Built target _manipulator_groep_1_generate_messages_check_deps_control_robotGoal
[35m[1mScanning dependencies of target _manipulator_groep_1_generate_messages_check_deps_control_robotActionGoal[0m
[  0%] Built target _manipulator_groep_1_generate_messages_check_deps_control_robotActionGoal
[35m[1mScanning dependencies of target _manipulator_groep_1_generate_messages_check_deps_control_robotActionResult[0m
[  0%] Built target _manipulator_groep_1_generate_messages_check_deps_control_robotActionResult
[35m[1mScanning dependencies of target std_msgs_generate_messages_nodejs[0m
[  0%] Built target std_msgs_generate_messages_nodejs
[35m[1mScanning dependencies of target actionlib_msgs_generate_messages_nodejs[0m
[  0%] Built target actionlib_msgs_generate_messages_nodejs
[35m[1mScanning dependencies of target geometry_msgs_generate_messages_nodejs[0m
[  0%] Built target geometry_msgs_generate_messages_nodejs
[35m[1mScanning dependencies of target std_msgs_generate_messages_eus[0m
[  0%] Built target std_msgs_generate_messages_eus
[35m[1mScanning dependencies of target actionlib_msgs_generate_messages_eus[0m
[  0%] Built target actionlib_msgs_generate_messages_eus
[35m[1mScanning dependencies of target geometry_msgs_generate_messages_eus[0m
[  0%] Built target geometry_msgs_generate_messages_eus
[35m[1mScanning dependencies of target std_msgs_generate_messages_py[0m
[  0%] Built target std_msgs_generate_messages_py
[35m[1mScanning dependencies of target actionlib_msgs_generate_messages_py[0m
[  0%] Built target actionlib_msgs_generate_messages_py
[35m[1mScanning dependencies of target geometry_msgs_generate_messages_py[0m
[  0%] Built target geometry_msgs_generate_messages_py
[35m[1mScanning dependencies of target actionlib_msgs_generate_messages_cpp[0m
[  0%] Built target actionlib_msgs_generate_messages_cpp
[35m[1mScanning dependencies of target std_msgs_generate_messages_cpp[0m
[  0%] Built target std_msgs_generate_messages_cpp
[35m[1mScanning dependencies of target geometry_msgs_generate_messages_cpp[0m
[  0%] Built target geometry_msgs_generate_messages_cpp
[35m[1mScanning dependencies of target manipulator_groep_1_generate_messages_lisp[0m
[ 18%] Built target manipulator_groep_1_generate_messages_lisp
[35m[1mScanning dependencies of target manipulator_groep_1_generate_messages_nodejs[0m
[ 37%] Built target manipulator_groep_1_generate_messages_nodejs
[35m[1mScanning dependencies of target manipulator_groep_1_generate_messages_eus[0m
[ 59%] Built target manipulator_groep_1_generate_messages_eus
[35m[1mScanning dependencies of target manipulator_groep_1_generate_messages_py[0m
[ 81%] Built target manipulator_groep_1_generate_messages_py
[35m[1mScanning dependencies of target manipulator_groep_1_generate_messages_cpp[0m
[100%] Built target manipulator_groep_1_generate_messages_cpp
[35m[1mScanning dependencies of target manipulator_groep_1_generate_messages[0m
[100%] Built target manipulator_groep_1_generate_messages
