Linked: (/home/student/LJ2_P4_ROS_Groep1/universal_robots_ws/devel/.private/manipulator_groep_1/include/manipulator_groep_1/control_robotActionGoal.h, /home/student/LJ2_P4_ROS_Groep1/universal_robots_ws/devel/include/manipulator_groep_1/control_robotActionGoal.h)
Linked: (/home/student/LJ2_P4_ROS_Groep1/universal_robots_ws/devel/.private/manipulator_groep_1/include/manipulator_groep_1/control_robotAction.h, /home/student/LJ2_P4_ROS_Groep1/universal_robots_ws/devel/include/manipulator_groep_1/control_robotAction.h)
Linked: (/home/student/LJ2_P4_ROS_Groep1/universal_robots_ws/devel/.private/manipulator_groep_1/include/manipulator_groep_1/control_robotActionResult.h, /home/student/LJ2_P4_ROS_Groep1/universal_robots_ws/devel/include/manipulator_groep_1/control_robotActionResult.h)
Linked: (/home/student/LJ2_P4_ROS_Groep1/universal_robots_ws/devel/.private/manipulator_groep_1/include/manipulator_groep_1/control_robotResult.h, /home/student/LJ2_P4_ROS_Groep1/universal_robots_ws/devel/include/manipulator_groep_1/control_robotResult.h)
Linked: (/home/student/LJ2_P4_ROS_Groep1/universal_robots_ws/devel/.private/manipulator_groep_1/include/manipulator_groep_1/control_robotFeedback.h, /home/student/LJ2_P4_ROS_Groep1/universal_robots_ws/devel/include/manipulator_groep_1/control_robotFeedback.h)
Linked: (/home/student/LJ2_P4_ROS_Groep1/universal_robots_ws/devel/.private/manipulator_groep_1/include/manipulator_groep_1/control_robotActionFeedback.h, /home/student/LJ2_P4_ROS_Groep1/universal_robots_ws/devel/include/manipulator_groep_1/control_robotActionFeedback.h)
Linked: (/home/student/LJ2_P4_ROS_Groep1/universal_robots_ws/devel/.private/manipulator_groep_1/include/manipulator_groep_1/control_robotGoal.h, /home/student/LJ2_P4_ROS_Groep1/universal_robots_ws/devel/include/manipulator_groep_1/control_robotGoal.h)
Linked: (/home/student/LJ2_P4_ROS_Groep1/universal_robots_ws/devel/.private/manipulator_groep_1/lib/python2.7/dist-packages/manipulator_groep_1/__init__.py, /home/student/LJ2_P4_ROS_Groep1/universal_robots_ws/devel/lib/python2.7/dist-packages/manipulator_groep_1/__init__.py)
Linked: (/home/student/LJ2_P4_ROS_Groep1/universal_robots_ws/devel/.private/manipulator_groep_1/lib/python2.7/dist-packages/manipulator_groep_1/msg/_control_robotFeedback.py, /home/student/LJ2_P4_ROS_Groep1/universal_robots_ws/devel/lib/python2.7/dist-packages/manipulator_groep_1/msg/_control_robotFeedback.py)
Linked: (/home/student/LJ2_P4_ROS_Groep1/universal_robots_ws/devel/.private/manipulator_groep_1/lib/python2.7/dist-packages/manipulator_groep_1/msg/_control_robotGoal.py, /home/student/LJ2_P4_ROS_Groep1/universal_robots_ws/devel/lib/python2.7/dist-packages/manipulator_groep_1/msg/_control_robotGoal.py)
Linked: (/home/student/LJ2_P4_ROS_Groep1/universal_robots_ws/devel/.private/manipulator_groep_1/lib/python2.7/dist-packages/manipulator_groep_1/msg/_control_robotActionFeedback.py, /home/student/LJ2_P4_ROS_Groep1/universal_robots_ws/devel/lib/python2.7/dist-packages/manipulator_groep_1/msg/_control_robotActionFeedback.py)
Linked: (/home/student/LJ2_P4_ROS_Groep1/universal_robots_ws/devel/.private/manipulator_groep_1/lib/python2.7/dist-packages/manipulator_groep_1/msg/_control_robotActionResult.py, /home/student/LJ2_P4_ROS_Groep1/universal_robots_ws/devel/lib/python2.7/dist-packages/manipulator_groep_1/msg/_control_robotActionResult.py)
Linked: (/home/student/LJ2_P4_ROS_Groep1/universal_robots_ws/devel/.private/manipulator_groep_1/lib/python2.7/dist-packages/manipulator_groep_1/msg/__init__.py, /home/student/LJ2_P4_ROS_Groep1/universal_robots_ws/devel/lib/python2.7/dist-packages/manipulator_groep_1/msg/__init__.py)
Linked: (/home/student/LJ2_P4_ROS_Groep1/universal_robots_ws/devel/.private/manipulator_groep_1/lib/python2.7/dist-packages/manipulator_groep_1/msg/_control_robotAction.py, /home/student/LJ2_P4_ROS_Groep1/universal_robots_ws/devel/lib/python2.7/dist-packages/manipulator_groep_1/msg/_control_robotAction.py)
Linked: (/home/student/LJ2_P4_ROS_Groep1/universal_robots_ws/devel/.private/manipulator_groep_1/lib/python2.7/dist-packages/manipulator_groep_1/msg/_control_robotActionGoal.py, /home/student/LJ2_P4_ROS_Groep1/universal_robots_ws/devel/lib/python2.7/dist-packages/manipulator_groep_1/msg/_control_robotActionGoal.py)
Linked: (/home/student/LJ2_P4_ROS_Groep1/universal_robots_ws/devel/.private/manipulator_groep_1/lib/python2.7/dist-packages/manipulator_groep_1/msg/_control_robotResult.py, /home/student/LJ2_P4_ROS_Groep1/universal_robots_ws/devel/lib/python2.7/dist-packages/manipulator_groep_1/msg/_control_robotResult.py)
Linked: (/home/student/LJ2_P4_ROS_Groep1/universal_robots_ws/devel/.private/manipulator_groep_1/lib/pkgconfig/manipulator_groep_1.pc, /home/student/LJ2_P4_ROS_Groep1/universal_robots_ws/devel/lib/pkgconfig/manipulator_groep_1.pc)
Linked: (/home/student/LJ2_P4_ROS_Groep1/universal_robots_ws/devel/.private/manipulator_groep_1/share/manipulator_groep_1/msg/control_robotActionGoal.msg, /home/student/LJ2_P4_ROS_Groep1/universal_robots_ws/devel/share/manipulator_groep_1/msg/control_robotActionGoal.msg)
Linked: (/home/student/LJ2_P4_ROS_Groep1/universal_robots_ws/devel/.private/manipulator_groep_1/share/manipulator_groep_1/msg/control_robotGoal.msg, /home/student/LJ2_P4_ROS_Groep1/universal_robots_ws/devel/share/manipulator_groep_1/msg/control_robotGoal.msg)
Linked: (/home/student/LJ2_P4_ROS_Groep1/universal_robots_ws/devel/.private/manipulator_groep_1/share/manipulator_groep_1/msg/control_robotActionResult.msg, /home/student/LJ2_P4_ROS_Groep1/universal_robots_ws/devel/share/manipulator_groep_1/msg/control_robotActionResult.msg)
Linked: (/home/student/LJ2_P4_ROS_Groep1/universal_robots_ws/devel/.private/manipulator_groep_1/share/manipulator_groep_1/msg/control_robotFeedback.msg, /home/student/LJ2_P4_ROS_Groep1/universal_robots_ws/devel/share/manipulator_groep_1/msg/control_robotFeedback.msg)
Linked: (/home/student/LJ2_P4_ROS_Groep1/universal_robots_ws/devel/.private/manipulator_groep_1/share/manipulator_groep_1/msg/control_robotResult.msg, /home/student/LJ2_P4_ROS_Groep1/universal_robots_ws/devel/share/manipulator_groep_1/msg/control_robotResult.msg)
Linked: (/home/student/LJ2_P4_ROS_Groep1/universal_robots_ws/devel/.private/manipulator_groep_1/share/manipulator_groep_1/msg/control_robotActionFeedback.msg, /home/student/LJ2_P4_ROS_Groep1/universal_robots_ws/devel/share/manipulator_groep_1/msg/control_robotActionFeedback.msg)
Linked: (/home/student/LJ2_P4_ROS_Groep1/universal_robots_ws/devel/.private/manipulator_groep_1/share/manipulator_groep_1/msg/control_robotAction.msg, /home/student/LJ2_P4_ROS_Groep1/universal_robots_ws/devel/share/manipulator_groep_1/msg/control_robotAction.msg)
Linked: (/home/student/LJ2_P4_ROS_Groep1/universal_robots_ws/devel/.private/manipulator_groep_1/share/manipulator_groep_1/cmake/manipulator_groep_1Config-version.cmake, /home/student/LJ2_P4_ROS_Groep1/universal_robots_ws/devel/share/manipulator_groep_1/cmake/manipulator_groep_1Config-version.cmake)
Linked: (/home/student/LJ2_P4_ROS_Groep1/universal_robots_ws/devel/.private/manipulator_groep_1/share/manipulator_groep_1/cmake/manipulator_groep_1-msg-extras.cmake, /home/student/LJ2_P4_ROS_Groep1/universal_robots_ws/devel/share/manipulator_groep_1/cmake/manipulator_groep_1-msg-extras.cmake)
Linked: (/home/student/LJ2_P4_ROS_Groep1/universal_robots_ws/devel/.private/manipulator_groep_1/share/manipulator_groep_1/cmake/manipulator_groep_1-msg-paths.cmake, /home/student/LJ2_P4_ROS_Groep1/universal_robots_ws/devel/share/manipulator_groep_1/cmake/manipulator_groep_1-msg-paths.cmake)
Linked: (/home/student/LJ2_P4_ROS_Groep1/universal_robots_ws/devel/.private/manipulator_groep_1/share/manipulator_groep_1/cmake/manipulator_groep_1Config.cmake, /home/student/LJ2_P4_ROS_Groep1/universal_robots_ws/devel/share/manipulator_groep_1/cmake/manipulator_groep_1Config.cmake)
Linked: (/home/student/LJ2_P4_ROS_Groep1/universal_robots_ws/devel/.private/manipulator_groep_1/share/gennodejs/ros/manipulator_groep_1/_index.js, /home/student/LJ2_P4_ROS_Groep1/universal_robots_ws/devel/share/gennodejs/ros/manipulator_groep_1/_index.js)
Linked: (/home/student/LJ2_P4_ROS_Groep1/universal_robots_ws/devel/.private/manipulator_groep_1/share/gennodejs/ros/manipulator_groep_1/msg/control_robotActionResult.js, /home/student/LJ2_P4_ROS_Groep1/universal_robots_ws/devel/share/gennodejs/ros/manipulator_groep_1/msg/control_robotActionResult.js)
Linked: (/home/student/LJ2_P4_ROS_Groep1/universal_robots_ws/devel/.private/manipulator_groep_1/share/gennodejs/ros/manipulator_groep_1/msg/control_robotAction.js, /home/student/LJ2_P4_ROS_Groep1/universal_robots_ws/devel/share/gennodejs/ros/manipulator_groep_1/msg/control_robotAction.js)
Linked: (/home/student/LJ2_P4_ROS_Groep1/universal_robots_ws/devel/.private/manipulator_groep_1/share/gennodejs/ros/manipulator_groep_1/msg/control_robotResult.js, /home/student/LJ2_P4_ROS_Groep1/universal_robots_ws/devel/share/gennodejs/ros/manipulator_groep_1/msg/control_robotResult.js)
Linked: (/home/student/LJ2_P4_ROS_Groep1/universal_robots_ws/devel/.private/manipulator_groep_1/share/gennodejs/ros/manipulator_groep_1/msg/control_robotGoal.js, /home/student/LJ2_P4_ROS_Groep1/universal_robots_ws/devel/share/gennodejs/ros/manipulator_groep_1/msg/control_robotGoal.js)
Linked: (/home/student/LJ2_P4_ROS_Groep1/universal_robots_ws/devel/.private/manipulator_groep_1/share/gennodejs/ros/manipulator_groep_1/msg/control_robotActionGoal.js, /home/student/LJ2_P4_ROS_Groep1/universal_robots_ws/devel/share/gennodejs/ros/manipulator_groep_1/msg/control_robotActionGoal.js)
Linked: (/home/student/LJ2_P4_ROS_Groep1/universal_robots_ws/devel/.private/manipulator_groep_1/share/gennodejs/ros/manipulator_groep_1/msg/control_robotFeedback.js, /home/student/LJ2_P4_ROS_Groep1/universal_robots_ws/devel/share/gennodejs/ros/manipulator_groep_1/msg/control_robotFeedback.js)
Linked: (/home/student/LJ2_P4_ROS_Groep1/universal_robots_ws/devel/.private/manipulator_groep_1/share/gennodejs/ros/manipulator_groep_1/msg/control_robotActionFeedback.js, /home/student/LJ2_P4_ROS_Groep1/universal_robots_ws/devel/share/gennodejs/ros/manipulator_groep_1/msg/control_robotActionFeedback.js)
Linked: (/home/student/LJ2_P4_ROS_Groep1/universal_robots_ws/devel/.private/manipulator_groep_1/share/gennodejs/ros/manipulator_groep_1/msg/_index.js, /home/student/LJ2_P4_ROS_Groep1/universal_robots_ws/devel/share/gennodejs/ros/manipulator_groep_1/msg/_index.js)
Linked: (/home/student/LJ2_P4_ROS_Groep1/universal_robots_ws/devel/.private/manipulator_groep_1/share/roseus/ros/manipulator_groep_1/manifest.l, /home/student/LJ2_P4_ROS_Groep1/universal_robots_ws/devel/share/roseus/ros/manipulator_groep_1/manifest.l)
Linked: (/home/student/LJ2_P4_ROS_Groep1/universal_robots_ws/devel/.private/manipulator_groep_1/share/roseus/ros/manipulator_groep_1/msg/control_robotResult.l, /home/student/LJ2_P4_ROS_Groep1/universal_robots_ws/devel/share/roseus/ros/manipulator_groep_1/msg/control_robotResult.l)
Linked: (/home/student/LJ2_P4_ROS_Groep1/universal_robots_ws/devel/.private/manipulator_groep_1/share/roseus/ros/manipulator_groep_1/msg/control_robotFeedback.l, /home/student/LJ2_P4_ROS_Groep1/universal_robots_ws/devel/share/roseus/ros/manipulator_groep_1/msg/control_robotFeedback.l)
Linked: (/home/student/LJ2_P4_ROS_Groep1/universal_robots_ws/devel/.private/manipulator_groep_1/share/roseus/ros/manipulator_groep_1/msg/control_robotActionResult.l, /home/student/LJ2_P4_ROS_Groep1/universal_robots_ws/devel/share/roseus/ros/manipulator_groep_1/msg/control_robotActionResult.l)
Linked: (/home/student/LJ2_P4_ROS_Groep1/universal_robots_ws/devel/.private/manipulator_groep_1/share/roseus/ros/manipulator_groep_1/msg/control_robotAction.l, /home/student/LJ2_P4_ROS_Groep1/universal_robots_ws/devel/share/roseus/ros/manipulator_groep_1/msg/control_robotAction.l)
Linked: (/home/student/LJ2_P4_ROS_Groep1/universal_robots_ws/devel/.private/manipulator_groep_1/share/roseus/ros/manipulator_groep_1/msg/control_robotActionGoal.l, /home/student/LJ2_P4_ROS_Groep1/universal_robots_ws/devel/share/roseus/ros/manipulator_groep_1/msg/control_robotActionGoal.l)
Linked: (/home/student/LJ2_P4_ROS_Groep1/universal_robots_ws/devel/.private/manipulator_groep_1/share/roseus/ros/manipulator_groep_1/msg/control_robotActionFeedback.l, /home/student/LJ2_P4_ROS_Groep1/universal_robots_ws/devel/share/roseus/ros/manipulator_groep_1/msg/control_robotActionFeedback.l)
Linked: (/home/student/LJ2_P4_ROS_Groep1/universal_robots_ws/devel/.private/manipulator_groep_1/share/roseus/ros/manipulator_groep_1/msg/control_robotGoal.l, /home/student/LJ2_P4_ROS_Groep1/universal_robots_ws/devel/share/roseus/ros/manipulator_groep_1/msg/control_robotGoal.l)
Linked: (/home/student/LJ2_P4_ROS_Groep1/universal_robots_ws/devel/.private/manipulator_groep_1/share/common-lisp/ros/manipulator_groep_1/msg/control_robotActionGoal.lisp, /home/student/LJ2_P4_ROS_Groep1/universal_robots_ws/devel/share/common-lisp/ros/manipulator_groep_1/msg/control_robotActionGoal.lisp)
Linked: (/home/student/LJ2_P4_ROS_Groep1/universal_robots_ws/devel/.private/manipulator_groep_1/share/common-lisp/ros/manipulator_groep_1/msg/_package_control_robotFeedback.lisp, /home/student/LJ2_P4_ROS_Groep1/universal_robots_ws/devel/share/common-lisp/ros/manipulator_groep_1/msg/_package_control_robotFeedback.lisp)
Linked: (/home/student/LJ2_P4_ROS_Groep1/universal_robots_ws/devel/.private/manipulator_groep_1/share/common-lisp/ros/manipulator_groep_1/msg/_package_control_robotActionGoal.lisp, /home/student/LJ2_P4_ROS_Groep1/universal_robots_ws/devel/share/common-lisp/ros/manipulator_groep_1/msg/_package_control_robotActionGoal.lisp)
Linked: (/home/student/LJ2_P4_ROS_Groep1/universal_robots_ws/devel/.private/manipulator_groep_1/share/common-lisp/ros/manipulator_groep_1/msg/_package_control_robotGoal.lisp, /home/student/LJ2_P4_ROS_Groep1/universal_robots_ws/devel/share/common-lisp/ros/manipulator_groep_1/msg/_package_control_robotGoal.lisp)
Linked: (/home/student/LJ2_P4_ROS_Groep1/universal_robots_ws/devel/.private/manipulator_groep_1/share/common-lisp/ros/manipulator_groep_1/msg/_package_control_robotActionResult.lisp, /home/student/LJ2_P4_ROS_Groep1/universal_robots_ws/devel/share/common-lisp/ros/manipulator_groep_1/msg/_package_control_robotActionResult.lisp)
Linked: (/home/student/LJ2_P4_ROS_Groep1/universal_robots_ws/devel/.private/manipulator_groep_1/share/common-lisp/ros/manipulator_groep_1/msg/control_robotActionFeedback.lisp, /home/student/LJ2_P4_ROS_Groep1/universal_robots_ws/devel/share/common-lisp/ros/manipulator_groep_1/msg/control_robotActionFeedback.lisp)
Linked: (/home/student/LJ2_P4_ROS_Groep1/universal_robots_ws/devel/.private/manipulator_groep_1/share/common-lisp/ros/manipulator_groep_1/msg/_package.lisp, /home/student/LJ2_P4_ROS_Groep1/universal_robots_ws/devel/share/common-lisp/ros/manipulator_groep_1/msg/_package.lisp)
Linked: (/home/student/LJ2_P4_ROS_Groep1/universal_robots_ws/devel/.private/manipulator_groep_1/share/common-lisp/ros/manipulator_groep_1/msg/control_robotFeedback.lisp, /home/student/LJ2_P4_ROS_Groep1/universal_robots_ws/devel/share/common-lisp/ros/manipulator_groep_1/msg/control_robotFeedback.lisp)
Linked: (/home/student/LJ2_P4_ROS_Groep1/universal_robots_ws/devel/.private/manipulator_groep_1/share/common-lisp/ros/manipulator_groep_1/msg/control_robotResult.lisp, /home/student/LJ2_P4_ROS_Groep1/universal_robots_ws/devel/share/common-lisp/ros/manipulator_groep_1/msg/control_robotResult.lisp)
Linked: (/home/student/LJ2_P4_ROS_Groep1/universal_robots_ws/devel/.private/manipulator_groep_1/share/common-lisp/ros/manipulator_groep_1/msg/manipulator_groep_1-msg.asd, /home/student/LJ2_P4_ROS_Groep1/universal_robots_ws/devel/share/common-lisp/ros/manipulator_groep_1/msg/manipulator_groep_1-msg.asd)
Linked: (/home/student/LJ2_P4_ROS_Groep1/universal_robots_ws/devel/.private/manipulator_groep_1/share/common-lisp/ros/manipulator_groep_1/msg/control_robotGoal.lisp, /home/student/LJ2_P4_ROS_Groep1/universal_robots_ws/devel/share/common-lisp/ros/manipulator_groep_1/msg/control_robotGoal.lisp)
Linked: (/home/student/LJ2_P4_ROS_Groep1/universal_robots_ws/devel/.private/manipulator_groep_1/share/common-lisp/ros/manipulator_groep_1/msg/control_robotActionResult.lisp, /home/student/LJ2_P4_ROS_Groep1/universal_robots_ws/devel/share/common-lisp/ros/manipulator_groep_1/msg/control_robotActionResult.lisp)
Linked: (/home/student/LJ2_P4_ROS_Groep1/universal_robots_ws/devel/.private/manipulator_groep_1/share/common-lisp/ros/manipulator_groep_1/msg/_package_control_robotActionFeedback.lisp, /home/student/LJ2_P4_ROS_Groep1/universal_robots_ws/devel/share/common-lisp/ros/manipulator_groep_1/msg/_package_control_robotActionFeedback.lisp)
Linked: (/home/student/LJ2_P4_ROS_Groep1/universal_robots_ws/devel/.private/manipulator_groep_1/share/common-lisp/ros/manipulator_groep_1/msg/_package_control_robotAction.lisp, /home/student/LJ2_P4_ROS_Groep1/universal_robots_ws/devel/share/common-lisp/ros/manipulator_groep_1/msg/_package_control_robotAction.lisp)
Linked: (/home/student/LJ2_P4_ROS_Groep1/universal_robots_ws/devel/.private/manipulator_groep_1/share/common-lisp/ros/manipulator_groep_1/msg/control_robotAction.lisp, /home/student/LJ2_P4_ROS_Groep1/universal_robots_ws/devel/share/common-lisp/ros/manipulator_groep_1/msg/control_robotAction.lisp)
Linked: (/home/student/LJ2_P4_ROS_Groep1/universal_robots_ws/devel/.private/manipulator_groep_1/share/common-lisp/ros/manipulator_groep_1/msg/_package_control_robotResult.lisp, /home/student/LJ2_P4_ROS_Groep1/universal_robots_ws/devel/share/common-lisp/ros/manipulator_groep_1/msg/_package_control_robotResult.lisp)
