[01m[K/home/student/LJ2_P4_ROS_Groep1/universal_robots_ws/src/my_universal_robots/image_processor/image_processor/src/image_processor.cpp:[m[K In member function ‘[01m[Kvoid ImageProcessor::process()[m[K’:
[01m[K/home/student/LJ2_P4_ROS_Groep1/universal_robots_ws/src/my_universal_robots/image_processor/image_processor/src/image_processor.cpp:126:12:[m[K [01;31m[Kerror: [m[Kredeclaration of ‘[01m[Kcv::Mat blue[m[K’
    cv::Mat [01;31m[Kblue[m[K, green, red;
            [01;31m[K^~~~[m[K
[01m[K/home/student/LJ2_P4_ROS_Groep1/universal_robots_ws/src/my_universal_robots/image_processor/image_processor/src/image_processor.cpp:123:12:[m[K [01;36m[Knote: [m[K‘[01m[Kcv::Mat blue[m[K’ previously declared here
    cv::Mat [01;36m[Kblue[m[K(500, 1000, CV_8UC3, cv::Scalar(0,0, 100));
            [01;36m[K^~~~[m[K
[01m[K/home/student/LJ2_P4_ROS_Groep1/universal_robots_ws/src/my_universal_robots/image_processor/image_processor/src/image_processor.cpp:126:18:[m[K [01;31m[Kerror: [m[Kredeclaration of ‘[01m[Kcv::Mat green[m[K’
    cv::Mat blue, [01;31m[Kgreen[m[K, red;
                  [01;31m[K^~~~~[m[K
[01m[K/home/student/LJ2_P4_ROS_Groep1/universal_robots_ws/src/my_universal_robots/image_processor/image_processor/src/image_processor.cpp:122:12:[m[K [01;36m[Knote: [m[K‘[01m[Kcv::Mat green[m[K’ previously declared here
    cv::Mat [01;36m[Kgreen[m[K(500, 1000, CV_8UC3, cv::Scalar(0,0, 100));
            [01;36m[K^~~~~[m[K
[01m[K/home/student/LJ2_P4_ROS_Groep1/universal_robots_ws/src/my_universal_robots/image_processor/image_processor/src/image_processor.cpp:126:25:[m[K [01;31m[Kerror: [m[Kredeclaration of ‘[01m[Kcv::Mat red[m[K’
    cv::Mat blue, green, [01;31m[Kred[m[K;
                         [01;31m[K^~~[m[K
[01m[K/home/student/LJ2_P4_ROS_Groep1/universal_robots_ws/src/my_universal_robots/image_processor/image_processor/src/image_processor.cpp:121:12:[m[K [01;36m[Knote: [m[K‘[01m[Kcv::Mat red[m[K’ previously declared here
    cv::Mat [01;36m[Kred[m[K(500, 1000, CV_8UC3, cv::Scalar(0,0, 100));
            [01;36m[K^~~[m[K
[01m[K/home/student/LJ2_P4_ROS_Groep1/universal_robots_ws/src/my_universal_robots/image_processor/image_processor/src/image_processor.cpp:130:23:[m[K [01;31m[Kerror: [m[Kexpected initializer before ‘[01m[K.[m[K’ token
    cv::Mat cv_mat_out_[01;31m[K.[m[Kat(0) = blue;
                       [01;31m[K^[m[K
[01m[K/home/student/LJ2_P4_ROS_Groep1/universal_robots_ws/src/my_universal_robots/image_processor/image_processor/src/image_processor.cpp:131:23:[m[K [01;31m[Kerror: [m[Kexpected initializer before ‘[01m[K.[m[K’ token
    cv::Mat cv_mat_out_[01;31m[K.[m[Kat(1) = green;
                       [01;31m[K^[m[K
[01m[K/home/student/LJ2_P4_ROS_Groep1/universal_robots_ws/src/my_universal_robots/image_processor/image_processor/src/image_processor.cpp:132:23:[m[K [01;31m[Kerror: [m[Kexpected initializer before ‘[01m[K.[m[K’ token
    cv::Mat cv_mat_out_[01;31m[K.[m[Kat(2) = red;
                       [01;31m[K^[m[K
make[2]: *** [CMakeFiles/image_processor_node.dir/src/image_processor.cpp.o] Error 1
make[1]: *** [CMakeFiles/image_processor_node.dir/all] Error 2
make: *** [all] Error 2
