[01m[K/home/student/LJ2_P4_ROS_Groep1/universal_robots_ws/src/my_universal_robots/image_processor/image_processor/src/image_processor_node.cpp:[m[K In member function ‘[01m[Kvoid ImageProcessorRos::publish()[m[K’:
[01m[K/home/student/LJ2_P4_ROS_Groep1/universal_robots_ws/src/my_universal_robots/image_processor/image_processor/src/image_processor_node.cpp:113:53:[m[K [01;31m[Kerror: [m[Kno matching function for call to ‘[01m[Ktf2::Quaternion::getX(int)[m[K’
       visionpose.orientation.x = myQuaternion.getX(2[01;31m[K)[m[K;
                                                     [01;31m[K^[m[K
In file included from [01m[K/opt/ros/melodic/include/tf2/LinearMath/Quaternion.h:22:0[m[K,
                 from [01m[K/home/student/LJ2_P4_ROS_Groep1/universal_robots_ws/src/my_universal_robots/image_processor/image_processor/src/image_processor_node.cpp:7[m[K:
[01m[K/opt/ros/melodic/include/tf2/LinearMath/QuadWord.h:59:41:[m[K [01;36m[Knote: [m[Kcandidate: const tf2Scalar& tf2::QuadWord::getX() const
   TF2SIMD_FORCE_INLINE const tf2Scalar& [01;36m[KgetX[m[K() const { return m_floats[0]; }
                                         [01;36m[K^~~~[m[K
[01m[K/opt/ros/melodic/include/tf2/LinearMath/QuadWord.h:59:41:[m[K [01;36m[Knote: [m[K  candidate expects 0 arguments, 1 provided
[01m[K/home/student/LJ2_P4_ROS_Groep1/universal_robots_ws/src/my_universal_robots/image_processor/image_processor/src/image_processor_node.cpp:114:53:[m[K [01;31m[Kerror: [m[Kno matching function for call to ‘[01m[Ktf2::Quaternion::getY(int)[m[K’
       visionpose.orientation.y = myQuaternion.getY(4[01;31m[K)[m[K;
                                                     [01;31m[K^[m[K
In file included from [01m[K/opt/ros/melodic/include/tf2/LinearMath/Quaternion.h:22:0[m[K,
                 from [01m[K/home/student/LJ2_P4_ROS_Groep1/universal_robots_ws/src/my_universal_robots/image_processor/image_processor/src/image_processor_node.cpp:7[m[K:
[01m[K/opt/ros/melodic/include/tf2/LinearMath/QuadWord.h:61:41:[m[K [01;36m[Knote: [m[Kcandidate: const tf2Scalar& tf2::QuadWord::getY() const
   TF2SIMD_FORCE_INLINE const tf2Scalar& [01;36m[KgetY[m[K() const { return m_floats[1]; }
                                         [01;36m[K^~~~[m[K
[01m[K/opt/ros/melodic/include/tf2/LinearMath/QuadWord.h:61:41:[m[K [01;36m[Knote: [m[K  candidate expects 0 arguments, 1 provided
[01m[K/home/student/LJ2_P4_ROS_Groep1/universal_robots_ws/src/my_universal_robots/image_processor/image_processor/src/image_processor_node.cpp:115:53:[m[K [01;31m[Kerror: [m[Kno matching function for call to ‘[01m[Ktf2::Quaternion::getZ(int)[m[K’
       visionpose.orientation.z = myQuaternion.getZ(8[01;31m[K)[m[K;
                                                     [01;31m[K^[m[K
In file included from [01m[K/opt/ros/melodic/include/tf2/LinearMath/Quaternion.h:22:0[m[K,
                 from [01m[K/home/student/LJ2_P4_ROS_Groep1/universal_robots_ws/src/my_universal_robots/image_processor/image_processor/src/image_processor_node.cpp:7[m[K:
[01m[K/opt/ros/melodic/include/tf2/LinearMath/QuadWord.h:63:41:[m[K [01;36m[Knote: [m[Kcandidate: const tf2Scalar& tf2::QuadWord::getZ() const
   TF2SIMD_FORCE_INLINE const tf2Scalar& [01;36m[KgetZ[m[K() const { return m_floats[2]; }
                                         [01;36m[K^~~~[m[K
[01m[K/opt/ros/melodic/include/tf2/LinearMath/QuadWord.h:63:41:[m[K [01;36m[Knote: [m[K  candidate expects 0 arguments, 1 provided
[01m[K/home/student/LJ2_P4_ROS_Groep1/universal_robots_ws/src/my_universal_robots/image_processor/image_processor/src/image_processor_node.cpp:116:54:[m[K [01;31m[Kerror: [m[Kno matching function for call to ‘[01m[Ktf2::Quaternion::getW(int)[m[K’
       visionpose.orientation.w = myQuaternion.getW(16[01;31m[K)[m[K;
                                                      [01;31m[K^[m[K
In file included from [01m[K/home/student/LJ2_P4_ROS_Groep1/universal_robots_ws/src/my_universal_robots/image_processor/image_processor/src/image_processor_node.cpp:7:0[m[K:
[01m[K/opt/ros/melodic/include/tf2/LinearMath/Quaternion.h:346:40:[m[K [01;36m[Knote: [m[Kcandidate: const tf2Scalar& tf2::Quaternion::getW() const
  TF2SIMD_FORCE_INLINE const tf2Scalar& [01;36m[KgetW[m[K() const { return m_floats[3]; }
                                        [01;36m[K^~~~[m[K
[01m[K/opt/ros/melodic/include/tf2/LinearMath/Quaternion.h:346:40:[m[K [01;36m[Knote: [m[K  candidate expects 0 arguments, 1 provided
make[2]: *** [CMakeFiles/image_processor_node.dir/src/image_processor_node.cpp.o] Error 1
make[1]: *** [CMakeFiles/image_processor_node.dir/all] Error 2
make: *** [all] Error 2
