[01m[K/home/student/LJ2_P4_ROS_Groep1/universal_robots_ws/src/my_universal_robots/image_processor/image_processor/src/image_processor.cpp:[m[K In member function ‘[01m[Kvoid ImageProcessor::process()[m[K’:
[01m[K/home/student/LJ2_P4_ROS_Groep1/universal_robots_ws/src/my_universal_robots/image_processor/image_processor/src/image_processor.cpp:87:15:[m[K [01;31m[Kerror: [m[K‘[01m[Kvector[m[K’ was not declared in this scope
   std::vector<[01;31m[Kvector[m[K<cv::Point> > contours;
               [01;31m[K^~~~~~[m[K
[01m[K/home/student/LJ2_P4_ROS_Groep1/universal_robots_ws/src/my_universal_robots/image_processor/image_processor/src/image_processor.cpp:87:15:[m[K [01;36m[Knote: [m[Ksuggested alternative:
In file included from [01m[K/usr/include/c++/7/vector:64:0[m[K,
                 from [01m[K/usr/include/opencv2/core/types.hpp:53[m[K,
                 from [01m[K/usr/include/opencv2/core.hpp:58[m[K,
                 from [01m[K/usr/include/opencv2/opencv.hpp:52[m[K,
                 from [01m[K/home/student/LJ2_P4_ROS_Groep1/universal_robots_ws/src/my_universal_robots/image_processor/image_processor/include/image_processor/image_processor.h:4[m[K,
                 from [01m[K/home/student/LJ2_P4_ROS_Groep1/universal_robots_ws/src/my_universal_robots/image_processor/image_processor/src/image_processor.cpp:1[m[K:
[01m[K/usr/include/c++/7/bits/stl_vector.h:216:11:[m[K [01;36m[Knote: [m[K  ‘[01m[Kstd::vector[m[K’
     class [01;36m[Kvector[m[K : protected _Vector_base<_Tp, _Alloc>
           [01;36m[K^~~~~~[m[K
[01m[K/home/student/LJ2_P4_ROS_Groep1/universal_robots_ws/src/my_universal_robots/image_processor/image_processor/src/image_processor.cpp:87:31:[m[K [01;31m[Kerror: [m[Ktemplate argument 1 is invalid
   std::vector<vector<cv::Point[01;31m[K>[m[K > contours;
                               [01;31m[K^[m[K
[01m[K/home/student/LJ2_P4_ROS_Groep1/universal_robots_ws/src/my_universal_robots/image_processor/image_processor/src/image_processor.cpp:87:31:[m[K [01;31m[Kerror: [m[Ktemplate argument 2 is invalid
[01m[K/home/student/LJ2_P4_ROS_Groep1/universal_robots_ws/src/my_universal_robots/image_processor/image_processor/src/image_processor.cpp:87:33:[m[K [01;31m[Kerror: [m[Kexpected unqualified-id before ‘[01m[K>[m[K’ token
   std::vector<vector<cv::Point> [01;31m[K>[m[K contours;
                                 [01;31m[K^[m[K
[01m[K/home/student/LJ2_P4_ROS_Groep1/universal_robots_ws/src/my_universal_robots/image_processor/image_processor/src/image_processor.cpp:89:22:[m[K [01;31m[Kerror: [m[K‘[01m[Kcontours[m[K’ was not declared in this scope
   findContours(mask, [01;31m[Kcontours[m[K, hierarchy, CV_RETR_TREE, CV_CHAIN_APPROX_SIMPLE,cv::Point(0, 0));
                      [01;31m[K^~~~~~~~[m[K
[01m[K/home/student/LJ2_P4_ROS_Groep1/universal_robots_ws/src/my_universal_robots/image_processor/image_processor/src/image_processor.cpp:89:22:[m[K [01;36m[Knote: [m[Ksuggested alternative: ‘[01m[KCvContour[m[K’
   findContours(mask, [01;36m[Kcontours[m[K, hierarchy, CV_RETR_TREE, CV_CHAIN_APPROX_SIMPLE,cv::Point(0, 0));
                      [01;36m[K^~~~~~~~[m[K
                      [32m[KCvContour[m[K
[01m[K/home/student/LJ2_P4_ROS_Groep1/universal_robots_ws/src/my_universal_robots/image_processor/image_processor/src/image_processor.cpp:93:3:[m[K [01;31m[Kerror: [m[K‘[01m[KRNG[m[K’ was not declared in this scope
   [01;31m[KRNG[m[K rng(12345);
   [01;31m[K^~~[m[K
[01m[K/home/student/LJ2_P4_ROS_Groep1/universal_robots_ws/src/my_universal_robots/image_processor/image_processor/src/image_processor.cpp:93:3:[m[K [01;36m[Knote: [m[Ksuggested alternative:
In file included from [01m[K/usr/include/opencv2/opencv.hpp:52:0[m[K,
                 from [01m[K/home/student/LJ2_P4_ROS_Groep1/universal_robots_ws/src/my_universal_robots/image_processor/image_processor/include/image_processor/image_processor.h:4[m[K,
                 from [01m[K/home/student/LJ2_P4_ROS_Groep1/universal_robots_ws/src/my_universal_robots/image_processor/image_processor/src/image_processor.cpp:1[m[K:
[01m[K/usr/include/opencv2/core.hpp:2689:18:[m[K [01;36m[Knote: [m[K  ‘[01m[Kcv::RNG[m[K’
 class CV_EXPORTS [01;36m[KRNG[m[K
                  [01;36m[K^~~[m[K
[01m[K/home/student/LJ2_P4_ROS_Groep1/universal_robots_ws/src/my_universal_robots/image_processor/image_processor/src/image_processor.cpp:96:35:[m[K [01;31m[Kerror: [m[K‘[01m[Krng[m[K’ was not declared in this scope
     cv::Scalar color = cv::Scalar([01;31m[Krng[m[K.uniform(50, 255), rng.uniform(50,255), rng.uniform(50,255));
                                   [01;31m[K^~~[m[K
make[2]: *** [CMakeFiles/image_processor_node.dir/src/image_processor.cpp.o] Error 1
make[1]: *** [CMakeFiles/image_processor_node.dir/all] Error 2
make: *** [all] Error 2
