[01m[K/home/student/LJ2_P4_ROS_Groep1/universal_robots_ws/src/my_universal_robots/image_processor/image_processor/src/image_processor_node.cpp:[m[K In member function ‘[01m[Kvoid ImageProcessorRos::publish()[m[K’:
[01m[K/home/student/LJ2_P4_ROS_Groep1/universal_robots_ws/src/my_universal_robots/image_processor/image_processor/src/image_processor_node.cpp:106:31:[m[K [01;31m[Kerror: [m[K‘[01m[Kx0[m[K’ was not declared in this scope
       visionpose.position.x = [01;31m[Kx0[m[K;
                               [01;31m[K^~[m[K
[01m[K/home/student/LJ2_P4_ROS_Groep1/universal_robots_ws/src/my_universal_robots/image_processor/image_processor/src/image_processor_node.cpp:106:31:[m[K [01;36m[Knote: [m[Ksuggested alternative: ‘[01m[Ky0[m[K’
       visionpose.position.x = [01;36m[Kx0[m[K;
                               [01;36m[K^~[m[K
                               [32m[Ky0[m[K
[01m[K/home/student/LJ2_P4_ROS_Groep1/universal_robots_ws/src/my_universal_robots/image_processor/image_processor/src/image_processor_node.cpp:107:31:[m[K [01;31m[Kerror: [m[Kcannot convert ‘[01m[Kdouble(double) throw ()[m[K’ to ‘[01m[Kgeometry_msgs::Point_<std::allocator<void> >::_y_type {aka double}[m[K’ in assignment
       visionpose.position.y = [01;31m[Ky0[m[K;
                               [01;31m[K^~[m[K
[01m[K/home/student/LJ2_P4_ROS_Groep1/universal_robots_ws/src/my_universal_robots/image_processor/image_processor/src/image_processor_node.cpp:111:34:[m[K [01;31m[Kerror: [m[K‘[01m[Kangle[m[K’ was not declared in this scope
       myQuaternion.setRPY( 0, 0, [01;31m[Kangle[m[K );  // Create this quaternion from roll/pitch/yaw (in radians)
                                  [01;31m[K^~~~~[m[K
[01m[K/home/student/LJ2_P4_ROS_Groep1/universal_robots_ws/src/my_universal_robots/image_processor/image_processor/src/image_processor_node.cpp:111:34:[m[K [01;36m[Knote: [m[Ksuggested alternative:
In file included from [01m[K/home/student/LJ2_P4_ROS_Groep1/universal_robots_ws/src/my_universal_robots/image_processor/image_processor/src/image_processor_node.cpp:7:0[m[K:
[01m[K/opt/ros/melodic/include/tf2/LinearMath/Quaternion.h:405:1:[m[K [01;36m[Knote: [m[K  ‘[01m[Ktf2::angle[m[K’
 [01;36m[Kangle[m[K(const Quaternion& q1, const Quaternion& q2)
 [01;36m[K^~~~~[m[K
make[2]: *** [CMakeFiles/image_processor_node.dir/src/image_processor_node.cpp.o] Error 1
make[1]: *** [CMakeFiles/image_processor_node.dir/all] Error 2
make: *** [all] Error 2
