[01m[K/home/student/LJ2_P4_ROS_Groep1/universal_robots_ws/src/my_universal_robots/image_processor/image_processor/src/image_processor.cpp:[m[K In member function ‘[01m[Kvoid ImageProcessor::process()[m[K’:
[01m[K/home/student/LJ2_P4_ROS_Groep1/universal_robots_ws/src/my_universal_robots/image_processor/image_processor/src/image_processor.cpp:101:3:[m[K [01;31m[Kerror: [m[K‘[01m[Kvector[m[K’ was not declared in this scope
   [01;31m[Kvector[m[K<RotatedRect> minRect( contours.size() );
   [01;31m[K^~~~~~[m[K
[01m[K/home/student/LJ2_P4_ROS_Groep1/universal_robots_ws/src/my_universal_robots/image_processor/image_processor/src/image_processor.cpp:101:3:[m[K [01;36m[Knote: [m[Ksuggested alternative:
In file included from [01m[K/usr/include/c++/7/vector:64:0[m[K,
                 from [01m[K/usr/include/opencv2/core/types.hpp:53[m[K,
                 from [01m[K/usr/include/opencv2/core.hpp:58[m[K,
                 from [01m[K/usr/include/opencv2/opencv.hpp:52[m[K,
                 from [01m[K/home/student/LJ2_P4_ROS_Groep1/universal_robots_ws/src/my_universal_robots/image_processor/image_processor/include/image_processor/image_processor.h:4[m[K,
                 from [01m[K/home/student/LJ2_P4_ROS_Groep1/universal_robots_ws/src/my_universal_robots/image_processor/image_processor/src/image_processor.cpp:1[m[K:
[01m[K/usr/include/c++/7/bits/stl_vector.h:216:11:[m[K [01;36m[Knote: [m[K  ‘[01m[Kstd::vector[m[K’
     class [01;36m[Kvector[m[K : protected _Vector_base<_Tp, _Alloc>
           [01;36m[K^~~~~~[m[K
[01m[K/home/student/LJ2_P4_ROS_Groep1/universal_robots_ws/src/my_universal_robots/image_processor/image_processor/src/image_processor.cpp:101:10:[m[K [01;31m[Kerror: [m[K‘[01m[KRotatedRect[m[K’ was not declared in this scope
   vector<[01;31m[KRotatedRect[m[K> minRect( contours.size() );
          [01;31m[K^~~~~~~~~~~[m[K
[01m[K/home/student/LJ2_P4_ROS_Groep1/universal_robots_ws/src/my_universal_robots/image_processor/image_processor/src/image_processor.cpp:101:10:[m[K [01;36m[Knote: [m[Ksuggested alternative:
In file included from [01m[K/usr/include/opencv2/core.hpp:58:0[m[K,
                 from [01m[K/usr/include/opencv2/opencv.hpp:52[m[K,
                 from [01m[K/home/student/LJ2_P4_ROS_Groep1/universal_robots_ws/src/my_universal_robots/image_processor/image_processor/include/image_processor/image_processor.h:4[m[K,
                 from [01m[K/home/student/LJ2_P4_ROS_Groep1/universal_robots_ws/src/my_universal_robots/image_processor/image_processor/src/image_processor.cpp:1[m[K:
[01m[K/usr/include/opencv2/core/types.hpp:464:18:[m[K [01;36m[Knote: [m[K  ‘[01m[Kcv::RotatedRect[m[K’
 class CV_EXPORTS [01;36m[KRotatedRect[m[K
                  [01;36m[K^~~~~~~~~~~[m[K
[01m[K/home/student/LJ2_P4_ROS_Groep1/universal_robots_ws/src/my_universal_robots/image_processor/image_processor/src/image_processor.cpp:101:23:[m[K [01;31m[Kerror: [m[K‘[01m[KminRect[m[K’ was not declared in this scope
   vector<RotatedRect> [01;31m[KminRect[m[K( contours.size() );
                       [01;31m[K^~~~~~~[m[K
[01m[K/home/student/LJ2_P4_ROS_Groep1/universal_robots_ws/src/my_universal_robots/image_processor/image_processor/src/image_processor.cpp:101:23:[m[K [01;36m[Knote: [m[Ksuggested alternative: ‘[01m[KcvRect[m[K’
   vector<RotatedRect> [01;36m[KminRect[m[K( contours.size() );
                       [01;36m[K^~~~~~~[m[K
                       [32m[KcvRect[m[K
[01m[K/home/student/LJ2_P4_ROS_Groep1/universal_robots_ws/src/my_universal_robots/image_processor/image_processor/src/image_processor.cpp:102:23:[m[K [01;31m[Kerror: [m[K‘[01m[KminEllipse[m[K’ was not declared in this scope
   vector<RotatedRect> [01;31m[KminEllipse[m[K( contours.size() );
                       [01;31m[K^~~~~~~~~~[m[K
[01m[K/home/student/LJ2_P4_ROS_Groep1/universal_robots_ws/src/my_universal_robots/image_processor/image_processor/src/image_processor.cpp:102:23:[m[K [01;36m[Knote: [m[Ksuggested alternative: ‘[01m[KcvEllipse[m[K’
   vector<RotatedRect> [01;36m[KminEllipse[m[K( contours.size() );
                       [01;36m[K^~~~~~~~~~[m[K
                       [32m[KcvEllipse[m[K
[01m[K/home/student/LJ2_P4_ROS_Groep1/universal_robots_ws/src/my_universal_robots/image_processor/image_processor/src/image_processor.cpp:109:14:[m[K [01;31m[Kerror: [m[Kno match for ‘[01m[Koperator=[m[K’ (operand types are ‘[01m[Kcv::Mat[m[K’ and ‘[01m[Kstd::vector<std::vector<cv::Point_<int> > >[m[K’)
 cv_mat_out_= [01;31m[Kcontours[m[K;
              [01;31m[K^~~~~~~~[m[K
In file included from [01m[K/usr/include/opencv2/core/mat.hpp:3518:0[m[K,
                 from [01m[K/usr/include/opencv2/core.hpp:59[m[K,
                 from [01m[K/usr/include/opencv2/opencv.hpp:52[m[K,
                 from [01m[K/home/student/LJ2_P4_ROS_Groep1/universal_robots_ws/src/my_universal_robots/image_processor/image_processor/include/image_processor/image_processor.h:4[m[K,
                 from [01m[K/home/student/LJ2_P4_ROS_Groep1/universal_robots_ws/src/my_universal_robots/image_processor/image_processor/src/image_processor.cpp:1[m[K:
[01m[K/usr/include/opencv2/core/mat.inl.hpp:596:6:[m[K [01;36m[Knote: [m[Kcandidate: cv::Mat& cv::Mat::operator=(const cv::Mat&)
 Mat& [01;36m[KMat[m[K::operator = (const Mat& m)
      [01;36m[K^~~[m[K
[01m[K/usr/include/opencv2/core/mat.inl.hpp:596:6:[m[K [01;36m[Knote: [m[K  no known conversion for argument 1 from ‘[01m[Kstd::vector<std::vector<cv::Point_<int> > >[m[K’ to ‘[01m[Kconst cv::Mat&[m[K’
[01m[K/usr/include/opencv2/core/mat.inl.hpp:3104:6:[m[K [01;36m[Knote: [m[Kcandidate: cv::Mat& cv::Mat::operator=(const cv::MatExpr&)
 Mat& [01;36m[KMat[m[K::operator = (const MatExpr& e)
      [01;36m[K^~~[m[K
[01m[K/usr/include/opencv2/core/mat.inl.hpp:3104:6:[m[K [01;36m[Knote: [m[K  no known conversion for argument 1 from ‘[01m[Kstd::vector<std::vector<cv::Point_<int> > >[m[K’ to ‘[01m[Kconst cv::MatExpr&[m[K’
In file included from [01m[K/usr/include/opencv2/core.hpp:59:0[m[K,
                 from [01m[K/usr/include/opencv2/opencv.hpp:52[m[K,
                 from [01m[K/home/student/LJ2_P4_ROS_Groep1/universal_robots_ws/src/my_universal_robots/image_processor/image_processor/include/image_processor/image_processor.h:4[m[K,
                 from [01m[K/home/student/LJ2_P4_ROS_Groep1/universal_robots_ws/src/my_universal_robots/image_processor/image_processor/src/image_processor.cpp:1[m[K:
[01m[K/usr/include/opencv2/core/mat.hpp:1154:10:[m[K [01;36m[Knote: [m[Kcandidate: cv::Mat& cv::Mat::operator=(const Scalar&)
     Mat& [01;36m[Koperator[m[K = (const Scalar& s);
          [01;36m[K^~~~~~~~[m[K
[01m[K/usr/include/opencv2/core/mat.hpp:1154:10:[m[K [01;36m[Knote: [m[K  no known conversion for argument 1 from ‘[01m[Kstd::vector<std::vector<cv::Point_<int> > >[m[K’ to ‘[01m[Kconst Scalar& {aka const cv::Scalar_<double>&}[m[K’
In file included from [01m[K/usr/include/opencv2/core/mat.hpp:3518:0[m[K,
                 from [01m[K/usr/include/opencv2/core.hpp:59[m[K,
                 from [01m[K/usr/include/opencv2/opencv.hpp:52[m[K,
                 from [01m[K/home/student/LJ2_P4_ROS_Groep1/universal_robots_ws/src/my_universal_robots/image_processor/image_processor/include/image_processor/image_processor.h:4[m[K,
                 from [01m[K/home/student/LJ2_P4_ROS_Groep1/universal_robots_ws/src/my_universal_robots/image_processor/image_processor/src/image_processor.cpp:1[m[K:
[01m[K/usr/include/opencv2/core/mat.inl.hpp:1204:6:[m[K [01;36m[Knote: [m[Kcandidate: cv::Mat& cv::Mat::operator=(cv::Mat&&)
 Mat& [01;36m[KMat[m[K::operator = (Mat&& m)
      [01;36m[K^~~[m[K
[01m[K/usr/include/opencv2/core/mat.inl.hpp:1204:6:[m[K [01;36m[Knote: [m[K  no known conversion for argument 1 from ‘[01m[Kstd::vector<std::vector<cv::Point_<int> > >[m[K’ to ‘[01m[Kcv::Mat&&[m[K’
[01m[K/home/student/LJ2_P4_ROS_Groep1/universal_robots_ws/src/my_universal_robots/image_processor/image_processor/src/image_processor.cpp:121:33:[m[K [01;31m[Kerror: [m[Kqualified-id in declaration before ‘[01m[K([m[K’ token
 void ImageProcessor::draw_circle[01;31m[K([m[Kconst cv::Point & center, int radius, bool draw_center_coordinates)
                                 [01;31m[K^[m[K
[01m[K/home/student/LJ2_P4_ROS_Groep1/universal_robots_ws/src/my_universal_robots/image_processor/image_processor/src/image_processor.cpp:138:39:[m[K [01;31m[Kerror: [m[Kqualified-id in declaration before ‘[01m[K([m[K’ token
 cv::Mat ImageProcessor::getOutputImage[01;31m[K([m[K){
                                       [01;31m[K^[m[K
[01m[K/home/student/LJ2_P4_ROS_Groep1/universal_robots_ws/src/my_universal_robots/image_processor/image_processor/src/image_processor.cpp:142:42:[m[K [01;31m[Kerror: [m[Kqualified-id in declaration before ‘[01m[K([m[K’ token
 cv::Point ImageProcessor::getCircleCenter[01;31m[K([m[K){
                                          [01;31m[K^[m[K
[01m[K/home/student/LJ2_P4_ROS_Groep1/universal_robots_ws/src/my_universal_robots/image_processor/image_processor/src/image_processor.cpp:144:1:[m[K [01;31m[Kerror: [m[Kexpected ‘[01m[K}[m[K’ at end of input
 [01;31m[K}[m[K
 [01;31m[K^[m[K
make[2]: *** [CMakeFiles/image_processor_node.dir/src/image_processor.cpp.o] Error 1
make[1]: *** [CMakeFiles/image_processor_node.dir/all] Error 2
make: *** [all] Error 2
