[01m[K/home/student/LJ2_P4_ROS_Groep1/universal_robots_ws/src/my_universal_robots/image_processor/image_processor/src/image_processor.cpp:[m[K In member function ‘[01m[Kvoid ImageProcessor::process()[m[K’:
[01m[K/home/student/LJ2_P4_ROS_Groep1/universal_robots_ws/src/my_universal_robots/image_processor/image_processor/src/image_processor.cpp:259:19:[m[K [01;31m[Kerror: [m[Kconflicting declaration ‘[01m[Kcv::Mat color[m[K’
           cv::Mat [01;31m[Kcolor[m[K;
                   [01;31m[K^~~~~[m[K
[01m[K/home/student/LJ2_P4_ROS_Groep1/universal_robots_ws/src/my_universal_robots/image_processor/image_processor/src/image_processor.cpp:179:24:[m[K [01;36m[Knote: [m[Kprevious declaration as ‘[01m[Kstd::__cxx11::string color[m[K’
                 string [01;36m[Kcolor[m[K;
                        [01;36m[K^~~~~[m[K
[01m[K/home/student/LJ2_P4_ROS_Groep1/universal_robots_ws/src/my_universal_robots/image_processor/image_processor/src/image_processor.cpp:260:34:[m[K [01;31m[Kerror: [m[Kno matching function for call to ‘[01m[Kmerge(std::vector<cv::Mat>&, std::__cxx11::string&)[m[K’
           cv::merge(images, color[01;31m[K)[m[K;
                                  [01;31m[K^[m[K
In file included from [01m[K/usr/include/opencv2/opencv.hpp:52:0[m[K,
                 from [01m[K/home/student/LJ2_P4_ROS_Groep1/universal_robots_ws/src/my_universal_robots/image_processor/image_processor/include/image_processor/image_processor.h:4[m[K,
                 from [01m[K/home/student/LJ2_P4_ROS_Groep1/universal_robots_ws/src/my_universal_robots/image_processor/image_processor/src/image_processor.cpp:1[m[K:
[01m[K/usr/include/opencv2/core.hpp:869:17:[m[K [01;36m[Knote: [m[Kcandidate: void cv::merge(const cv::Mat*, size_t, cv::OutputArray)
 CV_EXPORTS void [01;36m[Kmerge[m[K(const Mat* mv, size_t count, OutputArray dst);
                 [01;36m[K^~~~~[m[K
[01m[K/usr/include/opencv2/core.hpp:869:17:[m[K [01;36m[Knote: [m[K  candidate expects 3 arguments, 2 provided
[01m[K/usr/include/opencv2/core.hpp:877:19:[m[K [01;36m[Knote: [m[Kcandidate: void cv::merge(cv::InputArrayOfArrays, cv::OutputArray)
 CV_EXPORTS_W void [01;36m[Kmerge[m[K(InputArrayOfArrays mv, OutputArray dst);
                   [01;36m[K^~~~~[m[K
[01m[K/usr/include/opencv2/core.hpp:877:19:[m[K [01;36m[Knote: [m[K  no known conversion for argument 2 from ‘[01m[Kstd::__cxx11::string {aka std::__cxx11::basic_string<char>}[m[K’ to ‘[01m[Kcv::OutputArray {aka const cv::_OutputArray&}[m[K’
[01m[K/home/student/LJ2_P4_ROS_Groep1/universal_robots_ws/src/my_universal_robots/image_processor/image_processor/src/image_processor.cpp:261:25:[m[K [01;31m[Kerror: [m[Kno match for ‘[01m[Koperator=[m[K’ (operand types are ‘[01m[Kcv::Mat[m[K’ and ‘[01m[Kstd::__cxx11::string {aka std::__cxx11::basic_string<char>}[m[K’)
           cv_mat_out_ = [01;31m[Kcolor[m[K;
                         [01;31m[K^~~~~[m[K
In file included from [01m[K/usr/include/opencv2/core/mat.hpp:3518:0[m[K,
                 from [01m[K/usr/include/opencv2/core.hpp:59[m[K,
                 from [01m[K/usr/include/opencv2/opencv.hpp:52[m[K,
                 from [01m[K/home/student/LJ2_P4_ROS_Groep1/universal_robots_ws/src/my_universal_robots/image_processor/image_processor/include/image_processor/image_processor.h:4[m[K,
                 from [01m[K/home/student/LJ2_P4_ROS_Groep1/universal_robots_ws/src/my_universal_robots/image_processor/image_processor/src/image_processor.cpp:1[m[K:
[01m[K/usr/include/opencv2/core/mat.inl.hpp:596:6:[m[K [01;36m[Knote: [m[Kcandidate: cv::Mat& cv::Mat::operator=(const cv::Mat&)
 Mat& [01;36m[KMat[m[K::operator = (const Mat& m)
      [01;36m[K^~~[m[K
[01m[K/usr/include/opencv2/core/mat.inl.hpp:596:6:[m[K [01;36m[Knote: [m[K  no known conversion for argument 1 from ‘[01m[Kstd::__cxx11::string {aka std::__cxx11::basic_string<char>}[m[K’ to ‘[01m[Kconst cv::Mat&[m[K’
[01m[K/usr/include/opencv2/core/mat.inl.hpp:3104:6:[m[K [01;36m[Knote: [m[Kcandidate: cv::Mat& cv::Mat::operator=(const cv::MatExpr&)
 Mat& [01;36m[KMat[m[K::operator = (const MatExpr& e)
      [01;36m[K^~~[m[K
[01m[K/usr/include/opencv2/core/mat.inl.hpp:3104:6:[m[K [01;36m[Knote: [m[K  no known conversion for argument 1 from ‘[01m[Kstd::__cxx11::string {aka std::__cxx11::basic_string<char>}[m[K’ to ‘[01m[Kconst cv::MatExpr&[m[K’
In file included from [01m[K/usr/include/opencv2/core.hpp:59:0[m[K,
                 from [01m[K/usr/include/opencv2/opencv.hpp:52[m[K,
                 from [01m[K/home/student/LJ2_P4_ROS_Groep1/universal_robots_ws/src/my_universal_robots/image_processor/image_processor/include/image_processor/image_processor.h:4[m[K,
                 from [01m[K/home/student/LJ2_P4_ROS_Groep1/universal_robots_ws/src/my_universal_robots/image_processor/image_processor/src/image_processor.cpp:1[m[K:
[01m[K/usr/include/opencv2/core/mat.hpp:1154:10:[m[K [01;36m[Knote: [m[Kcandidate: cv::Mat& cv::Mat::operator=(const Scalar&)
     Mat& [01;36m[Koperator[m[K = (const Scalar& s);
          [01;36m[K^~~~~~~~[m[K
[01m[K/usr/include/opencv2/core/mat.hpp:1154:10:[m[K [01;36m[Knote: [m[K  no known conversion for argument 1 from ‘[01m[Kstd::__cxx11::string {aka std::__cxx11::basic_string<char>}[m[K’ to ‘[01m[Kconst Scalar& {aka const cv::Scalar_<double>&}[m[K’
In file included from [01m[K/usr/include/opencv2/core/mat.hpp:3518:0[m[K,
                 from [01m[K/usr/include/opencv2/core.hpp:59[m[K,
                 from [01m[K/usr/include/opencv2/opencv.hpp:52[m[K,
                 from [01m[K/home/student/LJ2_P4_ROS_Groep1/universal_robots_ws/src/my_universal_robots/image_processor/image_processor/include/image_processor/image_processor.h:4[m[K,
                 from [01m[K/home/student/LJ2_P4_ROS_Groep1/universal_robots_ws/src/my_universal_robots/image_processor/image_processor/src/image_processor.cpp:1[m[K:
[01m[K/usr/include/opencv2/core/mat.inl.hpp:1204:6:[m[K [01;36m[Knote: [m[Kcandidate: cv::Mat& cv::Mat::operator=(cv::Mat&&)
 Mat& [01;36m[KMat[m[K::operator = (Mat&& m)
      [01;36m[K^~~[m[K
[01m[K/usr/include/opencv2/core/mat.inl.hpp:1204:6:[m[K [01;36m[Knote: [m[K  no known conversion for argument 1 from ‘[01m[Kstd::__cxx11::string {aka std::__cxx11::basic_string<char>}[m[K’ to ‘[01m[Kcv::Mat&&[m[K’
[01m[K/home/student/LJ2_P4_ROS_Groep1/universal_robots_ws/src/my_universal_robots/image_processor/image_processor/src/image_processor.cpp:363:33:[m[K [01;31m[Kerror: [m[Kqualified-id in declaration before ‘[01m[K([m[K’ token
 void ImageProcessor::draw_circle[01;31m[K([m[Kconst cv::Point & center, int radius, bool draw_center_coordinates)
                                 [01;31m[K^[m[K
[01m[K/home/student/LJ2_P4_ROS_Groep1/universal_robots_ws/src/my_universal_robots/image_processor/image_processor/src/image_processor.cpp:380:39:[m[K [01;31m[Kerror: [m[Kqualified-id in declaration before ‘[01m[K([m[K’ token
 cv::Mat ImageProcessor::getOutputImage[01;31m[K([m[K){
                                       [01;31m[K^[m[K
[01m[K/home/student/LJ2_P4_ROS_Groep1/universal_robots_ws/src/my_universal_robots/image_processor/image_processor/src/image_processor.cpp:384:42:[m[K [01;31m[Kerror: [m[Kqualified-id in declaration before ‘[01m[K([m[K’ token
 cv::Point ImageProcessor::getCircleCenter[01;31m[K([m[K){
                                          [01;31m[K^[m[K
[01m[K/home/student/LJ2_P4_ROS_Groep1/universal_robots_ws/src/my_universal_robots/image_processor/image_processor/src/image_processor.cpp:386:1:[m[K [01;31m[Kerror: [m[Kexpected ‘[01m[K}[m[K’ at end of input
 [01;31m[K}[m[K
 [01;31m[K^[m[K
make[2]: *** [CMakeFiles/image_processor_node.dir/src/image_processor.cpp.o] Error 1
make[1]: *** [CMakeFiles/image_processor_node.dir/all] Error 2
make: *** [all] Error 2
