[01m[K/home/student/LJ2_P4_ROS_Groep1/universal_robots_ws/src/my_universal_robots/image_processor/image_processor/src/image_processor.cpp:[m[K In member function ‘[01m[Kvoid ImageProcessor::process()[m[K’:
[01m[K/home/student/LJ2_P4_ROS_Groep1/universal_robots_ws/src/my_universal_robots/image_processor/image_processor/src/image_processor.cpp:220:29:[m[K [01;31m[Kerror: [m[K‘[01m[Kimage[m[K’ was not declared in this scope
 cv::Mat pictureUpdateHead { [01;31m[Kimage[m[K };
                             [01;31m[K^~~~~[m[K
[01m[K/home/student/LJ2_P4_ROS_Groep1/universal_robots_ws/src/my_universal_robots/image_processor/image_processor/src/image_processor.cpp:220:29:[m[K [01;36m[Knote: [m[Ksuggested alternative: ‘[01m[Kimages[m[K’
 cv::Mat pictureUpdateHead { [01;36m[Kimage[m[K };
                             [01;36m[K^~~~~[m[K
                             [32m[Kimages[m[K
[01m[K/home/student/LJ2_P4_ROS_Groep1/universal_robots_ws/src/my_universal_robots/image_processor/image_processor/src/image_processor.cpp:220:35:[m[K [01;31m[Kerror: [m[Kno matching function for call to ‘[01m[Kcv::Mat::Mat(<brace-enclosed initializer list>)[m[K’
 cv::Mat pictureUpdateHead { image [01;31m[K}[m[K;
                                   [01;31m[K^[m[K
In file included from [01m[K/usr/include/opencv2/core/mat.hpp:3518:0[m[K,
                 from [01m[K/usr/include/opencv2/core.hpp:59[m[K,
                 from [01m[K/usr/include/opencv2/opencv.hpp:52[m[K,
                 from [01m[K/home/student/LJ2_P4_ROS_Groep1/universal_robots_ws/src/my_universal_robots/image_processor/image_processor/include/image_processor/image_processor.h:4[m[K,
                 from [01m[K/home/student/LJ2_P4_ROS_Groep1/universal_robots_ws/src/my_universal_robots/image_processor/image_processor/src/image_processor.cpp:1[m[K:
[01m[K/usr/include/opencv2/core/mat.inl.hpp:1179:1:[m[K [01;36m[Knote: [m[Kcandidate: cv::Mat::Mat(cv::Mat&&)
 [01;36m[KMat[m[K::Mat(Mat&& m)
 [01;36m[K^~~[m[K
[01m[K/usr/include/opencv2/core/mat.inl.hpp:1179:1:[m[K [01;36m[Knote: [m[K  conversion of argument 1 would be ill-formed:
In file included from [01m[K/usr/include/opencv2/core/cuda.hpp:872:0[m[K,
                 from [01m[K/usr/include/opencv2/stitching/detail/warpers.hpp:47[m[K,
                 from [01m[K/usr/include/opencv2/stitching/warpers.hpp:46[m[K,
                 from [01m[K/usr/include/opencv2/stitching.hpp:48[m[K,
                 from [01m[K/usr/include/opencv2/opencv.hpp:86[m[K,
                 from [01m[K/home/student/LJ2_P4_ROS_Groep1/universal_robots_ws/src/my_universal_robots/image_processor/image_processor/include/image_processor/image_processor.h:4[m[K,
                 from [01m[K/home/student/LJ2_P4_ROS_Groep1/universal_robots_ws/src/my_universal_robots/image_processor/image_processor/src/image_processor.cpp:1[m[K:
[01m[K/usr/include/opencv2/core/cuda.inl.hpp:621:1:[m[K [01;36m[Knote: [m[Kcandidate: cv::Mat::Mat(const cv::cuda::GpuMat&)
 [01;36m[KMat[m[K::Mat(const cuda::GpuMat& m)
 [01;36m[K^~~[m[K
[01m[K/usr/include/opencv2/core/cuda.inl.hpp:621:1:[m[K [01;36m[Knote: [m[K  conversion of argument 1 would be ill-formed:
In file included from [01m[K/usr/include/opencv2/core.hpp:59:0[m[K,
                 from [01m[K/usr/include/opencv2/opencv.hpp:52[m[K,
                 from [01m[K/home/student/LJ2_P4_ROS_Groep1/universal_robots_ws/src/my_universal_robots/image_processor/image_processor/include/image_processor/image_processor.h:4[m[K,
                 from [01m[K/home/student/LJ2_P4_ROS_Groep1/universal_robots_ws/src/my_universal_robots/image_processor/image_processor/src/image_processor.cpp:1[m[K:
[01m[K/usr/include/opencv2/core/mat.hpp:974:37:[m[K [01;36m[Knote: [m[Kcandidate: template<class _Tp> cv::Mat::Mat(const cv::MatCommaInitializer_<_Tp>&)
     template<typename _Tp> explicit [01;36m[KMat[m[K(const MatCommaInitializer_<_Tp>& commaInitializer);
                                     [01;36m[K^~~[m[K
[01m[K/usr/include/opencv2/core/mat.hpp:974:37:[m[K [01;36m[Knote: [m[K  template argument deduction/substitution failed:
[01m[K/usr/include/opencv2/core/mat.hpp:970:37:[m[K [01;36m[Knote: [m[Kcandidate: template<class _Tp> cv::Mat::Mat(const cv::Point3_<_Tp>&, bool)
     template<typename _Tp> explicit [01;36m[KMat[m[K(const Point3_<_Tp>& pt, bool copyData=true);
                                     [01;36m[K^~~[m[K
[01m[K/usr/include/opencv2/core/mat.hpp:970:37:[m[K [01;36m[Knote: [m[K  template argument deduction/substitution failed:
[01m[K/usr/include/opencv2/core/mat.hpp:966:37:[m[K [01;36m[Knote: [m[Kcandidate: template<class _Tp> cv::Mat::Mat(const cv::Point_<_Tp>&, bool)
     template<typename _Tp> explicit [01;36m[KMat[m[K(const Point_<_Tp>& pt, bool copyData=true);
                                     [01;36m[K^~~[m[K
[01m[K/usr/include/opencv2/core/mat.hpp:966:37:[m[K [01;36m[Knote: [m[K  template argument deduction/substitution failed:
[01m[K/usr/include/opencv2/core/mat.hpp:962:51:[m[K [01;36m[Knote: [m[Kcandidate: template<class _Tp, int m, int n> cv::Mat::Mat(const cv::Matx<_Tp, m, n>&, bool)
     template<typename _Tp, int m, int n> explicit [01;36m[KMat[m[K(const Matx<_Tp, m, n>& mtx, bool copyData=true);
                                                   [01;36m[K^~~[m[K
[01m[K/usr/include/opencv2/core/mat.hpp:962:51:[m[K [01;36m[Knote: [m[K  template argument deduction/substitution failed:
[01m[K/usr/include/opencv2/core/mat.hpp:958:44:[m[K [01;36m[Knote: [m[Kcandidate: template<class _Tp, int n> cv::Mat::Mat(const cv::Vec<_Tp, m>&, bool)
     template<typename _Tp, int n> explicit [01;36m[KMat[m[K(const Vec<_Tp, n>& vec, bool copyData=true);
                                            [01;36m[K^~~[m[K
[01m[K/usr/include/opencv2/core/mat.hpp:958:44:[m[K [01;36m[Knote: [m[K  template argument deduction/substitution failed:
[01m[K/usr/include/opencv2/core/mat.hpp:954:37:[m[K [01;36m[Knote: [m[Kcandidate: template<class _Tp> cv::Mat::Mat(const std::vector<_Tp>&, bool)
     template<typename _Tp> explicit [01;36m[KMat[m[K(const std::vector<_Tp>& vec, bool copyData=false);
                                     [01;36m[K^~~[m[K
[01m[K/usr/include/opencv2/core/mat.hpp:954:37:[m[K [01;36m[Knote: [m[K  template argument deduction/substitution failed:
[01m[K/usr/include/opencv2/core/mat.hpp:936:5:[m[K [01;36m[Knote: [m[Kcandidate: cv::Mat::Mat(const cv::Mat&, const std::vector<cv::Range>&)
     [01;36m[KMat[m[K(const Mat& m, const std::vector<Range>& ranges);
     [01;36m[K^~~[m[K
[01m[K/usr/include/opencv2/core/mat.hpp:936:5:[m[K [01;36m[Knote: [m[K  candidate expects 2 arguments, 1 provided
[01m[K/usr/include/opencv2/core/mat.hpp:926:5:[m[K [01;36m[Knote: [m[Kcandidate: cv::Mat::Mat(const cv::Mat&, const cv::Range*)
     [01;36m[KMat[m[K(const Mat& m, const Range* ranges);
     [01;36m[K^~~[m[K
[01m[K/usr/include/opencv2/core/mat.hpp:926:5:[m[K [01;36m[Knote: [m[K  candidate expects 2 arguments, 1 provided
[01m[K/usr/include/opencv2/core/mat.hpp:916:5:[m[K [01;36m[Knote: [m[Kcandidate: cv::Mat::Mat(const cv::Mat&, const Rect&)
     [01;36m[KMat[m[K(const Mat& m, const Rect& roi);
     [01;36m[K^~~[m[K
[01m[K/usr/include/opencv2/core/mat.hpp:916:5:[m[K [01;36m[Knote: [m[K  candidate expects 2 arguments, 1 provided
[01m[K/usr/include/opencv2/core/mat.hpp:906:5:[m[K [01;36m[Knote: [m[Kcandidate: cv::Mat::Mat(const cv::Mat&, const cv::Range&, const cv::Range&)
     [01;36m[KMat[m[K(const Mat& m, const Range& rowRange, const Range& colRange=Range::all());
     [01;36m[K^~~[m[K
[01m[K/usr/include/opencv2/core/mat.hpp:906:5:[m[K [01;36m[Knote: [m[K  candidate expects 3 arguments, 1 provided
[01m[K/usr/include/opencv2/core/mat.hpp:894:5:[m[K [01;36m[Knote: [m[Kcandidate: cv::Mat::Mat(const std::vector<int>&, int, void*, const size_t*)
     [01;36m[KMat[m[K(const std::vector<int>& sizes, int type, void* data, const size_t* steps=0);
     [01;36m[K^~~[m[K
[01m[K/usr/include/opencv2/core/mat.hpp:894:5:[m[K [01;36m[Knote: [m[K  candidate expects 4 arguments, 1 provided
[01m[K/usr/include/opencv2/core/mat.hpp:880:5:[m[K [01;36m[Knote: [m[Kcandidate: cv::Mat::Mat(int, const int*, int, void*, const size_t*)
     [01;36m[KMat[m[K(int ndims, const int* sizes, int type, void* data, const size_t* steps=0);
     [01;36m[K^~~[m[K
[01m[K/usr/include/opencv2/core/mat.hpp:880:5:[m[K [01;36m[Knote: [m[K  candidate expects 5 arguments, 1 provided
In file included from [01m[K/usr/include/opencv2/core/mat.hpp:3518:0[m[K,
                 from [01m[K/usr/include/opencv2/core.hpp:59[m[K,
                 from [01m[K/usr/include/opencv2/opencv.hpp:52[m[K,
                 from [01m[K/home/student/LJ2_P4_ROS_Groep1/universal_robots_ws/src/my_universal_robots/image_processor/image_processor/include/image_processor/image_processor.h:4[m[K,
                 from [01m[K/home/student/LJ2_P4_ROS_Groep1/universal_robots_ws/src/my_universal_robots/image_processor/image_processor/src/image_processor.cpp:1[m[K:
[01m[K/usr/include/opencv2/core/mat.inl.hpp:459:1:[m[K [01;36m[Knote: [m[Kcandidate: cv::Mat::Mat(cv::Size, int, void*, size_t)
 [01;36m[KMat[m[K::Mat(Size _sz, int _type, void* _data, size_t _step)
 [01;36m[K^~~[m[K
[01m[K/usr/include/opencv2/core/mat.inl.hpp:459:1:[m[K [01;36m[Knote: [m[K  candidate expects 4 arguments, 1 provided
[01m[K/usr/include/opencv2/core/mat.inl.hpp:426:1:[m[K [01;36m[Knote: [m[Kcandidate: cv::Mat::Mat(int, int, int, void*, size_t)
 [01;36m[KMat[m[K::Mat(int _rows, int _cols, int _type, void* _data, size_t _step)
 [01;36m[K^~~[m[K
[01m[K/usr/include/opencv2/core/mat.inl.hpp:426:1:[m[K [01;36m[Knote: [m[K  candidate expects 5 arguments, 1 provided
[01m[K/usr/include/opencv2/core/mat.inl.hpp:407:1:[m[K [01;36m[Knote: [m[Kcandidate: cv::Mat::Mat(const cv::Mat&)
 [01;36m[KMat[m[K::Mat(const Mat& m)
 [01;36m[K^~~[m[K
[01m[K/usr/include/opencv2/core/mat.inl.hpp:407:1:[m[K [01;36m[Knote: [m[K  conversion of argument 1 would be ill-formed:
[01m[K/usr/include/opencv2/core/mat.inl.hpp:398:1:[m[K [01;36m[Knote: [m[Kcandidate: cv::Mat::Mat(const std::vector<int>&, int, const Scalar&)
 [01;36m[KMat[m[K::Mat(const std::vector<int>& _sz, int _type, const Scalar& _s)
 [01;36m[K^~~[m[K
[01m[K/usr/include/opencv2/core/mat.inl.hpp:398:1:[m[K [01;36m[Knote: [m[K  candidate expects 3 arguments, 1 provided
[01m[K/usr/include/opencv2/core/mat.inl.hpp:381:1:[m[K [01;36m[Knote: [m[Kcandidate: cv::Mat::Mat(int, const int*, int, const Scalar&)
 [01;36m[KMat[m[K::Mat(int _dims, const int* _sz, int _type, const Scalar& _s)
 [01;36m[K^~~[m[K
[01m[K/usr/include/opencv2/core/mat.inl.hpp:381:1:[m[K [01;36m[Knote: [m[K  candidate expects 4 arguments, 1 provided
[01m[K/usr/include/opencv2/core/mat.inl.hpp:390:1:[m[K [01;36m[Knote: [m[Kcandidate: cv::Mat::Mat(const std::vector<int>&, int)
 [01;36m[KMat[m[K::Mat(const std::vector<int>& _sz, int _type)
 [01;36m[K^~~[m[K
[01m[K/usr/include/opencv2/core/mat.inl.hpp:390:1:[m[K [01;36m[Knote: [m[K  candidate expects 2 arguments, 1 provided
[01m[K/usr/include/opencv2/core/mat.inl.hpp:373:1:[m[K [01;36m[Knote: [m[Kcandidate: cv::Mat::Mat(int, const int*, int)
 [01;36m[KMat[m[K::Mat(int _dims, const int* _sz, int _type)
 [01;36m[K^~~[m[K
[01m[K/usr/include/opencv2/core/mat.inl.hpp:373:1:[m[K [01;36m[Knote: [m[K  candidate expects 3 arguments, 1 provided
[01m[K/usr/include/opencv2/core/mat.inl.hpp:364:1:[m[K [01;36m[Knote: [m[Kcandidate: cv::Mat::Mat(cv::Size, int, const Scalar&)
 [01;36m[KMat[m[K::Mat(Size _sz, int _type, const Scalar& _s)
 [01;36m[K^~~[m[K
[01m[K/usr/include/opencv2/core/mat.inl.hpp:364:1:[m[K [01;36m[Knote: [m[K  candidate expects 3 arguments, 1 provided
[01m[K/usr/include/opencv2/core/mat.inl.hpp:347:1:[m[K [01;36m[Knote: [m[Kcandidate: cv::Mat::Mat(int, int, int, const Scalar&)
 [01;36m[KMat[m[K::Mat(int _rows, int _cols, int _type, const Scalar& _s)
 [01;36m[K^~~[m[K
[01m[K/usr/include/opencv2/core/mat.inl.hpp:347:1:[m[K [01;36m[Knote: [m[K  candidate expects 4 arguments, 1 provided
[01m[K/usr/include/opencv2/core/mat.inl.hpp:356:1:[m[K [01;36m[Knote: [m[Kcandidate: cv::Mat::Mat(cv::Size, int)
 [01;36m[KMat[m[K::Mat(Size _sz, int _type)
 [01;36m[K^~~[m[K
[01m[K/usr/include/opencv2/core/mat.inl.hpp:356:1:[m[K [01;36m[Knote: [m[K  candidate expects 2 arguments, 1 provided
[01m[K/usr/include/opencv2/core/mat.inl.hpp:339:1:[m[K [01;36m[Knote: [m[Kcandidate: cv::Mat::Mat(int, int, int)
 [01;36m[KMat[m[K::Mat(int _rows, int _cols, int _type)
 [01;36m[K^~~[m[K
[01m[K/usr/include/opencv2/core/mat.inl.hpp:339:1:[m[K [01;36m[Knote: [m[K  candidate expects 3 arguments, 1 provided
[01m[K/usr/include/opencv2/core/mat.inl.hpp:333:1:[m[K [01;36m[Knote: [m[Kcandidate: cv::Mat::Mat()
 [01;36m[KMat[m[K::Mat()
 [01;36m[K^~~[m[K
[01m[K/usr/include/opencv2/core/mat.inl.hpp:333:1:[m[K [01;36m[Knote: [m[K  candidate expects 0 arguments, 1 provided
[01m[K/home/student/LJ2_P4_ROS_Groep1/universal_robots_ws/src/my_universal_robots/image_processor/image_processor/src/image_processor.cpp:232:9:[m[K [01;31m[Kerror: [m[K‘[01m[Kt1[m[K’ was not declared in this scope
         [01;31m[Kt1[m[K->write("head (Xpos, Ypos)  = ");
         [01;31m[K^~[m[K
[01m[K/home/student/LJ2_P4_ROS_Groep1/universal_robots_ws/src/my_universal_robots/image_processor/image_processor/src/image_processor.cpp:232:9:[m[K [01;36m[Knote: [m[Ksuggested alternative: ‘[01m[Ky1[m[K’
         [01;36m[Kt1[m[K->write("head (Xpos, Ypos)  = ");
         [01;36m[K^~[m[K
         [32m[Ky1[m[K
make[2]: *** [CMakeFiles/image_processor_node.dir/src/image_processor.cpp.o] Error 1
make[1]: *** [CMakeFiles/image_processor_node.dir/all] Error 2
make: *** [all] Error 2
