[35m[1mScanning dependencies of target image_processor_node[0m
[ 33%] [32mBuilding CXX object CMakeFiles/image_processor_node.dir/src/image_processor_node.cpp.o[0m
[01m[K/home/student/LJ2_P4_ROS_Groep1/universal_robots_ws/src/my_universal_robots/image_processor/image_processor/src/image_processor_node.cpp:[m[K In constructor ‘[01m[KImageProcessorRos::ImageProcessorRos()[m[K’:
[01m[K/home/student/LJ2_P4_ROS_Groep1/universal_robots_ws/src/my_universal_robots/image_processor/image_processor/src/image_processor_node.cpp:74:14:[m[K [01;31m[Kerror: [m[K‘[01m[Kgeometry_msgs::Vector3 {aka struct geometry_msgs::Vector3_<std::allocator<void> >}[m[K’ has no member named ‘[01m[KgetOrientation[m[K’
   visionpose.[01;31m[KgetOrientation[m[K() = myQuaternion.getX();
              [01;31m[K^~~~~~~~~~~~~~[m[K
[01m[K/home/student/LJ2_P4_ROS_Groep1/universal_robots_ws/src/my_universal_robots/image_processor/image_processor/src/image_processor_node.cpp:75:14:[m[K [01;31m[Kerror: [m[K‘[01m[Kgeometry_msgs::Vector3 {aka struct geometry_msgs::Vector3_<std::allocator<void> >}[m[K’ has no member named ‘[01m[Korientation[m[K’
   visionpose.[01;31m[Korientation[m[K.y = myQuaternion.getY();
              [01;31m[K^~~~~~~~~~~[m[K
[01m[K/home/student/LJ2_P4_ROS_Groep1/universal_robots_ws/src/my_universal_robots/image_processor/image_processor/src/image_processor_node.cpp:76:14:[m[K [01;31m[Kerror: [m[K‘[01m[Kgeometry_msgs::Vector3 {aka struct geometry_msgs::Vector3_<std::allocator<void> >}[m[K’ has no member named ‘[01m[Korientation[m[K’
   visionpose.[01;31m[Korientation[m[K.z = myQuaternion.getZ();
              [01;31m[K^~~~~~~~~~~[m[K
[01m[K/home/student/LJ2_P4_ROS_Groep1/universal_robots_ws/src/my_universal_robots/image_processor/image_processor/src/image_processor_node.cpp:77:14:[m[K [01;31m[Kerror: [m[K‘[01m[Kgeometry_msgs::Vector3 {aka struct geometry_msgs::Vector3_<std::allocator<void> >}[m[K’ has no member named ‘[01m[Korientation[m[K’
   visionpose.[01;31m[Korientation[m[K.w = myQuaternion.getW();
              [01;31m[K^~~~~~~~~~~[m[K
CMakeFiles/image_processor_node.dir/build.make:86: recipe for target 'CMakeFiles/image_processor_node.dir/src/image_processor_node.cpp.o' failed
make[2]: *** [CMakeFiles/image_processor_node.dir/src/image_processor_node.cpp.o] Error 1
make[1]: *** [CMakeFiles/image_processor_node.dir/all] Error 2
CMakeFiles/Makefile2:995: recipe for target 'CMakeFiles/image_processor_node.dir/all' failed
Makefile:140: recipe for target 'all' failed
make: *** [all] Error 2
