[01m[K/home/student/LJ2_P4_ROS_Groep1/universal_robots_ws/src/my_universal_robots/image_processor/image_processor/src/image_processor_node.cpp:[m[K In member function ‘[01m[Kvoid ImageProcessorRos::publish()[m[K’:
[01m[K/home/student/LJ2_P4_ROS_Groep1/universal_robots_ws/src/my_universal_robots/image_processor/image_processor/src/image_processor_node.cpp:101:7:[m[K [01;31m[Kerror: [m[K‘[01m[Kvector[m[K’ was not declared in this scope
       [01;31m[Kvector[m[K<double> poses = imgp.getposes();
       [01;31m[K^~~~~~[m[K
[01m[K/home/student/LJ2_P4_ROS_Groep1/universal_robots_ws/src/my_universal_robots/image_processor/image_processor/src/image_processor_node.cpp:101:7:[m[K [01;36m[Knote: [m[Ksuggested alternatives:
In file included from [01m[K/usr/include/c++/7/vector:64:0[m[K,
                 from [01m[K/usr/include/boost/math/special_functions/math_fwd.hpp:26[m[K,
                 from [01m[K/usr/include/boost/math/special_functions/round.hpp:15[m[K,
                 from [01m[K/opt/ros/melodic/include/ros/time.h:58[m[K,
                 from [01m[K/opt/ros/melodic/include/ros/ros.h:38[m[K,
                 from [01m[K/opt/ros/melodic/include/image_transport/publisher.h:38[m[K,
                 from [01m[K/opt/ros/melodic/include/image_transport/image_transport.h:38[m[K,
                 from [01m[K/home/student/LJ2_P4_ROS_Groep1/universal_robots_ws/src/my_universal_robots/image_processor/image_processor/include/image_processor/image_processor_node.h:8[m[K,
                 from [01m[K/home/student/LJ2_P4_ROS_Groep1/universal_robots_ws/src/my_universal_robots/image_processor/image_processor/src/image_processor_node.cpp:3[m[K:
[01m[K/usr/include/c++/7/bits/stl_vector.h:216:11:[m[K [01;36m[Knote: [m[K  ‘[01m[Kstd::vector[m[K’
     class [01;36m[Kvector[m[K : protected _Vector_base<_Tp, _Alloc>
           [01;36m[K^~~~~~[m[K
In file included from [01m[K/usr/include/boost/mpl/aux_/include_preprocessed.hpp:37:0[m[K,
                 from [01m[K/usr/include/boost/mpl/vector.hpp:46[m[K,
                 from [01m[K/usr/include/boost/math/policies/policy.hpp:14[m[K,
                 from [01m[K/usr/include/boost/math/policies/error_handling.hpp:21[m[K,
                 from [01m[K/usr/include/boost/math/special_functions/round.hpp:14[m[K,
                 from [01m[K/opt/ros/melodic/include/ros/time.h:58[m[K,
                 from [01m[K/opt/ros/melodic/include/ros/ros.h:38[m[K,
                 from [01m[K/opt/ros/melodic/include/image_transport/publisher.h:38[m[K,
                 from [01m[K/opt/ros/melodic/include/image_transport/image_transport.h:38[m[K,
                 from [01m[K/home/student/LJ2_P4_ROS_Groep1/universal_robots_ws/src/my_universal_robots/image_processor/image_processor/include/image_processor/image_processor_node.h:8[m[K,
                 from [01m[K/home/student/LJ2_P4_ROS_Groep1/universal_robots_ws/src/my_universal_robots/image_processor/image_processor/src/image_processor_node.cpp:3[m[K:
[01m[K/usr/include/boost/mpl/aux_/preprocessed/gcc/vector.hpp:22:8:[m[K [01;36m[Knote: [m[K  ‘[01m[Kboost::mpl::vector[m[K’
 struct [01;36m[Kvector[m[K;
        [01;36m[K^~~~~~[m[K
In file included from [01m[K/usr/include/boost/lexical_cast/detail/converter_lexical.hpp:52:0[m[K,
                 from [01m[K/usr/include/boost/lexical_cast/try_lexical_convert.hpp:42[m[K,
                 from [01m[K/usr/include/boost/lexical_cast.hpp:32[m[K,
                 from [01m[K/opt/ros/melodic/include/ros/transport_hints.h:34[m[K,
                 from [01m[K/opt/ros/melodic/include/ros/subscribe_options.h:33[m[K,
                 from [01m[K/opt/ros/melodic/include/ros/node_handle.h:42[m[K,
                 from [01m[K/opt/ros/melodic/include/ros/ros.h:45[m[K,
                 from [01m[K/opt/ros/melodic/include/image_transport/publisher.h:38[m[K,
                 from [01m[K/opt/ros/melodic/include/image_transport/image_transport.h:38[m[K,
                 from [01m[K/home/student/LJ2_P4_ROS_Groep1/universal_robots_ws/src/my_universal_robots/image_processor/image_processor/include/image_processor/image_processor_node.h:8[m[K,
                 from [01m[K/home/student/LJ2_P4_ROS_Groep1/universal_robots_ws/src/my_universal_robots/image_processor/image_processor/src/image_processor_node.cpp:3[m[K:
[01m[K/usr/include/boost/container/container_fwd.hpp:108:7:[m[K [01;36m[Knote: [m[K  ‘[01m[Kboost::container::vector[m[K’
 class [01;36m[Kvector[m[K;
       [01;36m[K^~~~~~[m[K
[01m[K/home/student/LJ2_P4_ROS_Groep1/universal_robots_ws/src/my_universal_robots/image_processor/image_processor/src/image_processor_node.cpp:101:14:[m[K [01;31m[Kerror: [m[Kexpected primary-expression before ‘[01m[Kdouble[m[K’
       vector<[01;31m[Kdouble[m[K> poses = imgp.getposes();
              [01;31m[K^~~~~~[m[K
make[2]: *** [CMakeFiles/image_processor_node.dir/src/image_processor_node.cpp.o] Error 1
make[1]: *** [CMakeFiles/image_processor_node.dir/all] Error 2
make: *** [all] Error 2
