[01m[K/home/student/LJ2_P4_ROS_Groep1/universal_robots_ws/src/my_universal_robots/image_processor/image_processor/src/image_processor.cpp:[m[K In member function ‘[01m[Kvoid ImageProcessor::process()[m[K’:
[01m[K/home/student/LJ2_P4_ROS_Groep1/universal_robots_ws/src/my_universal_robots/image_processor/image_processor/src/image_processor.cpp:263:23:[m[K [01;31m[Kerror: [m[K‘[01m[Kbw[m[K’ was not declared in this scope
                       [01;31m[Kbw[m[K = white
                       [01;31m[K^~[m[K
[01m[K/home/student/LJ2_P4_ROS_Groep1/universal_robots_ws/src/my_universal_robots/image_processor/image_processor/src/image_processor.cpp:266:23:[m[K [01;31m[Kerror: [m[K‘[01m[Kbw[m[K’ was not declared in this scope
                       [01;31m[Kbw[m[K = red
                       [01;31m[K^~[m[K
[01m[K/home/student/LJ2_P4_ROS_Groep1/universal_robots_ws/src/my_universal_robots/image_processor/image_processor/src/image_processor.cpp:269:23:[m[K [01;31m[Kerror: [m[K‘[01m[Kbw[m[K’ was not declared in this scope
                       [01;31m[Kbw[m[K = yellow
                       [01;31m[K^~[m[K
[01m[K/home/student/LJ2_P4_ROS_Groep1/universal_robots_ws/src/my_universal_robots/image_processor/image_processor/src/image_processor.cpp:272:34:[m[K [01;31m[Kerror: [m[K‘[01m[Kbw[m[K’ was not declared in this scope
                     findContours([01;31m[Kbw[m[K, contours, RETR_LIST, CHAIN_APPROX_NONE);
                                  [01;31m[K^~[m[K
[01m[K/home/student/LJ2_P4_ROS_Groep1/universal_robots_ws/src/my_universal_robots/image_processor/image_processor/src/image_processor.cpp:272:38:[m[K [01;31m[Kerror: [m[K‘[01m[Kcontours[m[K’ was not declared in this scope
                     findContours(bw, [01;31m[Kcontours[m[K, RETR_LIST, CHAIN_APPROX_NONE);
                                      [01;31m[K^~~~~~~~[m[K
[01m[K/home/student/LJ2_P4_ROS_Groep1/universal_robots_ws/src/my_universal_robots/image_processor/image_processor/src/image_processor.cpp:272:38:[m[K [01;36m[Knote: [m[Ksuggested alternative: ‘[01m[KCvContour[m[K’
                     findContours(bw, [01;36m[Kcontours[m[K, RETR_LIST, CHAIN_APPROX_NONE);
                                      [01;36m[K^~~~~~~~[m[K
                                      [32m[KCvContour[m[K
[01m[K/home/student/LJ2_P4_ROS_Groep1/universal_robots_ws/src/my_universal_robots/image_processor/image_processor/src/image_processor.cpp:280:38:[m[K [01;31m[Kerror: [m[K‘[01m[Ksrc[m[K’ was not declared in this scope
                         drawContours([01;31m[Ksrc[m[K, contours, static_cast<int>(i), Scalar(0, 0, 255), 2);
                                      [01;31m[K^~~[m[K
[01m[K/home/student/LJ2_P4_ROS_Groep1/universal_robots_ws/src/my_universal_robots/image_processor/image_processor/src/image_processor.cpp:280:38:[m[K [01;36m[Knote: [m[Ksuggested alternative: ‘[01m[Ksqrt[m[K’
                         drawContours([01;36m[Ksrc[m[K, contours, static_cast<int>(i), Scalar(0, 0, 255), 2);
                                      [01;36m[K^~~[m[K
                                      [32m[Ksqrt[m[K
[01m[K/home/student/LJ2_P4_ROS_Groep1/universal_robots_ws/src/my_universal_robots/image_processor/image_processor/src/image_processor.cpp:282:25:[m[K [01;31m[Kerror: [m[K‘[01m[Kangle[m[K’ was not declared in this scope
                         [01;31m[Kangle[m[K = getOrientation(contours[i], src);
                         [01;31m[K^~~~~[m[K
[01m[K/home/student/LJ2_P4_ROS_Groep1/universal_robots_ws/src/my_universal_robots/image_processor/image_processor/src/image_processor.cpp:285:50:[m[K [01;31m[Kerror: [m[K‘[01m[Kx0[m[K’ was not declared in this scope
                         std::cout << "X"<< " "<< [01;31m[Kx0[m[K << "\t" << "Y" << " "<< y0 << "\t" << "Rotation" << " "<< angle <<"\n";
                                                  [01;31m[K^~[m[K
[01m[K/home/student/LJ2_P4_ROS_Groep1/universal_robots_ws/src/my_universal_robots/image_processor/image_processor/src/image_processor.cpp:285:50:[m[K [01;36m[Knote: [m[Ksuggested alternative: ‘[01m[Ky0[m[K’
                         std::cout << "X"<< " "<< [01;36m[Kx0[m[K << "\t" << "Y" << " "<< y0 << "\t" << "Rotation" << " "<< angle <<"\n";
                                                  [01;36m[K^~[m[K
                                                  [32m[Ky0[m[K
[01m[K/home/student/LJ2_P4_ROS_Groep1/universal_robots_ws/src/my_universal_robots/image_processor/image_processor/src/image_processor.cpp:416:33:[m[K [01;31m[Kerror: [m[Kqualified-id in declaration before ‘[01m[K([m[K’ token
 void ImageProcessor::draw_circle[01;31m[K([m[Kconst cv::Point & center, int radius, bool draw_center_coordinates)
                                 [01;31m[K^[m[K
[01m[K/home/student/LJ2_P4_ROS_Groep1/universal_robots_ws/src/my_universal_robots/image_processor/image_processor/src/image_processor.cpp:433:39:[m[K [01;31m[Kerror: [m[Kqualified-id in declaration before ‘[01m[K([m[K’ token
 cv::Mat ImageProcessor::getOutputImage[01;31m[K([m[K){
                                       [01;31m[K^[m[K
[01m[K/home/student/LJ2_P4_ROS_Groep1/universal_robots_ws/src/my_universal_robots/image_processor/image_processor/src/image_processor.cpp:437:42:[m[K [01;31m[Kerror: [m[Kqualified-id in declaration before ‘[01m[K([m[K’ token
 cv::Point ImageProcessor::getCircleCenter[01;31m[K([m[K){
                                          [01;31m[K^[m[K
[01m[K/home/student/LJ2_P4_ROS_Groep1/universal_robots_ws/src/my_universal_robots/image_processor/image_processor/src/image_processor.cpp:439:1:[m[K [01;31m[Kerror: [m[Kexpected ‘[01m[K}[m[K’ at end of input
 [01;31m[K}[m[K
 [01;31m[K^[m[K
[01m[K/home/student/LJ2_P4_ROS_Groep1/universal_robots_ws/src/my_universal_robots/image_processor/image_processor/src/image_processor.cpp:439:1:[m[K [01;31m[Kerror: [m[Kexpected ‘[01m[K}[m[K’ at end of input
make[2]: *** [CMakeFiles/image_processor_node.dir/src/image_processor.cpp.o] Error 1
make[1]: *** [CMakeFiles/image_processor_node.dir/all] Error 2
make: *** [all] Error 2
