Determining if the pthread_create exist failed with the following output:
Change Dir: /home/student/LJ2_P4_ROS_Groep1/universal_robots_ws/build/robotiq_2f_gripper_action_server/CMakeFiles/CMakeTmp

Run Build Command:"/usr/bin/make" "cmTC_6bc2c/fast"
/usr/bin/make -f CMakeFiles/cmTC_6bc2c.dir/build.make CMakeFiles/cmTC_6bc2c.dir/build
make[1]: Entering directory '/home/student/LJ2_P4_ROS_Groep1/universal_robots_ws/build/robotiq_2f_gripper_action_server/CMakeFiles/CMakeTmp'
Building C object CMakeFiles/cmTC_6bc2c.dir/CheckSymbolExists.c.o
/usr/bin/cc    -o CMakeFiles/cmTC_6bc2c.dir/CheckSymbolExists.c.o   -c /home/student/LJ2_P4_ROS_Groep1/universal_robots_ws/build/robotiq_2f_gripper_action_server/CMakeFiles/CMakeTmp/CheckSymbolExists.c
Linking C executable cmTC_6bc2c
/usr/bin/cmake -E cmake_link_script CMakeFiles/cmTC_6bc2c.dir/link.txt --verbose=1
/usr/bin/cc      -rdynamic CMakeFiles/cmTC_6bc2c.dir/CheckSymbolExists.c.o  -o cmTC_6bc2c 
CMakeFiles/cmTC_6bc2c.dir/CheckSymbolExists.c.o: In function `main':
CheckSymbolExists.c:(.text+0x1b): undefined reference to `pthread_create'
collect2: error: ld returned 1 exit status
CMakeFiles/cmTC_6bc2c.dir/build.make:97: recipe for target 'cmTC_6bc2c' failed
make[1]: *** [cmTC_6bc2c] Error 1
make[1]: Leaving directory '/home/student/LJ2_P4_ROS_Groep1/universal_robots_ws/build/robotiq_2f_gripper_action_server/CMakeFiles/CMakeTmp'
Makefile:126: recipe for target 'cmTC_6bc2c/fast' failed
make: *** [cmTC_6bc2c/fast] Error 2

File /home/student/LJ2_P4_ROS_Groep1/universal_robots_ws/build/robotiq_2f_gripper_action_server/CMakeFiles/CMakeTmp/CheckSymbolExists.c:
/* */
#include <pthread.h>

int main(int argc, char** argv)
{
  (void)argv;
#ifndef pthread_create
  return ((int*)(&pthread_create))[argc];
#else
  (void)argc;
  return 0;
#endif
}

Determining if the function pthread_create exists in the pthreads failed with the following output:
Change Dir: /home/student/LJ2_P4_ROS_Groep1/universal_robots_ws/build/robotiq_2f_gripper_action_server/CMakeFiles/CMakeTmp

Run Build Command:"/usr/bin/make" "cmTC_c546b/fast"
/usr/bin/make -f CMakeFiles/cmTC_c546b.dir/build.make CMakeFiles/cmTC_c546b.dir/build
make[1]: Entering directory '/home/student/LJ2_P4_ROS_Groep1/universal_robots_ws/build/robotiq_2f_gripper_action_server/CMakeFiles/CMakeTmp'
Building C object CMakeFiles/cmTC_c546b.dir/CheckFunctionExists.c.o
/usr/bin/cc   -DCHECK_FUNCTION_EXISTS=pthread_create   -o CMakeFiles/cmTC_c546b.dir/CheckFunctionExists.c.o   -c /usr/share/cmake-3.10/Modules/CheckFunctionExists.c
Linking C executable cmTC_c546b
/usr/bin/cmake -E cmake_link_script CMakeFiles/cmTC_c546b.dir/link.txt --verbose=1
/usr/bin/cc  -DCHECK_FUNCTION_EXISTS=pthread_create    -rdynamic CMakeFiles/cmTC_c546b.dir/CheckFunctionExists.c.o  -o cmTC_c546b -lpthreads 
/usr/bin/ld: cannot find -lpthreads
collect2: error: ld returned 1 exit status
CMakeFiles/cmTC_c546b.dir/build.make:97: recipe for target 'cmTC_c546b' failed
make[1]: *** [cmTC_c546b] Error 1
make[1]: Leaving directory '/home/student/LJ2_P4_ROS_Groep1/universal_robots_ws/build/robotiq_2f_gripper_action_server/CMakeFiles/CMakeTmp'
Makefile:126: recipe for target 'cmTC_c546b/fast' failed
make: *** [cmTC_c546b/fast] Error 2


