Determining if the pthread_create exist failed with the following output:
Change Dir: /home/student/LJ2_P4_ROS_Groep1/universal_robots_ws/build/ur5e_moveit_config/CMakeFiles/CMakeTmp

Run Build Command:"/usr/bin/make" "cmTC_bcc15/fast"
/usr/bin/make -f CMakeFiles/cmTC_bcc15.dir/build.make CMakeFiles/cmTC_bcc15.dir/build
make[1]: Entering directory '/home/student/LJ2_P4_ROS_Groep1/universal_robots_ws/build/ur5e_moveit_config/CMakeFiles/CMakeTmp'
Building C object CMakeFiles/cmTC_bcc15.dir/CheckSymbolExists.c.o
/usr/bin/cc    -o CMakeFiles/cmTC_bcc15.dir/CheckSymbolExists.c.o   -c /home/student/LJ2_P4_ROS_Groep1/universal_robots_ws/build/ur5e_moveit_config/CMakeFiles/CMakeTmp/CheckSymbolExists.c
Linking C executable cmTC_bcc15
/usr/bin/cmake -E cmake_link_script CMakeFiles/cmTC_bcc15.dir/link.txt --verbose=1
/usr/bin/cc      -rdynamic CMakeFiles/cmTC_bcc15.dir/CheckSymbolExists.c.o  -o cmTC_bcc15 
CMakeFiles/cmTC_bcc15.dir/CheckSymbolExists.c.o: In function `main':
CheckSymbolExists.c:(.text+0x1b): undefined reference to `pthread_create'
collect2: error: ld returned 1 exit status
CMakeFiles/cmTC_bcc15.dir/build.make:97: recipe for target 'cmTC_bcc15' failed
make[1]: *** [cmTC_bcc15] Error 1
make[1]: Leaving directory '/home/student/LJ2_P4_ROS_Groep1/universal_robots_ws/build/ur5e_moveit_config/CMakeFiles/CMakeTmp'
Makefile:126: recipe for target 'cmTC_bcc15/fast' failed
make: *** [cmTC_bcc15/fast] Error 2

File /home/student/LJ2_P4_ROS_Groep1/universal_robots_ws/build/ur5e_moveit_config/CMakeFiles/CMakeTmp/CheckSymbolExists.c:
/* */
#include <pthread.h>

int main(int argc, char** argv)
{
  (void)argv;
#ifndef pthread_create
  return ((int*)(&pthread_create))[argc];
#else
  (void)argc;
  return 0;
#endif
}

Determining if the function pthread_create exists in the pthreads failed with the following output:
Change Dir: /home/student/LJ2_P4_ROS_Groep1/universal_robots_ws/build/ur5e_moveit_config/CMakeFiles/CMakeTmp

Run Build Command:"/usr/bin/make" "cmTC_d712e/fast"
/usr/bin/make -f CMakeFiles/cmTC_d712e.dir/build.make CMakeFiles/cmTC_d712e.dir/build
make[1]: Entering directory '/home/student/LJ2_P4_ROS_Groep1/universal_robots_ws/build/ur5e_moveit_config/CMakeFiles/CMakeTmp'
Building C object CMakeFiles/cmTC_d712e.dir/CheckFunctionExists.c.o
/usr/bin/cc   -DCHECK_FUNCTION_EXISTS=pthread_create   -o CMakeFiles/cmTC_d712e.dir/CheckFunctionExists.c.o   -c /usr/share/cmake-3.10/Modules/CheckFunctionExists.c
Linking C executable cmTC_d712e
/usr/bin/cmake -E cmake_link_script CMakeFiles/cmTC_d712e.dir/link.txt --verbose=1
/usr/bin/cc  -DCHECK_FUNCTION_EXISTS=pthread_create    -rdynamic CMakeFiles/cmTC_d712e.dir/CheckFunctionExists.c.o  -o cmTC_d712e -lpthreads 
/usr/bin/ld: cannot find -lpthreads
collect2: error: ld returned 1 exit status
CMakeFiles/cmTC_d712e.dir/build.make:97: recipe for target 'cmTC_d712e' failed
make[1]: *** [cmTC_d712e] Error 1
make[1]: Leaving directory '/home/student/LJ2_P4_ROS_Groep1/universal_robots_ws/build/ur5e_moveit_config/CMakeFiles/CMakeTmp'
Makefile:126: recipe for target 'cmTC_d712e/fast' failed
make: *** [cmTC_d712e/fast] Error 2


