Determining if the pthread_create exist failed with the following output:
Change Dir: /home/student/LJ2_P4_ROS_Groep1/universal_robots_ws/build/rosserial_tivac/CMakeFiles/CMakeTmp

Run Build Command:"/usr/bin/make" "cmTC_a7cea/fast"
/usr/bin/make -f CMakeFiles/cmTC_a7cea.dir/build.make CMakeFiles/cmTC_a7cea.dir/build
make[1]: Entering directory '/home/student/LJ2_P4_ROS_Groep1/universal_robots_ws/build/rosserial_tivac/CMakeFiles/CMakeTmp'
Building C object CMakeFiles/cmTC_a7cea.dir/CheckSymbolExists.c.o
/usr/bin/cc    -o CMakeFiles/cmTC_a7cea.dir/CheckSymbolExists.c.o   -c /home/student/LJ2_P4_ROS_Groep1/universal_robots_ws/build/rosserial_tivac/CMakeFiles/CMakeTmp/CheckSymbolExists.c
Linking C executable cmTC_a7cea
/usr/bin/cmake -E cmake_link_script CMakeFiles/cmTC_a7cea.dir/link.txt --verbose=1
/usr/bin/cc      -rdynamic CMakeFiles/cmTC_a7cea.dir/CheckSymbolExists.c.o  -o cmTC_a7cea 
CMakeFiles/cmTC_a7cea.dir/CheckSymbolExists.c.o: In function `main':
CheckSymbolExists.c:(.text+0x1b): undefined reference to `pthread_create'
collect2: error: ld returned 1 exit status
CMakeFiles/cmTC_a7cea.dir/build.make:97: recipe for target 'cmTC_a7cea' failed
make[1]: *** [cmTC_a7cea] Error 1
make[1]: Leaving directory '/home/student/LJ2_P4_ROS_Groep1/universal_robots_ws/build/rosserial_tivac/CMakeFiles/CMakeTmp'
Makefile:126: recipe for target 'cmTC_a7cea/fast' failed
make: *** [cmTC_a7cea/fast] Error 2

File /home/student/LJ2_P4_ROS_Groep1/universal_robots_ws/build/rosserial_tivac/CMakeFiles/CMakeTmp/CheckSymbolExists.c:
/* */
#include <pthread.h>

int main(int argc, char** argv)
{
  (void)argv;
#ifndef pthread_create
  return ((int*)(&pthread_create))[argc];
#else
  (void)argc;
  return 0;
#endif
}

Determining if the function pthread_create exists in the pthreads failed with the following output:
Change Dir: /home/student/LJ2_P4_ROS_Groep1/universal_robots_ws/build/rosserial_tivac/CMakeFiles/CMakeTmp

Run Build Command:"/usr/bin/make" "cmTC_a48fd/fast"
/usr/bin/make -f CMakeFiles/cmTC_a48fd.dir/build.make CMakeFiles/cmTC_a48fd.dir/build
make[1]: Entering directory '/home/student/LJ2_P4_ROS_Groep1/universal_robots_ws/build/rosserial_tivac/CMakeFiles/CMakeTmp'
Building C object CMakeFiles/cmTC_a48fd.dir/CheckFunctionExists.c.o
/usr/bin/cc   -DCHECK_FUNCTION_EXISTS=pthread_create   -o CMakeFiles/cmTC_a48fd.dir/CheckFunctionExists.c.o   -c /usr/share/cmake-3.10/Modules/CheckFunctionExists.c
Linking C executable cmTC_a48fd
/usr/bin/cmake -E cmake_link_script CMakeFiles/cmTC_a48fd.dir/link.txt --verbose=1
/usr/bin/cc  -DCHECK_FUNCTION_EXISTS=pthread_create    -rdynamic CMakeFiles/cmTC_a48fd.dir/CheckFunctionExists.c.o  -o cmTC_a48fd -lpthreads 
/usr/bin/ld: cannot find -lpthreads
collect2: error: ld returned 1 exit status
CMakeFiles/cmTC_a48fd.dir/build.make:97: recipe for target 'cmTC_a48fd' failed
make[1]: *** [cmTC_a48fd] Error 1
make[1]: Leaving directory '/home/student/LJ2_P4_ROS_Groep1/universal_robots_ws/build/rosserial_tivac/CMakeFiles/CMakeTmp'
Makefile:126: recipe for target 'cmTC_a48fd/fast' failed
make: *** [cmTC_a48fd/fast] Error 2


