[  0%] Built target _robotiq_3f_gripper_articulated_msgs_generate_messages_check_deps_Robotiq3FGripperRobotInput
[  0%] Built target _robotiq_3f_gripper_articulated_msgs_generate_messages_check_deps_Robotiq3FGripperRobotOutput
[  0%] Built target std_msgs_generate_messages_lisp
[  0%] Built target std_msgs_generate_messages_py
[  0%] Built target std_msgs_generate_messages_eus
[  0%] Built target std_msgs_generate_messages_cpp
[  0%] Built target std_msgs_generate_messages_nodejs
[  8%] [34m[1mGenerating Lisp code from robotiq_3f_gripper_articulated_msgs/Robotiq3FGripperRobotInput.msg[0m
[ 16%] [34m[1mGenerating Lisp code from robotiq_3f_gripper_articulated_msgs/Robotiq3FGripperRobotOutput.msg[0m
[ 16%] Built target robotiq_3f_gripper_articulated_msgs_generate_messages_lisp
[ 25%] [34m[1mGenerating Python from MSG robotiq_3f_gripper_articulated_msgs/Robotiq3FGripperRobotInput[0m
[ 33%] [34m[1mGenerating Python from MSG robotiq_3f_gripper_articulated_msgs/Robotiq3FGripperRobotOutput[0m
[ 41%] [34m[1mGenerating EusLisp code from robotiq_3f_gripper_articulated_msgs/Robotiq3FGripperRobotInput.msg[0m
[ 50%] [34m[1mGenerating EusLisp code from robotiq_3f_gripper_articulated_msgs/Robotiq3FGripperRobotOutput.msg[0m
[ 58%] [34m[1mGenerating Python msg __init__.py for robotiq_3f_gripper_articulated_msgs[0m
[ 66%] Built target robotiq_3f_gripper_articulated_msgs_generate_messages_eus
[ 75%] [34m[1mGenerating C++ code from robotiq_3f_gripper_articulated_msgs/Robotiq3FGripperRobotInput.msg[0m
[ 75%] Built target robotiq_3f_gripper_articulated_msgs_generate_messages_py
[ 83%] [34m[1mGenerating Javascript code from robotiq_3f_gripper_articulated_msgs/Robotiq3FGripperRobotInput.msg[0m
[ 91%] [34m[1mGenerating Javascript code from robotiq_3f_gripper_articulated_msgs/Robotiq3FGripperRobotOutput.msg[0m
[100%] [34m[1mGenerating C++ code from robotiq_3f_gripper_articulated_msgs/Robotiq3FGripperRobotOutput.msg[0m
[100%] Built target robotiq_3f_gripper_articulated_msgs_generate_messages_nodejs
[100%] Built target robotiq_3f_gripper_articulated_msgs_generate_messages_cpp
[100%] Built target robotiq_3f_gripper_articulated_msgs_generate_messages
