[35m[1mScanning dependencies of target _robotiq_3f_gripper_articulated_msgs_generate_messages_check_deps_Robotiq3FGripperRobotInput[0m
[  0%] Built target _robotiq_3f_gripper_articulated_msgs_generate_messages_check_deps_Robotiq3FGripperRobotInput
[35m[1mScanning dependencies of target _robotiq_3f_gripper_articulated_msgs_generate_messages_check_deps_Robotiq3FGripperRobotOutput[0m
[  0%] Built target _robotiq_3f_gripper_articulated_msgs_generate_messages_check_deps_Robotiq3FGripperRobotOutput
[35m[1mScanning dependencies of target std_msgs_generate_messages_lisp[0m
[  0%] Built target std_msgs_generate_messages_lisp
[35m[1mScanning dependencies of target std_msgs_generate_messages_py[0m
[  0%] Built target std_msgs_generate_messages_py
[35m[1mScanning dependencies of target std_msgs_generate_messages_eus[0m
[  0%] Built target std_msgs_generate_messages_eus
[35m[1mScanning dependencies of target std_msgs_generate_messages_cpp[0m
[  0%] Built target std_msgs_generate_messages_cpp
[35m[1mScanning dependencies of target std_msgs_generate_messages_nodejs[0m
[  0%] Built target std_msgs_generate_messages_nodejs
[35m[1mScanning dependencies of target robotiq_3f_gripper_articulated_msgs_generate_messages_lisp[0m
[ 16%] Built target robotiq_3f_gripper_articulated_msgs_generate_messages_lisp
[35m[1mScanning dependencies of target robotiq_3f_gripper_articulated_msgs_generate_messages_py[0m
[ 41%] Built target robotiq_3f_gripper_articulated_msgs_generate_messages_py
[35m[1mScanning dependencies of target robotiq_3f_gripper_articulated_msgs_generate_messages_eus[0m
[ 66%] Built target robotiq_3f_gripper_articulated_msgs_generate_messages_eus
[35m[1mScanning dependencies of target robotiq_3f_gripper_articulated_msgs_generate_messages_cpp[0m
[ 83%] Built target robotiq_3f_gripper_articulated_msgs_generate_messages_cpp
[35m[1mScanning dependencies of target robotiq_3f_gripper_articulated_msgs_generate_messages_nodejs[0m
[100%] Built target robotiq_3f_gripper_articulated_msgs_generate_messages_nodejs
[35m[1mScanning dependencies of target robotiq_3f_gripper_articulated_msgs_generate_messages[0m
[100%] Built target robotiq_3f_gripper_articulated_msgs_generate_messages
