Warning: Cannot symlink from /home/student/LJ2_P4_ROS_Groep1/universal_robots_ws/devel/.private/ur_dashboard_msgs/lib/pkgconfig/ur_dashboard_msgs.pc to existing file /home/student/LJ2_P4_ROS_Groep1/universal_robots_ws/devel/lib/pkgconfig/ur_dashboard_msgs.pc
Warning: Source hash: 2103bd1e1dd9ff2dddd0532a28e1fba7
Warning: Dest hash: 45a6ea301ebc7c74a1201ea382913913
Warning: Cannot symlink from /home/student/LJ2_P4_ROS_Groep1/universal_robots_ws/devel/.private/ur_dashboard_msgs/share/ur_dashboard_msgs/cmake/ur_dashboard_msgsConfig.cmake to existing file /home/student/LJ2_P4_ROS_Groep1/universal_robots_ws/devel/share/ur_dashboard_msgs/cmake/ur_dashboard_msgsConfig.cmake
Warning: Source hash: f474923f48340763e31c5e76f14c14eb
Warning: Dest hash: ad3eda8e23d6cfbd46639c24c2f355d6
Warning: Cannot symlink from /home/student/LJ2_P4_ROS_Groep1/universal_robots_ws/devel/.private/ur_dashboard_msgs/share/ur_dashboard_msgs/cmake/ur_dashboard_msgs-msg-extras.cmake to existing file /home/student/LJ2_P4_ROS_Groep1/universal_robots_ws/devel/share/ur_dashboard_msgs/cmake/ur_dashboard_msgs-msg-extras.cmake
Warning: Source hash: d319f7ddab6f6fbbfcf2a77ed22fcd81
Warning: Dest hash: cb50e6348ccbb5f583d5564ad74f363e
Warning: Cannot symlink from /home/student/LJ2_P4_ROS_Groep1/universal_robots_ws/devel/.private/ur_dashboard_msgs/share/ur_dashboard_msgs/cmake/ur_dashboard_msgs-msg-paths.cmake to existing file /home/student/LJ2_P4_ROS_Groep1/universal_robots_ws/devel/share/ur_dashboard_msgs/cmake/ur_dashboard_msgs-msg-paths.cmake
Warning: Source hash: fc6749933ad97f47430b67a3ebdd76e5
Warning: Dest hash: db511686ad7a71e38a1c2fb61c8b7f60
Cleaning: (/home/student/universal_robots_ws/devel/.private/ur_dashboard_msgs/cmake.lock, /home/student/universal_robots_ws/devel/./cmake.lock)
Cleaning: (/home/student/universal_robots_ws/devel/.private/ur_dashboard_msgs/include/ur_dashboard_msgs/AddToLog.h, /home/student/universal_robots_ws/devel/include/ur_dashboard_msgs/AddToLog.h)
Cleaning: (/home/student/universal_robots_ws/devel/.private/ur_dashboard_msgs/include/ur_dashboard_msgs/IsProgramSavedRequest.h, /home/student/universal_robots_ws/devel/include/ur_dashboard_msgs/IsProgramSavedRequest.h)
Cleaning: (/home/student/universal_robots_ws/devel/.private/ur_dashboard_msgs/include/ur_dashboard_msgs/IsProgramRunningRequest.h, /home/student/universal_robots_ws/devel/include/ur_dashboard_msgs/IsProgramRunningRequest.h)
Cleaning: (/home/student/universal_robots_ws/devel/.private/ur_dashboard_msgs/include/ur_dashboard_msgs/GetRobotMode.h, /home/student/universal_robots_ws/devel/include/ur_dashboard_msgs/GetRobotMode.h)
Cleaning: (/home/student/universal_robots_ws/devel/.private/ur_dashboard_msgs/include/ur_dashboard_msgs/SetModeActionResult.h, /home/student/universal_robots_ws/devel/include/ur_dashboard_msgs/SetModeActionResult.h)
Cleaning: (/home/student/universal_robots_ws/devel/.private/ur_dashboard_msgs/include/ur_dashboard_msgs/RawRequest.h, /home/student/universal_robots_ws/devel/include/ur_dashboard_msgs/RawRequest.h)
Cleaning: (/home/student/universal_robots_ws/devel/.private/ur_dashboard_msgs/include/ur_dashboard_msgs/GetProgramState.h, /home/student/universal_robots_ws/devel/include/ur_dashboard_msgs/GetProgramState.h)
Cleaning: (/home/student/universal_robots_ws/devel/.private/ur_dashboard_msgs/include/ur_dashboard_msgs/PopupResponse.h, /home/student/universal_robots_ws/devel/include/ur_dashboard_msgs/PopupResponse.h)
Cleaning: (/home/student/universal_robots_ws/devel/.private/ur_dashboard_msgs/include/ur_dashboard_msgs/AddToLogResponse.h, /home/student/universal_robots_ws/devel/include/ur_dashboard_msgs/AddToLogResponse.h)
Cleaning: (/home/student/universal_robots_ws/devel/.private/ur_dashboard_msgs/include/ur_dashboard_msgs/AddToLogRequest.h, /home/student/universal_robots_ws/devel/include/ur_dashboard_msgs/AddToLogRequest.h)
Cleaning: (/home/student/universal_robots_ws/devel/.private/ur_dashboard_msgs/include/ur_dashboard_msgs/GetRobotModeResponse.h, /home/student/universal_robots_ws/devel/include/ur_dashboard_msgs/GetRobotModeResponse.h)
Cleaning: (/home/student/universal_robots_ws/devel/.private/ur_dashboard_msgs/include/ur_dashboard_msgs/SetModeAction.h, /home/student/universal_robots_ws/devel/include/ur_dashboard_msgs/SetModeAction.h)
Cleaning: (/home/student/universal_robots_ws/devel/.private/ur_dashboard_msgs/include/ur_dashboard_msgs/RobotMode.h, /home/student/universal_robots_ws/devel/include/ur_dashboard_msgs/RobotMode.h)
Cleaning: (/home/student/universal_robots_ws/devel/.private/ur_dashboard_msgs/include/ur_dashboard_msgs/GetSafetyMode.h, /home/student/universal_robots_ws/devel/include/ur_dashboard_msgs/GetSafetyMode.h)
Cleaning: (/home/student/universal_robots_ws/devel/.private/ur_dashboard_msgs/include/ur_dashboard_msgs/PopupRequest.h, /home/student/universal_robots_ws/devel/include/ur_dashboard_msgs/PopupRequest.h)
Cleaning: (/home/student/universal_robots_ws/devel/.private/ur_dashboard_msgs/include/ur_dashboard_msgs/GetProgramStateResponse.h, /home/student/universal_robots_ws/devel/include/ur_dashboard_msgs/GetProgramStateResponse.h)
Cleaning: (/home/student/universal_robots_ws/devel/.private/ur_dashboard_msgs/include/ur_dashboard_msgs/SafetyMode.h, /home/student/universal_robots_ws/devel/include/ur_dashboard_msgs/SafetyMode.h)
Cleaning: (/home/student/universal_robots_ws/devel/.private/ur_dashboard_msgs/include/ur_dashboard_msgs/Load.h, /home/student/universal_robots_ws/devel/include/ur_dashboard_msgs/Load.h)
Cleaning: (/home/student/universal_robots_ws/devel/.private/ur_dashboard_msgs/include/ur_dashboard_msgs/SetModeActionFeedback.h, /home/student/universal_robots_ws/devel/include/ur_dashboard_msgs/SetModeActionFeedback.h)
Cleaning: (/home/student/universal_robots_ws/devel/.private/ur_dashboard_msgs/include/ur_dashboard_msgs/IsProgramRunningResponse.h, /home/student/universal_robots_ws/devel/include/ur_dashboard_msgs/IsProgramRunningResponse.h)
Cleaning: (/home/student/universal_robots_ws/devel/.private/ur_dashboard_msgs/include/ur_dashboard_msgs/SetModeResult.h, /home/student/universal_robots_ws/devel/include/ur_dashboard_msgs/SetModeResult.h)
Cleaning: (/home/student/universal_robots_ws/devel/.private/ur_dashboard_msgs/include/ur_dashboard_msgs/GetSafetyModeResponse.h, /home/student/universal_robots_ws/devel/include/ur_dashboard_msgs/GetSafetyModeResponse.h)
Cleaning: (/home/student/universal_robots_ws/devel/.private/ur_dashboard_msgs/include/ur_dashboard_msgs/GetLoadedProgramRequest.h, /home/student/universal_robots_ws/devel/include/ur_dashboard_msgs/GetLoadedProgramRequest.h)
Cleaning: (/home/student/universal_robots_ws/devel/.private/ur_dashboard_msgs/include/ur_dashboard_msgs/Popup.h, /home/student/universal_robots_ws/devel/include/ur_dashboard_msgs/Popup.h)
Cleaning: (/home/student/universal_robots_ws/devel/.private/ur_dashboard_msgs/include/ur_dashboard_msgs/RawRequestRequest.h, /home/student/universal_robots_ws/devel/include/ur_dashboard_msgs/RawRequestRequest.h)
Cleaning: (/home/student/universal_robots_ws/devel/.private/ur_dashboard_msgs/include/ur_dashboard_msgs/GetLoadedProgramResponse.h, /home/student/universal_robots_ws/devel/include/ur_dashboard_msgs/GetLoadedProgramResponse.h)
Cleaning: (/home/student/universal_robots_ws/devel/.private/ur_dashboard_msgs/include/ur_dashboard_msgs/IsProgramRunning.h, /home/student/universal_robots_ws/devel/include/ur_dashboard_msgs/IsProgramRunning.h)
Cleaning: (/home/student/universal_robots_ws/devel/.private/ur_dashboard_msgs/include/ur_dashboard_msgs/SetModeActionGoal.h, /home/student/universal_robots_ws/devel/include/ur_dashboard_msgs/SetModeActionGoal.h)
Cleaning: (/home/student/universal_robots_ws/devel/.private/ur_dashboard_msgs/include/ur_dashboard_msgs/ProgramState.h, /home/student/universal_robots_ws/devel/include/ur_dashboard_msgs/ProgramState.h)
Cleaning: (/home/student/universal_robots_ws/devel/.private/ur_dashboard_msgs/include/ur_dashboard_msgs/IsProgramSavedResponse.h, /home/student/universal_robots_ws/devel/include/ur_dashboard_msgs/IsProgramSavedResponse.h)
Cleaning: (/home/student/universal_robots_ws/devel/.private/ur_dashboard_msgs/include/ur_dashboard_msgs/GetSafetyModeRequest.h, /home/student/universal_robots_ws/devel/include/ur_dashboard_msgs/GetSafetyModeRequest.h)
Cleaning: (/home/student/universal_robots_ws/devel/.private/ur_dashboard_msgs/include/ur_dashboard_msgs/LoadResponse.h, /home/student/universal_robots_ws/devel/include/ur_dashboard_msgs/LoadResponse.h)
Cleaning: (/home/student/universal_robots_ws/devel/.private/ur_dashboard_msgs/include/ur_dashboard_msgs/IsProgramSaved.h, /home/student/universal_robots_ws/devel/include/ur_dashboard_msgs/IsProgramSaved.h)
Cleaning: (/home/student/universal_robots_ws/devel/.private/ur_dashboard_msgs/include/ur_dashboard_msgs/SetModeGoal.h, /home/student/universal_robots_ws/devel/include/ur_dashboard_msgs/SetModeGoal.h)
Cleaning: (/home/student/universal_robots_ws/devel/.private/ur_dashboard_msgs/include/ur_dashboard_msgs/SetModeFeedback.h, /home/student/universal_robots_ws/devel/include/ur_dashboard_msgs/SetModeFeedback.h)
Cleaning: (/home/student/universal_robots_ws/devel/.private/ur_dashboard_msgs/include/ur_dashboard_msgs/GetRobotModeRequest.h, /home/student/universal_robots_ws/devel/include/ur_dashboard_msgs/GetRobotModeRequest.h)
Cleaning: (/home/student/universal_robots_ws/devel/.private/ur_dashboard_msgs/include/ur_dashboard_msgs/GetLoadedProgram.h, /home/student/universal_robots_ws/devel/include/ur_dashboard_msgs/GetLoadedProgram.h)
Cleaning: (/home/student/universal_robots_ws/devel/.private/ur_dashboard_msgs/include/ur_dashboard_msgs/GetProgramStateRequest.h, /home/student/universal_robots_ws/devel/include/ur_dashboard_msgs/GetProgramStateRequest.h)
Cleaning: (/home/student/universal_robots_ws/devel/.private/ur_dashboard_msgs/include/ur_dashboard_msgs/LoadRequest.h, /home/student/universal_robots_ws/devel/include/ur_dashboard_msgs/LoadRequest.h)
Cleaning: (/home/student/universal_robots_ws/devel/.private/ur_dashboard_msgs/include/ur_dashboard_msgs/RawRequestResponse.h, /home/student/universal_robots_ws/devel/include/ur_dashboard_msgs/RawRequestResponse.h)
Cleaning: (/home/student/universal_robots_ws/devel/.private/ur_dashboard_msgs/lib/python2.7/dist-packages/ur_dashboard_msgs/__init__.py, /home/student/universal_robots_ws/devel/lib/python2.7/dist-packages/ur_dashboard_msgs/__init__.py)
Cleaning: (/home/student/universal_robots_ws/devel/.private/ur_dashboard_msgs/lib/python2.7/dist-packages/ur_dashboard_msgs/msg/_SetModeFeedback.py, /home/student/universal_robots_ws/devel/lib/python2.7/dist-packages/ur_dashboard_msgs/msg/_SetModeFeedback.py)
Cleaning: (/home/student/universal_robots_ws/devel/.private/ur_dashboard_msgs/lib/python2.7/dist-packages/ur_dashboard_msgs/msg/_SetModeActionFeedback.py, /home/student/universal_robots_ws/devel/lib/python2.7/dist-packages/ur_dashboard_msgs/msg/_SetModeActionFeedback.py)
Cleaning: (/home/student/universal_robots_ws/devel/.private/ur_dashboard_msgs/lib/python2.7/dist-packages/ur_dashboard_msgs/msg/_SetModeAction.py, /home/student/universal_robots_ws/devel/lib/python2.7/dist-packages/ur_dashboard_msgs/msg/_SetModeAction.py)
Cleaning: (/home/student/universal_robots_ws/devel/.private/ur_dashboard_msgs/lib/python2.7/dist-packages/ur_dashboard_msgs/msg/_ProgramState.py, /home/student/universal_robots_ws/devel/lib/python2.7/dist-packages/ur_dashboard_msgs/msg/_ProgramState.py)
Cleaning: (/home/student/universal_robots_ws/devel/.private/ur_dashboard_msgs/lib/python2.7/dist-packages/ur_dashboard_msgs/msg/_SetModeActionGoal.py, /home/student/universal_robots_ws/devel/lib/python2.7/dist-packages/ur_dashboard_msgs/msg/_SetModeActionGoal.py)
Cleaning: (/home/student/universal_robots_ws/devel/.private/ur_dashboard_msgs/lib/python2.7/dist-packages/ur_dashboard_msgs/msg/__init__.py, /home/student/universal_robots_ws/devel/lib/python2.7/dist-packages/ur_dashboard_msgs/msg/__init__.py)
Cleaning: (/home/student/universal_robots_ws/devel/.private/ur_dashboard_msgs/lib/python2.7/dist-packages/ur_dashboard_msgs/msg/_SetModeResult.py, /home/student/universal_robots_ws/devel/lib/python2.7/dist-packages/ur_dashboard_msgs/msg/_SetModeResult.py)
Cleaning: (/home/student/universal_robots_ws/devel/.private/ur_dashboard_msgs/lib/python2.7/dist-packages/ur_dashboard_msgs/msg/_SafetyMode.py, /home/student/universal_robots_ws/devel/lib/python2.7/dist-packages/ur_dashboard_msgs/msg/_SafetyMode.py)
Cleaning: (/home/student/universal_robots_ws/devel/.private/ur_dashboard_msgs/lib/python2.7/dist-packages/ur_dashboard_msgs/msg/_RobotMode.py, /home/student/universal_robots_ws/devel/lib/python2.7/dist-packages/ur_dashboard_msgs/msg/_RobotMode.py)
Cleaning: (/home/student/universal_robots_ws/devel/.private/ur_dashboard_msgs/lib/python2.7/dist-packages/ur_dashboard_msgs/msg/_SetModeGoal.py, /home/student/universal_robots_ws/devel/lib/python2.7/dist-packages/ur_dashboard_msgs/msg/_SetModeGoal.py)
Cleaning: (/home/student/universal_robots_ws/devel/.private/ur_dashboard_msgs/lib/python2.7/dist-packages/ur_dashboard_msgs/msg/_SetModeActionResult.py, /home/student/universal_robots_ws/devel/lib/python2.7/dist-packages/ur_dashboard_msgs/msg/_SetModeActionResult.py)
Cleaning: (/home/student/universal_robots_ws/devel/.private/ur_dashboard_msgs/lib/python2.7/dist-packages/ur_dashboard_msgs/srv/_GetLoadedProgram.py, /home/student/universal_robots_ws/devel/lib/python2.7/dist-packages/ur_dashboard_msgs/srv/_GetLoadedProgram.py)
Cleaning: (/home/student/universal_robots_ws/devel/.private/ur_dashboard_msgs/lib/python2.7/dist-packages/ur_dashboard_msgs/srv/_Popup.py, /home/student/universal_robots_ws/devel/lib/python2.7/dist-packages/ur_dashboard_msgs/srv/_Popup.py)
Cleaning: (/home/student/universal_robots_ws/devel/.private/ur_dashboard_msgs/lib/python2.7/dist-packages/ur_dashboard_msgs/srv/_GetRobotMode.py, /home/student/universal_robots_ws/devel/lib/python2.7/dist-packages/ur_dashboard_msgs/srv/_GetRobotMode.py)
Cleaning: (/home/student/universal_robots_ws/devel/.private/ur_dashboard_msgs/lib/python2.7/dist-packages/ur_dashboard_msgs/srv/__init__.py, /home/student/universal_robots_ws/devel/lib/python2.7/dist-packages/ur_dashboard_msgs/srv/__init__.py)
Cleaning: (/home/student/universal_robots_ws/devel/.private/ur_dashboard_msgs/lib/python2.7/dist-packages/ur_dashboard_msgs/srv/_GetProgramState.py, /home/student/universal_robots_ws/devel/lib/python2.7/dist-packages/ur_dashboard_msgs/srv/_GetProgramState.py)
Cleaning: (/home/student/universal_robots_ws/devel/.private/ur_dashboard_msgs/lib/python2.7/dist-packages/ur_dashboard_msgs/srv/_Load.py, /home/student/universal_robots_ws/devel/lib/python2.7/dist-packages/ur_dashboard_msgs/srv/_Load.py)
Cleaning: (/home/student/universal_robots_ws/devel/.private/ur_dashboard_msgs/lib/python2.7/dist-packages/ur_dashboard_msgs/srv/_RawRequest.py, /home/student/universal_robots_ws/devel/lib/python2.7/dist-packages/ur_dashboard_msgs/srv/_RawRequest.py)
Cleaning: (/home/student/universal_robots_ws/devel/.private/ur_dashboard_msgs/lib/python2.7/dist-packages/ur_dashboard_msgs/srv/_GetSafetyMode.py, /home/student/universal_robots_ws/devel/lib/python2.7/dist-packages/ur_dashboard_msgs/srv/_GetSafetyMode.py)
Cleaning: (/home/student/universal_robots_ws/devel/.private/ur_dashboard_msgs/lib/python2.7/dist-packages/ur_dashboard_msgs/srv/_IsProgramSaved.py, /home/student/universal_robots_ws/devel/lib/python2.7/dist-packages/ur_dashboard_msgs/srv/_IsProgramSaved.py)
Cleaning: (/home/student/universal_robots_ws/devel/.private/ur_dashboard_msgs/lib/python2.7/dist-packages/ur_dashboard_msgs/srv/_AddToLog.py, /home/student/universal_robots_ws/devel/lib/python2.7/dist-packages/ur_dashboard_msgs/srv/_AddToLog.py)
Cleaning: (/home/student/universal_robots_ws/devel/.private/ur_dashboard_msgs/lib/python2.7/dist-packages/ur_dashboard_msgs/srv/_IsProgramRunning.py, /home/student/universal_robots_ws/devel/lib/python2.7/dist-packages/ur_dashboard_msgs/srv/_IsProgramRunning.py)
Cleaning: (/home/student/universal_robots_ws/devel/.private/ur_dashboard_msgs/lib/pkgconfig/ur_dashboard_msgs.pc, /home/student/universal_robots_ws/devel/lib/pkgconfig/ur_dashboard_msgs.pc)
Cleaning: (/home/student/universal_robots_ws/devel/.private/ur_dashboard_msgs/share/ur_dashboard_msgs/msg/SetModeGoal.msg, /home/student/universal_robots_ws/devel/share/ur_dashboard_msgs/msg/SetModeGoal.msg)
Cleaning: (/home/student/universal_robots_ws/devel/.private/ur_dashboard_msgs/share/ur_dashboard_msgs/msg/SetModeFeedback.msg, /home/student/universal_robots_ws/devel/share/ur_dashboard_msgs/msg/SetModeFeedback.msg)
Cleaning: (/home/student/universal_robots_ws/devel/.private/ur_dashboard_msgs/share/ur_dashboard_msgs/msg/SetModeActionGoal.msg, /home/student/universal_robots_ws/devel/share/ur_dashboard_msgs/msg/SetModeActionGoal.msg)
Cleaning: (/home/student/universal_robots_ws/devel/.private/ur_dashboard_msgs/share/ur_dashboard_msgs/msg/SetModeActionFeedback.msg, /home/student/universal_robots_ws/devel/share/ur_dashboard_msgs/msg/SetModeActionFeedback.msg)
Cleaning: (/home/student/universal_robots_ws/devel/.private/ur_dashboard_msgs/share/ur_dashboard_msgs/msg/SetModeActionResult.msg, /home/student/universal_robots_ws/devel/share/ur_dashboard_msgs/msg/SetModeActionResult.msg)
Cleaning: (/home/student/universal_robots_ws/devel/.private/ur_dashboard_msgs/share/ur_dashboard_msgs/msg/SetModeResult.msg, /home/student/universal_robots_ws/devel/share/ur_dashboard_msgs/msg/SetModeResult.msg)
Cleaning: (/home/student/universal_robots_ws/devel/.private/ur_dashboard_msgs/share/ur_dashboard_msgs/msg/SetModeAction.msg, /home/student/universal_robots_ws/devel/share/ur_dashboard_msgs/msg/SetModeAction.msg)
Cleaning: (/home/student/universal_robots_ws/devel/.private/ur_dashboard_msgs/share/ur_dashboard_msgs/cmake/ur_dashboard_msgsConfig.cmake, /home/student/universal_robots_ws/devel/share/ur_dashboard_msgs/cmake/ur_dashboard_msgsConfig.cmake)
Cleaning: (/home/student/universal_robots_ws/devel/.private/ur_dashboard_msgs/share/ur_dashboard_msgs/cmake/ur_dashboard_msgs-msg-extras.cmake, /home/student/universal_robots_ws/devel/share/ur_dashboard_msgs/cmake/ur_dashboard_msgs-msg-extras.cmake)
Cleaning: (/home/student/universal_robots_ws/devel/.private/ur_dashboard_msgs/share/ur_dashboard_msgs/cmake/ur_dashboard_msgs-msg-paths.cmake, /home/student/universal_robots_ws/devel/share/ur_dashboard_msgs/cmake/ur_dashboard_msgs-msg-paths.cmake)
Cleaning: (/home/student/universal_robots_ws/devel/.private/ur_dashboard_msgs/share/ur_dashboard_msgs/cmake/ur_dashboard_msgsConfig-version.cmake, /home/student/universal_robots_ws/devel/share/ur_dashboard_msgs/cmake/ur_dashboard_msgsConfig-version.cmake)
Cleaning: (/home/student/universal_robots_ws/devel/.private/ur_dashboard_msgs/share/gennodejs/ros/ur_dashboard_msgs/_index.js, /home/student/universal_robots_ws/devel/share/gennodejs/ros/ur_dashboard_msgs/_index.js)
Cleaning: (/home/student/universal_robots_ws/devel/.private/ur_dashboard_msgs/share/gennodejs/ros/ur_dashboard_msgs/msg/SetModeGoal.js, /home/student/universal_robots_ws/devel/share/gennodejs/ros/ur_dashboard_msgs/msg/SetModeGoal.js)
Cleaning: (/home/student/universal_robots_ws/devel/.private/ur_dashboard_msgs/share/gennodejs/ros/ur_dashboard_msgs/msg/SetModeFeedback.js, /home/student/universal_robots_ws/devel/share/gennodejs/ros/ur_dashboard_msgs/msg/SetModeFeedback.js)
Cleaning: (/home/student/universal_robots_ws/devel/.private/ur_dashboard_msgs/share/gennodejs/ros/ur_dashboard_msgs/msg/SafetyMode.js, /home/student/universal_robots_ws/devel/share/gennodejs/ros/ur_dashboard_msgs/msg/SafetyMode.js)
Cleaning: (/home/student/universal_robots_ws/devel/.private/ur_dashboard_msgs/share/gennodejs/ros/ur_dashboard_msgs/msg/SetModeAction.js, /home/student/universal_robots_ws/devel/share/gennodejs/ros/ur_dashboard_msgs/msg/SetModeAction.js)
Cleaning: (/home/student/universal_robots_ws/devel/.private/ur_dashboard_msgs/share/gennodejs/ros/ur_dashboard_msgs/msg/SetModeActionResult.js, /home/student/universal_robots_ws/devel/share/gennodejs/ros/ur_dashboard_msgs/msg/SetModeActionResult.js)
Cleaning: (/home/student/universal_robots_ws/devel/.private/ur_dashboard_msgs/share/gennodejs/ros/ur_dashboard_msgs/msg/RobotMode.js, /home/student/universal_robots_ws/devel/share/gennodejs/ros/ur_dashboard_msgs/msg/RobotMode.js)
Cleaning: (/home/student/universal_robots_ws/devel/.private/ur_dashboard_msgs/share/gennodejs/ros/ur_dashboard_msgs/msg/SetModeResult.js, /home/student/universal_robots_ws/devel/share/gennodejs/ros/ur_dashboard_msgs/msg/SetModeResult.js)
Cleaning: (/home/student/universal_robots_ws/devel/.private/ur_dashboard_msgs/share/gennodejs/ros/ur_dashboard_msgs/msg/SetModeActionFeedback.js, /home/student/universal_robots_ws/devel/share/gennodejs/ros/ur_dashboard_msgs/msg/SetModeActionFeedback.js)
Cleaning: (/home/student/universal_robots_ws/devel/.private/ur_dashboard_msgs/share/gennodejs/ros/ur_dashboard_msgs/msg/_index.js, /home/student/universal_robots_ws/devel/share/gennodejs/ros/ur_dashboard_msgs/msg/_index.js)
Cleaning: (/home/student/universal_robots_ws/devel/.private/ur_dashboard_msgs/share/gennodejs/ros/ur_dashboard_msgs/msg/ProgramState.js, /home/student/universal_robots_ws/devel/share/gennodejs/ros/ur_dashboard_msgs/msg/ProgramState.js)
Cleaning: (/home/student/universal_robots_ws/devel/.private/ur_dashboard_msgs/share/gennodejs/ros/ur_dashboard_msgs/msg/SetModeActionGoal.js, /home/student/universal_robots_ws/devel/share/gennodejs/ros/ur_dashboard_msgs/msg/SetModeActionGoal.js)
Cleaning: (/home/student/universal_robots_ws/devel/.private/ur_dashboard_msgs/share/gennodejs/ros/ur_dashboard_msgs/srv/IsProgramSaved.js, /home/student/universal_robots_ws/devel/share/gennodejs/ros/ur_dashboard_msgs/srv/IsProgramSaved.js)
Cleaning: (/home/student/universal_robots_ws/devel/.private/ur_dashboard_msgs/share/gennodejs/ros/ur_dashboard_msgs/srv/RawRequest.js, /home/student/universal_robots_ws/devel/share/gennodejs/ros/ur_dashboard_msgs/srv/RawRequest.js)
Cleaning: (/home/student/universal_robots_ws/devel/.private/ur_dashboard_msgs/share/gennodejs/ros/ur_dashboard_msgs/srv/Load.js, /home/student/universal_robots_ws/devel/share/gennodejs/ros/ur_dashboard_msgs/srv/Load.js)
Cleaning: (/home/student/universal_robots_ws/devel/.private/ur_dashboard_msgs/share/gennodejs/ros/ur_dashboard_msgs/srv/GetRobotMode.js, /home/student/universal_robots_ws/devel/share/gennodejs/ros/ur_dashboard_msgs/srv/GetRobotMode.js)
Cleaning: (/home/student/universal_robots_ws/devel/.private/ur_dashboard_msgs/share/gennodejs/ros/ur_dashboard_msgs/srv/Popup.js, /home/student/universal_robots_ws/devel/share/gennodejs/ros/ur_dashboard_msgs/srv/Popup.js)
Cleaning: (/home/student/universal_robots_ws/devel/.private/ur_dashboard_msgs/share/gennodejs/ros/ur_dashboard_msgs/srv/GetProgramState.js, /home/student/universal_robots_ws/devel/share/gennodejs/ros/ur_dashboard_msgs/srv/GetProgramState.js)
Cleaning: (/home/student/universal_robots_ws/devel/.private/ur_dashboard_msgs/share/gennodejs/ros/ur_dashboard_msgs/srv/IsProgramRunning.js, /home/student/universal_robots_ws/devel/share/gennodejs/ros/ur_dashboard_msgs/srv/IsProgramRunning.js)
Cleaning: (/home/student/universal_robots_ws/devel/.private/ur_dashboard_msgs/share/gennodejs/ros/ur_dashboard_msgs/srv/GetSafetyMode.js, /home/student/universal_robots_ws/devel/share/gennodejs/ros/ur_dashboard_msgs/srv/GetSafetyMode.js)
Cleaning: (/home/student/universal_robots_ws/devel/.private/ur_dashboard_msgs/share/gennodejs/ros/ur_dashboard_msgs/srv/GetLoadedProgram.js, /home/student/universal_robots_ws/devel/share/gennodejs/ros/ur_dashboard_msgs/srv/GetLoadedProgram.js)
Cleaning: (/home/student/universal_robots_ws/devel/.private/ur_dashboard_msgs/share/gennodejs/ros/ur_dashboard_msgs/srv/_index.js, /home/student/universal_robots_ws/devel/share/gennodejs/ros/ur_dashboard_msgs/srv/_index.js)
Cleaning: (/home/student/universal_robots_ws/devel/.private/ur_dashboard_msgs/share/gennodejs/ros/ur_dashboard_msgs/srv/AddToLog.js, /home/student/universal_robots_ws/devel/share/gennodejs/ros/ur_dashboard_msgs/srv/AddToLog.js)
Cleaning: (/home/student/universal_robots_ws/devel/.private/ur_dashboard_msgs/share/roseus/ros/ur_dashboard_msgs/manifest.l, /home/student/universal_robots_ws/devel/share/roseus/ros/ur_dashboard_msgs/manifest.l)
Cleaning: (/home/student/universal_robots_ws/devel/.private/ur_dashboard_msgs/share/roseus/ros/ur_dashboard_msgs/msg/SafetyMode.l, /home/student/universal_robots_ws/devel/share/roseus/ros/ur_dashboard_msgs/msg/SafetyMode.l)
Cleaning: (/home/student/universal_robots_ws/devel/.private/ur_dashboard_msgs/share/roseus/ros/ur_dashboard_msgs/msg/SetModeActionGoal.l, /home/student/universal_robots_ws/devel/share/roseus/ros/ur_dashboard_msgs/msg/SetModeActionGoal.l)
Cleaning: (/home/student/universal_robots_ws/devel/.private/ur_dashboard_msgs/share/roseus/ros/ur_dashboard_msgs/msg/SetModeAction.l, /home/student/universal_robots_ws/devel/share/roseus/ros/ur_dashboard_msgs/msg/SetModeAction.l)
Cleaning: (/home/student/universal_robots_ws/devel/.private/ur_dashboard_msgs/share/roseus/ros/ur_dashboard_msgs/msg/ProgramState.l, /home/student/universal_robots_ws/devel/share/roseus/ros/ur_dashboard_msgs/msg/ProgramState.l)
Cleaning: (/home/student/universal_robots_ws/devel/.private/ur_dashboard_msgs/share/roseus/ros/ur_dashboard_msgs/msg/RobotMode.l, /home/student/universal_robots_ws/devel/share/roseus/ros/ur_dashboard_msgs/msg/RobotMode.l)
Cleaning: (/home/student/universal_robots_ws/devel/.private/ur_dashboard_msgs/share/roseus/ros/ur_dashboard_msgs/msg/SetModeResult.l, /home/student/universal_robots_ws/devel/share/roseus/ros/ur_dashboard_msgs/msg/SetModeResult.l)
Cleaning: (/home/student/universal_robots_ws/devel/.private/ur_dashboard_msgs/share/roseus/ros/ur_dashboard_msgs/msg/SetModeActionFeedback.l, /home/student/universal_robots_ws/devel/share/roseus/ros/ur_dashboard_msgs/msg/SetModeActionFeedback.l)
Cleaning: (/home/student/universal_robots_ws/devel/.private/ur_dashboard_msgs/share/roseus/ros/ur_dashboard_msgs/msg/SetModeActionResult.l, /home/student/universal_robots_ws/devel/share/roseus/ros/ur_dashboard_msgs/msg/SetModeActionResult.l)
Cleaning: (/home/student/universal_robots_ws/devel/.private/ur_dashboard_msgs/share/roseus/ros/ur_dashboard_msgs/msg/SetModeGoal.l, /home/student/universal_robots_ws/devel/share/roseus/ros/ur_dashboard_msgs/msg/SetModeGoal.l)
Cleaning: (/home/student/universal_robots_ws/devel/.private/ur_dashboard_msgs/share/roseus/ros/ur_dashboard_msgs/msg/SetModeFeedback.l, /home/student/universal_robots_ws/devel/share/roseus/ros/ur_dashboard_msgs/msg/SetModeFeedback.l)
Cleaning: (/home/student/universal_robots_ws/devel/.private/ur_dashboard_msgs/share/roseus/ros/ur_dashboard_msgs/srv/AddToLog.l, /home/student/universal_robots_ws/devel/share/roseus/ros/ur_dashboard_msgs/srv/AddToLog.l)
Cleaning: (/home/student/universal_robots_ws/devel/.private/ur_dashboard_msgs/share/roseus/ros/ur_dashboard_msgs/srv/GetRobotMode.l, /home/student/universal_robots_ws/devel/share/roseus/ros/ur_dashboard_msgs/srv/GetRobotMode.l)
Cleaning: (/home/student/universal_robots_ws/devel/.private/ur_dashboard_msgs/share/roseus/ros/ur_dashboard_msgs/srv/Popup.l, /home/student/universal_robots_ws/devel/share/roseus/ros/ur_dashboard_msgs/srv/Popup.l)
Cleaning: (/home/student/universal_robots_ws/devel/.private/ur_dashboard_msgs/share/roseus/ros/ur_dashboard_msgs/srv/Load.l, /home/student/universal_robots_ws/devel/share/roseus/ros/ur_dashboard_msgs/srv/Load.l)
Cleaning: (/home/student/universal_robots_ws/devel/.private/ur_dashboard_msgs/share/roseus/ros/ur_dashboard_msgs/srv/GetProgramState.l, /home/student/universal_robots_ws/devel/share/roseus/ros/ur_dashboard_msgs/srv/GetProgramState.l)
Cleaning: (/home/student/universal_robots_ws/devel/.private/ur_dashboard_msgs/share/roseus/ros/ur_dashboard_msgs/srv/IsProgramSaved.l, /home/student/universal_robots_ws/devel/share/roseus/ros/ur_dashboard_msgs/srv/IsProgramSaved.l)
Cleaning: (/home/student/universal_robots_ws/devel/.private/ur_dashboard_msgs/share/roseus/ros/ur_dashboard_msgs/srv/IsProgramRunning.l, /home/student/universal_robots_ws/devel/share/roseus/ros/ur_dashboard_msgs/srv/IsProgramRunning.l)
Cleaning: (/home/student/universal_robots_ws/devel/.private/ur_dashboard_msgs/share/roseus/ros/ur_dashboard_msgs/srv/GetLoadedProgram.l, /home/student/universal_robots_ws/devel/share/roseus/ros/ur_dashboard_msgs/srv/GetLoadedProgram.l)
Cleaning: (/home/student/universal_robots_ws/devel/.private/ur_dashboard_msgs/share/roseus/ros/ur_dashboard_msgs/srv/GetSafetyMode.l, /home/student/universal_robots_ws/devel/share/roseus/ros/ur_dashboard_msgs/srv/GetSafetyMode.l)
Cleaning: (/home/student/universal_robots_ws/devel/.private/ur_dashboard_msgs/share/roseus/ros/ur_dashboard_msgs/srv/RawRequest.l, /home/student/universal_robots_ws/devel/share/roseus/ros/ur_dashboard_msgs/srv/RawRequest.l)
Cleaning: (/home/student/universal_robots_ws/devel/.private/ur_dashboard_msgs/share/common-lisp/ros/ur_dashboard_msgs/msg/SetModeActionGoal.lisp, /home/student/universal_robots_ws/devel/share/common-lisp/ros/ur_dashboard_msgs/msg/SetModeActionGoal.lisp)
Cleaning: (/home/student/universal_robots_ws/devel/.private/ur_dashboard_msgs/share/common-lisp/ros/ur_dashboard_msgs/msg/ur_dashboard_msgs-msg.asd, /home/student/universal_robots_ws/devel/share/common-lisp/ros/ur_dashboard_msgs/msg/ur_dashboard_msgs-msg.asd)
Cleaning: (/home/student/universal_robots_ws/devel/.private/ur_dashboard_msgs/share/common-lisp/ros/ur_dashboard_msgs/msg/_package_SetModeActionFeedback.lisp, /home/student/universal_robots_ws/devel/share/common-lisp/ros/ur_dashboard_msgs/msg/_package_SetModeActionFeedback.lisp)
Cleaning: (/home/student/universal_robots_ws/devel/.private/ur_dashboard_msgs/share/common-lisp/ros/ur_dashboard_msgs/msg/_package.lisp, /home/student/universal_robots_ws/devel/share/common-lisp/ros/ur_dashboard_msgs/msg/_package.lisp)
Cleaning: (/home/student/universal_robots_ws/devel/.private/ur_dashboard_msgs/share/common-lisp/ros/ur_dashboard_msgs/msg/SetModeActionFeedback.lisp, /home/student/universal_robots_ws/devel/share/common-lisp/ros/ur_dashboard_msgs/msg/SetModeActionFeedback.lisp)
Cleaning: (/home/student/universal_robots_ws/devel/.private/ur_dashboard_msgs/share/common-lisp/ros/ur_dashboard_msgs/msg/SetModeActionResult.lisp, /home/student/universal_robots_ws/devel/share/common-lisp/ros/ur_dashboard_msgs/msg/SetModeActionResult.lisp)
Cleaning: (/home/student/universal_robots_ws/devel/.private/ur_dashboard_msgs/share/common-lisp/ros/ur_dashboard_msgs/msg/_package_SetModeActionGoal.lisp, /home/student/universal_robots_ws/devel/share/common-lisp/ros/ur_dashboard_msgs/msg/_package_SetModeActionGoal.lisp)
Cleaning: (/home/student/universal_robots_ws/devel/.private/ur_dashboard_msgs/share/common-lisp/ros/ur_dashboard_msgs/msg/SetModeAction.lisp, /home/student/universal_robots_ws/devel/share/common-lisp/ros/ur_dashboard_msgs/msg/SetModeAction.lisp)
Cleaning: (/home/student/universal_robots_ws/devel/.private/ur_dashboard_msgs/share/common-lisp/ros/ur_dashboard_msgs/msg/SetModeFeedback.lisp, /home/student/universal_robots_ws/devel/share/common-lisp/ros/ur_dashboard_msgs/msg/SetModeFeedback.lisp)
Cleaning: (/home/student/universal_robots_ws/devel/.private/ur_dashboard_msgs/share/common-lisp/ros/ur_dashboard_msgs/msg/_package_ProgramState.lisp, /home/student/universal_robots_ws/devel/share/common-lisp/ros/ur_dashboard_msgs/msg/_package_ProgramState.lisp)
Cleaning: (/home/student/universal_robots_ws/devel/.private/ur_dashboard_msgs/share/common-lisp/ros/ur_dashboard_msgs/msg/_package_SetModeActionResult.lisp, /home/student/universal_robots_ws/devel/share/common-lisp/ros/ur_dashboard_msgs/msg/_package_SetModeActionResult.lisp)
Cleaning: (/home/student/universal_robots_ws/devel/.private/ur_dashboard_msgs/share/common-lisp/ros/ur_dashboard_msgs/msg/SafetyMode.lisp, /home/student/universal_robots_ws/devel/share/common-lisp/ros/ur_dashboard_msgs/msg/SafetyMode.lisp)
Cleaning: (/home/student/universal_robots_ws/devel/.private/ur_dashboard_msgs/share/common-lisp/ros/ur_dashboard_msgs/msg/_package_SetModeGoal.lisp, /home/student/universal_robots_ws/devel/share/common-lisp/ros/ur_dashboard_msgs/msg/_package_SetModeGoal.lisp)
Cleaning: (/home/student/universal_robots_ws/devel/.private/ur_dashboard_msgs/share/common-lisp/ros/ur_dashboard_msgs/msg/ProgramState.lisp, /home/student/universal_robots_ws/devel/share/common-lisp/ros/ur_dashboard_msgs/msg/ProgramState.lisp)
Cleaning: (/home/student/universal_robots_ws/devel/.private/ur_dashboard_msgs/share/common-lisp/ros/ur_dashboard_msgs/msg/_package_SetModeAction.lisp, /home/student/universal_robots_ws/devel/share/common-lisp/ros/ur_dashboard_msgs/msg/_package_SetModeAction.lisp)
Cleaning: (/home/student/universal_robots_ws/devel/.private/ur_dashboard_msgs/share/common-lisp/ros/ur_dashboard_msgs/msg/_package_SafetyMode.lisp, /home/student/universal_robots_ws/devel/share/common-lisp/ros/ur_dashboard_msgs/msg/_package_SafetyMode.lisp)
Cleaning: (/home/student/universal_robots_ws/devel/.private/ur_dashboard_msgs/share/common-lisp/ros/ur_dashboard_msgs/msg/SetModeResult.lisp, /home/student/universal_robots_ws/devel/share/common-lisp/ros/ur_dashboard_msgs/msg/SetModeResult.lisp)
Cleaning: (/home/student/universal_robots_ws/devel/.private/ur_dashboard_msgs/share/common-lisp/ros/ur_dashboard_msgs/msg/RobotMode.lisp, /home/student/universal_robots_ws/devel/share/common-lisp/ros/ur_dashboard_msgs/msg/RobotMode.lisp)
Cleaning: (/home/student/universal_robots_ws/devel/.private/ur_dashboard_msgs/share/common-lisp/ros/ur_dashboard_msgs/msg/SetModeGoal.lisp, /home/student/universal_robots_ws/devel/share/common-lisp/ros/ur_dashboard_msgs/msg/SetModeGoal.lisp)
Cleaning: (/home/student/universal_robots_ws/devel/.private/ur_dashboard_msgs/share/common-lisp/ros/ur_dashboard_msgs/msg/_package_SetModeResult.lisp, /home/student/universal_robots_ws/devel/share/common-lisp/ros/ur_dashboard_msgs/msg/_package_SetModeResult.lisp)
Cleaning: (/home/student/universal_robots_ws/devel/.private/ur_dashboard_msgs/share/common-lisp/ros/ur_dashboard_msgs/msg/_package_SetModeFeedback.lisp, /home/student/universal_robots_ws/devel/share/common-lisp/ros/ur_dashboard_msgs/msg/_package_SetModeFeedback.lisp)
Cleaning: (/home/student/universal_robots_ws/devel/.private/ur_dashboard_msgs/share/common-lisp/ros/ur_dashboard_msgs/msg/_package_RobotMode.lisp, /home/student/universal_robots_ws/devel/share/common-lisp/ros/ur_dashboard_msgs/msg/_package_RobotMode.lisp)
Cleaning: (/home/student/universal_robots_ws/devel/.private/ur_dashboard_msgs/share/common-lisp/ros/ur_dashboard_msgs/srv/RawRequest.lisp, /home/student/universal_robots_ws/devel/share/common-lisp/ros/ur_dashboard_msgs/srv/RawRequest.lisp)
Cleaning: (/home/student/universal_robots_ws/devel/.private/ur_dashboard_msgs/share/common-lisp/ros/ur_dashboard_msgs/srv/_package_Load.lisp, /home/student/universal_robots_ws/devel/share/common-lisp/ros/ur_dashboard_msgs/srv/_package_Load.lisp)
Cleaning: (/home/student/universal_robots_ws/devel/.private/ur_dashboard_msgs/share/common-lisp/ros/ur_dashboard_msgs/srv/_package_RawRequest.lisp, /home/student/universal_robots_ws/devel/share/common-lisp/ros/ur_dashboard_msgs/srv/_package_RawRequest.lisp)
Cleaning: (/home/student/universal_robots_ws/devel/.private/ur_dashboard_msgs/share/common-lisp/ros/ur_dashboard_msgs/srv/_package_GetRobotMode.lisp, /home/student/universal_robots_ws/devel/share/common-lisp/ros/ur_dashboard_msgs/srv/_package_GetRobotMode.lisp)
Cleaning: (/home/student/universal_robots_ws/devel/.private/ur_dashboard_msgs/share/common-lisp/ros/ur_dashboard_msgs/srv/_package.lisp, /home/student/universal_robots_ws/devel/share/common-lisp/ros/ur_dashboard_msgs/srv/_package.lisp)
Cleaning: (/home/student/universal_robots_ws/devel/.private/ur_dashboard_msgs/share/common-lisp/ros/ur_dashboard_msgs/srv/GetProgramState.lisp, /home/student/universal_robots_ws/devel/share/common-lisp/ros/ur_dashboard_msgs/srv/GetProgramState.lisp)
Cleaning: (/home/student/universal_robots_ws/devel/.private/ur_dashboard_msgs/share/common-lisp/ros/ur_dashboard_msgs/srv/Load.lisp, /home/student/universal_robots_ws/devel/share/common-lisp/ros/ur_dashboard_msgs/srv/Load.lisp)
Cleaning: (/home/student/universal_robots_ws/devel/.private/ur_dashboard_msgs/share/common-lisp/ros/ur_dashboard_msgs/srv/AddToLog.lisp, /home/student/universal_robots_ws/devel/share/common-lisp/ros/ur_dashboard_msgs/srv/AddToLog.lisp)
Cleaning: (/home/student/universal_robots_ws/devel/.private/ur_dashboard_msgs/share/common-lisp/ros/ur_dashboard_msgs/srv/_package_Popup.lisp, /home/student/universal_robots_ws/devel/share/common-lisp/ros/ur_dashboard_msgs/srv/_package_Popup.lisp)
Cleaning: (/home/student/universal_robots_ws/devel/.private/ur_dashboard_msgs/share/common-lisp/ros/ur_dashboard_msgs/srv/Popup.lisp, /home/student/universal_robots_ws/devel/share/common-lisp/ros/ur_dashboard_msgs/srv/Popup.lisp)
Cleaning: (/home/student/universal_robots_ws/devel/.private/ur_dashboard_msgs/share/common-lisp/ros/ur_dashboard_msgs/srv/_package_GetLoadedProgram.lisp, /home/student/universal_robots_ws/devel/share/common-lisp/ros/ur_dashboard_msgs/srv/_package_GetLoadedProgram.lisp)
Cleaning: (/home/student/universal_robots_ws/devel/.private/ur_dashboard_msgs/share/common-lisp/ros/ur_dashboard_msgs/srv/IsProgramSaved.lisp, /home/student/universal_robots_ws/devel/share/common-lisp/ros/ur_dashboard_msgs/srv/IsProgramSaved.lisp)
Cleaning: (/home/student/universal_robots_ws/devel/.private/ur_dashboard_msgs/share/common-lisp/ros/ur_dashboard_msgs/srv/_package_GetProgramState.lisp, /home/student/universal_robots_ws/devel/share/common-lisp/ros/ur_dashboard_msgs/srv/_package_GetProgramState.lisp)
Cleaning: (/home/student/universal_robots_ws/devel/.private/ur_dashboard_msgs/share/common-lisp/ros/ur_dashboard_msgs/srv/GetSafetyMode.lisp, /home/student/universal_robots_ws/devel/share/common-lisp/ros/ur_dashboard_msgs/srv/GetSafetyMode.lisp)
Cleaning: (/home/student/universal_robots_ws/devel/.private/ur_dashboard_msgs/share/common-lisp/ros/ur_dashboard_msgs/srv/GetLoadedProgram.lisp, /home/student/universal_robots_ws/devel/share/common-lisp/ros/ur_dashboard_msgs/srv/GetLoadedProgram.lisp)
Cleaning: (/home/student/universal_robots_ws/devel/.private/ur_dashboard_msgs/share/common-lisp/ros/ur_dashboard_msgs/srv/_package_AddToLog.lisp, /home/student/universal_robots_ws/devel/share/common-lisp/ros/ur_dashboard_msgs/srv/_package_AddToLog.lisp)
Cleaning: (/home/student/universal_robots_ws/devel/.private/ur_dashboard_msgs/share/common-lisp/ros/ur_dashboard_msgs/srv/IsProgramRunning.lisp, /home/student/universal_robots_ws/devel/share/common-lisp/ros/ur_dashboard_msgs/srv/IsProgramRunning.lisp)
Cleaning: (/home/student/universal_robots_ws/devel/.private/ur_dashboard_msgs/share/common-lisp/ros/ur_dashboard_msgs/srv/GetRobotMode.lisp, /home/student/universal_robots_ws/devel/share/common-lisp/ros/ur_dashboard_msgs/srv/GetRobotMode.lisp)
Cleaning: (/home/student/universal_robots_ws/devel/.private/ur_dashboard_msgs/share/common-lisp/ros/ur_dashboard_msgs/srv/_package_IsProgramSaved.lisp, /home/student/universal_robots_ws/devel/share/common-lisp/ros/ur_dashboard_msgs/srv/_package_IsProgramSaved.lisp)
Cleaning: (/home/student/universal_robots_ws/devel/.private/ur_dashboard_msgs/share/common-lisp/ros/ur_dashboard_msgs/srv/_package_IsProgramRunning.lisp, /home/student/universal_robots_ws/devel/share/common-lisp/ros/ur_dashboard_msgs/srv/_package_IsProgramRunning.lisp)
Cleaning: (/home/student/universal_robots_ws/devel/.private/ur_dashboard_msgs/share/common-lisp/ros/ur_dashboard_msgs/srv/ur_dashboard_msgs-srv.asd, /home/student/universal_robots_ws/devel/share/common-lisp/ros/ur_dashboard_msgs/srv/ur_dashboard_msgs-srv.asd)
Cleaning: (/home/student/universal_robots_ws/devel/.private/ur_dashboard_msgs/share/common-lisp/ros/ur_dashboard_msgs/srv/_package_GetSafetyMode.lisp, /home/student/universal_robots_ws/devel/share/common-lisp/ros/ur_dashboard_msgs/srv/_package_GetSafetyMode.lisp)
Unlinking: /home/student/universal_robots_ws/devel/include/ur_dashboard_msgs/AddToLog.h
Unlinking: /home/student/universal_robots_ws/devel/include/ur_dashboard_msgs/IsProgramSavedRequest.h
Unlinking: /home/student/universal_robots_ws/devel/include/ur_dashboard_msgs/IsProgramRunningRequest.h
Unlinking: /home/student/universal_robots_ws/devel/include/ur_dashboard_msgs/GetRobotMode.h
Unlinking: /home/student/universal_robots_ws/devel/include/ur_dashboard_msgs/SetModeActionResult.h
Unlinking: /home/student/universal_robots_ws/devel/include/ur_dashboard_msgs/RawRequest.h
Unlinking: /home/student/universal_robots_ws/devel/include/ur_dashboard_msgs/GetProgramState.h
Unlinking: /home/student/universal_robots_ws/devel/include/ur_dashboard_msgs/PopupResponse.h
Unlinking: /home/student/universal_robots_ws/devel/include/ur_dashboard_msgs/AddToLogResponse.h
Unlinking: /home/student/universal_robots_ws/devel/include/ur_dashboard_msgs/AddToLogRequest.h
Unlinking: /home/student/universal_robots_ws/devel/include/ur_dashboard_msgs/GetRobotModeResponse.h
Unlinking: /home/student/universal_robots_ws/devel/include/ur_dashboard_msgs/SetModeAction.h
Unlinking: /home/student/universal_robots_ws/devel/include/ur_dashboard_msgs/RobotMode.h
Unlinking: /home/student/universal_robots_ws/devel/include/ur_dashboard_msgs/GetSafetyMode.h
Unlinking: /home/student/universal_robots_ws/devel/include/ur_dashboard_msgs/PopupRequest.h
Unlinking: /home/student/universal_robots_ws/devel/include/ur_dashboard_msgs/GetProgramStateResponse.h
Unlinking: /home/student/universal_robots_ws/devel/include/ur_dashboard_msgs/SafetyMode.h
Unlinking: /home/student/universal_robots_ws/devel/include/ur_dashboard_msgs/Load.h
Unlinking: /home/student/universal_robots_ws/devel/include/ur_dashboard_msgs/SetModeActionFeedback.h
Unlinking: /home/student/universal_robots_ws/devel/include/ur_dashboard_msgs/IsProgramRunningResponse.h
Unlinking: /home/student/universal_robots_ws/devel/include/ur_dashboard_msgs/SetModeResult.h
Unlinking: /home/student/universal_robots_ws/devel/include/ur_dashboard_msgs/GetSafetyModeResponse.h
Unlinking: /home/student/universal_robots_ws/devel/include/ur_dashboard_msgs/GetLoadedProgramRequest.h
Unlinking: /home/student/universal_robots_ws/devel/include/ur_dashboard_msgs/Popup.h
Unlinking: /home/student/universal_robots_ws/devel/include/ur_dashboard_msgs/RawRequestRequest.h
Unlinking: /home/student/universal_robots_ws/devel/include/ur_dashboard_msgs/GetLoadedProgramResponse.h
Unlinking: /home/student/universal_robots_ws/devel/include/ur_dashboard_msgs/IsProgramRunning.h
Unlinking: /home/student/universal_robots_ws/devel/include/ur_dashboard_msgs/SetModeActionGoal.h
Unlinking: /home/student/universal_robots_ws/devel/include/ur_dashboard_msgs/ProgramState.h
Unlinking: /home/student/universal_robots_ws/devel/include/ur_dashboard_msgs/IsProgramSavedResponse.h
Unlinking: /home/student/universal_robots_ws/devel/include/ur_dashboard_msgs/GetSafetyModeRequest.h
Unlinking: /home/student/universal_robots_ws/devel/include/ur_dashboard_msgs/LoadResponse.h
Unlinking: /home/student/universal_robots_ws/devel/include/ur_dashboard_msgs/IsProgramSaved.h
Unlinking: /home/student/universal_robots_ws/devel/include/ur_dashboard_msgs/SetModeGoal.h
Unlinking: /home/student/universal_robots_ws/devel/include/ur_dashboard_msgs/SetModeFeedback.h
Unlinking: /home/student/universal_robots_ws/devel/include/ur_dashboard_msgs/GetRobotModeRequest.h
Unlinking: /home/student/universal_robots_ws/devel/include/ur_dashboard_msgs/GetLoadedProgram.h
Unlinking: /home/student/universal_robots_ws/devel/include/ur_dashboard_msgs/GetProgramStateRequest.h
Unlinking: /home/student/universal_robots_ws/devel/include/ur_dashboard_msgs/LoadRequest.h
Unlinking: /home/student/universal_robots_ws/devel/include/ur_dashboard_msgs/RawRequestResponse.h
Unlinking: /home/student/universal_robots_ws/devel/lib/python2.7/dist-packages/ur_dashboard_msgs/__init__.py
Unlinking: /home/student/universal_robots_ws/devel/lib/python2.7/dist-packages/ur_dashboard_msgs/msg/_SetModeFeedback.py
Unlinking: /home/student/universal_robots_ws/devel/lib/python2.7/dist-packages/ur_dashboard_msgs/msg/_SetModeActionFeedback.py
Unlinking: /home/student/universal_robots_ws/devel/lib/python2.7/dist-packages/ur_dashboard_msgs/msg/_SetModeAction.py
Unlinking: /home/student/universal_robots_ws/devel/lib/python2.7/dist-packages/ur_dashboard_msgs/msg/_ProgramState.py
Unlinking: /home/student/universal_robots_ws/devel/lib/python2.7/dist-packages/ur_dashboard_msgs/msg/_SetModeActionGoal.py
Unlinking: /home/student/universal_robots_ws/devel/lib/python2.7/dist-packages/ur_dashboard_msgs/msg/__init__.py
Unlinking: /home/student/universal_robots_ws/devel/lib/python2.7/dist-packages/ur_dashboard_msgs/msg/_SetModeResult.py
Unlinking: /home/student/universal_robots_ws/devel/lib/python2.7/dist-packages/ur_dashboard_msgs/msg/_SafetyMode.py
Unlinking: /home/student/universal_robots_ws/devel/lib/python2.7/dist-packages/ur_dashboard_msgs/msg/_RobotMode.py
Unlinking: /home/student/universal_robots_ws/devel/lib/python2.7/dist-packages/ur_dashboard_msgs/msg/_SetModeGoal.py
Unlinking: /home/student/universal_robots_ws/devel/lib/python2.7/dist-packages/ur_dashboard_msgs/msg/_SetModeActionResult.py
Unlinking: /home/student/universal_robots_ws/devel/lib/python2.7/dist-packages/ur_dashboard_msgs/srv/_GetLoadedProgram.py
Unlinking: /home/student/universal_robots_ws/devel/lib/python2.7/dist-packages/ur_dashboard_msgs/srv/_Popup.py
Unlinking: /home/student/universal_robots_ws/devel/lib/python2.7/dist-packages/ur_dashboard_msgs/srv/_GetRobotMode.py
Unlinking: /home/student/universal_robots_ws/devel/lib/python2.7/dist-packages/ur_dashboard_msgs/srv/__init__.py
Unlinking: /home/student/universal_robots_ws/devel/lib/python2.7/dist-packages/ur_dashboard_msgs/srv/_GetProgramState.py
Unlinking: /home/student/universal_robots_ws/devel/lib/python2.7/dist-packages/ur_dashboard_msgs/srv/_Load.py
Unlinking: /home/student/universal_robots_ws/devel/lib/python2.7/dist-packages/ur_dashboard_msgs/srv/_RawRequest.py
Unlinking: /home/student/universal_robots_ws/devel/lib/python2.7/dist-packages/ur_dashboard_msgs/srv/_GetSafetyMode.py
Unlinking: /home/student/universal_robots_ws/devel/lib/python2.7/dist-packages/ur_dashboard_msgs/srv/_IsProgramSaved.py
Unlinking: /home/student/universal_robots_ws/devel/lib/python2.7/dist-packages/ur_dashboard_msgs/srv/_AddToLog.py
Unlinking: /home/student/universal_robots_ws/devel/lib/python2.7/dist-packages/ur_dashboard_msgs/srv/_IsProgramRunning.py
Unlinking: /home/student/universal_robots_ws/devel/lib/pkgconfig/ur_dashboard_msgs.pc
Unlinking: /home/student/universal_robots_ws/devel/share/ur_dashboard_msgs/msg/SetModeGoal.msg
Unlinking: /home/student/universal_robots_ws/devel/share/ur_dashboard_msgs/msg/SetModeFeedback.msg
Unlinking: /home/student/universal_robots_ws/devel/share/ur_dashboard_msgs/msg/SetModeActionGoal.msg
Unlinking: /home/student/universal_robots_ws/devel/share/ur_dashboard_msgs/msg/SetModeActionFeedback.msg
Unlinking: /home/student/universal_robots_ws/devel/share/ur_dashboard_msgs/msg/SetModeActionResult.msg
Unlinking: /home/student/universal_robots_ws/devel/share/ur_dashboard_msgs/msg/SetModeResult.msg
Unlinking: /home/student/universal_robots_ws/devel/share/ur_dashboard_msgs/msg/SetModeAction.msg
Unlinking: /home/student/universal_robots_ws/devel/share/ur_dashboard_msgs/cmake/ur_dashboard_msgsConfig.cmake
Unlinking: /home/student/universal_robots_ws/devel/share/ur_dashboard_msgs/cmake/ur_dashboard_msgs-msg-extras.cmake
Unlinking: /home/student/universal_robots_ws/devel/share/ur_dashboard_msgs/cmake/ur_dashboard_msgs-msg-paths.cmake
Unlinking: /home/student/universal_robots_ws/devel/share/ur_dashboard_msgs/cmake/ur_dashboard_msgsConfig-version.cmake
Unlinking: /home/student/universal_robots_ws/devel/share/gennodejs/ros/ur_dashboard_msgs/_index.js
Unlinking: /home/student/universal_robots_ws/devel/share/gennodejs/ros/ur_dashboard_msgs/msg/SetModeGoal.js
Unlinking: /home/student/universal_robots_ws/devel/share/gennodejs/ros/ur_dashboard_msgs/msg/SetModeFeedback.js
Unlinking: /home/student/universal_robots_ws/devel/share/gennodejs/ros/ur_dashboard_msgs/msg/SafetyMode.js
Unlinking: /home/student/universal_robots_ws/devel/share/gennodejs/ros/ur_dashboard_msgs/msg/SetModeAction.js
Unlinking: /home/student/universal_robots_ws/devel/share/gennodejs/ros/ur_dashboard_msgs/msg/SetModeActionResult.js
Unlinking: /home/student/universal_robots_ws/devel/share/gennodejs/ros/ur_dashboard_msgs/msg/RobotMode.js
Unlinking: /home/student/universal_robots_ws/devel/share/gennodejs/ros/ur_dashboard_msgs/msg/SetModeResult.js
Unlinking: /home/student/universal_robots_ws/devel/share/gennodejs/ros/ur_dashboard_msgs/msg/SetModeActionFeedback.js
Unlinking: /home/student/universal_robots_ws/devel/share/gennodejs/ros/ur_dashboard_msgs/msg/_index.js
Unlinking: /home/student/universal_robots_ws/devel/share/gennodejs/ros/ur_dashboard_msgs/msg/ProgramState.js
Unlinking: /home/student/universal_robots_ws/devel/share/gennodejs/ros/ur_dashboard_msgs/msg/SetModeActionGoal.js
Unlinking: /home/student/universal_robots_ws/devel/share/gennodejs/ros/ur_dashboard_msgs/srv/IsProgramSaved.js
Unlinking: /home/student/universal_robots_ws/devel/share/gennodejs/ros/ur_dashboard_msgs/srv/RawRequest.js
Unlinking: /home/student/universal_robots_ws/devel/share/gennodejs/ros/ur_dashboard_msgs/srv/Load.js
Unlinking: /home/student/universal_robots_ws/devel/share/gennodejs/ros/ur_dashboard_msgs/srv/GetRobotMode.js
Unlinking: /home/student/universal_robots_ws/devel/share/gennodejs/ros/ur_dashboard_msgs/srv/Popup.js
Unlinking: /home/student/universal_robots_ws/devel/share/gennodejs/ros/ur_dashboard_msgs/srv/GetProgramState.js
Unlinking: /home/student/universal_robots_ws/devel/share/gennodejs/ros/ur_dashboard_msgs/srv/IsProgramRunning.js
Unlinking: /home/student/universal_robots_ws/devel/share/gennodejs/ros/ur_dashboard_msgs/srv/GetSafetyMode.js
Unlinking: /home/student/universal_robots_ws/devel/share/gennodejs/ros/ur_dashboard_msgs/srv/GetLoadedProgram.js
Unlinking: /home/student/universal_robots_ws/devel/share/gennodejs/ros/ur_dashboard_msgs/srv/_index.js
Unlinking: /home/student/universal_robots_ws/devel/share/gennodejs/ros/ur_dashboard_msgs/srv/AddToLog.js
Unlinking: /home/student/universal_robots_ws/devel/share/roseus/ros/ur_dashboard_msgs/manifest.l
Unlinking: /home/student/universal_robots_ws/devel/share/roseus/ros/ur_dashboard_msgs/msg/SafetyMode.l
Unlinking: /home/student/universal_robots_ws/devel/share/roseus/ros/ur_dashboard_msgs/msg/SetModeActionGoal.l
Unlinking: /home/student/universal_robots_ws/devel/share/roseus/ros/ur_dashboard_msgs/msg/SetModeAction.l
Unlinking: /home/student/universal_robots_ws/devel/share/roseus/ros/ur_dashboard_msgs/msg/ProgramState.l
Unlinking: /home/student/universal_robots_ws/devel/share/roseus/ros/ur_dashboard_msgs/msg/RobotMode.l
Unlinking: /home/student/universal_robots_ws/devel/share/roseus/ros/ur_dashboard_msgs/msg/SetModeResult.l
Unlinking: /home/student/universal_robots_ws/devel/share/roseus/ros/ur_dashboard_msgs/msg/SetModeActionFeedback.l
Unlinking: /home/student/universal_robots_ws/devel/share/roseus/ros/ur_dashboard_msgs/msg/SetModeActionResult.l
Unlinking: /home/student/universal_robots_ws/devel/share/roseus/ros/ur_dashboard_msgs/msg/SetModeGoal.l
Unlinking: /home/student/universal_robots_ws/devel/share/roseus/ros/ur_dashboard_msgs/msg/SetModeFeedback.l
Unlinking: /home/student/universal_robots_ws/devel/share/roseus/ros/ur_dashboard_msgs/srv/AddToLog.l
Unlinking: /home/student/universal_robots_ws/devel/share/roseus/ros/ur_dashboard_msgs/srv/GetRobotMode.l
Unlinking: /home/student/universal_robots_ws/devel/share/roseus/ros/ur_dashboard_msgs/srv/Popup.l
Unlinking: /home/student/universal_robots_ws/devel/share/roseus/ros/ur_dashboard_msgs/srv/Load.l
Unlinking: /home/student/universal_robots_ws/devel/share/roseus/ros/ur_dashboard_msgs/srv/GetProgramState.l
Unlinking: /home/student/universal_robots_ws/devel/share/roseus/ros/ur_dashboard_msgs/srv/IsProgramSaved.l
Unlinking: /home/student/universal_robots_ws/devel/share/roseus/ros/ur_dashboard_msgs/srv/IsProgramRunning.l
Unlinking: /home/student/universal_robots_ws/devel/share/roseus/ros/ur_dashboard_msgs/srv/GetLoadedProgram.l
Unlinking: /home/student/universal_robots_ws/devel/share/roseus/ros/ur_dashboard_msgs/srv/GetSafetyMode.l
Unlinking: /home/student/universal_robots_ws/devel/share/roseus/ros/ur_dashboard_msgs/srv/RawRequest.l
Unlinking: /home/student/universal_robots_ws/devel/share/common-lisp/ros/ur_dashboard_msgs/msg/SetModeActionGoal.lisp
Unlinking: /home/student/universal_robots_ws/devel/share/common-lisp/ros/ur_dashboard_msgs/msg/ur_dashboard_msgs-msg.asd
Unlinking: /home/student/universal_robots_ws/devel/share/common-lisp/ros/ur_dashboard_msgs/msg/_package_SetModeActionFeedback.lisp
Unlinking: /home/student/universal_robots_ws/devel/share/common-lisp/ros/ur_dashboard_msgs/msg/_package.lisp
Unlinking: /home/student/universal_robots_ws/devel/share/common-lisp/ros/ur_dashboard_msgs/msg/SetModeActionFeedback.lisp
Unlinking: /home/student/universal_robots_ws/devel/share/common-lisp/ros/ur_dashboard_msgs/msg/SetModeActionResult.lisp
Unlinking: /home/student/universal_robots_ws/devel/share/common-lisp/ros/ur_dashboard_msgs/msg/_package_SetModeActionGoal.lisp
Unlinking: /home/student/universal_robots_ws/devel/share/common-lisp/ros/ur_dashboard_msgs/msg/SetModeAction.lisp
Unlinking: /home/student/universal_robots_ws/devel/share/common-lisp/ros/ur_dashboard_msgs/msg/SetModeFeedback.lisp
Unlinking: /home/student/universal_robots_ws/devel/share/common-lisp/ros/ur_dashboard_msgs/msg/_package_ProgramState.lisp
Unlinking: /home/student/universal_robots_ws/devel/share/common-lisp/ros/ur_dashboard_msgs/msg/_package_SetModeActionResult.lisp
Unlinking: /home/student/universal_robots_ws/devel/share/common-lisp/ros/ur_dashboard_msgs/msg/SafetyMode.lisp
Unlinking: /home/student/universal_robots_ws/devel/share/common-lisp/ros/ur_dashboard_msgs/msg/_package_SetModeGoal.lisp
Unlinking: /home/student/universal_robots_ws/devel/share/common-lisp/ros/ur_dashboard_msgs/msg/ProgramState.lisp
Unlinking: /home/student/universal_robots_ws/devel/share/common-lisp/ros/ur_dashboard_msgs/msg/_package_SetModeAction.lisp
Unlinking: /home/student/universal_robots_ws/devel/share/common-lisp/ros/ur_dashboard_msgs/msg/_package_SafetyMode.lisp
Unlinking: /home/student/universal_robots_ws/devel/share/common-lisp/ros/ur_dashboard_msgs/msg/SetModeResult.lisp
Unlinking: /home/student/universal_robots_ws/devel/share/common-lisp/ros/ur_dashboard_msgs/msg/RobotMode.lisp
Unlinking: /home/student/universal_robots_ws/devel/share/common-lisp/ros/ur_dashboard_msgs/msg/SetModeGoal.lisp
Unlinking: /home/student/universal_robots_ws/devel/share/common-lisp/ros/ur_dashboard_msgs/msg/_package_SetModeResult.lisp
Unlinking: /home/student/universal_robots_ws/devel/share/common-lisp/ros/ur_dashboard_msgs/msg/_package_SetModeFeedback.lisp
Unlinking: /home/student/universal_robots_ws/devel/share/common-lisp/ros/ur_dashboard_msgs/msg/_package_RobotMode.lisp
Unlinking: /home/student/universal_robots_ws/devel/share/common-lisp/ros/ur_dashboard_msgs/srv/RawRequest.lisp
Unlinking: /home/student/universal_robots_ws/devel/share/common-lisp/ros/ur_dashboard_msgs/srv/_package_Load.lisp
Unlinking: /home/student/universal_robots_ws/devel/share/common-lisp/ros/ur_dashboard_msgs/srv/_package_RawRequest.lisp
Unlinking: /home/student/universal_robots_ws/devel/share/common-lisp/ros/ur_dashboard_msgs/srv/_package_GetRobotMode.lisp
Unlinking: /home/student/universal_robots_ws/devel/share/common-lisp/ros/ur_dashboard_msgs/srv/_package.lisp
Unlinking: /home/student/universal_robots_ws/devel/share/common-lisp/ros/ur_dashboard_msgs/srv/GetProgramState.lisp
Unlinking: /home/student/universal_robots_ws/devel/share/common-lisp/ros/ur_dashboard_msgs/srv/Load.lisp
Unlinking: /home/student/universal_robots_ws/devel/share/common-lisp/ros/ur_dashboard_msgs/srv/AddToLog.lisp
Unlinking: /home/student/universal_robots_ws/devel/share/common-lisp/ros/ur_dashboard_msgs/srv/_package_Popup.lisp
Unlinking: /home/student/universal_robots_ws/devel/share/common-lisp/ros/ur_dashboard_msgs/srv/Popup.lisp
Unlinking: /home/student/universal_robots_ws/devel/share/common-lisp/ros/ur_dashboard_msgs/srv/_package_GetLoadedProgram.lisp
Unlinking: /home/student/universal_robots_ws/devel/share/common-lisp/ros/ur_dashboard_msgs/srv/IsProgramSaved.lisp
Unlinking: /home/student/universal_robots_ws/devel/share/common-lisp/ros/ur_dashboard_msgs/srv/_package_GetProgramState.lisp
Unlinking: /home/student/universal_robots_ws/devel/share/common-lisp/ros/ur_dashboard_msgs/srv/GetSafetyMode.lisp
Unlinking: /home/student/universal_robots_ws/devel/share/common-lisp/ros/ur_dashboard_msgs/srv/GetLoadedProgram.lisp
Unlinking: /home/student/universal_robots_ws/devel/share/common-lisp/ros/ur_dashboard_msgs/srv/_package_AddToLog.lisp
Unlinking: /home/student/universal_robots_ws/devel/share/common-lisp/ros/ur_dashboard_msgs/srv/IsProgramRunning.lisp
Unlinking: /home/student/universal_robots_ws/devel/share/common-lisp/ros/ur_dashboard_msgs/srv/GetRobotMode.lisp
Unlinking: /home/student/universal_robots_ws/devel/share/common-lisp/ros/ur_dashboard_msgs/srv/_package_IsProgramSaved.lisp
Unlinking: /home/student/universal_robots_ws/devel/share/common-lisp/ros/ur_dashboard_msgs/srv/_package_IsProgramRunning.lisp
Unlinking: /home/student/universal_robots_ws/devel/share/common-lisp/ros/ur_dashboard_msgs/srv/ur_dashboard_msgs-srv.asd
Unlinking: /home/student/universal_robots_ws/devel/share/common-lisp/ros/ur_dashboard_msgs/srv/_package_GetSafetyMode.lisp
