[35m[1mScanning dependencies of target _ur_dashboard_msgs_generate_messages_check_deps_GetRobotMode[0m
[  0%] Built target _ur_dashboard_msgs_generate_messages_check_deps_GetRobotMode
[35m[1mScanning dependencies of target std_msgs_generate_messages_lisp[0m
[  0%] Built target std_msgs_generate_messages_lisp
[35m[1mScanning dependencies of target _ur_dashboard_msgs_generate_messages_check_deps_SetModeFeedback[0m
[  0%] Built target _ur_dashboard_msgs_generate_messages_check_deps_SetModeFeedback
[35m[1mScanning dependencies of target _ur_dashboard_msgs_generate_messages_check_deps_SetModeActionFeedback[0m
[  0%] Built target _ur_dashboard_msgs_generate_messages_check_deps_SetModeActionFeedback
[35m[1mScanning dependencies of target actionlib_msgs_generate_messages_lisp[0m
[  0%] Built target actionlib_msgs_generate_messages_lisp
[35m[1mScanning dependencies of target _ur_dashboard_msgs_generate_messages_check_deps_SetModeActionResult[0m
[  0%] Built target _ur_dashboard_msgs_generate_messages_check_deps_SetModeActionResult
[35m[1mScanning dependencies of target _ur_dashboard_msgs_generate_messages_check_deps_RawRequest[0m
[  0%] Built target _ur_dashboard_msgs_generate_messages_check_deps_RawRequest
[35m[1mScanning dependencies of target _ur_dashboard_msgs_generate_messages_check_deps_SetModeActionGoal[0m
[  0%] Built target _ur_dashboard_msgs_generate_messages_check_deps_SetModeActionGoal
[35m[1mScanning dependencies of target _ur_dashboard_msgs_generate_messages_check_deps_RobotMode[0m
[  0%] Built target _ur_dashboard_msgs_generate_messages_check_deps_RobotMode
[35m[1mScanning dependencies of target _ur_dashboard_msgs_generate_messages_check_deps_SetModeAction[0m
[  0%] Built target _ur_dashboard_msgs_generate_messages_check_deps_SetModeAction
[35m[1mScanning dependencies of target _ur_dashboard_msgs_generate_messages_check_deps_Load[0m
[  0%] Built target _ur_dashboard_msgs_generate_messages_check_deps_Load
[35m[1mScanning dependencies of target _ur_dashboard_msgs_generate_messages_check_deps_GetProgramState[0m
[  0%] Built target _ur_dashboard_msgs_generate_messages_check_deps_GetProgramState
[35m[1mScanning dependencies of target _ur_dashboard_msgs_generate_messages_check_deps_GetLoadedProgram[0m
[  0%] Built target _ur_dashboard_msgs_generate_messages_check_deps_GetLoadedProgram
[35m[1mScanning dependencies of target _ur_dashboard_msgs_generate_messages_check_deps_SetModeGoal[0m
[  0%] Built target _ur_dashboard_msgs_generate_messages_check_deps_SetModeGoal
[35m[1mScanning dependencies of target _ur_dashboard_msgs_generate_messages_check_deps_Popup[0m
[  0%] Built target _ur_dashboard_msgs_generate_messages_check_deps_Popup
[35m[1mScanning dependencies of target _ur_dashboard_msgs_generate_messages_check_deps_SafetyMode[0m
[  0%] Built target _ur_dashboard_msgs_generate_messages_check_deps_SafetyMode
[35m[1mScanning dependencies of target _ur_dashboard_msgs_generate_messages_check_deps_IsProgramSaved[0m
[  0%] Built target _ur_dashboard_msgs_generate_messages_check_deps_IsProgramSaved
[35m[1mScanning dependencies of target _ur_dashboard_msgs_generate_messages_check_deps_ProgramState[0m
[  0%] Built target _ur_dashboard_msgs_generate_messages_check_deps_ProgramState
[35m[1mScanning dependencies of target _ur_dashboard_msgs_generate_messages_check_deps_AddToLog[0m
[  0%] Built target _ur_dashboard_msgs_generate_messages_check_deps_AddToLog
[35m[1mScanning dependencies of target _ur_dashboard_msgs_generate_messages_check_deps_IsProgramRunning[0m
[  0%] Built target _ur_dashboard_msgs_generate_messages_check_deps_IsProgramRunning
[35m[1mScanning dependencies of target _ur_dashboard_msgs_generate_messages_check_deps_GetSafetyMode[0m
[  0%] Built target _ur_dashboard_msgs_generate_messages_check_deps_GetSafetyMode
[35m[1mScanning dependencies of target _ur_dashboard_msgs_generate_messages_check_deps_SetModeResult[0m
[  0%] Built target _ur_dashboard_msgs_generate_messages_check_deps_SetModeResult
[35m[1mScanning dependencies of target actionlib_msgs_generate_messages_eus[0m
[  0%] Built target actionlib_msgs_generate_messages_eus
[35m[1mScanning dependencies of target std_msgs_generate_messages_eus[0m
[  0%] Built target std_msgs_generate_messages_eus
[35m[1mScanning dependencies of target actionlib_msgs_generate_messages_py[0m
[  0%] Built target actionlib_msgs_generate_messages_py
[35m[1mScanning dependencies of target std_msgs_generate_messages_py[0m
[  0%] Built target std_msgs_generate_messages_py
[35m[1mScanning dependencies of target std_msgs_generate_messages_cpp[0m
[  0%] Built target std_msgs_generate_messages_cpp
[35m[1mScanning dependencies of target actionlib_msgs_generate_messages_cpp[0m
[  0%] Built target actionlib_msgs_generate_messages_cpp
[35m[1mScanning dependencies of target std_msgs_generate_messages_nodejs[0m
[  0%] Built target std_msgs_generate_messages_nodejs
[35m[1mScanning dependencies of target actionlib_msgs_generate_messages_nodejs[0m
[  0%] Built target actionlib_msgs_generate_messages_nodejs
[35m[1mScanning dependencies of target ur_dashboard_msgs_generate_messages_lisp[0m
[  1%] [34m[1mGenerating Lisp code from ur_dashboard_msgs/SetModeFeedback.msg[0m
[  2%] [34m[1mGenerating Lisp code from ur_dashboard_msgs/SetModeActionGoal.msg[0m
[  3%] [34m[1mGenerating Lisp code from ur_dashboard_msgs/SetModeGoal.msg[0m
[  4%] [34m[1mGenerating Lisp code from ur_dashboard_msgs/SetModeActionResult.msg[0m
[  5%] [34m[1mGenerating Lisp code from ur_dashboard_msgs/SetModeAction.msg[0m
[  6%] [34m[1mGenerating Lisp code from ur_dashboard_msgs/SetModeResult.msg[0m
[  7%] [34m[1mGenerating Lisp code from ur_dashboard_msgs/SetModeActionFeedback.msg[0m
[ 19%] Built target ur_dashboard_msgs_generate_messages_lisp
[35m[1mScanning dependencies of target ur_dashboard_msgs_generate_messages_eus[0m
[ 20%] [34m[1mGenerating EusLisp code from ur_dashboard_msgs/SetModeFeedback.msg[0m
[ 20%] [34m[1mGenerating EusLisp code from ur_dashboard_msgs/SetModeActionGoal.msg[0m
[ 21%] [34m[1mGenerating EusLisp code from ur_dashboard_msgs/SetModeGoal.msg[0m
[ 23%] [34m[1mGenerating EusLisp code from ur_dashboard_msgs/SetModeActionResult.msg[0m
[ 24%] [34m[1mGenerating EusLisp code from ur_dashboard_msgs/SetModeAction.msg[0m
[ 25%] [34m[1mGenerating EusLisp code from ur_dashboard_msgs/SetModeResult.msg[0m
[ 25%] [34m[1mGenerating EusLisp code from ur_dashboard_msgs/SetModeActionFeedback.msg[0m
[ 39%] Built target ur_dashboard_msgs_generate_messages_eus
[35m[1mScanning dependencies of target ur_dashboard_msgs_generate_messages_py[0m
[ 40%] [34m[1mGenerating Python from MSG ur_dashboard_msgs/SetModeFeedback[0m
[ 41%] [34m[1mGenerating Python from MSG ur_dashboard_msgs/SetModeActionGoal[0m
[ 42%] [34m[1mGenerating Python from MSG ur_dashboard_msgs/SetModeGoal[0m
[ 43%] [34m[1mGenerating Python from MSG ur_dashboard_msgs/SetModeActionResult[0m
[ 45%] [34m[1mGenerating Python from MSG ur_dashboard_msgs/SetModeAction[0m
[ 46%] [34m[1mGenerating Python from MSG ur_dashboard_msgs/SetModeResult[0m
[ 47%] [34m[1mGenerating Python from MSG ur_dashboard_msgs/SetModeActionFeedback[0m
[ 48%] [34m[1mGenerating Python msg __init__.py for ur_dashboard_msgs[0m
[ 49%] [34m[1mGenerating Python srv __init__.py for ur_dashboard_msgs[0m
[ 61%] Built target ur_dashboard_msgs_generate_messages_py
[35m[1mScanning dependencies of target ur_dashboard_msgs_generate_messages_cpp[0m
[ 62%] [34m[1mGenerating C++ code from ur_dashboard_msgs/SetModeFeedback.msg[0m
[ 63%] [34m[1mGenerating C++ code from ur_dashboard_msgs/SetModeActionGoal.msg[0m
[ 64%] [34m[1mGenerating C++ code from ur_dashboard_msgs/SetModeGoal.msg[0m
[ 65%] [34m[1mGenerating C++ code from ur_dashboard_msgs/SetModeActionResult.msg[0m
[ 67%] [34m[1mGenerating C++ code from ur_dashboard_msgs/SetModeAction.msg[0m
[ 68%] [34m[1mGenerating C++ code from ur_dashboard_msgs/SetModeResult.msg[0m
[ 69%] [34m[1mGenerating C++ code from ur_dashboard_msgs/SetModeActionFeedback.msg[0m
[ 81%] Built target ur_dashboard_msgs_generate_messages_cpp
[35m[1mScanning dependencies of target ur_dashboard_msgs_generate_messages_nodejs[0m
[ 82%] [34m[1mGenerating Javascript code from ur_dashboard_msgs/SetModeFeedback.msg[0m
[ 82%] [34m[1mGenerating Javascript code from ur_dashboard_msgs/SetModeActionGoal.msg[0m
[ 83%] [34m[1mGenerating Javascript code from ur_dashboard_msgs/SetModeGoal.msg[0m
[ 84%] [34m[1mGenerating Javascript code from ur_dashboard_msgs/SetModeActionResult.msg[0m
[ 85%] [34m[1mGenerating Javascript code from ur_dashboard_msgs/SetModeAction.msg[0m
[ 86%] [34m[1mGenerating Javascript code from ur_dashboard_msgs/SetModeResult.msg[0m
[ 86%] [34m[1mGenerating Javascript code from ur_dashboard_msgs/SetModeActionFeedback.msg[0m
[100%] Built target ur_dashboard_msgs_generate_messages_nodejs
[35m[1mScanning dependencies of target ur_dashboard_msgs_generate_messages[0m
[100%] Built target ur_dashboard_msgs_generate_messages
