[35m[1mScanning dependencies of target _ur_dashboard_msgs_generate_messages_check_deps_SetModeGoal[0m
[  0%] Built target _ur_dashboard_msgs_generate_messages_check_deps_SetModeGoal
[35m[1mScanning dependencies of target _ur_dashboard_msgs_generate_messages_check_deps_SetModeFeedback[0m
[  0%] Built target _ur_dashboard_msgs_generate_messages_check_deps_SetModeFeedback
[35m[1mScanning dependencies of target std_msgs_generate_messages_cpp[0m
[  0%] Built target std_msgs_generate_messages_cpp
[35m[1mScanning dependencies of target _ur_dashboard_msgs_generate_messages_check_deps_RawRequest[0m
[  0%] Built target _ur_dashboard_msgs_generate_messages_check_deps_RawRequest
[35m[1mScanning dependencies of target _ur_dashboard_msgs_generate_messages_check_deps_SetModeActionGoal[0m
[  0%] Built target _ur_dashboard_msgs_generate_messages_check_deps_SetModeActionGoal
[35m[1mScanning dependencies of target _ur_dashboard_msgs_generate_messages_check_deps_RobotMode[0m
[  0%] Built target _ur_dashboard_msgs_generate_messages_check_deps_RobotMode
[35m[1mScanning dependencies of target _ur_dashboard_msgs_generate_messages_check_deps_SetModeActionResult[0m
[  0%] Built target _ur_dashboard_msgs_generate_messages_check_deps_SetModeActionResult
[35m[1mScanning dependencies of target _ur_dashboard_msgs_generate_messages_check_deps_SetModeActionFeedback[0m
[  0%] Built target _ur_dashboard_msgs_generate_messages_check_deps_SetModeActionFeedback
[35m[1mScanning dependencies of target _ur_dashboard_msgs_generate_messages_check_deps_SetModeAction[0m
[  0%] Built target _ur_dashboard_msgs_generate_messages_check_deps_SetModeAction
[35m[1mScanning dependencies of target _ur_dashboard_msgs_generate_messages_check_deps_Popup[0m
[  0%] Built target _ur_dashboard_msgs_generate_messages_check_deps_Popup
[35m[1mScanning dependencies of target _ur_dashboard_msgs_generate_messages_check_deps_SafetyMode[0m
[  0%] Built target _ur_dashboard_msgs_generate_messages_check_deps_SafetyMode
[35m[1mScanning dependencies of target _ur_dashboard_msgs_generate_messages_check_deps_GetLoadedProgram[0m
[  0%] Built target _ur_dashboard_msgs_generate_messages_check_deps_GetLoadedProgram
[35m[1mScanning dependencies of target _ur_dashboard_msgs_generate_messages_check_deps_GetSafetyMode[0m
[  0%] Built target _ur_dashboard_msgs_generate_messages_check_deps_GetSafetyMode
[35m[1mScanning dependencies of target _ur_dashboard_msgs_generate_messages_check_deps_SetModeResult[0m
[  0%] Built target _ur_dashboard_msgs_generate_messages_check_deps_SetModeResult
[35m[1mScanning dependencies of target _ur_dashboard_msgs_generate_messages_check_deps_AddToLog[0m
[  0%] Built target _ur_dashboard_msgs_generate_messages_check_deps_AddToLog
[35m[1mScanning dependencies of target _ur_dashboard_msgs_generate_messages_check_deps_GetProgramState[0m
[  0%] Built target _ur_dashboard_msgs_generate_messages_check_deps_GetProgramState
[35m[1mScanning dependencies of target _ur_dashboard_msgs_generate_messages_check_deps_IsProgramSaved[0m
[  0%] Built target _ur_dashboard_msgs_generate_messages_check_deps_IsProgramSaved
[35m[1mScanning dependencies of target _ur_dashboard_msgs_generate_messages_check_deps_ProgramState[0m
[  0%] Built target _ur_dashboard_msgs_generate_messages_check_deps_ProgramState
[35m[1mScanning dependencies of target actionlib_msgs_generate_messages_cpp[0m
[  0%] Built target actionlib_msgs_generate_messages_cpp
[35m[1mScanning dependencies of target _ur_dashboard_msgs_generate_messages_check_deps_GetRobotMode[0m
[  0%] Built target _ur_dashboard_msgs_generate_messages_check_deps_GetRobotMode
[35m[1mScanning dependencies of target _ur_dashboard_msgs_generate_messages_check_deps_IsProgramRunning[0m
[  0%] Built target _ur_dashboard_msgs_generate_messages_check_deps_IsProgramRunning
[35m[1mScanning dependencies of target _ur_dashboard_msgs_generate_messages_check_deps_Load[0m
[  0%] Built target _ur_dashboard_msgs_generate_messages_check_deps_Load
[35m[1mScanning dependencies of target actionlib_msgs_generate_messages_eus[0m
[  0%] Built target actionlib_msgs_generate_messages_eus
[35m[1mScanning dependencies of target std_msgs_generate_messages_eus[0m
[  0%] Built target std_msgs_generate_messages_eus
[35m[1mScanning dependencies of target actionlib_msgs_generate_messages_py[0m
[  0%] Built target actionlib_msgs_generate_messages_py
[35m[1mScanning dependencies of target std_msgs_generate_messages_py[0m
[  0%] Built target std_msgs_generate_messages_py
[35m[1mScanning dependencies of target std_msgs_generate_messages_nodejs[0m
[  0%] Built target std_msgs_generate_messages_nodejs
[35m[1mScanning dependencies of target actionlib_msgs_generate_messages_nodejs[0m
[  0%] Built target actionlib_msgs_generate_messages_nodejs
[35m[1mScanning dependencies of target std_msgs_generate_messages_lisp[0m
[  0%] Built target std_msgs_generate_messages_lisp
[35m[1mScanning dependencies of target actionlib_msgs_generate_messages_lisp[0m
[  0%] Built target actionlib_msgs_generate_messages_lisp
[35m[1mScanning dependencies of target ur_dashboard_msgs_generate_messages_cpp[0m
[ 19%] Built target ur_dashboard_msgs_generate_messages_cpp
[35m[1mScanning dependencies of target ur_dashboard_msgs_generate_messages_eus[0m
[ 39%] Built target ur_dashboard_msgs_generate_messages_eus
[35m[1mScanning dependencies of target ur_dashboard_msgs_generate_messages_py[0m
[ 61%] Built target ur_dashboard_msgs_generate_messages_py
[35m[1mScanning dependencies of target ur_dashboard_msgs_generate_messages_nodejs[0m
[ 80%] Built target ur_dashboard_msgs_generate_messages_nodejs
[35m[1mScanning dependencies of target ur_dashboard_msgs_generate_messages_lisp[0m
[100%] Built target ur_dashboard_msgs_generate_messages_lisp
[35m[1mScanning dependencies of target ur_dashboard_msgs_generate_messages[0m
[100%] Built target ur_dashboard_msgs_generate_messages
