Symlinking /home/student/LJ2_P4_ROS_Groep1/universal_robots_ws/devel/include/ur_dashboard_msgs/AddToLog.h
Symlinking /home/student/LJ2_P4_ROS_Groep1/universal_robots_ws/devel/include/ur_dashboard_msgs/IsProgramSavedRequest.h
Symlinking /home/student/LJ2_P4_ROS_Groep1/universal_robots_ws/devel/include/ur_dashboard_msgs/IsProgramRunningRequest.h
Symlinking /home/student/LJ2_P4_ROS_Groep1/universal_robots_ws/devel/include/ur_dashboard_msgs/GetRobotMode.h
Symlinking /home/student/LJ2_P4_ROS_Groep1/universal_robots_ws/devel/include/ur_dashboard_msgs/SetModeActionResult.h
Symlinking /home/student/LJ2_P4_ROS_Groep1/universal_robots_ws/devel/include/ur_dashboard_msgs/RawRequest.h
Symlinking /home/student/LJ2_P4_ROS_Groep1/universal_robots_ws/devel/include/ur_dashboard_msgs/GetProgramState.h
Symlinking /home/student/LJ2_P4_ROS_Groep1/universal_robots_ws/devel/include/ur_dashboard_msgs/PopupResponse.h
Symlinking /home/student/LJ2_P4_ROS_Groep1/universal_robots_ws/devel/include/ur_dashboard_msgs/AddToLogResponse.h
Symlinking /home/student/LJ2_P4_ROS_Groep1/universal_robots_ws/devel/include/ur_dashboard_msgs/AddToLogRequest.h
Symlinking /home/student/LJ2_P4_ROS_Groep1/universal_robots_ws/devel/include/ur_dashboard_msgs/GetRobotModeResponse.h
Symlinking /home/student/LJ2_P4_ROS_Groep1/universal_robots_ws/devel/include/ur_dashboard_msgs/SetModeAction.h
Symlinking /home/student/LJ2_P4_ROS_Groep1/universal_robots_ws/devel/include/ur_dashboard_msgs/RobotMode.h
Symlinking /home/student/LJ2_P4_ROS_Groep1/universal_robots_ws/devel/include/ur_dashboard_msgs/GetSafetyMode.h
Symlinking /home/student/LJ2_P4_ROS_Groep1/universal_robots_ws/devel/include/ur_dashboard_msgs/PopupRequest.h
Symlinking /home/student/LJ2_P4_ROS_Groep1/universal_robots_ws/devel/include/ur_dashboard_msgs/GetProgramStateResponse.h
Symlinking /home/student/LJ2_P4_ROS_Groep1/universal_robots_ws/devel/include/ur_dashboard_msgs/SafetyMode.h
Symlinking /home/student/LJ2_P4_ROS_Groep1/universal_robots_ws/devel/include/ur_dashboard_msgs/Load.h
Symlinking /home/student/LJ2_P4_ROS_Groep1/universal_robots_ws/devel/include/ur_dashboard_msgs/SetModeActionFeedback.h
Symlinking /home/student/LJ2_P4_ROS_Groep1/universal_robots_ws/devel/include/ur_dashboard_msgs/IsProgramRunningResponse.h
Symlinking /home/student/LJ2_P4_ROS_Groep1/universal_robots_ws/devel/include/ur_dashboard_msgs/SetModeResult.h
Symlinking /home/student/LJ2_P4_ROS_Groep1/universal_robots_ws/devel/include/ur_dashboard_msgs/GetSafetyModeResponse.h
Symlinking /home/student/LJ2_P4_ROS_Groep1/universal_robots_ws/devel/include/ur_dashboard_msgs/GetLoadedProgramRequest.h
Symlinking /home/student/LJ2_P4_ROS_Groep1/universal_robots_ws/devel/include/ur_dashboard_msgs/Popup.h
Symlinking /home/student/LJ2_P4_ROS_Groep1/universal_robots_ws/devel/include/ur_dashboard_msgs/RawRequestRequest.h
Symlinking /home/student/LJ2_P4_ROS_Groep1/universal_robots_ws/devel/include/ur_dashboard_msgs/GetLoadedProgramResponse.h
Symlinking /home/student/LJ2_P4_ROS_Groep1/universal_robots_ws/devel/include/ur_dashboard_msgs/IsProgramRunning.h
Symlinking /home/student/LJ2_P4_ROS_Groep1/universal_robots_ws/devel/include/ur_dashboard_msgs/SetModeActionGoal.h
Symlinking /home/student/LJ2_P4_ROS_Groep1/universal_robots_ws/devel/include/ur_dashboard_msgs/ProgramState.h
Symlinking /home/student/LJ2_P4_ROS_Groep1/universal_robots_ws/devel/include/ur_dashboard_msgs/IsProgramSavedResponse.h
Symlinking /home/student/LJ2_P4_ROS_Groep1/universal_robots_ws/devel/include/ur_dashboard_msgs/GetSafetyModeRequest.h
Symlinking /home/student/LJ2_P4_ROS_Groep1/universal_robots_ws/devel/include/ur_dashboard_msgs/LoadResponse.h
Symlinking /home/student/LJ2_P4_ROS_Groep1/universal_robots_ws/devel/include/ur_dashboard_msgs/IsProgramSaved.h
Symlinking /home/student/LJ2_P4_ROS_Groep1/universal_robots_ws/devel/include/ur_dashboard_msgs/SetModeGoal.h
Symlinking /home/student/LJ2_P4_ROS_Groep1/universal_robots_ws/devel/include/ur_dashboard_msgs/SetModeFeedback.h
Symlinking /home/student/LJ2_P4_ROS_Groep1/universal_robots_ws/devel/include/ur_dashboard_msgs/GetRobotModeRequest.h
Symlinking /home/student/LJ2_P4_ROS_Groep1/universal_robots_ws/devel/include/ur_dashboard_msgs/GetLoadedProgram.h
Symlinking /home/student/LJ2_P4_ROS_Groep1/universal_robots_ws/devel/include/ur_dashboard_msgs/GetProgramStateRequest.h
Symlinking /home/student/LJ2_P4_ROS_Groep1/universal_robots_ws/devel/include/ur_dashboard_msgs/LoadRequest.h
Symlinking /home/student/LJ2_P4_ROS_Groep1/universal_robots_ws/devel/include/ur_dashboard_msgs/RawRequestResponse.h
Symlinking /home/student/LJ2_P4_ROS_Groep1/universal_robots_ws/devel/lib/python2.7/dist-packages/ur_dashboard_msgs/__init__.py
Symlinking /home/student/LJ2_P4_ROS_Groep1/universal_robots_ws/devel/lib/python2.7/dist-packages/ur_dashboard_msgs/msg/_SetModeFeedback.py
Symlinking /home/student/LJ2_P4_ROS_Groep1/universal_robots_ws/devel/lib/python2.7/dist-packages/ur_dashboard_msgs/msg/_SetModeActionFeedback.py
Symlinking /home/student/LJ2_P4_ROS_Groep1/universal_robots_ws/devel/lib/python2.7/dist-packages/ur_dashboard_msgs/msg/_SetModeAction.py
Symlinking /home/student/LJ2_P4_ROS_Groep1/universal_robots_ws/devel/lib/python2.7/dist-packages/ur_dashboard_msgs/msg/_ProgramState.py
Symlinking /home/student/LJ2_P4_ROS_Groep1/universal_robots_ws/devel/lib/python2.7/dist-packages/ur_dashboard_msgs/msg/_SetModeActionGoal.py
Symlinking /home/student/LJ2_P4_ROS_Groep1/universal_robots_ws/devel/lib/python2.7/dist-packages/ur_dashboard_msgs/msg/__init__.py
Symlinking /home/student/LJ2_P4_ROS_Groep1/universal_robots_ws/devel/lib/python2.7/dist-packages/ur_dashboard_msgs/msg/_SetModeResult.py
Symlinking /home/student/LJ2_P4_ROS_Groep1/universal_robots_ws/devel/lib/python2.7/dist-packages/ur_dashboard_msgs/msg/_SafetyMode.py
Symlinking /home/student/LJ2_P4_ROS_Groep1/universal_robots_ws/devel/lib/python2.7/dist-packages/ur_dashboard_msgs/msg/_RobotMode.py
Symlinking /home/student/LJ2_P4_ROS_Groep1/universal_robots_ws/devel/lib/python2.7/dist-packages/ur_dashboard_msgs/msg/_SetModeGoal.py
Symlinking /home/student/LJ2_P4_ROS_Groep1/universal_robots_ws/devel/lib/python2.7/dist-packages/ur_dashboard_msgs/msg/_SetModeActionResult.py
Symlinking /home/student/LJ2_P4_ROS_Groep1/universal_robots_ws/devel/lib/python2.7/dist-packages/ur_dashboard_msgs/srv/_GetLoadedProgram.py
Symlinking /home/student/LJ2_P4_ROS_Groep1/universal_robots_ws/devel/lib/python2.7/dist-packages/ur_dashboard_msgs/srv/_Popup.py
Symlinking /home/student/LJ2_P4_ROS_Groep1/universal_robots_ws/devel/lib/python2.7/dist-packages/ur_dashboard_msgs/srv/_GetRobotMode.py
Symlinking /home/student/LJ2_P4_ROS_Groep1/universal_robots_ws/devel/lib/python2.7/dist-packages/ur_dashboard_msgs/srv/__init__.py
Symlinking /home/student/LJ2_P4_ROS_Groep1/universal_robots_ws/devel/lib/python2.7/dist-packages/ur_dashboard_msgs/srv/_GetProgramState.py
Symlinking /home/student/LJ2_P4_ROS_Groep1/universal_robots_ws/devel/lib/python2.7/dist-packages/ur_dashboard_msgs/srv/_Load.py
Symlinking /home/student/LJ2_P4_ROS_Groep1/universal_robots_ws/devel/lib/python2.7/dist-packages/ur_dashboard_msgs/srv/_RawRequest.py
Symlinking /home/student/LJ2_P4_ROS_Groep1/universal_robots_ws/devel/lib/python2.7/dist-packages/ur_dashboard_msgs/srv/_GetSafetyMode.py
Symlinking /home/student/LJ2_P4_ROS_Groep1/universal_robots_ws/devel/lib/python2.7/dist-packages/ur_dashboard_msgs/srv/_IsProgramSaved.py
Symlinking /home/student/LJ2_P4_ROS_Groep1/universal_robots_ws/devel/lib/python2.7/dist-packages/ur_dashboard_msgs/srv/_AddToLog.py
Symlinking /home/student/LJ2_P4_ROS_Groep1/universal_robots_ws/devel/lib/python2.7/dist-packages/ur_dashboard_msgs/srv/_IsProgramRunning.py
Symlinking /home/student/LJ2_P4_ROS_Groep1/universal_robots_ws/devel/lib/pkgconfig/ur_dashboard_msgs.pc
Symlinking /home/student/LJ2_P4_ROS_Groep1/universal_robots_ws/devel/share/ur_dashboard_msgs/msg/SetModeGoal.msg
Symlinking /home/student/LJ2_P4_ROS_Groep1/universal_robots_ws/devel/share/ur_dashboard_msgs/msg/SetModeFeedback.msg
Symlinking /home/student/LJ2_P4_ROS_Groep1/universal_robots_ws/devel/share/ur_dashboard_msgs/msg/SetModeActionGoal.msg
Symlinking /home/student/LJ2_P4_ROS_Groep1/universal_robots_ws/devel/share/ur_dashboard_msgs/msg/SetModeActionFeedback.msg
Symlinking /home/student/LJ2_P4_ROS_Groep1/universal_robots_ws/devel/share/ur_dashboard_msgs/msg/SetModeActionResult.msg
Symlinking /home/student/LJ2_P4_ROS_Groep1/universal_robots_ws/devel/share/ur_dashboard_msgs/msg/SetModeResult.msg
Symlinking /home/student/LJ2_P4_ROS_Groep1/universal_robots_ws/devel/share/ur_dashboard_msgs/msg/SetModeAction.msg
Symlinking /home/student/LJ2_P4_ROS_Groep1/universal_robots_ws/devel/share/ur_dashboard_msgs/cmake/ur_dashboard_msgsConfig.cmake
Symlinking /home/student/LJ2_P4_ROS_Groep1/universal_robots_ws/devel/share/ur_dashboard_msgs/cmake/ur_dashboard_msgs-msg-extras.cmake
Symlinking /home/student/LJ2_P4_ROS_Groep1/universal_robots_ws/devel/share/ur_dashboard_msgs/cmake/ur_dashboard_msgs-msg-paths.cmake
Symlinking /home/student/LJ2_P4_ROS_Groep1/universal_robots_ws/devel/share/ur_dashboard_msgs/cmake/ur_dashboard_msgsConfig-version.cmake
Symlinking /home/student/LJ2_P4_ROS_Groep1/universal_robots_ws/devel/share/gennodejs/ros/ur_dashboard_msgs/_index.js
Symlinking /home/student/LJ2_P4_ROS_Groep1/universal_robots_ws/devel/share/gennodejs/ros/ur_dashboard_msgs/msg/SetModeGoal.js
Symlinking /home/student/LJ2_P4_ROS_Groep1/universal_robots_ws/devel/share/gennodejs/ros/ur_dashboard_msgs/msg/SetModeFeedback.js
Symlinking /home/student/LJ2_P4_ROS_Groep1/universal_robots_ws/devel/share/gennodejs/ros/ur_dashboard_msgs/msg/SafetyMode.js
Symlinking /home/student/LJ2_P4_ROS_Groep1/universal_robots_ws/devel/share/gennodejs/ros/ur_dashboard_msgs/msg/SetModeAction.js
Symlinking /home/student/LJ2_P4_ROS_Groep1/universal_robots_ws/devel/share/gennodejs/ros/ur_dashboard_msgs/msg/SetModeActionResult.js
Symlinking /home/student/LJ2_P4_ROS_Groep1/universal_robots_ws/devel/share/gennodejs/ros/ur_dashboard_msgs/msg/RobotMode.js
Symlinking /home/student/LJ2_P4_ROS_Groep1/universal_robots_ws/devel/share/gennodejs/ros/ur_dashboard_msgs/msg/SetModeResult.js
Symlinking /home/student/LJ2_P4_ROS_Groep1/universal_robots_ws/devel/share/gennodejs/ros/ur_dashboard_msgs/msg/SetModeActionFeedback.js
Symlinking /home/student/LJ2_P4_ROS_Groep1/universal_robots_ws/devel/share/gennodejs/ros/ur_dashboard_msgs/msg/_index.js
Symlinking /home/student/LJ2_P4_ROS_Groep1/universal_robots_ws/devel/share/gennodejs/ros/ur_dashboard_msgs/msg/ProgramState.js
Symlinking /home/student/LJ2_P4_ROS_Groep1/universal_robots_ws/devel/share/gennodejs/ros/ur_dashboard_msgs/msg/SetModeActionGoal.js
Symlinking /home/student/LJ2_P4_ROS_Groep1/universal_robots_ws/devel/share/gennodejs/ros/ur_dashboard_msgs/srv/IsProgramSaved.js
Symlinking /home/student/LJ2_P4_ROS_Groep1/universal_robots_ws/devel/share/gennodejs/ros/ur_dashboard_msgs/srv/RawRequest.js
Symlinking /home/student/LJ2_P4_ROS_Groep1/universal_robots_ws/devel/share/gennodejs/ros/ur_dashboard_msgs/srv/Load.js
Symlinking /home/student/LJ2_P4_ROS_Groep1/universal_robots_ws/devel/share/gennodejs/ros/ur_dashboard_msgs/srv/GetRobotMode.js
Symlinking /home/student/LJ2_P4_ROS_Groep1/universal_robots_ws/devel/share/gennodejs/ros/ur_dashboard_msgs/srv/Popup.js
Symlinking /home/student/LJ2_P4_ROS_Groep1/universal_robots_ws/devel/share/gennodejs/ros/ur_dashboard_msgs/srv/GetProgramState.js
Symlinking /home/student/LJ2_P4_ROS_Groep1/universal_robots_ws/devel/share/gennodejs/ros/ur_dashboard_msgs/srv/IsProgramRunning.js
Symlinking /home/student/LJ2_P4_ROS_Groep1/universal_robots_ws/devel/share/gennodejs/ros/ur_dashboard_msgs/srv/GetSafetyMode.js
Symlinking /home/student/LJ2_P4_ROS_Groep1/universal_robots_ws/devel/share/gennodejs/ros/ur_dashboard_msgs/srv/GetLoadedProgram.js
Symlinking /home/student/LJ2_P4_ROS_Groep1/universal_robots_ws/devel/share/gennodejs/ros/ur_dashboard_msgs/srv/_index.js
Symlinking /home/student/LJ2_P4_ROS_Groep1/universal_robots_ws/devel/share/gennodejs/ros/ur_dashboard_msgs/srv/AddToLog.js
Symlinking /home/student/LJ2_P4_ROS_Groep1/universal_robots_ws/devel/share/roseus/ros/ur_dashboard_msgs/manifest.l
Symlinking /home/student/LJ2_P4_ROS_Groep1/universal_robots_ws/devel/share/roseus/ros/ur_dashboard_msgs/msg/SafetyMode.l
Symlinking /home/student/LJ2_P4_ROS_Groep1/universal_robots_ws/devel/share/roseus/ros/ur_dashboard_msgs/msg/SetModeActionGoal.l
Symlinking /home/student/LJ2_P4_ROS_Groep1/universal_robots_ws/devel/share/roseus/ros/ur_dashboard_msgs/msg/SetModeAction.l
Symlinking /home/student/LJ2_P4_ROS_Groep1/universal_robots_ws/devel/share/roseus/ros/ur_dashboard_msgs/msg/ProgramState.l
Symlinking /home/student/LJ2_P4_ROS_Groep1/universal_robots_ws/devel/share/roseus/ros/ur_dashboard_msgs/msg/RobotMode.l
Symlinking /home/student/LJ2_P4_ROS_Groep1/universal_robots_ws/devel/share/roseus/ros/ur_dashboard_msgs/msg/SetModeResult.l
Symlinking /home/student/LJ2_P4_ROS_Groep1/universal_robots_ws/devel/share/roseus/ros/ur_dashboard_msgs/msg/SetModeActionFeedback.l
Symlinking /home/student/LJ2_P4_ROS_Groep1/universal_robots_ws/devel/share/roseus/ros/ur_dashboard_msgs/msg/SetModeActionResult.l
Symlinking /home/student/LJ2_P4_ROS_Groep1/universal_robots_ws/devel/share/roseus/ros/ur_dashboard_msgs/msg/SetModeGoal.l
Symlinking /home/student/LJ2_P4_ROS_Groep1/universal_robots_ws/devel/share/roseus/ros/ur_dashboard_msgs/msg/SetModeFeedback.l
Symlinking /home/student/LJ2_P4_ROS_Groep1/universal_robots_ws/devel/share/roseus/ros/ur_dashboard_msgs/srv/AddToLog.l
Symlinking /home/student/LJ2_P4_ROS_Groep1/universal_robots_ws/devel/share/roseus/ros/ur_dashboard_msgs/srv/GetRobotMode.l
Symlinking /home/student/LJ2_P4_ROS_Groep1/universal_robots_ws/devel/share/roseus/ros/ur_dashboard_msgs/srv/Popup.l
Symlinking /home/student/LJ2_P4_ROS_Groep1/universal_robots_ws/devel/share/roseus/ros/ur_dashboard_msgs/srv/Load.l
Symlinking /home/student/LJ2_P4_ROS_Groep1/universal_robots_ws/devel/share/roseus/ros/ur_dashboard_msgs/srv/GetProgramState.l
Symlinking /home/student/LJ2_P4_ROS_Groep1/universal_robots_ws/devel/share/roseus/ros/ur_dashboard_msgs/srv/IsProgramSaved.l
Symlinking /home/student/LJ2_P4_ROS_Groep1/universal_robots_ws/devel/share/roseus/ros/ur_dashboard_msgs/srv/IsProgramRunning.l
Symlinking /home/student/LJ2_P4_ROS_Groep1/universal_robots_ws/devel/share/roseus/ros/ur_dashboard_msgs/srv/GetLoadedProgram.l
Symlinking /home/student/LJ2_P4_ROS_Groep1/universal_robots_ws/devel/share/roseus/ros/ur_dashboard_msgs/srv/GetSafetyMode.l
Symlinking /home/student/LJ2_P4_ROS_Groep1/universal_robots_ws/devel/share/roseus/ros/ur_dashboard_msgs/srv/RawRequest.l
Symlinking /home/student/LJ2_P4_ROS_Groep1/universal_robots_ws/devel/share/common-lisp/ros/ur_dashboard_msgs/msg/SetModeActionGoal.lisp
Symlinking /home/student/LJ2_P4_ROS_Groep1/universal_robots_ws/devel/share/common-lisp/ros/ur_dashboard_msgs/msg/ur_dashboard_msgs-msg.asd
Symlinking /home/student/LJ2_P4_ROS_Groep1/universal_robots_ws/devel/share/common-lisp/ros/ur_dashboard_msgs/msg/_package_SetModeActionFeedback.lisp
Symlinking /home/student/LJ2_P4_ROS_Groep1/universal_robots_ws/devel/share/common-lisp/ros/ur_dashboard_msgs/msg/_package.lisp
Symlinking /home/student/LJ2_P4_ROS_Groep1/universal_robots_ws/devel/share/common-lisp/ros/ur_dashboard_msgs/msg/SetModeActionFeedback.lisp
Symlinking /home/student/LJ2_P4_ROS_Groep1/universal_robots_ws/devel/share/common-lisp/ros/ur_dashboard_msgs/msg/SetModeActionResult.lisp
Symlinking /home/student/LJ2_P4_ROS_Groep1/universal_robots_ws/devel/share/common-lisp/ros/ur_dashboard_msgs/msg/_package_SetModeActionGoal.lisp
Symlinking /home/student/LJ2_P4_ROS_Groep1/universal_robots_ws/devel/share/common-lisp/ros/ur_dashboard_msgs/msg/SetModeAction.lisp
Symlinking /home/student/LJ2_P4_ROS_Groep1/universal_robots_ws/devel/share/common-lisp/ros/ur_dashboard_msgs/msg/SetModeFeedback.lisp
Symlinking /home/student/LJ2_P4_ROS_Groep1/universal_robots_ws/devel/share/common-lisp/ros/ur_dashboard_msgs/msg/_package_ProgramState.lisp
Symlinking /home/student/LJ2_P4_ROS_Groep1/universal_robots_ws/devel/share/common-lisp/ros/ur_dashboard_msgs/msg/_package_SetModeActionResult.lisp
Symlinking /home/student/LJ2_P4_ROS_Groep1/universal_robots_ws/devel/share/common-lisp/ros/ur_dashboard_msgs/msg/SafetyMode.lisp
Symlinking /home/student/LJ2_P4_ROS_Groep1/universal_robots_ws/devel/share/common-lisp/ros/ur_dashboard_msgs/msg/_package_SetModeGoal.lisp
Symlinking /home/student/LJ2_P4_ROS_Groep1/universal_robots_ws/devel/share/common-lisp/ros/ur_dashboard_msgs/msg/ProgramState.lisp
Symlinking /home/student/LJ2_P4_ROS_Groep1/universal_robots_ws/devel/share/common-lisp/ros/ur_dashboard_msgs/msg/_package_SetModeAction.lisp
Symlinking /home/student/LJ2_P4_ROS_Groep1/universal_robots_ws/devel/share/common-lisp/ros/ur_dashboard_msgs/msg/_package_SafetyMode.lisp
Symlinking /home/student/LJ2_P4_ROS_Groep1/universal_robots_ws/devel/share/common-lisp/ros/ur_dashboard_msgs/msg/SetModeResult.lisp
Symlinking /home/student/LJ2_P4_ROS_Groep1/universal_robots_ws/devel/share/common-lisp/ros/ur_dashboard_msgs/msg/RobotMode.lisp
Symlinking /home/student/LJ2_P4_ROS_Groep1/universal_robots_ws/devel/share/common-lisp/ros/ur_dashboard_msgs/msg/SetModeGoal.lisp
Symlinking /home/student/LJ2_P4_ROS_Groep1/universal_robots_ws/devel/share/common-lisp/ros/ur_dashboard_msgs/msg/_package_SetModeResult.lisp
Symlinking /home/student/LJ2_P4_ROS_Groep1/universal_robots_ws/devel/share/common-lisp/ros/ur_dashboard_msgs/msg/_package_SetModeFeedback.lisp
Symlinking /home/student/LJ2_P4_ROS_Groep1/universal_robots_ws/devel/share/common-lisp/ros/ur_dashboard_msgs/msg/_package_RobotMode.lisp
Symlinking /home/student/LJ2_P4_ROS_Groep1/universal_robots_ws/devel/share/common-lisp/ros/ur_dashboard_msgs/srv/RawRequest.lisp
Symlinking /home/student/LJ2_P4_ROS_Groep1/universal_robots_ws/devel/share/common-lisp/ros/ur_dashboard_msgs/srv/_package_Load.lisp
Symlinking /home/student/LJ2_P4_ROS_Groep1/universal_robots_ws/devel/share/common-lisp/ros/ur_dashboard_msgs/srv/_package_RawRequest.lisp
Symlinking /home/student/LJ2_P4_ROS_Groep1/universal_robots_ws/devel/share/common-lisp/ros/ur_dashboard_msgs/srv/_package_GetRobotMode.lisp
Symlinking /home/student/LJ2_P4_ROS_Groep1/universal_robots_ws/devel/share/common-lisp/ros/ur_dashboard_msgs/srv/_package.lisp
Symlinking /home/student/LJ2_P4_ROS_Groep1/universal_robots_ws/devel/share/common-lisp/ros/ur_dashboard_msgs/srv/GetProgramState.lisp
Symlinking /home/student/LJ2_P4_ROS_Groep1/universal_robots_ws/devel/share/common-lisp/ros/ur_dashboard_msgs/srv/Load.lisp
Symlinking /home/student/LJ2_P4_ROS_Groep1/universal_robots_ws/devel/share/common-lisp/ros/ur_dashboard_msgs/srv/AddToLog.lisp
Symlinking /home/student/LJ2_P4_ROS_Groep1/universal_robots_ws/devel/share/common-lisp/ros/ur_dashboard_msgs/srv/_package_Popup.lisp
Symlinking /home/student/LJ2_P4_ROS_Groep1/universal_robots_ws/devel/share/common-lisp/ros/ur_dashboard_msgs/srv/Popup.lisp
Symlinking /home/student/LJ2_P4_ROS_Groep1/universal_robots_ws/devel/share/common-lisp/ros/ur_dashboard_msgs/srv/_package_GetLoadedProgram.lisp
Symlinking /home/student/LJ2_P4_ROS_Groep1/universal_robots_ws/devel/share/common-lisp/ros/ur_dashboard_msgs/srv/IsProgramSaved.lisp
Symlinking /home/student/LJ2_P4_ROS_Groep1/universal_robots_ws/devel/share/common-lisp/ros/ur_dashboard_msgs/srv/_package_GetProgramState.lisp
Symlinking /home/student/LJ2_P4_ROS_Groep1/universal_robots_ws/devel/share/common-lisp/ros/ur_dashboard_msgs/srv/GetSafetyMode.lisp
Symlinking /home/student/LJ2_P4_ROS_Groep1/universal_robots_ws/devel/share/common-lisp/ros/ur_dashboard_msgs/srv/GetLoadedProgram.lisp
Symlinking /home/student/LJ2_P4_ROS_Groep1/universal_robots_ws/devel/share/common-lisp/ros/ur_dashboard_msgs/srv/_package_AddToLog.lisp
Symlinking /home/student/LJ2_P4_ROS_Groep1/universal_robots_ws/devel/share/common-lisp/ros/ur_dashboard_msgs/srv/IsProgramRunning.lisp
Symlinking /home/student/LJ2_P4_ROS_Groep1/universal_robots_ws/devel/share/common-lisp/ros/ur_dashboard_msgs/srv/GetRobotMode.lisp
Symlinking /home/student/LJ2_P4_ROS_Groep1/universal_robots_ws/devel/share/common-lisp/ros/ur_dashboard_msgs/srv/_package_IsProgramSaved.lisp
Symlinking /home/student/LJ2_P4_ROS_Groep1/universal_robots_ws/devel/share/common-lisp/ros/ur_dashboard_msgs/srv/_package_IsProgramRunning.lisp
Symlinking /home/student/LJ2_P4_ROS_Groep1/universal_robots_ws/devel/share/common-lisp/ros/ur_dashboard_msgs/srv/ur_dashboard_msgs-srv.asd
Symlinking /home/student/LJ2_P4_ROS_Groep1/universal_robots_ws/devel/share/common-lisp/ros/ur_dashboard_msgs/srv/_package_GetSafetyMode.lisp
Cleaning: (/home/student/universal_robots_ws/devel/.private/ur_dashboard_msgs/cmake.lock, /home/student/universal_robots_ws/devel/./cmake.lock)
Cleaning: (/home/student/universal_robots_ws/devel/.private/ur_dashboard_msgs/include/ur_dashboard_msgs/AddToLog.h, /home/student/universal_robots_ws/devel/include/ur_dashboard_msgs/AddToLog.h)
Cleaning: (/home/student/universal_robots_ws/devel/.private/ur_dashboard_msgs/include/ur_dashboard_msgs/IsProgramSavedRequest.h, /home/student/universal_robots_ws/devel/include/ur_dashboard_msgs/IsProgramSavedRequest.h)
Cleaning: (/home/student/universal_robots_ws/devel/.private/ur_dashboard_msgs/include/ur_dashboard_msgs/IsProgramRunningRequest.h, /home/student/universal_robots_ws/devel/include/ur_dashboard_msgs/IsProgramRunningRequest.h)
Cleaning: (/home/student/universal_robots_ws/devel/.private/ur_dashboard_msgs/include/ur_dashboard_msgs/GetRobotMode.h, /home/student/universal_robots_ws/devel/include/ur_dashboard_msgs/GetRobotMode.h)
Cleaning: (/home/student/universal_robots_ws/devel/.private/ur_dashboard_msgs/include/ur_dashboard_msgs/SetModeActionResult.h, /home/student/universal_robots_ws/devel/include/ur_dashboard_msgs/SetModeActionResult.h)
Cleaning: (/home/student/universal_robots_ws/devel/.private/ur_dashboard_msgs/include/ur_dashboard_msgs/RawRequest.h, /home/student/universal_robots_ws/devel/include/ur_dashboard_msgs/RawRequest.h)
Cleaning: (/home/student/universal_robots_ws/devel/.private/ur_dashboard_msgs/include/ur_dashboard_msgs/GetProgramState.h, /home/student/universal_robots_ws/devel/include/ur_dashboard_msgs/GetProgramState.h)
Cleaning: (/home/student/universal_robots_ws/devel/.private/ur_dashboard_msgs/include/ur_dashboard_msgs/PopupResponse.h, /home/student/universal_robots_ws/devel/include/ur_dashboard_msgs/PopupResponse.h)
Cleaning: (/home/student/universal_robots_ws/devel/.private/ur_dashboard_msgs/include/ur_dashboard_msgs/AddToLogResponse.h, /home/student/universal_robots_ws/devel/include/ur_dashboard_msgs/AddToLogResponse.h)
Cleaning: (/home/student/universal_robots_ws/devel/.private/ur_dashboard_msgs/include/ur_dashboard_msgs/AddToLogRequest.h, /home/student/universal_robots_ws/devel/include/ur_dashboard_msgs/AddToLogRequest.h)
Cleaning: (/home/student/universal_robots_ws/devel/.private/ur_dashboard_msgs/include/ur_dashboard_msgs/GetRobotModeResponse.h, /home/student/universal_robots_ws/devel/include/ur_dashboard_msgs/GetRobotModeResponse.h)
Cleaning: (/home/student/universal_robots_ws/devel/.private/ur_dashboard_msgs/include/ur_dashboard_msgs/SetModeAction.h, /home/student/universal_robots_ws/devel/include/ur_dashboard_msgs/SetModeAction.h)
Cleaning: (/home/student/universal_robots_ws/devel/.private/ur_dashboard_msgs/include/ur_dashboard_msgs/RobotMode.h, /home/student/universal_robots_ws/devel/include/ur_dashboard_msgs/RobotMode.h)
Cleaning: (/home/student/universal_robots_ws/devel/.private/ur_dashboard_msgs/include/ur_dashboard_msgs/GetSafetyMode.h, /home/student/universal_robots_ws/devel/include/ur_dashboard_msgs/GetSafetyMode.h)
Cleaning: (/home/student/universal_robots_ws/devel/.private/ur_dashboard_msgs/include/ur_dashboard_msgs/PopupRequest.h, /home/student/universal_robots_ws/devel/include/ur_dashboard_msgs/PopupRequest.h)
Cleaning: (/home/student/universal_robots_ws/devel/.private/ur_dashboard_msgs/include/ur_dashboard_msgs/GetProgramStateResponse.h, /home/student/universal_robots_ws/devel/include/ur_dashboard_msgs/GetProgramStateResponse.h)
Cleaning: (/home/student/universal_robots_ws/devel/.private/ur_dashboard_msgs/include/ur_dashboard_msgs/SafetyMode.h, /home/student/universal_robots_ws/devel/include/ur_dashboard_msgs/SafetyMode.h)
Cleaning: (/home/student/universal_robots_ws/devel/.private/ur_dashboard_msgs/include/ur_dashboard_msgs/Load.h, /home/student/universal_robots_ws/devel/include/ur_dashboard_msgs/Load.h)
Cleaning: (/home/student/universal_robots_ws/devel/.private/ur_dashboard_msgs/include/ur_dashboard_msgs/SetModeActionFeedback.h, /home/student/universal_robots_ws/devel/include/ur_dashboard_msgs/SetModeActionFeedback.h)
Cleaning: (/home/student/universal_robots_ws/devel/.private/ur_dashboard_msgs/include/ur_dashboard_msgs/IsProgramRunningResponse.h, /home/student/universal_robots_ws/devel/include/ur_dashboard_msgs/IsProgramRunningResponse.h)
Cleaning: (/home/student/universal_robots_ws/devel/.private/ur_dashboard_msgs/include/ur_dashboard_msgs/SetModeResult.h, /home/student/universal_robots_ws/devel/include/ur_dashboard_msgs/SetModeResult.h)
Cleaning: (/home/student/universal_robots_ws/devel/.private/ur_dashboard_msgs/include/ur_dashboard_msgs/GetSafetyModeResponse.h, /home/student/universal_robots_ws/devel/include/ur_dashboard_msgs/GetSafetyModeResponse.h)
Cleaning: (/home/student/universal_robots_ws/devel/.private/ur_dashboard_msgs/include/ur_dashboard_msgs/GetLoadedProgramRequest.h, /home/student/universal_robots_ws/devel/include/ur_dashboard_msgs/GetLoadedProgramRequest.h)
Cleaning: (/home/student/universal_robots_ws/devel/.private/ur_dashboard_msgs/include/ur_dashboard_msgs/Popup.h, /home/student/universal_robots_ws/devel/include/ur_dashboard_msgs/Popup.h)
Cleaning: (/home/student/universal_robots_ws/devel/.private/ur_dashboard_msgs/include/ur_dashboard_msgs/RawRequestRequest.h, /home/student/universal_robots_ws/devel/include/ur_dashboard_msgs/RawRequestRequest.h)
Cleaning: (/home/student/universal_robots_ws/devel/.private/ur_dashboard_msgs/include/ur_dashboard_msgs/GetLoadedProgramResponse.h, /home/student/universal_robots_ws/devel/include/ur_dashboard_msgs/GetLoadedProgramResponse.h)
Cleaning: (/home/student/universal_robots_ws/devel/.private/ur_dashboard_msgs/include/ur_dashboard_msgs/IsProgramRunning.h, /home/student/universal_robots_ws/devel/include/ur_dashboard_msgs/IsProgramRunning.h)
Cleaning: (/home/student/universal_robots_ws/devel/.private/ur_dashboard_msgs/include/ur_dashboard_msgs/SetModeActionGoal.h, /home/student/universal_robots_ws/devel/include/ur_dashboard_msgs/SetModeActionGoal.h)
Cleaning: (/home/student/universal_robots_ws/devel/.private/ur_dashboard_msgs/include/ur_dashboard_msgs/ProgramState.h, /home/student/universal_robots_ws/devel/include/ur_dashboard_msgs/ProgramState.h)
Cleaning: (/home/student/universal_robots_ws/devel/.private/ur_dashboard_msgs/include/ur_dashboard_msgs/IsProgramSavedResponse.h, /home/student/universal_robots_ws/devel/include/ur_dashboard_msgs/IsProgramSavedResponse.h)
Cleaning: (/home/student/universal_robots_ws/devel/.private/ur_dashboard_msgs/include/ur_dashboard_msgs/GetSafetyModeRequest.h, /home/student/universal_robots_ws/devel/include/ur_dashboard_msgs/GetSafetyModeRequest.h)
Cleaning: (/home/student/universal_robots_ws/devel/.private/ur_dashboard_msgs/include/ur_dashboard_msgs/LoadResponse.h, /home/student/universal_robots_ws/devel/include/ur_dashboard_msgs/LoadResponse.h)
Cleaning: (/home/student/universal_robots_ws/devel/.private/ur_dashboard_msgs/include/ur_dashboard_msgs/IsProgramSaved.h, /home/student/universal_robots_ws/devel/include/ur_dashboard_msgs/IsProgramSaved.h)
Cleaning: (/home/student/universal_robots_ws/devel/.private/ur_dashboard_msgs/include/ur_dashboard_msgs/SetModeGoal.h, /home/student/universal_robots_ws/devel/include/ur_dashboard_msgs/SetModeGoal.h)
Cleaning: (/home/student/universal_robots_ws/devel/.private/ur_dashboard_msgs/include/ur_dashboard_msgs/SetModeFeedback.h, /home/student/universal_robots_ws/devel/include/ur_dashboard_msgs/SetModeFeedback.h)
Cleaning: (/home/student/universal_robots_ws/devel/.private/ur_dashboard_msgs/include/ur_dashboard_msgs/GetRobotModeRequest.h, /home/student/universal_robots_ws/devel/include/ur_dashboard_msgs/GetRobotModeRequest.h)
Cleaning: (/home/student/universal_robots_ws/devel/.private/ur_dashboard_msgs/include/ur_dashboard_msgs/GetLoadedProgram.h, /home/student/universal_robots_ws/devel/include/ur_dashboard_msgs/GetLoadedProgram.h)
Cleaning: (/home/student/universal_robots_ws/devel/.private/ur_dashboard_msgs/include/ur_dashboard_msgs/GetProgramStateRequest.h, /home/student/universal_robots_ws/devel/include/ur_dashboard_msgs/GetProgramStateRequest.h)
Cleaning: (/home/student/universal_robots_ws/devel/.private/ur_dashboard_msgs/include/ur_dashboard_msgs/LoadRequest.h, /home/student/universal_robots_ws/devel/include/ur_dashboard_msgs/LoadRequest.h)
Cleaning: (/home/student/universal_robots_ws/devel/.private/ur_dashboard_msgs/include/ur_dashboard_msgs/RawRequestResponse.h, /home/student/universal_robots_ws/devel/include/ur_dashboard_msgs/RawRequestResponse.h)
Cleaning: (/home/student/universal_robots_ws/devel/.private/ur_dashboard_msgs/lib/python2.7/dist-packages/ur_dashboard_msgs/__init__.py, /home/student/universal_robots_ws/devel/lib/python2.7/dist-packages/ur_dashboard_msgs/__init__.py)
Cleaning: (/home/student/universal_robots_ws/devel/.private/ur_dashboard_msgs/lib/python2.7/dist-packages/ur_dashboard_msgs/msg/_SetModeFeedback.py, /home/student/universal_robots_ws/devel/lib/python2.7/dist-packages/ur_dashboard_msgs/msg/_SetModeFeedback.py)
Cleaning: (/home/student/universal_robots_ws/devel/.private/ur_dashboard_msgs/lib/python2.7/dist-packages/ur_dashboard_msgs/msg/_SetModeActionFeedback.py, /home/student/universal_robots_ws/devel/lib/python2.7/dist-packages/ur_dashboard_msgs/msg/_SetModeActionFeedback.py)
Cleaning: (/home/student/universal_robots_ws/devel/.private/ur_dashboard_msgs/lib/python2.7/dist-packages/ur_dashboard_msgs/msg/_SetModeAction.py, /home/student/universal_robots_ws/devel/lib/python2.7/dist-packages/ur_dashboard_msgs/msg/_SetModeAction.py)
Cleaning: (/home/student/universal_robots_ws/devel/.private/ur_dashboard_msgs/lib/python2.7/dist-packages/ur_dashboard_msgs/msg/_ProgramState.py, /home/student/universal_robots_ws/devel/lib/python2.7/dist-packages/ur_dashboard_msgs/msg/_ProgramState.py)
Cleaning: (/home/student/universal_robots_ws/devel/.private/ur_dashboard_msgs/lib/python2.7/dist-packages/ur_dashboard_msgs/msg/_SetModeActionGoal.py, /home/student/universal_robots_ws/devel/lib/python2.7/dist-packages/ur_dashboard_msgs/msg/_SetModeActionGoal.py)
Cleaning: (/home/student/universal_robots_ws/devel/.private/ur_dashboard_msgs/lib/python2.7/dist-packages/ur_dashboard_msgs/msg/__init__.py, /home/student/universal_robots_ws/devel/lib/python2.7/dist-packages/ur_dashboard_msgs/msg/__init__.py)
Cleaning: (/home/student/universal_robots_ws/devel/.private/ur_dashboard_msgs/lib/python2.7/dist-packages/ur_dashboard_msgs/msg/_SetModeResult.py, /home/student/universal_robots_ws/devel/lib/python2.7/dist-packages/ur_dashboard_msgs/msg/_SetModeResult.py)
Cleaning: (/home/student/universal_robots_ws/devel/.private/ur_dashboard_msgs/lib/python2.7/dist-packages/ur_dashboard_msgs/msg/_SafetyMode.py, /home/student/universal_robots_ws/devel/lib/python2.7/dist-packages/ur_dashboard_msgs/msg/_SafetyMode.py)
Cleaning: (/home/student/universal_robots_ws/devel/.private/ur_dashboard_msgs/lib/python2.7/dist-packages/ur_dashboard_msgs/msg/_RobotMode.py, /home/student/universal_robots_ws/devel/lib/python2.7/dist-packages/ur_dashboard_msgs/msg/_RobotMode.py)
Cleaning: (/home/student/universal_robots_ws/devel/.private/ur_dashboard_msgs/lib/python2.7/dist-packages/ur_dashboard_msgs/msg/_SetModeGoal.py, /home/student/universal_robots_ws/devel/lib/python2.7/dist-packages/ur_dashboard_msgs/msg/_SetModeGoal.py)
Cleaning: (/home/student/universal_robots_ws/devel/.private/ur_dashboard_msgs/lib/python2.7/dist-packages/ur_dashboard_msgs/msg/_SetModeActionResult.py, /home/student/universal_robots_ws/devel/lib/python2.7/dist-packages/ur_dashboard_msgs/msg/_SetModeActionResult.py)
Cleaning: (/home/student/universal_robots_ws/devel/.private/ur_dashboard_msgs/lib/python2.7/dist-packages/ur_dashboard_msgs/srv/_GetLoadedProgram.py, /home/student/universal_robots_ws/devel/lib/python2.7/dist-packages/ur_dashboard_msgs/srv/_GetLoadedProgram.py)
Cleaning: (/home/student/universal_robots_ws/devel/.private/ur_dashboard_msgs/lib/python2.7/dist-packages/ur_dashboard_msgs/srv/_Popup.py, /home/student/universal_robots_ws/devel/lib/python2.7/dist-packages/ur_dashboard_msgs/srv/_Popup.py)
Cleaning: (/home/student/universal_robots_ws/devel/.private/ur_dashboard_msgs/lib/python2.7/dist-packages/ur_dashboard_msgs/srv/_GetRobotMode.py, /home/student/universal_robots_ws/devel/lib/python2.7/dist-packages/ur_dashboard_msgs/srv/_GetRobotMode.py)
Cleaning: (/home/student/universal_robots_ws/devel/.private/ur_dashboard_msgs/lib/python2.7/dist-packages/ur_dashboard_msgs/srv/__init__.py, /home/student/universal_robots_ws/devel/lib/python2.7/dist-packages/ur_dashboard_msgs/srv/__init__.py)
Cleaning: (/home/student/universal_robots_ws/devel/.private/ur_dashboard_msgs/lib/python2.7/dist-packages/ur_dashboard_msgs/srv/_GetProgramState.py, /home/student/universal_robots_ws/devel/lib/python2.7/dist-packages/ur_dashboard_msgs/srv/_GetProgramState.py)
Cleaning: (/home/student/universal_robots_ws/devel/.private/ur_dashboard_msgs/lib/python2.7/dist-packages/ur_dashboard_msgs/srv/_Load.py, /home/student/universal_robots_ws/devel/lib/python2.7/dist-packages/ur_dashboard_msgs/srv/_Load.py)
Cleaning: (/home/student/universal_robots_ws/devel/.private/ur_dashboard_msgs/lib/python2.7/dist-packages/ur_dashboard_msgs/srv/_RawRequest.py, /home/student/universal_robots_ws/devel/lib/python2.7/dist-packages/ur_dashboard_msgs/srv/_RawRequest.py)
Cleaning: (/home/student/universal_robots_ws/devel/.private/ur_dashboard_msgs/lib/python2.7/dist-packages/ur_dashboard_msgs/srv/_GetSafetyMode.py, /home/student/universal_robots_ws/devel/lib/python2.7/dist-packages/ur_dashboard_msgs/srv/_GetSafetyMode.py)
Cleaning: (/home/student/universal_robots_ws/devel/.private/ur_dashboard_msgs/lib/python2.7/dist-packages/ur_dashboard_msgs/srv/_IsProgramSaved.py, /home/student/universal_robots_ws/devel/lib/python2.7/dist-packages/ur_dashboard_msgs/srv/_IsProgramSaved.py)
Cleaning: (/home/student/universal_robots_ws/devel/.private/ur_dashboard_msgs/lib/python2.7/dist-packages/ur_dashboard_msgs/srv/_AddToLog.py, /home/student/universal_robots_ws/devel/lib/python2.7/dist-packages/ur_dashboard_msgs/srv/_AddToLog.py)
Cleaning: (/home/student/universal_robots_ws/devel/.private/ur_dashboard_msgs/lib/python2.7/dist-packages/ur_dashboard_msgs/srv/_IsProgramRunning.py, /home/student/universal_robots_ws/devel/lib/python2.7/dist-packages/ur_dashboard_msgs/srv/_IsProgramRunning.py)
Cleaning: (/home/student/universal_robots_ws/devel/.private/ur_dashboard_msgs/lib/pkgconfig/ur_dashboard_msgs.pc, /home/student/universal_robots_ws/devel/lib/pkgconfig/ur_dashboard_msgs.pc)
Cleaning: (/home/student/universal_robots_ws/devel/.private/ur_dashboard_msgs/share/ur_dashboard_msgs/msg/SetModeGoal.msg, /home/student/universal_robots_ws/devel/share/ur_dashboard_msgs/msg/SetModeGoal.msg)
Cleaning: (/home/student/universal_robots_ws/devel/.private/ur_dashboard_msgs/share/ur_dashboard_msgs/msg/SetModeFeedback.msg, /home/student/universal_robots_ws/devel/share/ur_dashboard_msgs/msg/SetModeFeedback.msg)
Cleaning: (/home/student/universal_robots_ws/devel/.private/ur_dashboard_msgs/share/ur_dashboard_msgs/msg/SetModeActionGoal.msg, /home/student/universal_robots_ws/devel/share/ur_dashboard_msgs/msg/SetModeActionGoal.msg)
Cleaning: (/home/student/universal_robots_ws/devel/.private/ur_dashboard_msgs/share/ur_dashboard_msgs/msg/SetModeActionFeedback.msg, /home/student/universal_robots_ws/devel/share/ur_dashboard_msgs/msg/SetModeActionFeedback.msg)
Cleaning: (/home/student/universal_robots_ws/devel/.private/ur_dashboard_msgs/share/ur_dashboard_msgs/msg/SetModeActionResult.msg, /home/student/universal_robots_ws/devel/share/ur_dashboard_msgs/msg/SetModeActionResult.msg)
Cleaning: (/home/student/universal_robots_ws/devel/.private/ur_dashboard_msgs/share/ur_dashboard_msgs/msg/SetModeResult.msg, /home/student/universal_robots_ws/devel/share/ur_dashboard_msgs/msg/SetModeResult.msg)
Cleaning: (/home/student/universal_robots_ws/devel/.private/ur_dashboard_msgs/share/ur_dashboard_msgs/msg/SetModeAction.msg, /home/student/universal_robots_ws/devel/share/ur_dashboard_msgs/msg/SetModeAction.msg)
Cleaning: (/home/student/universal_robots_ws/devel/.private/ur_dashboard_msgs/share/ur_dashboard_msgs/cmake/ur_dashboard_msgsConfig.cmake, /home/student/universal_robots_ws/devel/share/ur_dashboard_msgs/cmake/ur_dashboard_msgsConfig.cmake)
Cleaning: (/home/student/universal_robots_ws/devel/.private/ur_dashboard_msgs/share/ur_dashboard_msgs/cmake/ur_dashboard_msgs-msg-extras.cmake, /home/student/universal_robots_ws/devel/share/ur_dashboard_msgs/cmake/ur_dashboard_msgs-msg-extras.cmake)
Cleaning: (/home/student/universal_robots_ws/devel/.private/ur_dashboard_msgs/share/ur_dashboard_msgs/cmake/ur_dashboard_msgs-msg-paths.cmake, /home/student/universal_robots_ws/devel/share/ur_dashboard_msgs/cmake/ur_dashboard_msgs-msg-paths.cmake)
Cleaning: (/home/student/universal_robots_ws/devel/.private/ur_dashboard_msgs/share/ur_dashboard_msgs/cmake/ur_dashboard_msgsConfig-version.cmake, /home/student/universal_robots_ws/devel/share/ur_dashboard_msgs/cmake/ur_dashboard_msgsConfig-version.cmake)
Cleaning: (/home/student/universal_robots_ws/devel/.private/ur_dashboard_msgs/share/gennodejs/ros/ur_dashboard_msgs/_index.js, /home/student/universal_robots_ws/devel/share/gennodejs/ros/ur_dashboard_msgs/_index.js)
Cleaning: (/home/student/universal_robots_ws/devel/.private/ur_dashboard_msgs/share/gennodejs/ros/ur_dashboard_msgs/msg/SetModeGoal.js, /home/student/universal_robots_ws/devel/share/gennodejs/ros/ur_dashboard_msgs/msg/SetModeGoal.js)
Cleaning: (/home/student/universal_robots_ws/devel/.private/ur_dashboard_msgs/share/gennodejs/ros/ur_dashboard_msgs/msg/SetModeFeedback.js, /home/student/universal_robots_ws/devel/share/gennodejs/ros/ur_dashboard_msgs/msg/SetModeFeedback.js)
Cleaning: (/home/student/universal_robots_ws/devel/.private/ur_dashboard_msgs/share/gennodejs/ros/ur_dashboard_msgs/msg/SafetyMode.js, /home/student/universal_robots_ws/devel/share/gennodejs/ros/ur_dashboard_msgs/msg/SafetyMode.js)
Cleaning: (/home/student/universal_robots_ws/devel/.private/ur_dashboard_msgs/share/gennodejs/ros/ur_dashboard_msgs/msg/SetModeAction.js, /home/student/universal_robots_ws/devel/share/gennodejs/ros/ur_dashboard_msgs/msg/SetModeAction.js)
Cleaning: (/home/student/universal_robots_ws/devel/.private/ur_dashboard_msgs/share/gennodejs/ros/ur_dashboard_msgs/msg/SetModeActionResult.js, /home/student/universal_robots_ws/devel/share/gennodejs/ros/ur_dashboard_msgs/msg/SetModeActionResult.js)
Cleaning: (/home/student/universal_robots_ws/devel/.private/ur_dashboard_msgs/share/gennodejs/ros/ur_dashboard_msgs/msg/RobotMode.js, /home/student/universal_robots_ws/devel/share/gennodejs/ros/ur_dashboard_msgs/msg/RobotMode.js)
Cleaning: (/home/student/universal_robots_ws/devel/.private/ur_dashboard_msgs/share/gennodejs/ros/ur_dashboard_msgs/msg/SetModeResult.js, /home/student/universal_robots_ws/devel/share/gennodejs/ros/ur_dashboard_msgs/msg/SetModeResult.js)
Cleaning: (/home/student/universal_robots_ws/devel/.private/ur_dashboard_msgs/share/gennodejs/ros/ur_dashboard_msgs/msg/SetModeActionFeedback.js, /home/student/universal_robots_ws/devel/share/gennodejs/ros/ur_dashboard_msgs/msg/SetModeActionFeedback.js)
Cleaning: (/home/student/universal_robots_ws/devel/.private/ur_dashboard_msgs/share/gennodejs/ros/ur_dashboard_msgs/msg/_index.js, /home/student/universal_robots_ws/devel/share/gennodejs/ros/ur_dashboard_msgs/msg/_index.js)
Cleaning: (/home/student/universal_robots_ws/devel/.private/ur_dashboard_msgs/share/gennodejs/ros/ur_dashboard_msgs/msg/ProgramState.js, /home/student/universal_robots_ws/devel/share/gennodejs/ros/ur_dashboard_msgs/msg/ProgramState.js)
Cleaning: (/home/student/universal_robots_ws/devel/.private/ur_dashboard_msgs/share/gennodejs/ros/ur_dashboard_msgs/msg/SetModeActionGoal.js, /home/student/universal_robots_ws/devel/share/gennodejs/ros/ur_dashboard_msgs/msg/SetModeActionGoal.js)
Cleaning: (/home/student/universal_robots_ws/devel/.private/ur_dashboard_msgs/share/gennodejs/ros/ur_dashboard_msgs/srv/IsProgramSaved.js, /home/student/universal_robots_ws/devel/share/gennodejs/ros/ur_dashboard_msgs/srv/IsProgramSaved.js)
Cleaning: (/home/student/universal_robots_ws/devel/.private/ur_dashboard_msgs/share/gennodejs/ros/ur_dashboard_msgs/srv/RawRequest.js, /home/student/universal_robots_ws/devel/share/gennodejs/ros/ur_dashboard_msgs/srv/RawRequest.js)
Cleaning: (/home/student/universal_robots_ws/devel/.private/ur_dashboard_msgs/share/gennodejs/ros/ur_dashboard_msgs/srv/Load.js, /home/student/universal_robots_ws/devel/share/gennodejs/ros/ur_dashboard_msgs/srv/Load.js)
Cleaning: (/home/student/universal_robots_ws/devel/.private/ur_dashboard_msgs/share/gennodejs/ros/ur_dashboard_msgs/srv/GetRobotMode.js, /home/student/universal_robots_ws/devel/share/gennodejs/ros/ur_dashboard_msgs/srv/GetRobotMode.js)
Cleaning: (/home/student/universal_robots_ws/devel/.private/ur_dashboard_msgs/share/gennodejs/ros/ur_dashboard_msgs/srv/Popup.js, /home/student/universal_robots_ws/devel/share/gennodejs/ros/ur_dashboard_msgs/srv/Popup.js)
Cleaning: (/home/student/universal_robots_ws/devel/.private/ur_dashboard_msgs/share/gennodejs/ros/ur_dashboard_msgs/srv/GetProgramState.js, /home/student/universal_robots_ws/devel/share/gennodejs/ros/ur_dashboard_msgs/srv/GetProgramState.js)
Cleaning: (/home/student/universal_robots_ws/devel/.private/ur_dashboard_msgs/share/gennodejs/ros/ur_dashboard_msgs/srv/IsProgramRunning.js, /home/student/universal_robots_ws/devel/share/gennodejs/ros/ur_dashboard_msgs/srv/IsProgramRunning.js)
Cleaning: (/home/student/universal_robots_ws/devel/.private/ur_dashboard_msgs/share/gennodejs/ros/ur_dashboard_msgs/srv/GetSafetyMode.js, /home/student/universal_robots_ws/devel/share/gennodejs/ros/ur_dashboard_msgs/srv/GetSafetyMode.js)
Cleaning: (/home/student/universal_robots_ws/devel/.private/ur_dashboard_msgs/share/gennodejs/ros/ur_dashboard_msgs/srv/GetLoadedProgram.js, /home/student/universal_robots_ws/devel/share/gennodejs/ros/ur_dashboard_msgs/srv/GetLoadedProgram.js)
Cleaning: (/home/student/universal_robots_ws/devel/.private/ur_dashboard_msgs/share/gennodejs/ros/ur_dashboard_msgs/srv/_index.js, /home/student/universal_robots_ws/devel/share/gennodejs/ros/ur_dashboard_msgs/srv/_index.js)
Cleaning: (/home/student/universal_robots_ws/devel/.private/ur_dashboard_msgs/share/gennodejs/ros/ur_dashboard_msgs/srv/AddToLog.js, /home/student/universal_robots_ws/devel/share/gennodejs/ros/ur_dashboard_msgs/srv/AddToLog.js)
Cleaning: (/home/student/universal_robots_ws/devel/.private/ur_dashboard_msgs/share/roseus/ros/ur_dashboard_msgs/manifest.l, /home/student/universal_robots_ws/devel/share/roseus/ros/ur_dashboard_msgs/manifest.l)
Cleaning: (/home/student/universal_robots_ws/devel/.private/ur_dashboard_msgs/share/roseus/ros/ur_dashboard_msgs/msg/SafetyMode.l, /home/student/universal_robots_ws/devel/share/roseus/ros/ur_dashboard_msgs/msg/SafetyMode.l)
Cleaning: (/home/student/universal_robots_ws/devel/.private/ur_dashboard_msgs/share/roseus/ros/ur_dashboard_msgs/msg/SetModeActionGoal.l, /home/student/universal_robots_ws/devel/share/roseus/ros/ur_dashboard_msgs/msg/SetModeActionGoal.l)
Cleaning: (/home/student/universal_robots_ws/devel/.private/ur_dashboard_msgs/share/roseus/ros/ur_dashboard_msgs/msg/SetModeAction.l, /home/student/universal_robots_ws/devel/share/roseus/ros/ur_dashboard_msgs/msg/SetModeAction.l)
Cleaning: (/home/student/universal_robots_ws/devel/.private/ur_dashboard_msgs/share/roseus/ros/ur_dashboard_msgs/msg/ProgramState.l, /home/student/universal_robots_ws/devel/share/roseus/ros/ur_dashboard_msgs/msg/ProgramState.l)
Cleaning: (/home/student/universal_robots_ws/devel/.private/ur_dashboard_msgs/share/roseus/ros/ur_dashboard_msgs/msg/RobotMode.l, /home/student/universal_robots_ws/devel/share/roseus/ros/ur_dashboard_msgs/msg/RobotMode.l)
Cleaning: (/home/student/universal_robots_ws/devel/.private/ur_dashboard_msgs/share/roseus/ros/ur_dashboard_msgs/msg/SetModeResult.l, /home/student/universal_robots_ws/devel/share/roseus/ros/ur_dashboard_msgs/msg/SetModeResult.l)
Cleaning: (/home/student/universal_robots_ws/devel/.private/ur_dashboard_msgs/share/roseus/ros/ur_dashboard_msgs/msg/SetModeActionFeedback.l, /home/student/universal_robots_ws/devel/share/roseus/ros/ur_dashboard_msgs/msg/SetModeActionFeedback.l)
Cleaning: (/home/student/universal_robots_ws/devel/.private/ur_dashboard_msgs/share/roseus/ros/ur_dashboard_msgs/msg/SetModeActionResult.l, /home/student/universal_robots_ws/devel/share/roseus/ros/ur_dashboard_msgs/msg/SetModeActionResult.l)
Cleaning: (/home/student/universal_robots_ws/devel/.private/ur_dashboard_msgs/share/roseus/ros/ur_dashboard_msgs/msg/SetModeGoal.l, /home/student/universal_robots_ws/devel/share/roseus/ros/ur_dashboard_msgs/msg/SetModeGoal.l)
Cleaning: (/home/student/universal_robots_ws/devel/.private/ur_dashboard_msgs/share/roseus/ros/ur_dashboard_msgs/msg/SetModeFeedback.l, /home/student/universal_robots_ws/devel/share/roseus/ros/ur_dashboard_msgs/msg/SetModeFeedback.l)
Cleaning: (/home/student/universal_robots_ws/devel/.private/ur_dashboard_msgs/share/roseus/ros/ur_dashboard_msgs/srv/AddToLog.l, /home/student/universal_robots_ws/devel/share/roseus/ros/ur_dashboard_msgs/srv/AddToLog.l)
Cleaning: (/home/student/universal_robots_ws/devel/.private/ur_dashboard_msgs/share/roseus/ros/ur_dashboard_msgs/srv/GetRobotMode.l, /home/student/universal_robots_ws/devel/share/roseus/ros/ur_dashboard_msgs/srv/GetRobotMode.l)
Cleaning: (/home/student/universal_robots_ws/devel/.private/ur_dashboard_msgs/share/roseus/ros/ur_dashboard_msgs/srv/Popup.l, /home/student/universal_robots_ws/devel/share/roseus/ros/ur_dashboard_msgs/srv/Popup.l)
Cleaning: (/home/student/universal_robots_ws/devel/.private/ur_dashboard_msgs/share/roseus/ros/ur_dashboard_msgs/srv/Load.l, /home/student/universal_robots_ws/devel/share/roseus/ros/ur_dashboard_msgs/srv/Load.l)
Cleaning: (/home/student/universal_robots_ws/devel/.private/ur_dashboard_msgs/share/roseus/ros/ur_dashboard_msgs/srv/GetProgramState.l, /home/student/universal_robots_ws/devel/share/roseus/ros/ur_dashboard_msgs/srv/GetProgramState.l)
Cleaning: (/home/student/universal_robots_ws/devel/.private/ur_dashboard_msgs/share/roseus/ros/ur_dashboard_msgs/srv/IsProgramSaved.l, /home/student/universal_robots_ws/devel/share/roseus/ros/ur_dashboard_msgs/srv/IsProgramSaved.l)
Cleaning: (/home/student/universal_robots_ws/devel/.private/ur_dashboard_msgs/share/roseus/ros/ur_dashboard_msgs/srv/IsProgramRunning.l, /home/student/universal_robots_ws/devel/share/roseus/ros/ur_dashboard_msgs/srv/IsProgramRunning.l)
Cleaning: (/home/student/universal_robots_ws/devel/.private/ur_dashboard_msgs/share/roseus/ros/ur_dashboard_msgs/srv/GetLoadedProgram.l, /home/student/universal_robots_ws/devel/share/roseus/ros/ur_dashboard_msgs/srv/GetLoadedProgram.l)
Cleaning: (/home/student/universal_robots_ws/devel/.private/ur_dashboard_msgs/share/roseus/ros/ur_dashboard_msgs/srv/GetSafetyMode.l, /home/student/universal_robots_ws/devel/share/roseus/ros/ur_dashboard_msgs/srv/GetSafetyMode.l)
Cleaning: (/home/student/universal_robots_ws/devel/.private/ur_dashboard_msgs/share/roseus/ros/ur_dashboard_msgs/srv/RawRequest.l, /home/student/universal_robots_ws/devel/share/roseus/ros/ur_dashboard_msgs/srv/RawRequest.l)
Cleaning: (/home/student/universal_robots_ws/devel/.private/ur_dashboard_msgs/share/common-lisp/ros/ur_dashboard_msgs/msg/SetModeActionGoal.lisp, /home/student/universal_robots_ws/devel/share/common-lisp/ros/ur_dashboard_msgs/msg/SetModeActionGoal.lisp)
Cleaning: (/home/student/universal_robots_ws/devel/.private/ur_dashboard_msgs/share/common-lisp/ros/ur_dashboard_msgs/msg/ur_dashboard_msgs-msg.asd, /home/student/universal_robots_ws/devel/share/common-lisp/ros/ur_dashboard_msgs/msg/ur_dashboard_msgs-msg.asd)
Cleaning: (/home/student/universal_robots_ws/devel/.private/ur_dashboard_msgs/share/common-lisp/ros/ur_dashboard_msgs/msg/_package_SetModeActionFeedback.lisp, /home/student/universal_robots_ws/devel/share/common-lisp/ros/ur_dashboard_msgs/msg/_package_SetModeActionFeedback.lisp)
Cleaning: (/home/student/universal_robots_ws/devel/.private/ur_dashboard_msgs/share/common-lisp/ros/ur_dashboard_msgs/msg/_package.lisp, /home/student/universal_robots_ws/devel/share/common-lisp/ros/ur_dashboard_msgs/msg/_package.lisp)
Cleaning: (/home/student/universal_robots_ws/devel/.private/ur_dashboard_msgs/share/common-lisp/ros/ur_dashboard_msgs/msg/SetModeActionFeedback.lisp, /home/student/universal_robots_ws/devel/share/common-lisp/ros/ur_dashboard_msgs/msg/SetModeActionFeedback.lisp)
Cleaning: (/home/student/universal_robots_ws/devel/.private/ur_dashboard_msgs/share/common-lisp/ros/ur_dashboard_msgs/msg/SetModeActionResult.lisp, /home/student/universal_robots_ws/devel/share/common-lisp/ros/ur_dashboard_msgs/msg/SetModeActionResult.lisp)
Cleaning: (/home/student/universal_robots_ws/devel/.private/ur_dashboard_msgs/share/common-lisp/ros/ur_dashboard_msgs/msg/_package_SetModeActionGoal.lisp, /home/student/universal_robots_ws/devel/share/common-lisp/ros/ur_dashboard_msgs/msg/_package_SetModeActionGoal.lisp)
Cleaning: (/home/student/universal_robots_ws/devel/.private/ur_dashboard_msgs/share/common-lisp/ros/ur_dashboard_msgs/msg/SetModeAction.lisp, /home/student/universal_robots_ws/devel/share/common-lisp/ros/ur_dashboard_msgs/msg/SetModeAction.lisp)
Cleaning: (/home/student/universal_robots_ws/devel/.private/ur_dashboard_msgs/share/common-lisp/ros/ur_dashboard_msgs/msg/SetModeFeedback.lisp, /home/student/universal_robots_ws/devel/share/common-lisp/ros/ur_dashboard_msgs/msg/SetModeFeedback.lisp)
Cleaning: (/home/student/universal_robots_ws/devel/.private/ur_dashboard_msgs/share/common-lisp/ros/ur_dashboard_msgs/msg/_package_ProgramState.lisp, /home/student/universal_robots_ws/devel/share/common-lisp/ros/ur_dashboard_msgs/msg/_package_ProgramState.lisp)
Cleaning: (/home/student/universal_robots_ws/devel/.private/ur_dashboard_msgs/share/common-lisp/ros/ur_dashboard_msgs/msg/_package_SetModeActionResult.lisp, /home/student/universal_robots_ws/devel/share/common-lisp/ros/ur_dashboard_msgs/msg/_package_SetModeActionResult.lisp)
Cleaning: (/home/student/universal_robots_ws/devel/.private/ur_dashboard_msgs/share/common-lisp/ros/ur_dashboard_msgs/msg/SafetyMode.lisp, /home/student/universal_robots_ws/devel/share/common-lisp/ros/ur_dashboard_msgs/msg/SafetyMode.lisp)
Cleaning: (/home/student/universal_robots_ws/devel/.private/ur_dashboard_msgs/share/common-lisp/ros/ur_dashboard_msgs/msg/_package_SetModeGoal.lisp, /home/student/universal_robots_ws/devel/share/common-lisp/ros/ur_dashboard_msgs/msg/_package_SetModeGoal.lisp)
Cleaning: (/home/student/universal_robots_ws/devel/.private/ur_dashboard_msgs/share/common-lisp/ros/ur_dashboard_msgs/msg/ProgramState.lisp, /home/student/universal_robots_ws/devel/share/common-lisp/ros/ur_dashboard_msgs/msg/ProgramState.lisp)
Cleaning: (/home/student/universal_robots_ws/devel/.private/ur_dashboard_msgs/share/common-lisp/ros/ur_dashboard_msgs/msg/_package_SetModeAction.lisp, /home/student/universal_robots_ws/devel/share/common-lisp/ros/ur_dashboard_msgs/msg/_package_SetModeAction.lisp)
Cleaning: (/home/student/universal_robots_ws/devel/.private/ur_dashboard_msgs/share/common-lisp/ros/ur_dashboard_msgs/msg/_package_SafetyMode.lisp, /home/student/universal_robots_ws/devel/share/common-lisp/ros/ur_dashboard_msgs/msg/_package_SafetyMode.lisp)
Cleaning: (/home/student/universal_robots_ws/devel/.private/ur_dashboard_msgs/share/common-lisp/ros/ur_dashboard_msgs/msg/SetModeResult.lisp, /home/student/universal_robots_ws/devel/share/common-lisp/ros/ur_dashboard_msgs/msg/SetModeResult.lisp)
Cleaning: (/home/student/universal_robots_ws/devel/.private/ur_dashboard_msgs/share/common-lisp/ros/ur_dashboard_msgs/msg/RobotMode.lisp, /home/student/universal_robots_ws/devel/share/common-lisp/ros/ur_dashboard_msgs/msg/RobotMode.lisp)
Cleaning: (/home/student/universal_robots_ws/devel/.private/ur_dashboard_msgs/share/common-lisp/ros/ur_dashboard_msgs/msg/SetModeGoal.lisp, /home/student/universal_robots_ws/devel/share/common-lisp/ros/ur_dashboard_msgs/msg/SetModeGoal.lisp)
Cleaning: (/home/student/universal_robots_ws/devel/.private/ur_dashboard_msgs/share/common-lisp/ros/ur_dashboard_msgs/msg/_package_SetModeResult.lisp, /home/student/universal_robots_ws/devel/share/common-lisp/ros/ur_dashboard_msgs/msg/_package_SetModeResult.lisp)
Cleaning: (/home/student/universal_robots_ws/devel/.private/ur_dashboard_msgs/share/common-lisp/ros/ur_dashboard_msgs/msg/_package_SetModeFeedback.lisp, /home/student/universal_robots_ws/devel/share/common-lisp/ros/ur_dashboard_msgs/msg/_package_SetModeFeedback.lisp)
Cleaning: (/home/student/universal_robots_ws/devel/.private/ur_dashboard_msgs/share/common-lisp/ros/ur_dashboard_msgs/msg/_package_RobotMode.lisp, /home/student/universal_robots_ws/devel/share/common-lisp/ros/ur_dashboard_msgs/msg/_package_RobotMode.lisp)
Cleaning: (/home/student/universal_robots_ws/devel/.private/ur_dashboard_msgs/share/common-lisp/ros/ur_dashboard_msgs/srv/RawRequest.lisp, /home/student/universal_robots_ws/devel/share/common-lisp/ros/ur_dashboard_msgs/srv/RawRequest.lisp)
Cleaning: (/home/student/universal_robots_ws/devel/.private/ur_dashboard_msgs/share/common-lisp/ros/ur_dashboard_msgs/srv/_package_Load.lisp, /home/student/universal_robots_ws/devel/share/common-lisp/ros/ur_dashboard_msgs/srv/_package_Load.lisp)
Cleaning: (/home/student/universal_robots_ws/devel/.private/ur_dashboard_msgs/share/common-lisp/ros/ur_dashboard_msgs/srv/_package_RawRequest.lisp, /home/student/universal_robots_ws/devel/share/common-lisp/ros/ur_dashboard_msgs/srv/_package_RawRequest.lisp)
Cleaning: (/home/student/universal_robots_ws/devel/.private/ur_dashboard_msgs/share/common-lisp/ros/ur_dashboard_msgs/srv/_package_GetRobotMode.lisp, /home/student/universal_robots_ws/devel/share/common-lisp/ros/ur_dashboard_msgs/srv/_package_GetRobotMode.lisp)
Cleaning: (/home/student/universal_robots_ws/devel/.private/ur_dashboard_msgs/share/common-lisp/ros/ur_dashboard_msgs/srv/_package.lisp, /home/student/universal_robots_ws/devel/share/common-lisp/ros/ur_dashboard_msgs/srv/_package.lisp)
Cleaning: (/home/student/universal_robots_ws/devel/.private/ur_dashboard_msgs/share/common-lisp/ros/ur_dashboard_msgs/srv/GetProgramState.lisp, /home/student/universal_robots_ws/devel/share/common-lisp/ros/ur_dashboard_msgs/srv/GetProgramState.lisp)
Cleaning: (/home/student/universal_robots_ws/devel/.private/ur_dashboard_msgs/share/common-lisp/ros/ur_dashboard_msgs/srv/Load.lisp, /home/student/universal_robots_ws/devel/share/common-lisp/ros/ur_dashboard_msgs/srv/Load.lisp)
Cleaning: (/home/student/universal_robots_ws/devel/.private/ur_dashboard_msgs/share/common-lisp/ros/ur_dashboard_msgs/srv/AddToLog.lisp, /home/student/universal_robots_ws/devel/share/common-lisp/ros/ur_dashboard_msgs/srv/AddToLog.lisp)
Cleaning: (/home/student/universal_robots_ws/devel/.private/ur_dashboard_msgs/share/common-lisp/ros/ur_dashboard_msgs/srv/_package_Popup.lisp, /home/student/universal_robots_ws/devel/share/common-lisp/ros/ur_dashboard_msgs/srv/_package_Popup.lisp)
Cleaning: (/home/student/universal_robots_ws/devel/.private/ur_dashboard_msgs/share/common-lisp/ros/ur_dashboard_msgs/srv/Popup.lisp, /home/student/universal_robots_ws/devel/share/common-lisp/ros/ur_dashboard_msgs/srv/Popup.lisp)
Cleaning: (/home/student/universal_robots_ws/devel/.private/ur_dashboard_msgs/share/common-lisp/ros/ur_dashboard_msgs/srv/_package_GetLoadedProgram.lisp, /home/student/universal_robots_ws/devel/share/common-lisp/ros/ur_dashboard_msgs/srv/_package_GetLoadedProgram.lisp)
Cleaning: (/home/student/universal_robots_ws/devel/.private/ur_dashboard_msgs/share/common-lisp/ros/ur_dashboard_msgs/srv/IsProgramSaved.lisp, /home/student/universal_robots_ws/devel/share/common-lisp/ros/ur_dashboard_msgs/srv/IsProgramSaved.lisp)
Cleaning: (/home/student/universal_robots_ws/devel/.private/ur_dashboard_msgs/share/common-lisp/ros/ur_dashboard_msgs/srv/_package_GetProgramState.lisp, /home/student/universal_robots_ws/devel/share/common-lisp/ros/ur_dashboard_msgs/srv/_package_GetProgramState.lisp)
Cleaning: (/home/student/universal_robots_ws/devel/.private/ur_dashboard_msgs/share/common-lisp/ros/ur_dashboard_msgs/srv/GetSafetyMode.lisp, /home/student/universal_robots_ws/devel/share/common-lisp/ros/ur_dashboard_msgs/srv/GetSafetyMode.lisp)
Cleaning: (/home/student/universal_robots_ws/devel/.private/ur_dashboard_msgs/share/common-lisp/ros/ur_dashboard_msgs/srv/GetLoadedProgram.lisp, /home/student/universal_robots_ws/devel/share/common-lisp/ros/ur_dashboard_msgs/srv/GetLoadedProgram.lisp)
Cleaning: (/home/student/universal_robots_ws/devel/.private/ur_dashboard_msgs/share/common-lisp/ros/ur_dashboard_msgs/srv/_package_AddToLog.lisp, /home/student/universal_robots_ws/devel/share/common-lisp/ros/ur_dashboard_msgs/srv/_package_AddToLog.lisp)
Cleaning: (/home/student/universal_robots_ws/devel/.private/ur_dashboard_msgs/share/common-lisp/ros/ur_dashboard_msgs/srv/IsProgramRunning.lisp, /home/student/universal_robots_ws/devel/share/common-lisp/ros/ur_dashboard_msgs/srv/IsProgramRunning.lisp)
Cleaning: (/home/student/universal_robots_ws/devel/.private/ur_dashboard_msgs/share/common-lisp/ros/ur_dashboard_msgs/srv/GetRobotMode.lisp, /home/student/universal_robots_ws/devel/share/common-lisp/ros/ur_dashboard_msgs/srv/GetRobotMode.lisp)
Cleaning: (/home/student/universal_robots_ws/devel/.private/ur_dashboard_msgs/share/common-lisp/ros/ur_dashboard_msgs/srv/_package_IsProgramSaved.lisp, /home/student/universal_robots_ws/devel/share/common-lisp/ros/ur_dashboard_msgs/srv/_package_IsProgramSaved.lisp)
Cleaning: (/home/student/universal_robots_ws/devel/.private/ur_dashboard_msgs/share/common-lisp/ros/ur_dashboard_msgs/srv/_package_IsProgramRunning.lisp, /home/student/universal_robots_ws/devel/share/common-lisp/ros/ur_dashboard_msgs/srv/_package_IsProgramRunning.lisp)
Cleaning: (/home/student/universal_robots_ws/devel/.private/ur_dashboard_msgs/share/common-lisp/ros/ur_dashboard_msgs/srv/ur_dashboard_msgs-srv.asd, /home/student/universal_robots_ws/devel/share/common-lisp/ros/ur_dashboard_msgs/srv/ur_dashboard_msgs-srv.asd)
Cleaning: (/home/student/universal_robots_ws/devel/.private/ur_dashboard_msgs/share/common-lisp/ros/ur_dashboard_msgs/srv/_package_GetSafetyMode.lisp, /home/student/universal_robots_ws/devel/share/common-lisp/ros/ur_dashboard_msgs/srv/_package_GetSafetyMode.lisp)
Unlinking: /home/student/universal_robots_ws/devel/include/ur_dashboard_msgs/AddToLog.h
Already unlinked: {}
Unlinking: /home/student/universal_robots_ws/devel/include/ur_dashboard_msgs/IsProgramSavedRequest.h
Already unlinked: {}
Unlinking: /home/student/universal_robots_ws/devel/include/ur_dashboard_msgs/IsProgramRunningRequest.h
Already unlinked: {}
Unlinking: /home/student/universal_robots_ws/devel/include/ur_dashboard_msgs/GetRobotMode.h
Already unlinked: {}
Unlinking: /home/student/universal_robots_ws/devel/include/ur_dashboard_msgs/SetModeActionResult.h
Already unlinked: {}
Unlinking: /home/student/universal_robots_ws/devel/include/ur_dashboard_msgs/RawRequest.h
Already unlinked: {}
Unlinking: /home/student/universal_robots_ws/devel/include/ur_dashboard_msgs/GetProgramState.h
Already unlinked: {}
Unlinking: /home/student/universal_robots_ws/devel/include/ur_dashboard_msgs/PopupResponse.h
Already unlinked: {}
Unlinking: /home/student/universal_robots_ws/devel/include/ur_dashboard_msgs/AddToLogResponse.h
Already unlinked: {}
Unlinking: /home/student/universal_robots_ws/devel/include/ur_dashboard_msgs/AddToLogRequest.h
Already unlinked: {}
Unlinking: /home/student/universal_robots_ws/devel/include/ur_dashboard_msgs/GetRobotModeResponse.h
Already unlinked: {}
Unlinking: /home/student/universal_robots_ws/devel/include/ur_dashboard_msgs/SetModeAction.h
Already unlinked: {}
Unlinking: /home/student/universal_robots_ws/devel/include/ur_dashboard_msgs/RobotMode.h
Already unlinked: {}
Unlinking: /home/student/universal_robots_ws/devel/include/ur_dashboard_msgs/GetSafetyMode.h
Already unlinked: {}
Unlinking: /home/student/universal_robots_ws/devel/include/ur_dashboard_msgs/PopupRequest.h
Already unlinked: {}
Unlinking: /home/student/universal_robots_ws/devel/include/ur_dashboard_msgs/GetProgramStateResponse.h
Already unlinked: {}
Unlinking: /home/student/universal_robots_ws/devel/include/ur_dashboard_msgs/SafetyMode.h
Already unlinked: {}
Unlinking: /home/student/universal_robots_ws/devel/include/ur_dashboard_msgs/Load.h
Already unlinked: {}
Unlinking: /home/student/universal_robots_ws/devel/include/ur_dashboard_msgs/SetModeActionFeedback.h
Already unlinked: {}
Unlinking: /home/student/universal_robots_ws/devel/include/ur_dashboard_msgs/IsProgramRunningResponse.h
Already unlinked: {}
Unlinking: /home/student/universal_robots_ws/devel/include/ur_dashboard_msgs/SetModeResult.h
Already unlinked: {}
Unlinking: /home/student/universal_robots_ws/devel/include/ur_dashboard_msgs/GetSafetyModeResponse.h
Already unlinked: {}
Unlinking: /home/student/universal_robots_ws/devel/include/ur_dashboard_msgs/GetLoadedProgramRequest.h
Already unlinked: {}
Unlinking: /home/student/universal_robots_ws/devel/include/ur_dashboard_msgs/Popup.h
Already unlinked: {}
Unlinking: /home/student/universal_robots_ws/devel/include/ur_dashboard_msgs/RawRequestRequest.h
Already unlinked: {}
Unlinking: /home/student/universal_robots_ws/devel/include/ur_dashboard_msgs/GetLoadedProgramResponse.h
Already unlinked: {}
Unlinking: /home/student/universal_robots_ws/devel/include/ur_dashboard_msgs/IsProgramRunning.h
Already unlinked: {}
Unlinking: /home/student/universal_robots_ws/devel/include/ur_dashboard_msgs/SetModeActionGoal.h
Already unlinked: {}
Unlinking: /home/student/universal_robots_ws/devel/include/ur_dashboard_msgs/ProgramState.h
Already unlinked: {}
Unlinking: /home/student/universal_robots_ws/devel/include/ur_dashboard_msgs/IsProgramSavedResponse.h
Already unlinked: {}
Unlinking: /home/student/universal_robots_ws/devel/include/ur_dashboard_msgs/GetSafetyModeRequest.h
Already unlinked: {}
Unlinking: /home/student/universal_robots_ws/devel/include/ur_dashboard_msgs/LoadResponse.h
Already unlinked: {}
Unlinking: /home/student/universal_robots_ws/devel/include/ur_dashboard_msgs/IsProgramSaved.h
Already unlinked: {}
Unlinking: /home/student/universal_robots_ws/devel/include/ur_dashboard_msgs/SetModeGoal.h
Already unlinked: {}
Unlinking: /home/student/universal_robots_ws/devel/include/ur_dashboard_msgs/SetModeFeedback.h
Already unlinked: {}
Unlinking: /home/student/universal_robots_ws/devel/include/ur_dashboard_msgs/GetRobotModeRequest.h
Already unlinked: {}
Unlinking: /home/student/universal_robots_ws/devel/include/ur_dashboard_msgs/GetLoadedProgram.h
Already unlinked: {}
Unlinking: /home/student/universal_robots_ws/devel/include/ur_dashboard_msgs/GetProgramStateRequest.h
Already unlinked: {}
Unlinking: /home/student/universal_robots_ws/devel/include/ur_dashboard_msgs/LoadRequest.h
Already unlinked: {}
Unlinking: /home/student/universal_robots_ws/devel/include/ur_dashboard_msgs/RawRequestResponse.h
Already unlinked: {}
Unlinking: /home/student/universal_robots_ws/devel/lib/python2.7/dist-packages/ur_dashboard_msgs/__init__.py
Already unlinked: {}
Unlinking: /home/student/universal_robots_ws/devel/lib/python2.7/dist-packages/ur_dashboard_msgs/msg/_SetModeFeedback.py
Already unlinked: {}
Unlinking: /home/student/universal_robots_ws/devel/lib/python2.7/dist-packages/ur_dashboard_msgs/msg/_SetModeActionFeedback.py
Already unlinked: {}
Unlinking: /home/student/universal_robots_ws/devel/lib/python2.7/dist-packages/ur_dashboard_msgs/msg/_SetModeAction.py
Already unlinked: {}
Unlinking: /home/student/universal_robots_ws/devel/lib/python2.7/dist-packages/ur_dashboard_msgs/msg/_ProgramState.py
Already unlinked: {}
Unlinking: /home/student/universal_robots_ws/devel/lib/python2.7/dist-packages/ur_dashboard_msgs/msg/_SetModeActionGoal.py
Already unlinked: {}
Unlinking: /home/student/universal_robots_ws/devel/lib/python2.7/dist-packages/ur_dashboard_msgs/msg/__init__.py
Already unlinked: {}
Unlinking: /home/student/universal_robots_ws/devel/lib/python2.7/dist-packages/ur_dashboard_msgs/msg/_SetModeResult.py
Already unlinked: {}
Unlinking: /home/student/universal_robots_ws/devel/lib/python2.7/dist-packages/ur_dashboard_msgs/msg/_SafetyMode.py
Already unlinked: {}
Unlinking: /home/student/universal_robots_ws/devel/lib/python2.7/dist-packages/ur_dashboard_msgs/msg/_RobotMode.py
Already unlinked: {}
Unlinking: /home/student/universal_robots_ws/devel/lib/python2.7/dist-packages/ur_dashboard_msgs/msg/_SetModeGoal.py
Already unlinked: {}
Unlinking: /home/student/universal_robots_ws/devel/lib/python2.7/dist-packages/ur_dashboard_msgs/msg/_SetModeActionResult.py
Already unlinked: {}
Unlinking: /home/student/universal_robots_ws/devel/lib/python2.7/dist-packages/ur_dashboard_msgs/srv/_GetLoadedProgram.py
Already unlinked: {}
Unlinking: /home/student/universal_robots_ws/devel/lib/python2.7/dist-packages/ur_dashboard_msgs/srv/_Popup.py
Already unlinked: {}
Unlinking: /home/student/universal_robots_ws/devel/lib/python2.7/dist-packages/ur_dashboard_msgs/srv/_GetRobotMode.py
Already unlinked: {}
Unlinking: /home/student/universal_robots_ws/devel/lib/python2.7/dist-packages/ur_dashboard_msgs/srv/__init__.py
Already unlinked: {}
Unlinking: /home/student/universal_robots_ws/devel/lib/python2.7/dist-packages/ur_dashboard_msgs/srv/_GetProgramState.py
Already unlinked: {}
Unlinking: /home/student/universal_robots_ws/devel/lib/python2.7/dist-packages/ur_dashboard_msgs/srv/_Load.py
Already unlinked: {}
Unlinking: /home/student/universal_robots_ws/devel/lib/python2.7/dist-packages/ur_dashboard_msgs/srv/_RawRequest.py
Already unlinked: {}
Unlinking: /home/student/universal_robots_ws/devel/lib/python2.7/dist-packages/ur_dashboard_msgs/srv/_GetSafetyMode.py
Already unlinked: {}
Unlinking: /home/student/universal_robots_ws/devel/lib/python2.7/dist-packages/ur_dashboard_msgs/srv/_IsProgramSaved.py
Already unlinked: {}
Unlinking: /home/student/universal_robots_ws/devel/lib/python2.7/dist-packages/ur_dashboard_msgs/srv/_AddToLog.py
Already unlinked: {}
Unlinking: /home/student/universal_robots_ws/devel/lib/python2.7/dist-packages/ur_dashboard_msgs/srv/_IsProgramRunning.py
Already unlinked: {}
Unlinking: /home/student/universal_robots_ws/devel/lib/pkgconfig/ur_dashboard_msgs.pc
Already unlinked: {}
Unlinking: /home/student/universal_robots_ws/devel/share/ur_dashboard_msgs/msg/SetModeGoal.msg
Already unlinked: {}
Unlinking: /home/student/universal_robots_ws/devel/share/ur_dashboard_msgs/msg/SetModeFeedback.msg
Already unlinked: {}
Unlinking: /home/student/universal_robots_ws/devel/share/ur_dashboard_msgs/msg/SetModeActionGoal.msg
Already unlinked: {}
Unlinking: /home/student/universal_robots_ws/devel/share/ur_dashboard_msgs/msg/SetModeActionFeedback.msg
Already unlinked: {}
Unlinking: /home/student/universal_robots_ws/devel/share/ur_dashboard_msgs/msg/SetModeActionResult.msg
Already unlinked: {}
Unlinking: /home/student/universal_robots_ws/devel/share/ur_dashboard_msgs/msg/SetModeResult.msg
Already unlinked: {}
Unlinking: /home/student/universal_robots_ws/devel/share/ur_dashboard_msgs/msg/SetModeAction.msg
Already unlinked: {}
Unlinking: /home/student/universal_robots_ws/devel/share/ur_dashboard_msgs/cmake/ur_dashboard_msgsConfig.cmake
Already unlinked: {}
Unlinking: /home/student/universal_robots_ws/devel/share/ur_dashboard_msgs/cmake/ur_dashboard_msgs-msg-extras.cmake
Already unlinked: {}
Unlinking: /home/student/universal_robots_ws/devel/share/ur_dashboard_msgs/cmake/ur_dashboard_msgs-msg-paths.cmake
Already unlinked: {}
Unlinking: /home/student/universal_robots_ws/devel/share/ur_dashboard_msgs/cmake/ur_dashboard_msgsConfig-version.cmake
Already unlinked: {}
Unlinking: /home/student/universal_robots_ws/devel/share/gennodejs/ros/ur_dashboard_msgs/_index.js
Already unlinked: {}
Unlinking: /home/student/universal_robots_ws/devel/share/gennodejs/ros/ur_dashboard_msgs/msg/SetModeGoal.js
Already unlinked: {}
Unlinking: /home/student/universal_robots_ws/devel/share/gennodejs/ros/ur_dashboard_msgs/msg/SetModeFeedback.js
Already unlinked: {}
Unlinking: /home/student/universal_robots_ws/devel/share/gennodejs/ros/ur_dashboard_msgs/msg/SafetyMode.js
Already unlinked: {}
Unlinking: /home/student/universal_robots_ws/devel/share/gennodejs/ros/ur_dashboard_msgs/msg/SetModeAction.js
Already unlinked: {}
Unlinking: /home/student/universal_robots_ws/devel/share/gennodejs/ros/ur_dashboard_msgs/msg/SetModeActionResult.js
Already unlinked: {}
Unlinking: /home/student/universal_robots_ws/devel/share/gennodejs/ros/ur_dashboard_msgs/msg/RobotMode.js
Already unlinked: {}
Unlinking: /home/student/universal_robots_ws/devel/share/gennodejs/ros/ur_dashboard_msgs/msg/SetModeResult.js
Already unlinked: {}
Unlinking: /home/student/universal_robots_ws/devel/share/gennodejs/ros/ur_dashboard_msgs/msg/SetModeActionFeedback.js
Already unlinked: {}
Unlinking: /home/student/universal_robots_ws/devel/share/gennodejs/ros/ur_dashboard_msgs/msg/_index.js
Already unlinked: {}
Unlinking: /home/student/universal_robots_ws/devel/share/gennodejs/ros/ur_dashboard_msgs/msg/ProgramState.js
Already unlinked: {}
Unlinking: /home/student/universal_robots_ws/devel/share/gennodejs/ros/ur_dashboard_msgs/msg/SetModeActionGoal.js
Already unlinked: {}
Unlinking: /home/student/universal_robots_ws/devel/share/gennodejs/ros/ur_dashboard_msgs/srv/IsProgramSaved.js
Already unlinked: {}
Unlinking: /home/student/universal_robots_ws/devel/share/gennodejs/ros/ur_dashboard_msgs/srv/RawRequest.js
Already unlinked: {}
Unlinking: /home/student/universal_robots_ws/devel/share/gennodejs/ros/ur_dashboard_msgs/srv/Load.js
Already unlinked: {}
Unlinking: /home/student/universal_robots_ws/devel/share/gennodejs/ros/ur_dashboard_msgs/srv/GetRobotMode.js
Already unlinked: {}
Unlinking: /home/student/universal_robots_ws/devel/share/gennodejs/ros/ur_dashboard_msgs/srv/Popup.js
Already unlinked: {}
Unlinking: /home/student/universal_robots_ws/devel/share/gennodejs/ros/ur_dashboard_msgs/srv/GetProgramState.js
Already unlinked: {}
Unlinking: /home/student/universal_robots_ws/devel/share/gennodejs/ros/ur_dashboard_msgs/srv/IsProgramRunning.js
Already unlinked: {}
Unlinking: /home/student/universal_robots_ws/devel/share/gennodejs/ros/ur_dashboard_msgs/srv/GetSafetyMode.js
Already unlinked: {}
Unlinking: /home/student/universal_robots_ws/devel/share/gennodejs/ros/ur_dashboard_msgs/srv/GetLoadedProgram.js
Already unlinked: {}
Unlinking: /home/student/universal_robots_ws/devel/share/gennodejs/ros/ur_dashboard_msgs/srv/_index.js
Already unlinked: {}
Unlinking: /home/student/universal_robots_ws/devel/share/gennodejs/ros/ur_dashboard_msgs/srv/AddToLog.js
Already unlinked: {}
Unlinking: /home/student/universal_robots_ws/devel/share/roseus/ros/ur_dashboard_msgs/manifest.l
Already unlinked: {}
Unlinking: /home/student/universal_robots_ws/devel/share/roseus/ros/ur_dashboard_msgs/msg/SafetyMode.l
Already unlinked: {}
Unlinking: /home/student/universal_robots_ws/devel/share/roseus/ros/ur_dashboard_msgs/msg/SetModeActionGoal.l
Already unlinked: {}
Unlinking: /home/student/universal_robots_ws/devel/share/roseus/ros/ur_dashboard_msgs/msg/SetModeAction.l
Already unlinked: {}
Unlinking: /home/student/universal_robots_ws/devel/share/roseus/ros/ur_dashboard_msgs/msg/ProgramState.l
Already unlinked: {}
Unlinking: /home/student/universal_robots_ws/devel/share/roseus/ros/ur_dashboard_msgs/msg/RobotMode.l
Already unlinked: {}
Unlinking: /home/student/universal_robots_ws/devel/share/roseus/ros/ur_dashboard_msgs/msg/SetModeResult.l
Already unlinked: {}
Unlinking: /home/student/universal_robots_ws/devel/share/roseus/ros/ur_dashboard_msgs/msg/SetModeActionFeedback.l
Already unlinked: {}
Unlinking: /home/student/universal_robots_ws/devel/share/roseus/ros/ur_dashboard_msgs/msg/SetModeActionResult.l
Already unlinked: {}
Unlinking: /home/student/universal_robots_ws/devel/share/roseus/ros/ur_dashboard_msgs/msg/SetModeGoal.l
Already unlinked: {}
Unlinking: /home/student/universal_robots_ws/devel/share/roseus/ros/ur_dashboard_msgs/msg/SetModeFeedback.l
Already unlinked: {}
Unlinking: /home/student/universal_robots_ws/devel/share/roseus/ros/ur_dashboard_msgs/srv/AddToLog.l
Already unlinked: {}
Unlinking: /home/student/universal_robots_ws/devel/share/roseus/ros/ur_dashboard_msgs/srv/GetRobotMode.l
Already unlinked: {}
Unlinking: /home/student/universal_robots_ws/devel/share/roseus/ros/ur_dashboard_msgs/srv/Popup.l
Already unlinked: {}
Unlinking: /home/student/universal_robots_ws/devel/share/roseus/ros/ur_dashboard_msgs/srv/Load.l
Already unlinked: {}
Unlinking: /home/student/universal_robots_ws/devel/share/roseus/ros/ur_dashboard_msgs/srv/GetProgramState.l
Already unlinked: {}
Unlinking: /home/student/universal_robots_ws/devel/share/roseus/ros/ur_dashboard_msgs/srv/IsProgramSaved.l
Already unlinked: {}
Unlinking: /home/student/universal_robots_ws/devel/share/roseus/ros/ur_dashboard_msgs/srv/IsProgramRunning.l
Already unlinked: {}
Unlinking: /home/student/universal_robots_ws/devel/share/roseus/ros/ur_dashboard_msgs/srv/GetLoadedProgram.l
Already unlinked: {}
Unlinking: /home/student/universal_robots_ws/devel/share/roseus/ros/ur_dashboard_msgs/srv/GetSafetyMode.l
Already unlinked: {}
Unlinking: /home/student/universal_robots_ws/devel/share/roseus/ros/ur_dashboard_msgs/srv/RawRequest.l
Already unlinked: {}
Unlinking: /home/student/universal_robots_ws/devel/share/common-lisp/ros/ur_dashboard_msgs/msg/SetModeActionGoal.lisp
Already unlinked: {}
Unlinking: /home/student/universal_robots_ws/devel/share/common-lisp/ros/ur_dashboard_msgs/msg/ur_dashboard_msgs-msg.asd
Already unlinked: {}
Unlinking: /home/student/universal_robots_ws/devel/share/common-lisp/ros/ur_dashboard_msgs/msg/_package_SetModeActionFeedback.lisp
Already unlinked: {}
Unlinking: /home/student/universal_robots_ws/devel/share/common-lisp/ros/ur_dashboard_msgs/msg/_package.lisp
Already unlinked: {}
Unlinking: /home/student/universal_robots_ws/devel/share/common-lisp/ros/ur_dashboard_msgs/msg/SetModeActionFeedback.lisp
Already unlinked: {}
Unlinking: /home/student/universal_robots_ws/devel/share/common-lisp/ros/ur_dashboard_msgs/msg/SetModeActionResult.lisp
Already unlinked: {}
Unlinking: /home/student/universal_robots_ws/devel/share/common-lisp/ros/ur_dashboard_msgs/msg/_package_SetModeActionGoal.lisp
Already unlinked: {}
Unlinking: /home/student/universal_robots_ws/devel/share/common-lisp/ros/ur_dashboard_msgs/msg/SetModeAction.lisp
Already unlinked: {}
Unlinking: /home/student/universal_robots_ws/devel/share/common-lisp/ros/ur_dashboard_msgs/msg/SetModeFeedback.lisp
Already unlinked: {}
Unlinking: /home/student/universal_robots_ws/devel/share/common-lisp/ros/ur_dashboard_msgs/msg/_package_ProgramState.lisp
Already unlinked: {}
Unlinking: /home/student/universal_robots_ws/devel/share/common-lisp/ros/ur_dashboard_msgs/msg/_package_SetModeActionResult.lisp
Already unlinked: {}
Unlinking: /home/student/universal_robots_ws/devel/share/common-lisp/ros/ur_dashboard_msgs/msg/SafetyMode.lisp
Already unlinked: {}
Unlinking: /home/student/universal_robots_ws/devel/share/common-lisp/ros/ur_dashboard_msgs/msg/_package_SetModeGoal.lisp
Already unlinked: {}
Unlinking: /home/student/universal_robots_ws/devel/share/common-lisp/ros/ur_dashboard_msgs/msg/ProgramState.lisp
Already unlinked: {}
Unlinking: /home/student/universal_robots_ws/devel/share/common-lisp/ros/ur_dashboard_msgs/msg/_package_SetModeAction.lisp
Already unlinked: {}
Unlinking: /home/student/universal_robots_ws/devel/share/common-lisp/ros/ur_dashboard_msgs/msg/_package_SafetyMode.lisp
Already unlinked: {}
Unlinking: /home/student/universal_robots_ws/devel/share/common-lisp/ros/ur_dashboard_msgs/msg/SetModeResult.lisp
Already unlinked: {}
Unlinking: /home/student/universal_robots_ws/devel/share/common-lisp/ros/ur_dashboard_msgs/msg/RobotMode.lisp
Already unlinked: {}
Unlinking: /home/student/universal_robots_ws/devel/share/common-lisp/ros/ur_dashboard_msgs/msg/SetModeGoal.lisp
Already unlinked: {}
Unlinking: /home/student/universal_robots_ws/devel/share/common-lisp/ros/ur_dashboard_msgs/msg/_package_SetModeResult.lisp
Already unlinked: {}
Unlinking: /home/student/universal_robots_ws/devel/share/common-lisp/ros/ur_dashboard_msgs/msg/_package_SetModeFeedback.lisp
Already unlinked: {}
Unlinking: /home/student/universal_robots_ws/devel/share/common-lisp/ros/ur_dashboard_msgs/msg/_package_RobotMode.lisp
Already unlinked: {}
Unlinking: /home/student/universal_robots_ws/devel/share/common-lisp/ros/ur_dashboard_msgs/srv/RawRequest.lisp
Already unlinked: {}
Unlinking: /home/student/universal_robots_ws/devel/share/common-lisp/ros/ur_dashboard_msgs/srv/_package_Load.lisp
Already unlinked: {}
Unlinking: /home/student/universal_robots_ws/devel/share/common-lisp/ros/ur_dashboard_msgs/srv/_package_RawRequest.lisp
Already unlinked: {}
Unlinking: /home/student/universal_robots_ws/devel/share/common-lisp/ros/ur_dashboard_msgs/srv/_package_GetRobotMode.lisp
Already unlinked: {}
Unlinking: /home/student/universal_robots_ws/devel/share/common-lisp/ros/ur_dashboard_msgs/srv/_package.lisp
Already unlinked: {}
Unlinking: /home/student/universal_robots_ws/devel/share/common-lisp/ros/ur_dashboard_msgs/srv/GetProgramState.lisp
Already unlinked: {}
Unlinking: /home/student/universal_robots_ws/devel/share/common-lisp/ros/ur_dashboard_msgs/srv/Load.lisp
Already unlinked: {}
Unlinking: /home/student/universal_robots_ws/devel/share/common-lisp/ros/ur_dashboard_msgs/srv/AddToLog.lisp
Already unlinked: {}
Unlinking: /home/student/universal_robots_ws/devel/share/common-lisp/ros/ur_dashboard_msgs/srv/_package_Popup.lisp
Already unlinked: {}
Unlinking: /home/student/universal_robots_ws/devel/share/common-lisp/ros/ur_dashboard_msgs/srv/Popup.lisp
Already unlinked: {}
Unlinking: /home/student/universal_robots_ws/devel/share/common-lisp/ros/ur_dashboard_msgs/srv/_package_GetLoadedProgram.lisp
Already unlinked: {}
Unlinking: /home/student/universal_robots_ws/devel/share/common-lisp/ros/ur_dashboard_msgs/srv/IsProgramSaved.lisp
Already unlinked: {}
Unlinking: /home/student/universal_robots_ws/devel/share/common-lisp/ros/ur_dashboard_msgs/srv/_package_GetProgramState.lisp
Already unlinked: {}
Unlinking: /home/student/universal_robots_ws/devel/share/common-lisp/ros/ur_dashboard_msgs/srv/GetSafetyMode.lisp
Already unlinked: {}
Unlinking: /home/student/universal_robots_ws/devel/share/common-lisp/ros/ur_dashboard_msgs/srv/GetLoadedProgram.lisp
Already unlinked: {}
Unlinking: /home/student/universal_robots_ws/devel/share/common-lisp/ros/ur_dashboard_msgs/srv/_package_AddToLog.lisp
Already unlinked: {}
Unlinking: /home/student/universal_robots_ws/devel/share/common-lisp/ros/ur_dashboard_msgs/srv/IsProgramRunning.lisp
Already unlinked: {}
Unlinking: /home/student/universal_robots_ws/devel/share/common-lisp/ros/ur_dashboard_msgs/srv/GetRobotMode.lisp
Already unlinked: {}
Unlinking: /home/student/universal_robots_ws/devel/share/common-lisp/ros/ur_dashboard_msgs/srv/_package_IsProgramSaved.lisp
Already unlinked: {}
Unlinking: /home/student/universal_robots_ws/devel/share/common-lisp/ros/ur_dashboard_msgs/srv/_package_IsProgramRunning.lisp
Already unlinked: {}
Unlinking: /home/student/universal_robots_ws/devel/share/common-lisp/ros/ur_dashboard_msgs/srv/ur_dashboard_msgs-srv.asd
Already unlinked: {}
Unlinking: /home/student/universal_robots_ws/devel/share/common-lisp/ros/ur_dashboard_msgs/srv/_package_GetSafetyMode.lisp
Already unlinked: {}
