Determining if the pthread_create exist failed with the following output:
Change Dir: /home/student/LJ2_P4_ROS_Groep1/universal_robots_ws/build/my_demo/CMakeFiles/CMakeTmp

Run Build Command:"/usr/bin/make" "cmTC_72849/fast"
/usr/bin/make -f CMakeFiles/cmTC_72849.dir/build.make CMakeFiles/cmTC_72849.dir/build
make[1]: Entering directory '/home/student/LJ2_P4_ROS_Groep1/universal_robots_ws/build/my_demo/CMakeFiles/CMakeTmp'
Building C object CMakeFiles/cmTC_72849.dir/CheckSymbolExists.c.o
/usr/bin/cc    -o CMakeFiles/cmTC_72849.dir/CheckSymbolExists.c.o   -c /home/student/LJ2_P4_ROS_Groep1/universal_robots_ws/build/my_demo/CMakeFiles/CMakeTmp/CheckSymbolExists.c
Linking C executable cmTC_72849
/usr/bin/cmake -E cmake_link_script CMakeFiles/cmTC_72849.dir/link.txt --verbose=1
/usr/bin/cc      -rdynamic CMakeFiles/cmTC_72849.dir/CheckSymbolExists.c.o  -o cmTC_72849 
CMakeFiles/cmTC_72849.dir/CheckSymbolExists.c.o: In function `main':
CheckSymbolExists.c:(.text+0x1b): undefined reference to `pthread_create'
collect2: error: ld returned 1 exit status
CMakeFiles/cmTC_72849.dir/build.make:97: recipe for target 'cmTC_72849' failed
make[1]: *** [cmTC_72849] Error 1
make[1]: Leaving directory '/home/student/LJ2_P4_ROS_Groep1/universal_robots_ws/build/my_demo/CMakeFiles/CMakeTmp'
Makefile:126: recipe for target 'cmTC_72849/fast' failed
make: *** [cmTC_72849/fast] Error 2

File /home/student/LJ2_P4_ROS_Groep1/universal_robots_ws/build/my_demo/CMakeFiles/CMakeTmp/CheckSymbolExists.c:
/* */
#include <pthread.h>

int main(int argc, char** argv)
{
  (void)argv;
#ifndef pthread_create
  return ((int*)(&pthread_create))[argc];
#else
  (void)argc;
  return 0;
#endif
}

Determining if the function pthread_create exists in the pthreads failed with the following output:
Change Dir: /home/student/LJ2_P4_ROS_Groep1/universal_robots_ws/build/my_demo/CMakeFiles/CMakeTmp

Run Build Command:"/usr/bin/make" "cmTC_947db/fast"
/usr/bin/make -f CMakeFiles/cmTC_947db.dir/build.make CMakeFiles/cmTC_947db.dir/build
make[1]: Entering directory '/home/student/LJ2_P4_ROS_Groep1/universal_robots_ws/build/my_demo/CMakeFiles/CMakeTmp'
Building C object CMakeFiles/cmTC_947db.dir/CheckFunctionExists.c.o
/usr/bin/cc   -DCHECK_FUNCTION_EXISTS=pthread_create   -o CMakeFiles/cmTC_947db.dir/CheckFunctionExists.c.o   -c /usr/share/cmake-3.10/Modules/CheckFunctionExists.c
Linking C executable cmTC_947db
/usr/bin/cmake -E cmake_link_script CMakeFiles/cmTC_947db.dir/link.txt --verbose=1
/usr/bin/cc  -DCHECK_FUNCTION_EXISTS=pthread_create    -rdynamic CMakeFiles/cmTC_947db.dir/CheckFunctionExists.c.o  -o cmTC_947db -lpthreads 
/usr/bin/ld: cannot find -lpthreads
collect2: error: ld returned 1 exit status
CMakeFiles/cmTC_947db.dir/build.make:97: recipe for target 'cmTC_947db' failed
make[1]: *** [cmTC_947db] Error 1
make[1]: Leaving directory '/home/student/LJ2_P4_ROS_Groep1/universal_robots_ws/build/my_demo/CMakeFiles/CMakeTmp'
Makefile:126: recipe for target 'cmTC_947db/fast' failed
make: *** [cmTC_947db/fast] Error 2


