Determining if the pthread_create exist failed with the following output:
Change Dir: /home/student/LJ2_P4_ROS_Groep1/universal_robots_ws/build/robotiq_modbus_tcp/CMakeFiles/CMakeTmp

Run Build Command:"/usr/bin/make" "cmTC_616ba/fast"
/usr/bin/make -f CMakeFiles/cmTC_616ba.dir/build.make CMakeFiles/cmTC_616ba.dir/build
make[1]: Entering directory '/home/student/LJ2_P4_ROS_Groep1/universal_robots_ws/build/robotiq_modbus_tcp/CMakeFiles/CMakeTmp'
Building C object CMakeFiles/cmTC_616ba.dir/CheckSymbolExists.c.o
/usr/bin/cc    -o CMakeFiles/cmTC_616ba.dir/CheckSymbolExists.c.o   -c /home/student/LJ2_P4_ROS_Groep1/universal_robots_ws/build/robotiq_modbus_tcp/CMakeFiles/CMakeTmp/CheckSymbolExists.c
Linking C executable cmTC_616ba
/usr/bin/cmake -E cmake_link_script CMakeFiles/cmTC_616ba.dir/link.txt --verbose=1
/usr/bin/cc      -rdynamic CMakeFiles/cmTC_616ba.dir/CheckSymbolExists.c.o  -o cmTC_616ba 
CMakeFiles/cmTC_616ba.dir/CheckSymbolExists.c.o: In function `main':
CheckSymbolExists.c:(.text+0x1b): undefined reference to `pthread_create'
collect2: error: ld returned 1 exit status
CMakeFiles/cmTC_616ba.dir/build.make:97: recipe for target 'cmTC_616ba' failed
make[1]: *** [cmTC_616ba] Error 1
make[1]: Leaving directory '/home/student/LJ2_P4_ROS_Groep1/universal_robots_ws/build/robotiq_modbus_tcp/CMakeFiles/CMakeTmp'
Makefile:126: recipe for target 'cmTC_616ba/fast' failed
make: *** [cmTC_616ba/fast] Error 2

File /home/student/LJ2_P4_ROS_Groep1/universal_robots_ws/build/robotiq_modbus_tcp/CMakeFiles/CMakeTmp/CheckSymbolExists.c:
/* */
#include <pthread.h>

int main(int argc, char** argv)
{
  (void)argv;
#ifndef pthread_create
  return ((int*)(&pthread_create))[argc];
#else
  (void)argc;
  return 0;
#endif
}

Determining if the function pthread_create exists in the pthreads failed with the following output:
Change Dir: /home/student/LJ2_P4_ROS_Groep1/universal_robots_ws/build/robotiq_modbus_tcp/CMakeFiles/CMakeTmp

Run Build Command:"/usr/bin/make" "cmTC_d6c9e/fast"
/usr/bin/make -f CMakeFiles/cmTC_d6c9e.dir/build.make CMakeFiles/cmTC_d6c9e.dir/build
make[1]: Entering directory '/home/student/LJ2_P4_ROS_Groep1/universal_robots_ws/build/robotiq_modbus_tcp/CMakeFiles/CMakeTmp'
Building C object CMakeFiles/cmTC_d6c9e.dir/CheckFunctionExists.c.o
/usr/bin/cc   -DCHECK_FUNCTION_EXISTS=pthread_create   -o CMakeFiles/cmTC_d6c9e.dir/CheckFunctionExists.c.o   -c /usr/share/cmake-3.10/Modules/CheckFunctionExists.c
Linking C executable cmTC_d6c9e
/usr/bin/cmake -E cmake_link_script CMakeFiles/cmTC_d6c9e.dir/link.txt --verbose=1
/usr/bin/cc  -DCHECK_FUNCTION_EXISTS=pthread_create    -rdynamic CMakeFiles/cmTC_d6c9e.dir/CheckFunctionExists.c.o  -o cmTC_d6c9e -lpthreads 
/usr/bin/ld: cannot find -lpthreads
collect2: error: ld returned 1 exit status
CMakeFiles/cmTC_d6c9e.dir/build.make:97: recipe for target 'cmTC_d6c9e' failed
make[1]: *** [cmTC_d6c9e] Error 1
make[1]: Leaving directory '/home/student/LJ2_P4_ROS_Groep1/universal_robots_ws/build/robotiq_modbus_tcp/CMakeFiles/CMakeTmp'
Makefile:126: recipe for target 'cmTC_d6c9e/fast' failed
make: *** [cmTC_d6c9e/fast] Error 2


