Determining if the pthread_create exist failed with the following output:
Change Dir: /home/student/LJ2_P4_ROS_Groep1/universal_robots_ws/build/ur10_moveit_config/CMakeFiles/CMakeTmp

Run Build Command:"/usr/bin/make" "cmTC_baeef/fast"
/usr/bin/make -f CMakeFiles/cmTC_baeef.dir/build.make CMakeFiles/cmTC_baeef.dir/build
make[1]: Entering directory '/home/student/LJ2_P4_ROS_Groep1/universal_robots_ws/build/ur10_moveit_config/CMakeFiles/CMakeTmp'
Building C object CMakeFiles/cmTC_baeef.dir/CheckSymbolExists.c.o
/usr/bin/cc    -o CMakeFiles/cmTC_baeef.dir/CheckSymbolExists.c.o   -c /home/student/LJ2_P4_ROS_Groep1/universal_robots_ws/build/ur10_moveit_config/CMakeFiles/CMakeTmp/CheckSymbolExists.c
Linking C executable cmTC_baeef
/usr/bin/cmake -E cmake_link_script CMakeFiles/cmTC_baeef.dir/link.txt --verbose=1
/usr/bin/cc      -rdynamic CMakeFiles/cmTC_baeef.dir/CheckSymbolExists.c.o  -o cmTC_baeef 
CMakeFiles/cmTC_baeef.dir/CheckSymbolExists.c.o: In function `main':
CheckSymbolExists.c:(.text+0x1b): undefined reference to `pthread_create'
collect2: error: ld returned 1 exit status
CMakeFiles/cmTC_baeef.dir/build.make:97: recipe for target 'cmTC_baeef' failed
make[1]: *** [cmTC_baeef] Error 1
make[1]: Leaving directory '/home/student/LJ2_P4_ROS_Groep1/universal_robots_ws/build/ur10_moveit_config/CMakeFiles/CMakeTmp'
Makefile:126: recipe for target 'cmTC_baeef/fast' failed
make: *** [cmTC_baeef/fast] Error 2

File /home/student/LJ2_P4_ROS_Groep1/universal_robots_ws/build/ur10_moveit_config/CMakeFiles/CMakeTmp/CheckSymbolExists.c:
/* */
#include <pthread.h>

int main(int argc, char** argv)
{
  (void)argv;
#ifndef pthread_create
  return ((int*)(&pthread_create))[argc];
#else
  (void)argc;
  return 0;
#endif
}

Determining if the function pthread_create exists in the pthreads failed with the following output:
Change Dir: /home/student/LJ2_P4_ROS_Groep1/universal_robots_ws/build/ur10_moveit_config/CMakeFiles/CMakeTmp

Run Build Command:"/usr/bin/make" "cmTC_7ac6b/fast"
/usr/bin/make -f CMakeFiles/cmTC_7ac6b.dir/build.make CMakeFiles/cmTC_7ac6b.dir/build
make[1]: Entering directory '/home/student/LJ2_P4_ROS_Groep1/universal_robots_ws/build/ur10_moveit_config/CMakeFiles/CMakeTmp'
Building C object CMakeFiles/cmTC_7ac6b.dir/CheckFunctionExists.c.o
/usr/bin/cc   -DCHECK_FUNCTION_EXISTS=pthread_create   -o CMakeFiles/cmTC_7ac6b.dir/CheckFunctionExists.c.o   -c /usr/share/cmake-3.10/Modules/CheckFunctionExists.c
Linking C executable cmTC_7ac6b
/usr/bin/cmake -E cmake_link_script CMakeFiles/cmTC_7ac6b.dir/link.txt --verbose=1
/usr/bin/cc  -DCHECK_FUNCTION_EXISTS=pthread_create    -rdynamic CMakeFiles/cmTC_7ac6b.dir/CheckFunctionExists.c.o  -o cmTC_7ac6b -lpthreads 
/usr/bin/ld: cannot find -lpthreads
collect2: error: ld returned 1 exit status
CMakeFiles/cmTC_7ac6b.dir/build.make:97: recipe for target 'cmTC_7ac6b' failed
make[1]: *** [cmTC_7ac6b] Error 1
make[1]: Leaving directory '/home/student/LJ2_P4_ROS_Groep1/universal_robots_ws/build/ur10_moveit_config/CMakeFiles/CMakeTmp'
Makefile:126: recipe for target 'cmTC_7ac6b/fast' failed
make: *** [cmTC_7ac6b/fast] Error 2


