Warning: Cannot symlink from /home/student/LJ2_P4_ROS_Groep1/universal_robots_ws/devel/.private/my_moveit_demo_behaviors/lib/python2.7/dist-packages/my_moveit_demo_behaviors/__init__.py to existing file /home/student/LJ2_P4_ROS_Groep1/universal_robots_ws/devel/lib/python2.7/dist-packages/my_moveit_demo_behaviors/__init__.py
Warning: Source hash: 3489c4587b2c4a716151318354b8b494
Warning: Dest hash: 7406975c6361691458ec4200335ba05d
Warning: Cannot symlink from /home/student/LJ2_P4_ROS_Groep1/universal_robots_ws/devel/.private/my_moveit_demo_behaviors/lib/pkgconfig/my_moveit_demo_behaviors.pc to existing file /home/student/LJ2_P4_ROS_Groep1/universal_robots_ws/devel/lib/pkgconfig/my_moveit_demo_behaviors.pc
Warning: Source hash: 7ad67463375fb5bbe31f2e9a2e7d810e
Warning: Dest hash: a6aeb7de92679b04115e739d9937a1af
Warning: Cannot symlink from /home/student/LJ2_P4_ROS_Groep1/universal_robots_ws/devel/.private/my_moveit_demo_behaviors/share/my_moveit_demo_behaviors/cmake/my_moveit_demo_behaviorsConfig.cmake to existing file /home/student/LJ2_P4_ROS_Groep1/universal_robots_ws/devel/share/my_moveit_demo_behaviors/cmake/my_moveit_demo_behaviorsConfig.cmake
Warning: Source hash: 84f7ed2c1f78239cc856576e19e3b05b
Warning: Dest hash: 01514f3f92e2e7ad00709f619ff550f0
Cleaning: (/home/student/universal_robots_ws/devel/.private/my_moveit_demo_behaviors/cmake.lock, /home/student/universal_robots_ws/devel/./cmake.lock)
Cleaning: (/home/student/universal_robots_ws/devel/.private/my_moveit_demo_behaviors/lib/python2.7/dist-packages/my_moveit_demo_behaviors/__init__.py, /home/student/universal_robots_ws/devel/lib/python2.7/dist-packages/my_moveit_demo_behaviors/__init__.py)
Cleaning: (/home/student/universal_robots_ws/devel/.private/my_moveit_demo_behaviors/lib/pkgconfig/my_moveit_demo_behaviors.pc, /home/student/universal_robots_ws/devel/lib/pkgconfig/my_moveit_demo_behaviors.pc)
Cleaning: (/home/student/universal_robots_ws/devel/.private/my_moveit_demo_behaviors/share/my_moveit_demo_behaviors/cmake/my_moveit_demo_behaviorsConfig-version.cmake, /home/student/universal_robots_ws/devel/share/my_moveit_demo_behaviors/cmake/my_moveit_demo_behaviorsConfig-version.cmake)
Cleaning: (/home/student/universal_robots_ws/devel/.private/my_moveit_demo_behaviors/share/my_moveit_demo_behaviors/cmake/my_moveit_demo_behaviorsConfig.cmake, /home/student/universal_robots_ws/devel/share/my_moveit_demo_behaviors/cmake/my_moveit_demo_behaviorsConfig.cmake)
Unlinking: /home/student/universal_robots_ws/devel/lib/python2.7/dist-packages/my_moveit_demo_behaviors/__init__.py
Already unlinked: {}
Unlinking: /home/student/universal_robots_ws/devel/lib/pkgconfig/my_moveit_demo_behaviors.pc
Already unlinked: {}
Unlinking: /home/student/universal_robots_ws/devel/share/my_moveit_demo_behaviors/cmake/my_moveit_demo_behaviorsConfig-version.cmake
Already unlinked: {}
Unlinking: /home/student/universal_robots_ws/devel/share/my_moveit_demo_behaviors/cmake/my_moveit_demo_behaviorsConfig.cmake
Already unlinked: {}
