Linked: (/home/student/LJ2_P4_ROS_Groep1/universal_robots_ws/devel/.private/gripper_besturing/include/gripper_besturing/gripperServiceMessage.h, /home/student/LJ2_P4_ROS_Groep1/universal_robots_ws/devel/include/gripper_besturing/gripperServiceMessage.h)
Linked: (/home/student/LJ2_P4_ROS_Groep1/universal_robots_ws/devel/.private/gripper_besturing/include/gripper_besturing/gripperServiceMessageResponse.h, /home/student/LJ2_P4_ROS_Groep1/universal_robots_ws/devel/include/gripper_besturing/gripperServiceMessageResponse.h)
Linked: (/home/student/LJ2_P4_ROS_Groep1/universal_robots_ws/devel/.private/gripper_besturing/include/gripper_besturing/gripperServiceMessageRequest.h, /home/student/LJ2_P4_ROS_Groep1/universal_robots_ws/devel/include/gripper_besturing/gripperServiceMessageRequest.h)
Linked: (/home/student/LJ2_P4_ROS_Groep1/universal_robots_ws/devel/.private/gripper_besturing/lib/python2.7/dist-packages/gripper_besturing/__init__.py, /home/student/LJ2_P4_ROS_Groep1/universal_robots_ws/devel/lib/python2.7/dist-packages/gripper_besturing/__init__.py)
Linked: (/home/student/LJ2_P4_ROS_Groep1/universal_robots_ws/devel/.private/gripper_besturing/lib/python2.7/dist-packages/gripper_besturing/srv/__init__.py, /home/student/LJ2_P4_ROS_Groep1/universal_robots_ws/devel/lib/python2.7/dist-packages/gripper_besturing/srv/__init__.py)
Linked: (/home/student/LJ2_P4_ROS_Groep1/universal_robots_ws/devel/.private/gripper_besturing/lib/python2.7/dist-packages/gripper_besturing/srv/_gripperServiceMessage.py, /home/student/LJ2_P4_ROS_Groep1/universal_robots_ws/devel/lib/python2.7/dist-packages/gripper_besturing/srv/_gripperServiceMessage.py)
Linked: (/home/student/LJ2_P4_ROS_Groep1/universal_robots_ws/devel/.private/gripper_besturing/lib/pkgconfig/gripper_besturing.pc, /home/student/LJ2_P4_ROS_Groep1/universal_robots_ws/devel/lib/pkgconfig/gripper_besturing.pc)
Linked: (/home/student/LJ2_P4_ROS_Groep1/universal_robots_ws/devel/.private/gripper_besturing/share/gripper_besturing/cmake/gripper_besturing-msg-extras.cmake, /home/student/LJ2_P4_ROS_Groep1/universal_robots_ws/devel/share/gripper_besturing/cmake/gripper_besturing-msg-extras.cmake)
Linked: (/home/student/LJ2_P4_ROS_Groep1/universal_robots_ws/devel/.private/gripper_besturing/share/gripper_besturing/cmake/gripper_besturing-msg-paths.cmake, /home/student/LJ2_P4_ROS_Groep1/universal_robots_ws/devel/share/gripper_besturing/cmake/gripper_besturing-msg-paths.cmake)
Linked: (/home/student/LJ2_P4_ROS_Groep1/universal_robots_ws/devel/.private/gripper_besturing/share/gripper_besturing/cmake/gripper_besturingConfig-version.cmake, /home/student/LJ2_P4_ROS_Groep1/universal_robots_ws/devel/share/gripper_besturing/cmake/gripper_besturingConfig-version.cmake)
Linked: (/home/student/LJ2_P4_ROS_Groep1/universal_robots_ws/devel/.private/gripper_besturing/share/gripper_besturing/cmake/gripper_besturingConfig.cmake, /home/student/LJ2_P4_ROS_Groep1/universal_robots_ws/devel/share/gripper_besturing/cmake/gripper_besturingConfig.cmake)
Linked: (/home/student/LJ2_P4_ROS_Groep1/universal_robots_ws/devel/.private/gripper_besturing/share/gennodejs/ros/gripper_besturing/_index.js, /home/student/LJ2_P4_ROS_Groep1/universal_robots_ws/devel/share/gennodejs/ros/gripper_besturing/_index.js)
Linked: (/home/student/LJ2_P4_ROS_Groep1/universal_robots_ws/devel/.private/gripper_besturing/share/gennodejs/ros/gripper_besturing/srv/gripperServiceMessage.js, /home/student/LJ2_P4_ROS_Groep1/universal_robots_ws/devel/share/gennodejs/ros/gripper_besturing/srv/gripperServiceMessage.js)
Linked: (/home/student/LJ2_P4_ROS_Groep1/universal_robots_ws/devel/.private/gripper_besturing/share/gennodejs/ros/gripper_besturing/srv/_index.js, /home/student/LJ2_P4_ROS_Groep1/universal_robots_ws/devel/share/gennodejs/ros/gripper_besturing/srv/_index.js)
Linked: (/home/student/LJ2_P4_ROS_Groep1/universal_robots_ws/devel/.private/gripper_besturing/share/roseus/ros/gripper_besturing/manifest.l, /home/student/LJ2_P4_ROS_Groep1/universal_robots_ws/devel/share/roseus/ros/gripper_besturing/manifest.l)
Linked: (/home/student/LJ2_P4_ROS_Groep1/universal_robots_ws/devel/.private/gripper_besturing/share/roseus/ros/gripper_besturing/srv/gripperServiceMessage.l, /home/student/LJ2_P4_ROS_Groep1/universal_robots_ws/devel/share/roseus/ros/gripper_besturing/srv/gripperServiceMessage.l)
Linked: (/home/student/LJ2_P4_ROS_Groep1/universal_robots_ws/devel/.private/gripper_besturing/share/common-lisp/ros/gripper_besturing/srv/gripper_besturing-srv.asd, /home/student/LJ2_P4_ROS_Groep1/universal_robots_ws/devel/share/common-lisp/ros/gripper_besturing/srv/gripper_besturing-srv.asd)
Linked: (/home/student/LJ2_P4_ROS_Groep1/universal_robots_ws/devel/.private/gripper_besturing/share/common-lisp/ros/gripper_besturing/srv/_package.lisp, /home/student/LJ2_P4_ROS_Groep1/universal_robots_ws/devel/share/common-lisp/ros/gripper_besturing/srv/_package.lisp)
Linked: (/home/student/LJ2_P4_ROS_Groep1/universal_robots_ws/devel/.private/gripper_besturing/share/common-lisp/ros/gripper_besturing/srv/gripperServiceMessage.lisp, /home/student/LJ2_P4_ROS_Groep1/universal_robots_ws/devel/share/common-lisp/ros/gripper_besturing/srv/gripperServiceMessage.lisp)
Linked: (/home/student/LJ2_P4_ROS_Groep1/universal_robots_ws/devel/.private/gripper_besturing/share/common-lisp/ros/gripper_besturing/srv/_package_gripperServiceMessage.lisp, /home/student/LJ2_P4_ROS_Groep1/universal_robots_ws/devel/share/common-lisp/ros/gripper_besturing/srv/_package_gripperServiceMessage.lisp)
