Symlinking /home/student/LJ2_P4_ROS_Groep1/universal_robots_ws/devel/include/gripper_besturing/gripperServiceMessage.h
Symlinking /home/student/LJ2_P4_ROS_Groep1/universal_robots_ws/devel/include/gripper_besturing/gripperServiceMessageResponse.h
Symlinking /home/student/LJ2_P4_ROS_Groep1/universal_robots_ws/devel/include/gripper_besturing/gripperServiceMessageRequest.h
Symlinking /home/student/LJ2_P4_ROS_Groep1/universal_robots_ws/devel/lib/python2.7/dist-packages/gripper_besturing/__init__.py
Symlinking /home/student/LJ2_P4_ROS_Groep1/universal_robots_ws/devel/lib/python2.7/dist-packages/gripper_besturing/srv/__init__.py
Symlinking /home/student/LJ2_P4_ROS_Groep1/universal_robots_ws/devel/lib/python2.7/dist-packages/gripper_besturing/srv/_gripperServiceMessage.py
Symlinking /home/student/LJ2_P4_ROS_Groep1/universal_robots_ws/devel/lib/pkgconfig/gripper_besturing.pc
Symlinking /home/student/LJ2_P4_ROS_Groep1/universal_robots_ws/devel/share/gripper_besturing/cmake/gripper_besturing-msg-extras.cmake
Symlinking /home/student/LJ2_P4_ROS_Groep1/universal_robots_ws/devel/share/gripper_besturing/cmake/gripper_besturing-msg-paths.cmake
Symlinking /home/student/LJ2_P4_ROS_Groep1/universal_robots_ws/devel/share/gripper_besturing/cmake/gripper_besturingConfig-version.cmake
Symlinking /home/student/LJ2_P4_ROS_Groep1/universal_robots_ws/devel/share/gripper_besturing/cmake/gripper_besturingConfig.cmake
Symlinking /home/student/LJ2_P4_ROS_Groep1/universal_robots_ws/devel/share/gennodejs/ros/gripper_besturing/_index.js
Symlinking /home/student/LJ2_P4_ROS_Groep1/universal_robots_ws/devel/share/gennodejs/ros/gripper_besturing/srv/gripperServiceMessage.js
Symlinking /home/student/LJ2_P4_ROS_Groep1/universal_robots_ws/devel/share/gennodejs/ros/gripper_besturing/srv/_index.js
Symlinking /home/student/LJ2_P4_ROS_Groep1/universal_robots_ws/devel/share/roseus/ros/gripper_besturing/manifest.l
Symlinking /home/student/LJ2_P4_ROS_Groep1/universal_robots_ws/devel/share/roseus/ros/gripper_besturing/srv/gripperServiceMessage.l
Symlinking /home/student/LJ2_P4_ROS_Groep1/universal_robots_ws/devel/share/common-lisp/ros/gripper_besturing/srv/gripper_besturing-srv.asd
Symlinking /home/student/LJ2_P4_ROS_Groep1/universal_robots_ws/devel/share/common-lisp/ros/gripper_besturing/srv/_package.lisp
Symlinking /home/student/LJ2_P4_ROS_Groep1/universal_robots_ws/devel/share/common-lisp/ros/gripper_besturing/srv/gripperServiceMessage.lisp
Symlinking /home/student/LJ2_P4_ROS_Groep1/universal_robots_ws/devel/share/common-lisp/ros/gripper_besturing/srv/_package_gripperServiceMessage.lisp
