Determining if the pthread_create exist failed with the following output:
Change Dir: /home/student/LJ2_P4_ROS_Groep1/universal_robots_ws/build/rosserial_arduino/CMakeFiles/CMakeTmp

Run Build Command:"/usr/bin/make" "cmTC_bdc31/fast"
/usr/bin/make -f CMakeFiles/cmTC_bdc31.dir/build.make CMakeFiles/cmTC_bdc31.dir/build
make[1]: Entering directory '/home/student/LJ2_P4_ROS_Groep1/universal_robots_ws/build/rosserial_arduino/CMakeFiles/CMakeTmp'
Building C object CMakeFiles/cmTC_bdc31.dir/CheckSymbolExists.c.o
/usr/bin/cc    -o CMakeFiles/cmTC_bdc31.dir/CheckSymbolExists.c.o   -c /home/student/LJ2_P4_ROS_Groep1/universal_robots_ws/build/rosserial_arduino/CMakeFiles/CMakeTmp/CheckSymbolExists.c
Linking C executable cmTC_bdc31
/usr/bin/cmake -E cmake_link_script CMakeFiles/cmTC_bdc31.dir/link.txt --verbose=1
/usr/bin/cc      -rdynamic CMakeFiles/cmTC_bdc31.dir/CheckSymbolExists.c.o  -o cmTC_bdc31 
CMakeFiles/cmTC_bdc31.dir/CheckSymbolExists.c.o: In function `main':
CheckSymbolExists.c:(.text+0x1b): undefined reference to `pthread_create'
collect2: error: ld returned 1 exit status
CMakeFiles/cmTC_bdc31.dir/build.make:97: recipe for target 'cmTC_bdc31' failed
make[1]: *** [cmTC_bdc31] Error 1
make[1]: Leaving directory '/home/student/LJ2_P4_ROS_Groep1/universal_robots_ws/build/rosserial_arduino/CMakeFiles/CMakeTmp'
Makefile:126: recipe for target 'cmTC_bdc31/fast' failed
make: *** [cmTC_bdc31/fast] Error 2

File /home/student/LJ2_P4_ROS_Groep1/universal_robots_ws/build/rosserial_arduino/CMakeFiles/CMakeTmp/CheckSymbolExists.c:
/* */
#include <pthread.h>

int main(int argc, char** argv)
{
  (void)argv;
#ifndef pthread_create
  return ((int*)(&pthread_create))[argc];
#else
  (void)argc;
  return 0;
#endif
}

Determining if the function pthread_create exists in the pthreads failed with the following output:
Change Dir: /home/student/LJ2_P4_ROS_Groep1/universal_robots_ws/build/rosserial_arduino/CMakeFiles/CMakeTmp

Run Build Command:"/usr/bin/make" "cmTC_f2b47/fast"
/usr/bin/make -f CMakeFiles/cmTC_f2b47.dir/build.make CMakeFiles/cmTC_f2b47.dir/build
make[1]: Entering directory '/home/student/LJ2_P4_ROS_Groep1/universal_robots_ws/build/rosserial_arduino/CMakeFiles/CMakeTmp'
Building C object CMakeFiles/cmTC_f2b47.dir/CheckFunctionExists.c.o
/usr/bin/cc   -DCHECK_FUNCTION_EXISTS=pthread_create   -o CMakeFiles/cmTC_f2b47.dir/CheckFunctionExists.c.o   -c /usr/share/cmake-3.10/Modules/CheckFunctionExists.c
Linking C executable cmTC_f2b47
/usr/bin/cmake -E cmake_link_script CMakeFiles/cmTC_f2b47.dir/link.txt --verbose=1
/usr/bin/cc  -DCHECK_FUNCTION_EXISTS=pthread_create    -rdynamic CMakeFiles/cmTC_f2b47.dir/CheckFunctionExists.c.o  -o cmTC_f2b47 -lpthreads 
/usr/bin/ld: cannot find -lpthreads
collect2: error: ld returned 1 exit status
CMakeFiles/cmTC_f2b47.dir/build.make:97: recipe for target 'cmTC_f2b47' failed
make[1]: *** [cmTC_f2b47] Error 1
make[1]: Leaving directory '/home/student/LJ2_P4_ROS_Groep1/universal_robots_ws/build/rosserial_arduino/CMakeFiles/CMakeTmp'
Makefile:126: recipe for target 'cmTC_f2b47/fast' failed
make: *** [cmTC_f2b47/fast] Error 2


