Determining if the pthread_create exist failed with the following output:
Change Dir: /home/student/LJ2_P4_ROS_Groep1/universal_robots_ws/build/manipulator_groep_1/CMakeFiles/CMakeTmp

Run Build Command:"/usr/bin/make" "cmTC_7dbea/fast"
/usr/bin/make -f CMakeFiles/cmTC_7dbea.dir/build.make CMakeFiles/cmTC_7dbea.dir/build
make[1]: Entering directory '/home/student/LJ2_P4_ROS_Groep1/universal_robots_ws/build/manipulator_groep_1/CMakeFiles/CMakeTmp'
Building C object CMakeFiles/cmTC_7dbea.dir/CheckSymbolExists.c.o
/usr/bin/cc    -o CMakeFiles/cmTC_7dbea.dir/CheckSymbolExists.c.o   -c /home/student/LJ2_P4_ROS_Groep1/universal_robots_ws/build/manipulator_groep_1/CMakeFiles/CMakeTmp/CheckSymbolExists.c
Linking C executable cmTC_7dbea
/usr/bin/cmake -E cmake_link_script CMakeFiles/cmTC_7dbea.dir/link.txt --verbose=1
/usr/bin/cc      -rdynamic CMakeFiles/cmTC_7dbea.dir/CheckSymbolExists.c.o  -o cmTC_7dbea 
CMakeFiles/cmTC_7dbea.dir/CheckSymbolExists.c.o: In function `main':
CheckSymbolExists.c:(.text+0x1b): undefined reference to `pthread_create'
collect2: error: ld returned 1 exit status
CMakeFiles/cmTC_7dbea.dir/build.make:97: recipe for target 'cmTC_7dbea' failed
make[1]: *** [cmTC_7dbea] Error 1
make[1]: Leaving directory '/home/student/LJ2_P4_ROS_Groep1/universal_robots_ws/build/manipulator_groep_1/CMakeFiles/CMakeTmp'
Makefile:126: recipe for target 'cmTC_7dbea/fast' failed
make: *** [cmTC_7dbea/fast] Error 2

File /home/student/LJ2_P4_ROS_Groep1/universal_robots_ws/build/manipulator_groep_1/CMakeFiles/CMakeTmp/CheckSymbolExists.c:
/* */
#include <pthread.h>

int main(int argc, char** argv)
{
  (void)argv;
#ifndef pthread_create
  return ((int*)(&pthread_create))[argc];
#else
  (void)argc;
  return 0;
#endif
}

Determining if the function pthread_create exists in the pthreads failed with the following output:
Change Dir: /home/student/LJ2_P4_ROS_Groep1/universal_robots_ws/build/manipulator_groep_1/CMakeFiles/CMakeTmp

Run Build Command:"/usr/bin/make" "cmTC_faddc/fast"
/usr/bin/make -f CMakeFiles/cmTC_faddc.dir/build.make CMakeFiles/cmTC_faddc.dir/build
make[1]: Entering directory '/home/student/LJ2_P4_ROS_Groep1/universal_robots_ws/build/manipulator_groep_1/CMakeFiles/CMakeTmp'
Building C object CMakeFiles/cmTC_faddc.dir/CheckFunctionExists.c.o
/usr/bin/cc   -DCHECK_FUNCTION_EXISTS=pthread_create   -o CMakeFiles/cmTC_faddc.dir/CheckFunctionExists.c.o   -c /usr/share/cmake-3.10/Modules/CheckFunctionExists.c
Linking C executable cmTC_faddc
/usr/bin/cmake -E cmake_link_script CMakeFiles/cmTC_faddc.dir/link.txt --verbose=1
/usr/bin/cc  -DCHECK_FUNCTION_EXISTS=pthread_create    -rdynamic CMakeFiles/cmTC_faddc.dir/CheckFunctionExists.c.o  -o cmTC_faddc -lpthreads 
/usr/bin/ld: cannot find -lpthreads
collect2: error: ld returned 1 exit status
CMakeFiles/cmTC_faddc.dir/build.make:97: recipe for target 'cmTC_faddc' failed
make[1]: *** [cmTC_faddc] Error 1
make[1]: Leaving directory '/home/student/LJ2_P4_ROS_Groep1/universal_robots_ws/build/manipulator_groep_1/CMakeFiles/CMakeTmp'
Makefile:126: recipe for target 'cmTC_faddc/fast' failed
make: *** [cmTC_faddc/fast] Error 2


