Determining if the pthread_create exist failed with the following output:
Change Dir: /home/student/LJ2_P4_ROS_Groep1/universal_robots_ws/build/robotiq_ft_sensor/CMakeFiles/CMakeTmp

Run Build Command:"/usr/bin/make" "cmTC_47062/fast"
/usr/bin/make -f CMakeFiles/cmTC_47062.dir/build.make CMakeFiles/cmTC_47062.dir/build
make[1]: Entering directory '/home/student/LJ2_P4_ROS_Groep1/universal_robots_ws/build/robotiq_ft_sensor/CMakeFiles/CMakeTmp'
Building C object CMakeFiles/cmTC_47062.dir/CheckSymbolExists.c.o
/usr/bin/cc    -o CMakeFiles/cmTC_47062.dir/CheckSymbolExists.c.o   -c /home/student/LJ2_P4_ROS_Groep1/universal_robots_ws/build/robotiq_ft_sensor/CMakeFiles/CMakeTmp/CheckSymbolExists.c
Linking C executable cmTC_47062
/usr/bin/cmake -E cmake_link_script CMakeFiles/cmTC_47062.dir/link.txt --verbose=1
/usr/bin/cc      -rdynamic CMakeFiles/cmTC_47062.dir/CheckSymbolExists.c.o  -o cmTC_47062 
CMakeFiles/cmTC_47062.dir/CheckSymbolExists.c.o: In function `main':
CheckSymbolExists.c:(.text+0x1b): undefined reference to `pthread_create'
collect2: error: ld returned 1 exit status
CMakeFiles/cmTC_47062.dir/build.make:97: recipe for target 'cmTC_47062' failed
make[1]: *** [cmTC_47062] Error 1
make[1]: Leaving directory '/home/student/LJ2_P4_ROS_Groep1/universal_robots_ws/build/robotiq_ft_sensor/CMakeFiles/CMakeTmp'
Makefile:126: recipe for target 'cmTC_47062/fast' failed
make: *** [cmTC_47062/fast] Error 2

File /home/student/LJ2_P4_ROS_Groep1/universal_robots_ws/build/robotiq_ft_sensor/CMakeFiles/CMakeTmp/CheckSymbolExists.c:
/* */
#include <pthread.h>

int main(int argc, char** argv)
{
  (void)argv;
#ifndef pthread_create
  return ((int*)(&pthread_create))[argc];
#else
  (void)argc;
  return 0;
#endif
}

Determining if the function pthread_create exists in the pthreads failed with the following output:
Change Dir: /home/student/LJ2_P4_ROS_Groep1/universal_robots_ws/build/robotiq_ft_sensor/CMakeFiles/CMakeTmp

Run Build Command:"/usr/bin/make" "cmTC_5abbe/fast"
/usr/bin/make -f CMakeFiles/cmTC_5abbe.dir/build.make CMakeFiles/cmTC_5abbe.dir/build
make[1]: Entering directory '/home/student/LJ2_P4_ROS_Groep1/universal_robots_ws/build/robotiq_ft_sensor/CMakeFiles/CMakeTmp'
Building C object CMakeFiles/cmTC_5abbe.dir/CheckFunctionExists.c.o
/usr/bin/cc   -DCHECK_FUNCTION_EXISTS=pthread_create   -o CMakeFiles/cmTC_5abbe.dir/CheckFunctionExists.c.o   -c /usr/share/cmake-3.10/Modules/CheckFunctionExists.c
Linking C executable cmTC_5abbe
/usr/bin/cmake -E cmake_link_script CMakeFiles/cmTC_5abbe.dir/link.txt --verbose=1
/usr/bin/cc  -DCHECK_FUNCTION_EXISTS=pthread_create    -rdynamic CMakeFiles/cmTC_5abbe.dir/CheckFunctionExists.c.o  -o cmTC_5abbe -lpthreads 
/usr/bin/ld: cannot find -lpthreads
collect2: error: ld returned 1 exit status
CMakeFiles/cmTC_5abbe.dir/build.make:97: recipe for target 'cmTC_5abbe' failed
make[1]: *** [cmTC_5abbe] Error 1
make[1]: Leaving directory '/home/student/LJ2_P4_ROS_Groep1/universal_robots_ws/build/robotiq_ft_sensor/CMakeFiles/CMakeTmp'
Makefile:126: recipe for target 'cmTC_5abbe/fast' failed
make: *** [cmTC_5abbe/fast] Error 2


