Determining if the pthread_create exist failed with the following output:
Change Dir: /home/student/LJ2_P4_ROS_Groep1/universal_robots_ws/build/my_moveit_demo_app/CMakeFiles/CMakeTmp

Run Build Command:"/usr/bin/make" "cmTC_105fd/fast"
/usr/bin/make -f CMakeFiles/cmTC_105fd.dir/build.make CMakeFiles/cmTC_105fd.dir/build
make[1]: Entering directory '/home/student/LJ2_P4_ROS_Groep1/universal_robots_ws/build/my_moveit_demo_app/CMakeFiles/CMakeTmp'
Building C object CMakeFiles/cmTC_105fd.dir/CheckSymbolExists.c.o
/usr/bin/cc    -o CMakeFiles/cmTC_105fd.dir/CheckSymbolExists.c.o   -c /home/student/LJ2_P4_ROS_Groep1/universal_robots_ws/build/my_moveit_demo_app/CMakeFiles/CMakeTmp/CheckSymbolExists.c
Linking C executable cmTC_105fd
/usr/bin/cmake -E cmake_link_script CMakeFiles/cmTC_105fd.dir/link.txt --verbose=1
/usr/bin/cc      -rdynamic CMakeFiles/cmTC_105fd.dir/CheckSymbolExists.c.o  -o cmTC_105fd 
CMakeFiles/cmTC_105fd.dir/CheckSymbolExists.c.o: In function `main':
CheckSymbolExists.c:(.text+0x1b): undefined reference to `pthread_create'
collect2: error: ld returned 1 exit status
CMakeFiles/cmTC_105fd.dir/build.make:97: recipe for target 'cmTC_105fd' failed
make[1]: *** [cmTC_105fd] Error 1
make[1]: Leaving directory '/home/student/LJ2_P4_ROS_Groep1/universal_robots_ws/build/my_moveit_demo_app/CMakeFiles/CMakeTmp'
Makefile:126: recipe for target 'cmTC_105fd/fast' failed
make: *** [cmTC_105fd/fast] Error 2

File /home/student/LJ2_P4_ROS_Groep1/universal_robots_ws/build/my_moveit_demo_app/CMakeFiles/CMakeTmp/CheckSymbolExists.c:
/* */
#include <pthread.h>

int main(int argc, char** argv)
{
  (void)argv;
#ifndef pthread_create
  return ((int*)(&pthread_create))[argc];
#else
  (void)argc;
  return 0;
#endif
}

Determining if the function pthread_create exists in the pthreads failed with the following output:
Change Dir: /home/student/LJ2_P4_ROS_Groep1/universal_robots_ws/build/my_moveit_demo_app/CMakeFiles/CMakeTmp

Run Build Command:"/usr/bin/make" "cmTC_3010f/fast"
/usr/bin/make -f CMakeFiles/cmTC_3010f.dir/build.make CMakeFiles/cmTC_3010f.dir/build
make[1]: Entering directory '/home/student/LJ2_P4_ROS_Groep1/universal_robots_ws/build/my_moveit_demo_app/CMakeFiles/CMakeTmp'
Building C object CMakeFiles/cmTC_3010f.dir/CheckFunctionExists.c.o
/usr/bin/cc   -DCHECK_FUNCTION_EXISTS=pthread_create   -o CMakeFiles/cmTC_3010f.dir/CheckFunctionExists.c.o   -c /usr/share/cmake-3.10/Modules/CheckFunctionExists.c
Linking C executable cmTC_3010f
/usr/bin/cmake -E cmake_link_script CMakeFiles/cmTC_3010f.dir/link.txt --verbose=1
/usr/bin/cc  -DCHECK_FUNCTION_EXISTS=pthread_create    -rdynamic CMakeFiles/cmTC_3010f.dir/CheckFunctionExists.c.o  -o cmTC_3010f -lpthreads 
/usr/bin/ld: cannot find -lpthreads
collect2: error: ld returned 1 exit status
CMakeFiles/cmTC_3010f.dir/build.make:97: recipe for target 'cmTC_3010f' failed
make[1]: *** [cmTC_3010f] Error 1
make[1]: Leaving directory '/home/student/LJ2_P4_ROS_Groep1/universal_robots_ws/build/my_moveit_demo_app/CMakeFiles/CMakeTmp'
Makefile:126: recipe for target 'cmTC_3010f/fast' failed
make: *** [cmTC_3010f/fast] Error 2


