[35m[1mScanning dependencies of target _robotiq_2f_gripper_control_generate_messages_check_deps_Robotiq2FGripper_robot_input[0m
[  0%] Built target _robotiq_2f_gripper_control_generate_messages_check_deps_Robotiq2FGripper_robot_input
[35m[1mScanning dependencies of target _robotiq_2f_gripper_control_generate_messages_check_deps_Robotiq2FGripper_robot_output[0m
[  0%] Built target _robotiq_2f_gripper_control_generate_messages_check_deps_Robotiq2FGripper_robot_output
[35m[1mScanning dependencies of target robotiq_2f_gripper_control_generate_messages_eus[0m
[ 20%] Built target robotiq_2f_gripper_control_generate_messages_eus
[35m[1mScanning dependencies of target robotiq_2f_gripper_control_generate_messages_py[0m
[ 40%] Built target robotiq_2f_gripper_control_generate_messages_py
[35m[1mScanning dependencies of target robotiq_2f_gripper_control_generate_messages_lisp[0m
[ 53%] Built target robotiq_2f_gripper_control_generate_messages_lisp
[35m[1mScanning dependencies of target robotiq_2f_gripper_control_generate_messages_cpp[0m
[ 66%] Built target robotiq_2f_gripper_control_generate_messages_cpp
[35m[1mScanning dependencies of target robotiq_2f_gripper_control_generate_messages_nodejs[0m
[ 80%] Built target robotiq_2f_gripper_control_generate_messages_nodejs
[35m[1mScanning dependencies of target robotiq_2f_gripper_ethercat_node[0m
[ 86%] [32mBuilding CXX object CMakeFiles/robotiq_2f_gripper_ethercat_node.dir/src/robotiq_2f_gripper_control/robotiq_2f_gripper_ethercat_node.cpp.o[0m
[ 93%] [32mBuilding CXX object CMakeFiles/robotiq_2f_gripper_ethercat_node.dir/src/robotiq_2f_gripper_control/robotiq_2f_gripper_ethercat_client.cpp.o[0m
[100%] [32m[1mLinking CXX executable /home/student/LJ2_P4_ROS_Groep1/universal_robots_ws/devel/.private/robotiq_2f_gripper_control/lib/robotiq_2f_gripper_control/robotiq_2f_gripper_ethercat_node[0m
[100%] Built target robotiq_2f_gripper_ethercat_node
[35m[1mScanning dependencies of target robotiq_2f_gripper_control_generate_messages[0m
[100%] Built target robotiq_2f_gripper_control_generate_messages
