Determining if the pthread_create exist failed with the following output:
Change Dir: /home/student/LJ2_P4_ROS_Groep1/universal_robots_ws/build/my_app/CMakeFiles/CMakeTmp

Run Build Command:"/usr/bin/make" "cmTC_7f75e/fast"
/usr/bin/make -f CMakeFiles/cmTC_7f75e.dir/build.make CMakeFiles/cmTC_7f75e.dir/build
make[1]: Entering directory '/home/student/LJ2_P4_ROS_Groep1/universal_robots_ws/build/my_app/CMakeFiles/CMakeTmp'
Building C object CMakeFiles/cmTC_7f75e.dir/CheckSymbolExists.c.o
/usr/bin/cc    -o CMakeFiles/cmTC_7f75e.dir/CheckSymbolExists.c.o   -c /home/student/LJ2_P4_ROS_Groep1/universal_robots_ws/build/my_app/CMakeFiles/CMakeTmp/CheckSymbolExists.c
Linking C executable cmTC_7f75e
/usr/bin/cmake -E cmake_link_script CMakeFiles/cmTC_7f75e.dir/link.txt --verbose=1
/usr/bin/cc      -rdynamic CMakeFiles/cmTC_7f75e.dir/CheckSymbolExists.c.o  -o cmTC_7f75e 
CMakeFiles/cmTC_7f75e.dir/CheckSymbolExists.c.o: In function `main':
CheckSymbolExists.c:(.text+0x1b): undefined reference to `pthread_create'
collect2: error: ld returned 1 exit status
CMakeFiles/cmTC_7f75e.dir/build.make:97: recipe for target 'cmTC_7f75e' failed
make[1]: *** [cmTC_7f75e] Error 1
make[1]: Leaving directory '/home/student/LJ2_P4_ROS_Groep1/universal_robots_ws/build/my_app/CMakeFiles/CMakeTmp'
Makefile:126: recipe for target 'cmTC_7f75e/fast' failed
make: *** [cmTC_7f75e/fast] Error 2

File /home/student/LJ2_P4_ROS_Groep1/universal_robots_ws/build/my_app/CMakeFiles/CMakeTmp/CheckSymbolExists.c:
/* */
#include <pthread.h>

int main(int argc, char** argv)
{
  (void)argv;
#ifndef pthread_create
  return ((int*)(&pthread_create))[argc];
#else
  (void)argc;
  return 0;
#endif
}

Determining if the function pthread_create exists in the pthreads failed with the following output:
Change Dir: /home/student/LJ2_P4_ROS_Groep1/universal_robots_ws/build/my_app/CMakeFiles/CMakeTmp

Run Build Command:"/usr/bin/make" "cmTC_695db/fast"
/usr/bin/make -f CMakeFiles/cmTC_695db.dir/build.make CMakeFiles/cmTC_695db.dir/build
make[1]: Entering directory '/home/student/LJ2_P4_ROS_Groep1/universal_robots_ws/build/my_app/CMakeFiles/CMakeTmp'
Building C object CMakeFiles/cmTC_695db.dir/CheckFunctionExists.c.o
/usr/bin/cc   -DCHECK_FUNCTION_EXISTS=pthread_create   -o CMakeFiles/cmTC_695db.dir/CheckFunctionExists.c.o   -c /usr/share/cmake-3.10/Modules/CheckFunctionExists.c
Linking C executable cmTC_695db
/usr/bin/cmake -E cmake_link_script CMakeFiles/cmTC_695db.dir/link.txt --verbose=1
/usr/bin/cc  -DCHECK_FUNCTION_EXISTS=pthread_create    -rdynamic CMakeFiles/cmTC_695db.dir/CheckFunctionExists.c.o  -o cmTC_695db -lpthreads 
/usr/bin/ld: cannot find -lpthreads
collect2: error: ld returned 1 exit status
CMakeFiles/cmTC_695db.dir/build.make:97: recipe for target 'cmTC_695db' failed
make[1]: *** [cmTC_695db] Error 1
make[1]: Leaving directory '/home/student/LJ2_P4_ROS_Groep1/universal_robots_ws/build/my_app/CMakeFiles/CMakeTmp'
Makefile:126: recipe for target 'cmTC_695db/fast' failed
make: *** [cmTC_695db/fast] Error 2


