Warning: Cannot symlink from /home/student/LJ2_P4_ROS_Groep1/universal_robots_ws/devel/.private/my_moveit_demo_app/lib/my_moveit_demo_app/my_moveit_demo_app to existing file /home/student/LJ2_P4_ROS_Groep1/universal_robots_ws/devel/lib/my_moveit_demo_app/my_moveit_demo_app
Warning: Source hash: b3fde5b5639a721d1660cb7fa22ebf47
Warning: Dest hash: cbdf2952ce09375b6f865233b45f5f2a
Warning: Cannot symlink from /home/student/LJ2_P4_ROS_Groep1/universal_robots_ws/devel/.private/my_moveit_demo_app/lib/pkgconfig/my_moveit_demo_app.pc to existing file /home/student/LJ2_P4_ROS_Groep1/universal_robots_ws/devel/lib/pkgconfig/my_moveit_demo_app.pc
Warning: Source hash: ae105897b87a985944e43343155affda
Warning: Dest hash: d365b9e9e66db2bb2353887c88e85239
Warning: Cannot symlink from /home/student/LJ2_P4_ROS_Groep1/universal_robots_ws/devel/.private/my_moveit_demo_app/share/my_moveit_demo_app/cmake/my_moveit_demo_appConfig.cmake to existing file /home/student/LJ2_P4_ROS_Groep1/universal_robots_ws/devel/share/my_moveit_demo_app/cmake/my_moveit_demo_appConfig.cmake
Warning: Source hash: b83558bb5695f35ccc468f47974dcf1f
Warning: Dest hash: 2f31e1156c1d869c3218150b5b7e2a38
Cleaning: (/home/student/universal_robots_ws/devel/.private/my_moveit_demo_app/cmake.lock, /home/student/universal_robots_ws/devel/./cmake.lock)
Cleaning: (/home/student/universal_robots_ws/devel/.private/my_moveit_demo_app/lib/my_moveit_demo_app/my_moveit_demo_app, /home/student/universal_robots_ws/devel/lib/my_moveit_demo_app/my_moveit_demo_app)
Cleaning: (/home/student/universal_robots_ws/devel/.private/my_moveit_demo_app/lib/my_moveit_demo_app/moveit_test, /home/student/universal_robots_ws/devel/lib/my_moveit_demo_app/moveit_test)
Cleaning: (/home/student/universal_robots_ws/devel/.private/my_moveit_demo_app/lib/pkgconfig/my_moveit_demo_app.pc, /home/student/universal_robots_ws/devel/lib/pkgconfig/my_moveit_demo_app.pc)
Cleaning: (/home/student/universal_robots_ws/devel/.private/my_moveit_demo_app/share/my_moveit_demo_app/cmake/my_moveit_demo_appConfig.cmake, /home/student/universal_robots_ws/devel/share/my_moveit_demo_app/cmake/my_moveit_demo_appConfig.cmake)
Cleaning: (/home/student/universal_robots_ws/devel/.private/my_moveit_demo_app/share/my_moveit_demo_app/cmake/my_moveit_demo_appConfig-version.cmake, /home/student/universal_robots_ws/devel/share/my_moveit_demo_app/cmake/my_moveit_demo_appConfig-version.cmake)
Unlinking: /home/student/universal_robots_ws/devel/lib/my_moveit_demo_app/my_moveit_demo_app
Already unlinked: {}
Unlinking: /home/student/universal_robots_ws/devel/lib/my_moveit_demo_app/moveit_test
Already unlinked: {}
Unlinking: /home/student/universal_robots_ws/devel/lib/pkgconfig/my_moveit_demo_app.pc
Already unlinked: {}
Unlinking: /home/student/universal_robots_ws/devel/share/my_moveit_demo_app/cmake/my_moveit_demo_appConfig.cmake
Already unlinked: {}
Unlinking: /home/student/universal_robots_ws/devel/share/my_moveit_demo_app/cmake/my_moveit_demo_appConfig-version.cmake
Already unlinked: {}
