Warning: Cannot symlink from /home/student/.local/share/Trash/files/LJ2_P4_ROS_Groep1/universal_robots_ws/devel/.private/my_moveit_demo_app/lib/my_moveit_demo_app/my_moveit_demo_app to existing file /home/student/.local/share/Trash/files/LJ2_P4_ROS_Groep1/universal_robots_ws/devel/lib/my_moveit_demo_app/my_moveit_demo_app
Warning: Source hash: 9b50684093e63e069a461e25306533d8
Warning: Dest hash: b3fde5b5639a721d1660cb7fa22ebf47
Warning: Cannot symlink from /home/student/.local/share/Trash/files/LJ2_P4_ROS_Groep1/universal_robots_ws/devel/.private/my_moveit_demo_app/lib/pkgconfig/my_moveit_demo_app.pc to existing file /home/student/.local/share/Trash/files/LJ2_P4_ROS_Groep1/universal_robots_ws/devel/lib/pkgconfig/my_moveit_demo_app.pc
Warning: Source hash: 2c085d55015c6db75d4b70fec8974c43
Warning: Dest hash: ae105897b87a985944e43343155affda
Warning: Cannot symlink from /home/student/.local/share/Trash/files/LJ2_P4_ROS_Groep1/universal_robots_ws/devel/.private/my_moveit_demo_app/share/my_moveit_demo_app/cmake/my_moveit_demo_appConfig.cmake to existing file /home/student/.local/share/Trash/files/LJ2_P4_ROS_Groep1/universal_robots_ws/devel/share/my_moveit_demo_app/cmake/my_moveit_demo_appConfig.cmake
Warning: Source hash: 0ba943ecd4605264a6d8137a71cb7e82
Warning: Dest hash: 8b3e64a92c15f105b0376e54fc9a988b
Cleaning: (/home/student/LJ2_P4_ROS_Groep1/universal_robots_ws/devel/.private/my_moveit_demo_app/cmake.lock, /home/student/LJ2_P4_ROS_Groep1/universal_robots_ws/devel/./cmake.lock)
Cleaning: (/home/student/LJ2_P4_ROS_Groep1/universal_robots_ws/devel/.private/my_moveit_demo_app/lib/my_moveit_demo_app/my_moveit_demo_app, /home/student/LJ2_P4_ROS_Groep1/universal_robots_ws/devel/lib/my_moveit_demo_app/my_moveit_demo_app)
Cleaning: (/home/student/LJ2_P4_ROS_Groep1/universal_robots_ws/devel/.private/my_moveit_demo_app/lib/my_moveit_demo_app/moveit_test, /home/student/LJ2_P4_ROS_Groep1/universal_robots_ws/devel/lib/my_moveit_demo_app/moveit_test)
Cleaning: (/home/student/LJ2_P4_ROS_Groep1/universal_robots_ws/devel/.private/my_moveit_demo_app/lib/pkgconfig/my_moveit_demo_app.pc, /home/student/LJ2_P4_ROS_Groep1/universal_robots_ws/devel/lib/pkgconfig/my_moveit_demo_app.pc)
Cleaning: (/home/student/LJ2_P4_ROS_Groep1/universal_robots_ws/devel/.private/my_moveit_demo_app/share/my_moveit_demo_app/cmake/my_moveit_demo_appConfig.cmake, /home/student/LJ2_P4_ROS_Groep1/universal_robots_ws/devel/share/my_moveit_demo_app/cmake/my_moveit_demo_appConfig.cmake)
Cleaning: (/home/student/LJ2_P4_ROS_Groep1/universal_robots_ws/devel/.private/my_moveit_demo_app/share/my_moveit_demo_app/cmake/my_moveit_demo_appConfig-version.cmake, /home/student/LJ2_P4_ROS_Groep1/universal_robots_ws/devel/share/my_moveit_demo_app/cmake/my_moveit_demo_appConfig-version.cmake)
Unlinking: /home/student/LJ2_P4_ROS_Groep1/universal_robots_ws/devel/lib/my_moveit_demo_app/my_moveit_demo_app
Unlinking: /home/student/LJ2_P4_ROS_Groep1/universal_robots_ws/devel/lib/my_moveit_demo_app/moveit_test
Unlinking: /home/student/LJ2_P4_ROS_Groep1/universal_robots_ws/devel/lib/pkgconfig/my_moveit_demo_app.pc
Unlinking: /home/student/LJ2_P4_ROS_Groep1/universal_robots_ws/devel/share/my_moveit_demo_app/cmake/my_moveit_demo_appConfig.cmake
Unlinking: /home/student/LJ2_P4_ROS_Groep1/universal_robots_ws/devel/share/my_moveit_demo_app/cmake/my_moveit_demo_appConfig-version.cmake
