[ 16%] Built target moveit_test
[ 16%] Built target trajectory_msgs_generate_messages_nodejs
[ 16%] Built target topic_tools_generate_messages_py
[ 16%] Built target actionlib_msgs_generate_messages_nodejs
[ 16%] Built target graph_msgs_generate_messages_lisp
[ 16%] Built target object_recognition_msgs_generate_messages_lisp
[ 16%] Built target geometry_msgs_generate_messages_nodejs
[ 16%] Built target tf_generate_messages_lisp
[ 16%] Built target std_msgs_generate_messages_lisp
[ 16%] Built target roscpp_generate_messages_nodejs
[ 16%] Built target geometry_msgs_generate_messages_eus
[ 16%] Built target std_msgs_generate_messages_py
[ 16%] Built target roscpp_generate_messages_py
[ 16%] Built target trajectory_msgs_generate_messages_eus
[ 16%] Built target rosgraph_msgs_generate_messages_cpp
[ 16%] Built target rosgraph_msgs_generate_messages_lisp
[ 16%] Built target visualization_msgs_generate_messages_lisp
[ 16%] Built target std_msgs_generate_messages_eus
[ 16%] Built target trajectory_msgs_generate_messages_py
[ 16%] Built target rosgraph_msgs_generate_messages_nodejs
[ 16%] Built target actionlib_generate_messages_eus
[ 16%] Built target moveit_msgs_generate_messages_py
[ 16%] Built target geometry_msgs_generate_messages_cpp
[ 16%] Built target actionlib_generate_messages_lisp
[ 16%] Built target graph_msgs_generate_messages_py
[ 16%] Built target tf_generate_messages_cpp
[ 16%] Built target actionlib_generate_messages_nodejs
[ 16%] Built target shape_msgs_generate_messages_cpp
[ 16%] Built target rosgraph_msgs_generate_messages_eus
[ 16%] Built target object_recognition_msgs_generate_messages_cpp
[ 16%] Built target tf_generate_messages_eus
[ 16%] Built target actionlib_msgs_generate_messages_cpp
[ 16%] Built target roscpp_generate_messages_eus
[ 16%] Built target topic_tools_generate_messages_nodejs
[ 16%] Built target topic_tools_generate_messages_lisp
[ 16%] Built target topic_tools_generate_messages_eus
[ 16%] Built target topic_tools_generate_messages_cpp
[ 16%] Built target bond_generate_messages_py
[ 16%] Built target bond_generate_messages_lisp
[ 16%] Built target bond_generate_messages_eus
[ 16%] Built target nodelet_generate_messages_nodejs
[ 16%] Built target nodelet_generate_messages_lisp
[ 16%] Built target nodelet_generate_messages_cpp
[ 16%] Built target std_srvs_generate_messages_py
[ 16%] Built target std_srvs_generate_messages_lisp
[ 16%] Built target moveit_ros_manipulation_gencfg
[ 16%] Built target dynamic_reconfigure_generate_messages_nodejs
[ 16%] Built target dynamic_reconfigure_generate_messages_lisp
[ 16%] Built target dynamic_reconfigure_generate_messages_eus
[ 16%] Built target moveit_ros_planning_gencfg
[ 16%] Built target graph_msgs_generate_messages_nodejs
[ 16%] Built target graph_msgs_generate_messages_cpp
[ 16%] Built target geometry_msgs_generate_messages_py
[ 16%] Built target geometry_msgs_generate_messages_lisp
[ 16%] Built target roscpp_generate_messages_cpp
[ 16%] Built target actionlib_generate_messages_cpp
[ 16%] Built target nodelet_generate_messages_eus
[ 16%] Built target object_recognition_msgs_generate_messages_eus
[ 16%] Built target octomap_msgs_generate_messages_eus
[ 16%] Built target sensor_msgs_generate_messages_lisp
[ 16%] Built target std_srvs_generate_messages_cpp
[ 16%] Built target graph_msgs_generate_messages_eus
[ 16%] Built target sensor_msgs_generate_messages_eus
[ 16%] Built target sensor_msgs_generate_messages_cpp
[ 16%] Built target octomap_msgs_generate_messages_py
[ 16%] Built target tf_generate_messages_nodejs
[ 16%] Built target nodelet_generate_messages_py
[ 16%] Built target sensor_msgs_generate_messages_py
[ 16%] Built target dynamic_reconfigure_generate_messages_cpp
[ 16%] Built target tf_generate_messages_py
[ 16%] Built target std_msgs_generate_messages_cpp
[ 16%] Built target visualization_msgs_generate_messages_nodejs
[ 16%] Built target sensor_msgs_generate_messages_nodejs
[ 16%] Built target moveit_msgs_generate_messages_nodejs
[ 16%] Built target std_srvs_generate_messages_eus
[ 16%] Built target roscpp_generate_messages_lisp
[ 16%] Built target octomap_msgs_generate_messages_lisp
[ 16%] Built target rosgraph_msgs_generate_messages_py
[ 16%] Built target actionlib_msgs_generate_messages_eus
[ 16%] Built target octomap_msgs_generate_messages_cpp
[ 16%] Built target actionlib_msgs_generate_messages_lisp
[ 16%] Built target actionlib_msgs_generate_messages_py
[ 16%] Built target tf2_msgs_generate_messages_cpp
[ 16%] Built target dynamic_reconfigure_gencfg
[ 16%] Built target tf2_msgs_generate_messages_lisp
[ 16%] Built target actionlib_generate_messages_py
[ 16%] Built target tf2_msgs_generate_messages_py
[ 16%] Built target tf2_msgs_generate_messages_nodejs
[ 16%] Built target tf2_msgs_generate_messages_eus
[ 16%] Built target visualization_msgs_generate_messages_cpp
[ 16%] Built target object_recognition_msgs_generate_messages_nodejs
[ 16%] Built target std_srvs_generate_messages_nodejs
[ 16%] Built target object_recognition_msgs_generate_messages_py
[ 16%] Built target octomap_msgs_generate_messages_nodejs
[ 16%] Built target visualization_msgs_generate_messages_py
[ 16%] Built target visualization_msgs_generate_messages_eus
[ 16%] Built target shape_msgs_generate_messages_eus
[ 16%] Built target dynamic_reconfigure_generate_messages_py
[ 16%] Built target shape_msgs_generate_messages_lisp
[ 16%] Built target shape_msgs_generate_messages_nodejs
[ 16%] Built target std_msgs_generate_messages_nodejs
[ 16%] Built target moveit_msgs_generate_messages_cpp
[ 16%] Built target moveit_msgs_generate_messages_eus
[ 16%] Built target moveit_msgs_generate_messages_lisp
[ 16%] Built target shape_msgs_generate_messages_py
[ 16%] Built target trajectory_msgs_generate_messages_cpp
[ 16%] Built target bond_generate_messages_cpp
[ 16%] Built target trajectory_msgs_generate_messages_lisp
[ 16%] Built target bond_generate_messages_nodejs
[100%] Built target my_moveit_demo_app
