Symlinking /home/student/LJ2_P4_ROS_Groep1/universal_robots_ws/devel/lib/libur3_moveit_plugin.so
Symlinking /home/student/LJ2_P4_ROS_Groep1/universal_robots_ws/devel/lib/libur10_kin.so
Symlinking /home/student/LJ2_P4_ROS_Groep1/universal_robots_ws/devel/lib/libur5_kin.so
Symlinking /home/student/LJ2_P4_ROS_Groep1/universal_robots_ws/devel/lib/libur3_kin.so
Symlinking /home/student/LJ2_P4_ROS_Groep1/universal_robots_ws/devel/lib/libur5_moveit_plugin.so
Symlinking /home/student/LJ2_P4_ROS_Groep1/universal_robots_ws/devel/lib/libur10_moveit_plugin.so
Symlinking /home/student/LJ2_P4_ROS_Groep1/universal_robots_ws/devel/lib/python2.7/dist-packages/ur_kinematics/__init__.py
Symlinking /home/student/LJ2_P4_ROS_Groep1/universal_robots_ws/devel/lib/pkgconfig/ur_kinematics.pc
Symlinking /home/student/LJ2_P4_ROS_Groep1/universal_robots_ws/devel/share/ur_kinematics/cmake/ur_kinematicsConfig.cmake
Symlinking /home/student/LJ2_P4_ROS_Groep1/universal_robots_ws/devel/share/ur_kinematics/cmake/ur_kinematicsConfig-version.cmake
Cleaning: (/home/student/universal_robots_ws/devel/.private/ur_kinematics/cmake.lock, /home/student/universal_robots_ws/devel/./cmake.lock)
Cleaning: (/home/student/universal_robots_ws/devel/.private/ur_kinematics/lib/libur3_moveit_plugin.so, /home/student/universal_robots_ws/devel/lib/libur3_moveit_plugin.so)
Cleaning: (/home/student/universal_robots_ws/devel/.private/ur_kinematics/lib/libur10_kin.so, /home/student/universal_robots_ws/devel/lib/libur10_kin.so)
Cleaning: (/home/student/universal_robots_ws/devel/.private/ur_kinematics/lib/libur5_kin.so, /home/student/universal_robots_ws/devel/lib/libur5_kin.so)
Cleaning: (/home/student/universal_robots_ws/devel/.private/ur_kinematics/lib/libur3_kin.so, /home/student/universal_robots_ws/devel/lib/libur3_kin.so)
Cleaning: (/home/student/universal_robots_ws/devel/.private/ur_kinematics/lib/libur5_moveit_plugin.so, /home/student/universal_robots_ws/devel/lib/libur5_moveit_plugin.so)
Cleaning: (/home/student/universal_robots_ws/devel/.private/ur_kinematics/lib/libur10_moveit_plugin.so, /home/student/universal_robots_ws/devel/lib/libur10_moveit_plugin.so)
Cleaning: (/home/student/universal_robots_ws/devel/.private/ur_kinematics/lib/python2.7/dist-packages/ur_kinematics/__init__.py, /home/student/universal_robots_ws/devel/lib/python2.7/dist-packages/ur_kinematics/__init__.py)
Cleaning: (/home/student/universal_robots_ws/devel/.private/ur_kinematics/lib/pkgconfig/ur_kinematics.pc, /home/student/universal_robots_ws/devel/lib/pkgconfig/ur_kinematics.pc)
Cleaning: (/home/student/universal_robots_ws/devel/.private/ur_kinematics/share/ur_kinematics/cmake/ur_kinematicsConfig.cmake, /home/student/universal_robots_ws/devel/share/ur_kinematics/cmake/ur_kinematicsConfig.cmake)
Cleaning: (/home/student/universal_robots_ws/devel/.private/ur_kinematics/share/ur_kinematics/cmake/ur_kinematicsConfig-version.cmake, /home/student/universal_robots_ws/devel/share/ur_kinematics/cmake/ur_kinematicsConfig-version.cmake)
Unlinking: /home/student/universal_robots_ws/devel/lib/libur3_moveit_plugin.so
Unlinking: /home/student/universal_robots_ws/devel/lib/libur10_kin.so
Unlinking: /home/student/universal_robots_ws/devel/lib/libur5_kin.so
Unlinking: /home/student/universal_robots_ws/devel/lib/libur3_kin.so
Unlinking: /home/student/universal_robots_ws/devel/lib/libur5_moveit_plugin.so
Unlinking: /home/student/universal_robots_ws/devel/lib/libur10_moveit_plugin.so
Unlinking: /home/student/universal_robots_ws/devel/lib/python2.7/dist-packages/ur_kinematics/__init__.py
Unlinking: /home/student/universal_robots_ws/devel/lib/pkgconfig/ur_kinematics.pc
Unlinking: /home/student/universal_robots_ws/devel/share/ur_kinematics/cmake/ur_kinematicsConfig.cmake
Unlinking: /home/student/universal_robots_ws/devel/share/ur_kinematics/cmake/ur_kinematicsConfig-version.cmake
