Warning: Cannot symlink from /home/student/.local/share/Trash/files/LJ2_P4_ROS_Groep1/universal_robots_ws/devel/.private/ur_kinematics/lib/libur3_moveit_plugin.so to existing file /home/student/.local/share/Trash/files/LJ2_P4_ROS_Groep1/universal_robots_ws/devel/lib/libur3_moveit_plugin.so
Warning: Source hash: 3cd36b6ba610b1182fd8de9a783e01b8
Warning: Dest hash: 7c8cdf2b7bbfd0477e7ebb4a1efb1906
Warning: Cannot symlink from /home/student/.local/share/Trash/files/LJ2_P4_ROS_Groep1/universal_robots_ws/devel/.private/ur_kinematics/lib/libur5_moveit_plugin.so to existing file /home/student/.local/share/Trash/files/LJ2_P4_ROS_Groep1/universal_robots_ws/devel/lib/libur5_moveit_plugin.so
Warning: Source hash: 27d3fa37806486860a18ca66a54d268b
Warning: Dest hash: a517a386facd969b611d3454097accba
Warning: Cannot symlink from /home/student/.local/share/Trash/files/LJ2_P4_ROS_Groep1/universal_robots_ws/devel/.private/ur_kinematics/lib/libur10_moveit_plugin.so to existing file /home/student/.local/share/Trash/files/LJ2_P4_ROS_Groep1/universal_robots_ws/devel/lib/libur10_moveit_plugin.so
Warning: Source hash: dfb6cfdd115ca0d4f6c672699872dff9
Warning: Dest hash: 9d1b5e34aba0765d776e3c55b30766fc
Warning: Cannot symlink from /home/student/.local/share/Trash/files/LJ2_P4_ROS_Groep1/universal_robots_ws/devel/.private/ur_kinematics/lib/python2.7/dist-packages/ur_kinematics/__init__.py to existing file /home/student/.local/share/Trash/files/LJ2_P4_ROS_Groep1/universal_robots_ws/devel/lib/python2.7/dist-packages/ur_kinematics/__init__.py
Warning: Source hash: 7b9796b2c1f2efaa2f18887ccd56b29c
Warning: Dest hash: de2a3e7882bded7be3b0e4ce52650af8
Warning: Cannot symlink from /home/student/.local/share/Trash/files/LJ2_P4_ROS_Groep1/universal_robots_ws/devel/.private/ur_kinematics/lib/pkgconfig/ur_kinematics.pc to existing file /home/student/.local/share/Trash/files/LJ2_P4_ROS_Groep1/universal_robots_ws/devel/lib/pkgconfig/ur_kinematics.pc
Warning: Source hash: 3dd5ebfb7c553d4896d9ed83a1028647
Warning: Dest hash: c74f13cec6d55f798ef2749c9dedfc15
Warning: Cannot symlink from /home/student/.local/share/Trash/files/LJ2_P4_ROS_Groep1/universal_robots_ws/devel/.private/ur_kinematics/share/ur_kinematics/cmake/ur_kinematicsConfig.cmake to existing file /home/student/.local/share/Trash/files/LJ2_P4_ROS_Groep1/universal_robots_ws/devel/share/ur_kinematics/cmake/ur_kinematicsConfig.cmake
Warning: Source hash: 9f2b40ba0ca4039836f29d7b67d8f5a8
Warning: Dest hash: 46280323b71b4afa02105bcf4a08ee0c
Cleaning: (/home/student/LJ2_P4_ROS_Groep1/universal_robots_ws/devel/.private/ur_kinematics/cmake.lock, /home/student/LJ2_P4_ROS_Groep1/universal_robots_ws/devel/./cmake.lock)
Cleaning: (/home/student/LJ2_P4_ROS_Groep1/universal_robots_ws/devel/.private/ur_kinematics/lib/libur3_moveit_plugin.so, /home/student/LJ2_P4_ROS_Groep1/universal_robots_ws/devel/lib/libur3_moveit_plugin.so)
Cleaning: (/home/student/LJ2_P4_ROS_Groep1/universal_robots_ws/devel/.private/ur_kinematics/lib/libur10_kin.so, /home/student/LJ2_P4_ROS_Groep1/universal_robots_ws/devel/lib/libur10_kin.so)
Cleaning: (/home/student/LJ2_P4_ROS_Groep1/universal_robots_ws/devel/.private/ur_kinematics/lib/libur5_kin.so, /home/student/LJ2_P4_ROS_Groep1/universal_robots_ws/devel/lib/libur5_kin.so)
Cleaning: (/home/student/LJ2_P4_ROS_Groep1/universal_robots_ws/devel/.private/ur_kinematics/lib/libur3_kin.so, /home/student/LJ2_P4_ROS_Groep1/universal_robots_ws/devel/lib/libur3_kin.so)
Cleaning: (/home/student/LJ2_P4_ROS_Groep1/universal_robots_ws/devel/.private/ur_kinematics/lib/libur5_moveit_plugin.so, /home/student/LJ2_P4_ROS_Groep1/universal_robots_ws/devel/lib/libur5_moveit_plugin.so)
Cleaning: (/home/student/LJ2_P4_ROS_Groep1/universal_robots_ws/devel/.private/ur_kinematics/lib/libur10_moveit_plugin.so, /home/student/LJ2_P4_ROS_Groep1/universal_robots_ws/devel/lib/libur10_moveit_plugin.so)
Cleaning: (/home/student/LJ2_P4_ROS_Groep1/universal_robots_ws/devel/.private/ur_kinematics/lib/python2.7/dist-packages/ur_kinematics/__init__.py, /home/student/LJ2_P4_ROS_Groep1/universal_robots_ws/devel/lib/python2.7/dist-packages/ur_kinematics/__init__.py)
Cleaning: (/home/student/LJ2_P4_ROS_Groep1/universal_robots_ws/devel/.private/ur_kinematics/lib/pkgconfig/ur_kinematics.pc, /home/student/LJ2_P4_ROS_Groep1/universal_robots_ws/devel/lib/pkgconfig/ur_kinematics.pc)
Cleaning: (/home/student/LJ2_P4_ROS_Groep1/universal_robots_ws/devel/.private/ur_kinematics/share/ur_kinematics/cmake/ur_kinematicsConfig.cmake, /home/student/LJ2_P4_ROS_Groep1/universal_robots_ws/devel/share/ur_kinematics/cmake/ur_kinematicsConfig.cmake)
Cleaning: (/home/student/LJ2_P4_ROS_Groep1/universal_robots_ws/devel/.private/ur_kinematics/share/ur_kinematics/cmake/ur_kinematicsConfig-version.cmake, /home/student/LJ2_P4_ROS_Groep1/universal_robots_ws/devel/share/ur_kinematics/cmake/ur_kinematicsConfig-version.cmake)
Unlinking: /home/student/LJ2_P4_ROS_Groep1/universal_robots_ws/devel/lib/libur3_moveit_plugin.so
Unlinking: /home/student/LJ2_P4_ROS_Groep1/universal_robots_ws/devel/lib/libur10_kin.so
Unlinking: /home/student/LJ2_P4_ROS_Groep1/universal_robots_ws/devel/lib/libur5_kin.so
Unlinking: /home/student/LJ2_P4_ROS_Groep1/universal_robots_ws/devel/lib/libur3_kin.so
Unlinking: /home/student/LJ2_P4_ROS_Groep1/universal_robots_ws/devel/lib/libur5_moveit_plugin.so
Unlinking: /home/student/LJ2_P4_ROS_Groep1/universal_robots_ws/devel/lib/libur10_moveit_plugin.so
Unlinking: /home/student/LJ2_P4_ROS_Groep1/universal_robots_ws/devel/lib/python2.7/dist-packages/ur_kinematics/__init__.py
Unlinking: /home/student/LJ2_P4_ROS_Groep1/universal_robots_ws/devel/lib/pkgconfig/ur_kinematics.pc
Unlinking: /home/student/LJ2_P4_ROS_Groep1/universal_robots_ws/devel/share/ur_kinematics/cmake/ur_kinematicsConfig.cmake
Unlinking: /home/student/LJ2_P4_ROS_Groep1/universal_robots_ws/devel/share/ur_kinematics/cmake/ur_kinematicsConfig-version.cmake
