Warning: Cannot symlink from /home/student/.local/share/Trash/files/LJ2_P4_ROS_Groep1/universal_robots_ws/devel/.private/ur_msgs/lib/pkgconfig/ur_msgs.pc to existing file /home/student/.local/share/Trash/files/LJ2_P4_ROS_Groep1/universal_robots_ws/devel/lib/pkgconfig/ur_msgs.pc
Warning: Source hash: 31dbbc941537a1de36aba7e3bcfc7bb9
Warning: Dest hash: b0799ce9a1c3439e8b8d5e8dee3189ce
Warning: Cannot symlink from /home/student/.local/share/Trash/files/LJ2_P4_ROS_Groep1/universal_robots_ws/devel/.private/ur_msgs/share/ur_msgs/cmake/ur_msgs-msg-paths.cmake to existing file /home/student/.local/share/Trash/files/LJ2_P4_ROS_Groep1/universal_robots_ws/devel/share/ur_msgs/cmake/ur_msgs-msg-paths.cmake
Warning: Source hash: a86642be251f30cbba84acb305afd98e
Warning: Dest hash: a20eb2affdc7c3400fbbbaef001468ba
Warning: Cannot symlink from /home/student/.local/share/Trash/files/LJ2_P4_ROS_Groep1/universal_robots_ws/devel/.private/ur_msgs/share/ur_msgs/cmake/ur_msgsConfig.cmake to existing file /home/student/.local/share/Trash/files/LJ2_P4_ROS_Groep1/universal_robots_ws/devel/share/ur_msgs/cmake/ur_msgsConfig.cmake
Warning: Source hash: c2b3baa41948bd32b40283d3ac481cd7
Warning: Dest hash: d95e3d8634c8c9375685097eb0c8620c
Warning: Cannot symlink from /home/student/.local/share/Trash/files/LJ2_P4_ROS_Groep1/universal_robots_ws/devel/.private/ur_msgs/share/ur_msgs/cmake/ur_msgs-msg-extras.cmake to existing file /home/student/.local/share/Trash/files/LJ2_P4_ROS_Groep1/universal_robots_ws/devel/share/ur_msgs/cmake/ur_msgs-msg-extras.cmake
Warning: Source hash: dbf09eeb78c218f8f222d9ad40aa21dc
Warning: Dest hash: aff768344850f1591772bbb6e21bb1de
Cleaning: (/home/student/LJ2_P4_ROS_Groep1/universal_robots_ws/devel/.private/ur_msgs/cmake.lock, /home/student/LJ2_P4_ROS_Groep1/universal_robots_ws/devel/./cmake.lock)
Cleaning: (/home/student/LJ2_P4_ROS_Groep1/universal_robots_ws/devel/.private/ur_msgs/include/ur_msgs/RobotModeDataMsg.h, /home/student/LJ2_P4_ROS_Groep1/universal_robots_ws/devel/include/ur_msgs/RobotModeDataMsg.h)
Cleaning: (/home/student/LJ2_P4_ROS_Groep1/universal_robots_ws/devel/.private/ur_msgs/include/ur_msgs/MasterboardDataMsg.h, /home/student/LJ2_P4_ROS_Groep1/universal_robots_ws/devel/include/ur_msgs/MasterboardDataMsg.h)
Cleaning: (/home/student/LJ2_P4_ROS_Groep1/universal_robots_ws/devel/.private/ur_msgs/include/ur_msgs/SetPayloadResponse.h, /home/student/LJ2_P4_ROS_Groep1/universal_robots_ws/devel/include/ur_msgs/SetPayloadResponse.h)
Cleaning: (/home/student/LJ2_P4_ROS_Groep1/universal_robots_ws/devel/.private/ur_msgs/include/ur_msgs/SetIO.h, /home/student/LJ2_P4_ROS_Groep1/universal_robots_ws/devel/include/ur_msgs/SetIO.h)
Cleaning: (/home/student/LJ2_P4_ROS_Groep1/universal_robots_ws/devel/.private/ur_msgs/include/ur_msgs/RobotStateRTMsg.h, /home/student/LJ2_P4_ROS_Groep1/universal_robots_ws/devel/include/ur_msgs/RobotStateRTMsg.h)
Cleaning: (/home/student/LJ2_P4_ROS_Groep1/universal_robots_ws/devel/.private/ur_msgs/include/ur_msgs/SetSpeedSliderFractionResponse.h, /home/student/LJ2_P4_ROS_Groep1/universal_robots_ws/devel/include/ur_msgs/SetSpeedSliderFractionResponse.h)
Cleaning: (/home/student/LJ2_P4_ROS_Groep1/universal_robots_ws/devel/.private/ur_msgs/include/ur_msgs/ToolDataMsg.h, /home/student/LJ2_P4_ROS_Groep1/universal_robots_ws/devel/include/ur_msgs/ToolDataMsg.h)
Cleaning: (/home/student/LJ2_P4_ROS_Groep1/universal_robots_ws/devel/.private/ur_msgs/include/ur_msgs/IOStates.h, /home/student/LJ2_P4_ROS_Groep1/universal_robots_ws/devel/include/ur_msgs/IOStates.h)
Cleaning: (/home/student/LJ2_P4_ROS_Groep1/universal_robots_ws/devel/.private/ur_msgs/include/ur_msgs/SetIORequest.h, /home/student/LJ2_P4_ROS_Groep1/universal_robots_ws/devel/include/ur_msgs/SetIORequest.h)
Cleaning: (/home/student/LJ2_P4_ROS_Groep1/universal_robots_ws/devel/.private/ur_msgs/include/ur_msgs/SetSpeedSliderFraction.h, /home/student/LJ2_P4_ROS_Groep1/universal_robots_ws/devel/include/ur_msgs/SetSpeedSliderFraction.h)
Cleaning: (/home/student/LJ2_P4_ROS_Groep1/universal_robots_ws/devel/.private/ur_msgs/include/ur_msgs/SetIOResponse.h, /home/student/LJ2_P4_ROS_Groep1/universal_robots_ws/devel/include/ur_msgs/SetIOResponse.h)
Cleaning: (/home/student/LJ2_P4_ROS_Groep1/universal_robots_ws/devel/.private/ur_msgs/include/ur_msgs/SetPayloadRequest.h, /home/student/LJ2_P4_ROS_Groep1/universal_robots_ws/devel/include/ur_msgs/SetPayloadRequest.h)
Cleaning: (/home/student/LJ2_P4_ROS_Groep1/universal_robots_ws/devel/.private/ur_msgs/include/ur_msgs/SetSpeedSliderFractionRequest.h, /home/student/LJ2_P4_ROS_Groep1/universal_robots_ws/devel/include/ur_msgs/SetSpeedSliderFractionRequest.h)
Cleaning: (/home/student/LJ2_P4_ROS_Groep1/universal_robots_ws/devel/.private/ur_msgs/include/ur_msgs/SetPayload.h, /home/student/LJ2_P4_ROS_Groep1/universal_robots_ws/devel/include/ur_msgs/SetPayload.h)
Cleaning: (/home/student/LJ2_P4_ROS_Groep1/universal_robots_ws/devel/.private/ur_msgs/include/ur_msgs/Digital.h, /home/student/LJ2_P4_ROS_Groep1/universal_robots_ws/devel/include/ur_msgs/Digital.h)
Cleaning: (/home/student/LJ2_P4_ROS_Groep1/universal_robots_ws/devel/.private/ur_msgs/include/ur_msgs/Analog.h, /home/student/LJ2_P4_ROS_Groep1/universal_robots_ws/devel/include/ur_msgs/Analog.h)
Cleaning: (/home/student/LJ2_P4_ROS_Groep1/universal_robots_ws/devel/.private/ur_msgs/lib/python2.7/dist-packages/ur_msgs/__init__.py, /home/student/LJ2_P4_ROS_Groep1/universal_robots_ws/devel/lib/python2.7/dist-packages/ur_msgs/__init__.py)
Cleaning: (/home/student/LJ2_P4_ROS_Groep1/universal_robots_ws/devel/.private/ur_msgs/lib/python2.7/dist-packages/ur_msgs/msg/_ToolDataMsg.py, /home/student/LJ2_P4_ROS_Groep1/universal_robots_ws/devel/lib/python2.7/dist-packages/ur_msgs/msg/_ToolDataMsg.py)
Cleaning: (/home/student/LJ2_P4_ROS_Groep1/universal_robots_ws/devel/.private/ur_msgs/lib/python2.7/dist-packages/ur_msgs/msg/_Analog.py, /home/student/LJ2_P4_ROS_Groep1/universal_robots_ws/devel/lib/python2.7/dist-packages/ur_msgs/msg/_Analog.py)
Cleaning: (/home/student/LJ2_P4_ROS_Groep1/universal_robots_ws/devel/.private/ur_msgs/lib/python2.7/dist-packages/ur_msgs/msg/__init__.py, /home/student/LJ2_P4_ROS_Groep1/universal_robots_ws/devel/lib/python2.7/dist-packages/ur_msgs/msg/__init__.py)
Cleaning: (/home/student/LJ2_P4_ROS_Groep1/universal_robots_ws/devel/.private/ur_msgs/lib/python2.7/dist-packages/ur_msgs/msg/_RobotModeDataMsg.py, /home/student/LJ2_P4_ROS_Groep1/universal_robots_ws/devel/lib/python2.7/dist-packages/ur_msgs/msg/_RobotModeDataMsg.py)
Cleaning: (/home/student/LJ2_P4_ROS_Groep1/universal_robots_ws/devel/.private/ur_msgs/lib/python2.7/dist-packages/ur_msgs/msg/_RobotStateRTMsg.py, /home/student/LJ2_P4_ROS_Groep1/universal_robots_ws/devel/lib/python2.7/dist-packages/ur_msgs/msg/_RobotStateRTMsg.py)
Cleaning: (/home/student/LJ2_P4_ROS_Groep1/universal_robots_ws/devel/.private/ur_msgs/lib/python2.7/dist-packages/ur_msgs/msg/_Digital.py, /home/student/LJ2_P4_ROS_Groep1/universal_robots_ws/devel/lib/python2.7/dist-packages/ur_msgs/msg/_Digital.py)
Cleaning: (/home/student/LJ2_P4_ROS_Groep1/universal_robots_ws/devel/.private/ur_msgs/lib/python2.7/dist-packages/ur_msgs/msg/_MasterboardDataMsg.py, /home/student/LJ2_P4_ROS_Groep1/universal_robots_ws/devel/lib/python2.7/dist-packages/ur_msgs/msg/_MasterboardDataMsg.py)
Cleaning: (/home/student/LJ2_P4_ROS_Groep1/universal_robots_ws/devel/.private/ur_msgs/lib/python2.7/dist-packages/ur_msgs/msg/_IOStates.py, /home/student/LJ2_P4_ROS_Groep1/universal_robots_ws/devel/lib/python2.7/dist-packages/ur_msgs/msg/_IOStates.py)
Cleaning: (/home/student/LJ2_P4_ROS_Groep1/universal_robots_ws/devel/.private/ur_msgs/lib/python2.7/dist-packages/ur_msgs/srv/_SetIO.py, /home/student/LJ2_P4_ROS_Groep1/universal_robots_ws/devel/lib/python2.7/dist-packages/ur_msgs/srv/_SetIO.py)
Cleaning: (/home/student/LJ2_P4_ROS_Groep1/universal_robots_ws/devel/.private/ur_msgs/lib/python2.7/dist-packages/ur_msgs/srv/__init__.py, /home/student/LJ2_P4_ROS_Groep1/universal_robots_ws/devel/lib/python2.7/dist-packages/ur_msgs/srv/__init__.py)
Cleaning: (/home/student/LJ2_P4_ROS_Groep1/universal_robots_ws/devel/.private/ur_msgs/lib/python2.7/dist-packages/ur_msgs/srv/_SetSpeedSliderFraction.py, /home/student/LJ2_P4_ROS_Groep1/universal_robots_ws/devel/lib/python2.7/dist-packages/ur_msgs/srv/_SetSpeedSliderFraction.py)
Cleaning: (/home/student/LJ2_P4_ROS_Groep1/universal_robots_ws/devel/.private/ur_msgs/lib/python2.7/dist-packages/ur_msgs/srv/_SetPayload.py, /home/student/LJ2_P4_ROS_Groep1/universal_robots_ws/devel/lib/python2.7/dist-packages/ur_msgs/srv/_SetPayload.py)
Cleaning: (/home/student/LJ2_P4_ROS_Groep1/universal_robots_ws/devel/.private/ur_msgs/lib/pkgconfig/ur_msgs.pc, /home/student/LJ2_P4_ROS_Groep1/universal_robots_ws/devel/lib/pkgconfig/ur_msgs.pc)
Cleaning: (/home/student/LJ2_P4_ROS_Groep1/universal_robots_ws/devel/.private/ur_msgs/share/gennodejs/ros/ur_msgs/_index.js, /home/student/LJ2_P4_ROS_Groep1/universal_robots_ws/devel/share/gennodejs/ros/ur_msgs/_index.js)
Cleaning: (/home/student/LJ2_P4_ROS_Groep1/universal_robots_ws/devel/.private/ur_msgs/share/gennodejs/ros/ur_msgs/msg/MasterboardDataMsg.js, /home/student/LJ2_P4_ROS_Groep1/universal_robots_ws/devel/share/gennodejs/ros/ur_msgs/msg/MasterboardDataMsg.js)
Cleaning: (/home/student/LJ2_P4_ROS_Groep1/universal_robots_ws/devel/.private/ur_msgs/share/gennodejs/ros/ur_msgs/msg/Digital.js, /home/student/LJ2_P4_ROS_Groep1/universal_robots_ws/devel/share/gennodejs/ros/ur_msgs/msg/Digital.js)
Cleaning: (/home/student/LJ2_P4_ROS_Groep1/universal_robots_ws/devel/.private/ur_msgs/share/gennodejs/ros/ur_msgs/msg/Analog.js, /home/student/LJ2_P4_ROS_Groep1/universal_robots_ws/devel/share/gennodejs/ros/ur_msgs/msg/Analog.js)
Cleaning: (/home/student/LJ2_P4_ROS_Groep1/universal_robots_ws/devel/.private/ur_msgs/share/gennodejs/ros/ur_msgs/msg/RobotStateRTMsg.js, /home/student/LJ2_P4_ROS_Groep1/universal_robots_ws/devel/share/gennodejs/ros/ur_msgs/msg/RobotStateRTMsg.js)
Cleaning: (/home/student/LJ2_P4_ROS_Groep1/universal_robots_ws/devel/.private/ur_msgs/share/gennodejs/ros/ur_msgs/msg/RobotModeDataMsg.js, /home/student/LJ2_P4_ROS_Groep1/universal_robots_ws/devel/share/gennodejs/ros/ur_msgs/msg/RobotModeDataMsg.js)
Cleaning: (/home/student/LJ2_P4_ROS_Groep1/universal_robots_ws/devel/.private/ur_msgs/share/gennodejs/ros/ur_msgs/msg/_index.js, /home/student/LJ2_P4_ROS_Groep1/universal_robots_ws/devel/share/gennodejs/ros/ur_msgs/msg/_index.js)
Cleaning: (/home/student/LJ2_P4_ROS_Groep1/universal_robots_ws/devel/.private/ur_msgs/share/gennodejs/ros/ur_msgs/msg/IOStates.js, /home/student/LJ2_P4_ROS_Groep1/universal_robots_ws/devel/share/gennodejs/ros/ur_msgs/msg/IOStates.js)
Cleaning: (/home/student/LJ2_P4_ROS_Groep1/universal_robots_ws/devel/.private/ur_msgs/share/gennodejs/ros/ur_msgs/msg/ToolDataMsg.js, /home/student/LJ2_P4_ROS_Groep1/universal_robots_ws/devel/share/gennodejs/ros/ur_msgs/msg/ToolDataMsg.js)
Cleaning: (/home/student/LJ2_P4_ROS_Groep1/universal_robots_ws/devel/.private/ur_msgs/share/gennodejs/ros/ur_msgs/srv/SetPayload.js, /home/student/LJ2_P4_ROS_Groep1/universal_robots_ws/devel/share/gennodejs/ros/ur_msgs/srv/SetPayload.js)
Cleaning: (/home/student/LJ2_P4_ROS_Groep1/universal_robots_ws/devel/.private/ur_msgs/share/gennodejs/ros/ur_msgs/srv/SetSpeedSliderFraction.js, /home/student/LJ2_P4_ROS_Groep1/universal_robots_ws/devel/share/gennodejs/ros/ur_msgs/srv/SetSpeedSliderFraction.js)
Cleaning: (/home/student/LJ2_P4_ROS_Groep1/universal_robots_ws/devel/.private/ur_msgs/share/gennodejs/ros/ur_msgs/srv/_index.js, /home/student/LJ2_P4_ROS_Groep1/universal_robots_ws/devel/share/gennodejs/ros/ur_msgs/srv/_index.js)
Cleaning: (/home/student/LJ2_P4_ROS_Groep1/universal_robots_ws/devel/.private/ur_msgs/share/gennodejs/ros/ur_msgs/srv/SetIO.js, /home/student/LJ2_P4_ROS_Groep1/universal_robots_ws/devel/share/gennodejs/ros/ur_msgs/srv/SetIO.js)
Cleaning: (/home/student/LJ2_P4_ROS_Groep1/universal_robots_ws/devel/.private/ur_msgs/share/roseus/ros/ur_msgs/manifest.l, /home/student/LJ2_P4_ROS_Groep1/universal_robots_ws/devel/share/roseus/ros/ur_msgs/manifest.l)
Cleaning: (/home/student/LJ2_P4_ROS_Groep1/universal_robots_ws/devel/.private/ur_msgs/share/roseus/ros/ur_msgs/msg/IOStates.l, /home/student/LJ2_P4_ROS_Groep1/universal_robots_ws/devel/share/roseus/ros/ur_msgs/msg/IOStates.l)
Cleaning: (/home/student/LJ2_P4_ROS_Groep1/universal_robots_ws/devel/.private/ur_msgs/share/roseus/ros/ur_msgs/msg/ToolDataMsg.l, /home/student/LJ2_P4_ROS_Groep1/universal_robots_ws/devel/share/roseus/ros/ur_msgs/msg/ToolDataMsg.l)
Cleaning: (/home/student/LJ2_P4_ROS_Groep1/universal_robots_ws/devel/.private/ur_msgs/share/roseus/ros/ur_msgs/msg/Analog.l, /home/student/LJ2_P4_ROS_Groep1/universal_robots_ws/devel/share/roseus/ros/ur_msgs/msg/Analog.l)
Cleaning: (/home/student/LJ2_P4_ROS_Groep1/universal_robots_ws/devel/.private/ur_msgs/share/roseus/ros/ur_msgs/msg/RobotModeDataMsg.l, /home/student/LJ2_P4_ROS_Groep1/universal_robots_ws/devel/share/roseus/ros/ur_msgs/msg/RobotModeDataMsg.l)
Cleaning: (/home/student/LJ2_P4_ROS_Groep1/universal_robots_ws/devel/.private/ur_msgs/share/roseus/ros/ur_msgs/msg/Digital.l, /home/student/LJ2_P4_ROS_Groep1/universal_robots_ws/devel/share/roseus/ros/ur_msgs/msg/Digital.l)
Cleaning: (/home/student/LJ2_P4_ROS_Groep1/universal_robots_ws/devel/.private/ur_msgs/share/roseus/ros/ur_msgs/msg/MasterboardDataMsg.l, /home/student/LJ2_P4_ROS_Groep1/universal_robots_ws/devel/share/roseus/ros/ur_msgs/msg/MasterboardDataMsg.l)
Cleaning: (/home/student/LJ2_P4_ROS_Groep1/universal_robots_ws/devel/.private/ur_msgs/share/roseus/ros/ur_msgs/msg/RobotStateRTMsg.l, /home/student/LJ2_P4_ROS_Groep1/universal_robots_ws/devel/share/roseus/ros/ur_msgs/msg/RobotStateRTMsg.l)
Cleaning: (/home/student/LJ2_P4_ROS_Groep1/universal_robots_ws/devel/.private/ur_msgs/share/roseus/ros/ur_msgs/srv/SetIO.l, /home/student/LJ2_P4_ROS_Groep1/universal_robots_ws/devel/share/roseus/ros/ur_msgs/srv/SetIO.l)
Cleaning: (/home/student/LJ2_P4_ROS_Groep1/universal_robots_ws/devel/.private/ur_msgs/share/roseus/ros/ur_msgs/srv/SetPayload.l, /home/student/LJ2_P4_ROS_Groep1/universal_robots_ws/devel/share/roseus/ros/ur_msgs/srv/SetPayload.l)
Cleaning: (/home/student/LJ2_P4_ROS_Groep1/universal_robots_ws/devel/.private/ur_msgs/share/roseus/ros/ur_msgs/srv/SetSpeedSliderFraction.l, /home/student/LJ2_P4_ROS_Groep1/universal_robots_ws/devel/share/roseus/ros/ur_msgs/srv/SetSpeedSliderFraction.l)
Cleaning: (/home/student/LJ2_P4_ROS_Groep1/universal_robots_ws/devel/.private/ur_msgs/share/common-lisp/ros/ur_msgs/msg/Digital.lisp, /home/student/LJ2_P4_ROS_Groep1/universal_robots_ws/devel/share/common-lisp/ros/ur_msgs/msg/Digital.lisp)
Cleaning: (/home/student/LJ2_P4_ROS_Groep1/universal_robots_ws/devel/.private/ur_msgs/share/common-lisp/ros/ur_msgs/msg/Analog.lisp, /home/student/LJ2_P4_ROS_Groep1/universal_robots_ws/devel/share/common-lisp/ros/ur_msgs/msg/Analog.lisp)
Cleaning: (/home/student/LJ2_P4_ROS_Groep1/universal_robots_ws/devel/.private/ur_msgs/share/common-lisp/ros/ur_msgs/msg/MasterboardDataMsg.lisp, /home/student/LJ2_P4_ROS_Groep1/universal_robots_ws/devel/share/common-lisp/ros/ur_msgs/msg/MasterboardDataMsg.lisp)
Cleaning: (/home/student/LJ2_P4_ROS_Groep1/universal_robots_ws/devel/.private/ur_msgs/share/common-lisp/ros/ur_msgs/msg/_package_IOStates.lisp, /home/student/LJ2_P4_ROS_Groep1/universal_robots_ws/devel/share/common-lisp/ros/ur_msgs/msg/_package_IOStates.lisp)
Cleaning: (/home/student/LJ2_P4_ROS_Groep1/universal_robots_ws/devel/.private/ur_msgs/share/common-lisp/ros/ur_msgs/msg/_package.lisp, /home/student/LJ2_P4_ROS_Groep1/universal_robots_ws/devel/share/common-lisp/ros/ur_msgs/msg/_package.lisp)
Cleaning: (/home/student/LJ2_P4_ROS_Groep1/universal_robots_ws/devel/.private/ur_msgs/share/common-lisp/ros/ur_msgs/msg/_package_MasterboardDataMsg.lisp, /home/student/LJ2_P4_ROS_Groep1/universal_robots_ws/devel/share/common-lisp/ros/ur_msgs/msg/_package_MasterboardDataMsg.lisp)
Cleaning: (/home/student/LJ2_P4_ROS_Groep1/universal_robots_ws/devel/.private/ur_msgs/share/common-lisp/ros/ur_msgs/msg/_package_Analog.lisp, /home/student/LJ2_P4_ROS_Groep1/universal_robots_ws/devel/share/common-lisp/ros/ur_msgs/msg/_package_Analog.lisp)
Cleaning: (/home/student/LJ2_P4_ROS_Groep1/universal_robots_ws/devel/.private/ur_msgs/share/common-lisp/ros/ur_msgs/msg/ur_msgs-msg.asd, /home/student/LJ2_P4_ROS_Groep1/universal_robots_ws/devel/share/common-lisp/ros/ur_msgs/msg/ur_msgs-msg.asd)
Cleaning: (/home/student/LJ2_P4_ROS_Groep1/universal_robots_ws/devel/.private/ur_msgs/share/common-lisp/ros/ur_msgs/msg/_package_Digital.lisp, /home/student/LJ2_P4_ROS_Groep1/universal_robots_ws/devel/share/common-lisp/ros/ur_msgs/msg/_package_Digital.lisp)
Cleaning: (/home/student/LJ2_P4_ROS_Groep1/universal_robots_ws/devel/.private/ur_msgs/share/common-lisp/ros/ur_msgs/msg/IOStates.lisp, /home/student/LJ2_P4_ROS_Groep1/universal_robots_ws/devel/share/common-lisp/ros/ur_msgs/msg/IOStates.lisp)
Cleaning: (/home/student/LJ2_P4_ROS_Groep1/universal_robots_ws/devel/.private/ur_msgs/share/common-lisp/ros/ur_msgs/msg/_package_RobotStateRTMsg.lisp, /home/student/LJ2_P4_ROS_Groep1/universal_robots_ws/devel/share/common-lisp/ros/ur_msgs/msg/_package_RobotStateRTMsg.lisp)
Cleaning: (/home/student/LJ2_P4_ROS_Groep1/universal_robots_ws/devel/.private/ur_msgs/share/common-lisp/ros/ur_msgs/msg/RobotModeDataMsg.lisp, /home/student/LJ2_P4_ROS_Groep1/universal_robots_ws/devel/share/common-lisp/ros/ur_msgs/msg/RobotModeDataMsg.lisp)
Cleaning: (/home/student/LJ2_P4_ROS_Groep1/universal_robots_ws/devel/.private/ur_msgs/share/common-lisp/ros/ur_msgs/msg/_package_ToolDataMsg.lisp, /home/student/LJ2_P4_ROS_Groep1/universal_robots_ws/devel/share/common-lisp/ros/ur_msgs/msg/_package_ToolDataMsg.lisp)
Cleaning: (/home/student/LJ2_P4_ROS_Groep1/universal_robots_ws/devel/.private/ur_msgs/share/common-lisp/ros/ur_msgs/msg/_package_RobotModeDataMsg.lisp, /home/student/LJ2_P4_ROS_Groep1/universal_robots_ws/devel/share/common-lisp/ros/ur_msgs/msg/_package_RobotModeDataMsg.lisp)
Cleaning: (/home/student/LJ2_P4_ROS_Groep1/universal_robots_ws/devel/.private/ur_msgs/share/common-lisp/ros/ur_msgs/msg/RobotStateRTMsg.lisp, /home/student/LJ2_P4_ROS_Groep1/universal_robots_ws/devel/share/common-lisp/ros/ur_msgs/msg/RobotStateRTMsg.lisp)
Cleaning: (/home/student/LJ2_P4_ROS_Groep1/universal_robots_ws/devel/.private/ur_msgs/share/common-lisp/ros/ur_msgs/msg/ToolDataMsg.lisp, /home/student/LJ2_P4_ROS_Groep1/universal_robots_ws/devel/share/common-lisp/ros/ur_msgs/msg/ToolDataMsg.lisp)
Cleaning: (/home/student/LJ2_P4_ROS_Groep1/universal_robots_ws/devel/.private/ur_msgs/share/common-lisp/ros/ur_msgs/srv/ur_msgs-srv.asd, /home/student/LJ2_P4_ROS_Groep1/universal_robots_ws/devel/share/common-lisp/ros/ur_msgs/srv/ur_msgs-srv.asd)
Cleaning: (/home/student/LJ2_P4_ROS_Groep1/universal_robots_ws/devel/.private/ur_msgs/share/common-lisp/ros/ur_msgs/srv/_package_SetIO.lisp, /home/student/LJ2_P4_ROS_Groep1/universal_robots_ws/devel/share/common-lisp/ros/ur_msgs/srv/_package_SetIO.lisp)
Cleaning: (/home/student/LJ2_P4_ROS_Groep1/universal_robots_ws/devel/.private/ur_msgs/share/common-lisp/ros/ur_msgs/srv/_package.lisp, /home/student/LJ2_P4_ROS_Groep1/universal_robots_ws/devel/share/common-lisp/ros/ur_msgs/srv/_package.lisp)
Cleaning: (/home/student/LJ2_P4_ROS_Groep1/universal_robots_ws/devel/.private/ur_msgs/share/common-lisp/ros/ur_msgs/srv/SetSpeedSliderFraction.lisp, /home/student/LJ2_P4_ROS_Groep1/universal_robots_ws/devel/share/common-lisp/ros/ur_msgs/srv/SetSpeedSliderFraction.lisp)
Cleaning: (/home/student/LJ2_P4_ROS_Groep1/universal_robots_ws/devel/.private/ur_msgs/share/common-lisp/ros/ur_msgs/srv/SetPayload.lisp, /home/student/LJ2_P4_ROS_Groep1/universal_robots_ws/devel/share/common-lisp/ros/ur_msgs/srv/SetPayload.lisp)
Cleaning: (/home/student/LJ2_P4_ROS_Groep1/universal_robots_ws/devel/.private/ur_msgs/share/common-lisp/ros/ur_msgs/srv/_package_SetPayload.lisp, /home/student/LJ2_P4_ROS_Groep1/universal_robots_ws/devel/share/common-lisp/ros/ur_msgs/srv/_package_SetPayload.lisp)
Cleaning: (/home/student/LJ2_P4_ROS_Groep1/universal_robots_ws/devel/.private/ur_msgs/share/common-lisp/ros/ur_msgs/srv/SetIO.lisp, /home/student/LJ2_P4_ROS_Groep1/universal_robots_ws/devel/share/common-lisp/ros/ur_msgs/srv/SetIO.lisp)
Cleaning: (/home/student/LJ2_P4_ROS_Groep1/universal_robots_ws/devel/.private/ur_msgs/share/common-lisp/ros/ur_msgs/srv/_package_SetSpeedSliderFraction.lisp, /home/student/LJ2_P4_ROS_Groep1/universal_robots_ws/devel/share/common-lisp/ros/ur_msgs/srv/_package_SetSpeedSliderFraction.lisp)
Cleaning: (/home/student/LJ2_P4_ROS_Groep1/universal_robots_ws/devel/.private/ur_msgs/share/ur_msgs/cmake/ur_msgs-msg-paths.cmake, /home/student/LJ2_P4_ROS_Groep1/universal_robots_ws/devel/share/ur_msgs/cmake/ur_msgs-msg-paths.cmake)
Cleaning: (/home/student/LJ2_P4_ROS_Groep1/universal_robots_ws/devel/.private/ur_msgs/share/ur_msgs/cmake/ur_msgsConfig.cmake, /home/student/LJ2_P4_ROS_Groep1/universal_robots_ws/devel/share/ur_msgs/cmake/ur_msgsConfig.cmake)
Cleaning: (/home/student/LJ2_P4_ROS_Groep1/universal_robots_ws/devel/.private/ur_msgs/share/ur_msgs/cmake/ur_msgsConfig-version.cmake, /home/student/LJ2_P4_ROS_Groep1/universal_robots_ws/devel/share/ur_msgs/cmake/ur_msgsConfig-version.cmake)
Cleaning: (/home/student/LJ2_P4_ROS_Groep1/universal_robots_ws/devel/.private/ur_msgs/share/ur_msgs/cmake/ur_msgs-msg-extras.cmake, /home/student/LJ2_P4_ROS_Groep1/universal_robots_ws/devel/share/ur_msgs/cmake/ur_msgs-msg-extras.cmake)
Unlinking: /home/student/LJ2_P4_ROS_Groep1/universal_robots_ws/devel/include/ur_msgs/RobotModeDataMsg.h
Unlinking: /home/student/LJ2_P4_ROS_Groep1/universal_robots_ws/devel/include/ur_msgs/MasterboardDataMsg.h
Unlinking: /home/student/LJ2_P4_ROS_Groep1/universal_robots_ws/devel/include/ur_msgs/SetPayloadResponse.h
Unlinking: /home/student/LJ2_P4_ROS_Groep1/universal_robots_ws/devel/include/ur_msgs/SetIO.h
Unlinking: /home/student/LJ2_P4_ROS_Groep1/universal_robots_ws/devel/include/ur_msgs/RobotStateRTMsg.h
Unlinking: /home/student/LJ2_P4_ROS_Groep1/universal_robots_ws/devel/include/ur_msgs/SetSpeedSliderFractionResponse.h
Unlinking: /home/student/LJ2_P4_ROS_Groep1/universal_robots_ws/devel/include/ur_msgs/ToolDataMsg.h
Unlinking: /home/student/LJ2_P4_ROS_Groep1/universal_robots_ws/devel/include/ur_msgs/IOStates.h
Unlinking: /home/student/LJ2_P4_ROS_Groep1/universal_robots_ws/devel/include/ur_msgs/SetIORequest.h
Unlinking: /home/student/LJ2_P4_ROS_Groep1/universal_robots_ws/devel/include/ur_msgs/SetSpeedSliderFraction.h
Unlinking: /home/student/LJ2_P4_ROS_Groep1/universal_robots_ws/devel/include/ur_msgs/SetIOResponse.h
Unlinking: /home/student/LJ2_P4_ROS_Groep1/universal_robots_ws/devel/include/ur_msgs/SetPayloadRequest.h
Unlinking: /home/student/LJ2_P4_ROS_Groep1/universal_robots_ws/devel/include/ur_msgs/SetSpeedSliderFractionRequest.h
Unlinking: /home/student/LJ2_P4_ROS_Groep1/universal_robots_ws/devel/include/ur_msgs/SetPayload.h
Unlinking: /home/student/LJ2_P4_ROS_Groep1/universal_robots_ws/devel/include/ur_msgs/Digital.h
Unlinking: /home/student/LJ2_P4_ROS_Groep1/universal_robots_ws/devel/include/ur_msgs/Analog.h
Unlinking: /home/student/LJ2_P4_ROS_Groep1/universal_robots_ws/devel/lib/python2.7/dist-packages/ur_msgs/__init__.py
Unlinking: /home/student/LJ2_P4_ROS_Groep1/universal_robots_ws/devel/lib/python2.7/dist-packages/ur_msgs/msg/_ToolDataMsg.py
Unlinking: /home/student/LJ2_P4_ROS_Groep1/universal_robots_ws/devel/lib/python2.7/dist-packages/ur_msgs/msg/_Analog.py
Unlinking: /home/student/LJ2_P4_ROS_Groep1/universal_robots_ws/devel/lib/python2.7/dist-packages/ur_msgs/msg/__init__.py
Unlinking: /home/student/LJ2_P4_ROS_Groep1/universal_robots_ws/devel/lib/python2.7/dist-packages/ur_msgs/msg/_RobotModeDataMsg.py
Unlinking: /home/student/LJ2_P4_ROS_Groep1/universal_robots_ws/devel/lib/python2.7/dist-packages/ur_msgs/msg/_RobotStateRTMsg.py
Unlinking: /home/student/LJ2_P4_ROS_Groep1/universal_robots_ws/devel/lib/python2.7/dist-packages/ur_msgs/msg/_Digital.py
Unlinking: /home/student/LJ2_P4_ROS_Groep1/universal_robots_ws/devel/lib/python2.7/dist-packages/ur_msgs/msg/_MasterboardDataMsg.py
Unlinking: /home/student/LJ2_P4_ROS_Groep1/universal_robots_ws/devel/lib/python2.7/dist-packages/ur_msgs/msg/_IOStates.py
Unlinking: /home/student/LJ2_P4_ROS_Groep1/universal_robots_ws/devel/lib/python2.7/dist-packages/ur_msgs/srv/_SetIO.py
Unlinking: /home/student/LJ2_P4_ROS_Groep1/universal_robots_ws/devel/lib/python2.7/dist-packages/ur_msgs/srv/__init__.py
Unlinking: /home/student/LJ2_P4_ROS_Groep1/universal_robots_ws/devel/lib/python2.7/dist-packages/ur_msgs/srv/_SetSpeedSliderFraction.py
Unlinking: /home/student/LJ2_P4_ROS_Groep1/universal_robots_ws/devel/lib/python2.7/dist-packages/ur_msgs/srv/_SetPayload.py
Unlinking: /home/student/LJ2_P4_ROS_Groep1/universal_robots_ws/devel/lib/pkgconfig/ur_msgs.pc
Unlinking: /home/student/LJ2_P4_ROS_Groep1/universal_robots_ws/devel/share/gennodejs/ros/ur_msgs/_index.js
Unlinking: /home/student/LJ2_P4_ROS_Groep1/universal_robots_ws/devel/share/gennodejs/ros/ur_msgs/msg/MasterboardDataMsg.js
Unlinking: /home/student/LJ2_P4_ROS_Groep1/universal_robots_ws/devel/share/gennodejs/ros/ur_msgs/msg/Digital.js
Unlinking: /home/student/LJ2_P4_ROS_Groep1/universal_robots_ws/devel/share/gennodejs/ros/ur_msgs/msg/Analog.js
Unlinking: /home/student/LJ2_P4_ROS_Groep1/universal_robots_ws/devel/share/gennodejs/ros/ur_msgs/msg/RobotStateRTMsg.js
Unlinking: /home/student/LJ2_P4_ROS_Groep1/universal_robots_ws/devel/share/gennodejs/ros/ur_msgs/msg/RobotModeDataMsg.js
Unlinking: /home/student/LJ2_P4_ROS_Groep1/universal_robots_ws/devel/share/gennodejs/ros/ur_msgs/msg/_index.js
Unlinking: /home/student/LJ2_P4_ROS_Groep1/universal_robots_ws/devel/share/gennodejs/ros/ur_msgs/msg/IOStates.js
Unlinking: /home/student/LJ2_P4_ROS_Groep1/universal_robots_ws/devel/share/gennodejs/ros/ur_msgs/msg/ToolDataMsg.js
Unlinking: /home/student/LJ2_P4_ROS_Groep1/universal_robots_ws/devel/share/gennodejs/ros/ur_msgs/srv/SetPayload.js
Unlinking: /home/student/LJ2_P4_ROS_Groep1/universal_robots_ws/devel/share/gennodejs/ros/ur_msgs/srv/SetSpeedSliderFraction.js
Unlinking: /home/student/LJ2_P4_ROS_Groep1/universal_robots_ws/devel/share/gennodejs/ros/ur_msgs/srv/_index.js
Unlinking: /home/student/LJ2_P4_ROS_Groep1/universal_robots_ws/devel/share/gennodejs/ros/ur_msgs/srv/SetIO.js
Unlinking: /home/student/LJ2_P4_ROS_Groep1/universal_robots_ws/devel/share/roseus/ros/ur_msgs/manifest.l
Unlinking: /home/student/LJ2_P4_ROS_Groep1/universal_robots_ws/devel/share/roseus/ros/ur_msgs/msg/IOStates.l
Unlinking: /home/student/LJ2_P4_ROS_Groep1/universal_robots_ws/devel/share/roseus/ros/ur_msgs/msg/ToolDataMsg.l
Unlinking: /home/student/LJ2_P4_ROS_Groep1/universal_robots_ws/devel/share/roseus/ros/ur_msgs/msg/Analog.l
Unlinking: /home/student/LJ2_P4_ROS_Groep1/universal_robots_ws/devel/share/roseus/ros/ur_msgs/msg/RobotModeDataMsg.l
Unlinking: /home/student/LJ2_P4_ROS_Groep1/universal_robots_ws/devel/share/roseus/ros/ur_msgs/msg/Digital.l
Unlinking: /home/student/LJ2_P4_ROS_Groep1/universal_robots_ws/devel/share/roseus/ros/ur_msgs/msg/MasterboardDataMsg.l
Unlinking: /home/student/LJ2_P4_ROS_Groep1/universal_robots_ws/devel/share/roseus/ros/ur_msgs/msg/RobotStateRTMsg.l
Unlinking: /home/student/LJ2_P4_ROS_Groep1/universal_robots_ws/devel/share/roseus/ros/ur_msgs/srv/SetIO.l
Unlinking: /home/student/LJ2_P4_ROS_Groep1/universal_robots_ws/devel/share/roseus/ros/ur_msgs/srv/SetPayload.l
Unlinking: /home/student/LJ2_P4_ROS_Groep1/universal_robots_ws/devel/share/roseus/ros/ur_msgs/srv/SetSpeedSliderFraction.l
Unlinking: /home/student/LJ2_P4_ROS_Groep1/universal_robots_ws/devel/share/common-lisp/ros/ur_msgs/msg/Digital.lisp
Unlinking: /home/student/LJ2_P4_ROS_Groep1/universal_robots_ws/devel/share/common-lisp/ros/ur_msgs/msg/Analog.lisp
Unlinking: /home/student/LJ2_P4_ROS_Groep1/universal_robots_ws/devel/share/common-lisp/ros/ur_msgs/msg/MasterboardDataMsg.lisp
Unlinking: /home/student/LJ2_P4_ROS_Groep1/universal_robots_ws/devel/share/common-lisp/ros/ur_msgs/msg/_package_IOStates.lisp
Unlinking: /home/student/LJ2_P4_ROS_Groep1/universal_robots_ws/devel/share/common-lisp/ros/ur_msgs/msg/_package.lisp
Unlinking: /home/student/LJ2_P4_ROS_Groep1/universal_robots_ws/devel/share/common-lisp/ros/ur_msgs/msg/_package_MasterboardDataMsg.lisp
Unlinking: /home/student/LJ2_P4_ROS_Groep1/universal_robots_ws/devel/share/common-lisp/ros/ur_msgs/msg/_package_Analog.lisp
Unlinking: /home/student/LJ2_P4_ROS_Groep1/universal_robots_ws/devel/share/common-lisp/ros/ur_msgs/msg/ur_msgs-msg.asd
Unlinking: /home/student/LJ2_P4_ROS_Groep1/universal_robots_ws/devel/share/common-lisp/ros/ur_msgs/msg/_package_Digital.lisp
Unlinking: /home/student/LJ2_P4_ROS_Groep1/universal_robots_ws/devel/share/common-lisp/ros/ur_msgs/msg/IOStates.lisp
Unlinking: /home/student/LJ2_P4_ROS_Groep1/universal_robots_ws/devel/share/common-lisp/ros/ur_msgs/msg/_package_RobotStateRTMsg.lisp
Unlinking: /home/student/LJ2_P4_ROS_Groep1/universal_robots_ws/devel/share/common-lisp/ros/ur_msgs/msg/RobotModeDataMsg.lisp
Unlinking: /home/student/LJ2_P4_ROS_Groep1/universal_robots_ws/devel/share/common-lisp/ros/ur_msgs/msg/_package_ToolDataMsg.lisp
Unlinking: /home/student/LJ2_P4_ROS_Groep1/universal_robots_ws/devel/share/common-lisp/ros/ur_msgs/msg/_package_RobotModeDataMsg.lisp
Unlinking: /home/student/LJ2_P4_ROS_Groep1/universal_robots_ws/devel/share/common-lisp/ros/ur_msgs/msg/RobotStateRTMsg.lisp
Unlinking: /home/student/LJ2_P4_ROS_Groep1/universal_robots_ws/devel/share/common-lisp/ros/ur_msgs/msg/ToolDataMsg.lisp
Unlinking: /home/student/LJ2_P4_ROS_Groep1/universal_robots_ws/devel/share/common-lisp/ros/ur_msgs/srv/ur_msgs-srv.asd
Unlinking: /home/student/LJ2_P4_ROS_Groep1/universal_robots_ws/devel/share/common-lisp/ros/ur_msgs/srv/_package_SetIO.lisp
Unlinking: /home/student/LJ2_P4_ROS_Groep1/universal_robots_ws/devel/share/common-lisp/ros/ur_msgs/srv/_package.lisp
Unlinking: /home/student/LJ2_P4_ROS_Groep1/universal_robots_ws/devel/share/common-lisp/ros/ur_msgs/srv/SetSpeedSliderFraction.lisp
Unlinking: /home/student/LJ2_P4_ROS_Groep1/universal_robots_ws/devel/share/common-lisp/ros/ur_msgs/srv/SetPayload.lisp
Unlinking: /home/student/LJ2_P4_ROS_Groep1/universal_robots_ws/devel/share/common-lisp/ros/ur_msgs/srv/_package_SetPayload.lisp
Unlinking: /home/student/LJ2_P4_ROS_Groep1/universal_robots_ws/devel/share/common-lisp/ros/ur_msgs/srv/SetIO.lisp
Unlinking: /home/student/LJ2_P4_ROS_Groep1/universal_robots_ws/devel/share/common-lisp/ros/ur_msgs/srv/_package_SetSpeedSliderFraction.lisp
Unlinking: /home/student/LJ2_P4_ROS_Groep1/universal_robots_ws/devel/share/ur_msgs/cmake/ur_msgs-msg-paths.cmake
Unlinking: /home/student/LJ2_P4_ROS_Groep1/universal_robots_ws/devel/share/ur_msgs/cmake/ur_msgsConfig.cmake
Unlinking: /home/student/LJ2_P4_ROS_Groep1/universal_robots_ws/devel/share/ur_msgs/cmake/ur_msgsConfig-version.cmake
Unlinking: /home/student/LJ2_P4_ROS_Groep1/universal_robots_ws/devel/share/ur_msgs/cmake/ur_msgs-msg-extras.cmake
