Warning: Cannot symlink from /home/student/LJ2_P4_ROS_Groep1/universal_robots_ws/devel/.private/ur_msgs/lib/pkgconfig/ur_msgs.pc to existing file /home/student/LJ2_P4_ROS_Groep1/universal_robots_ws/devel/lib/pkgconfig/ur_msgs.pc
Warning: Source hash: b0799ce9a1c3439e8b8d5e8dee3189ce
Warning: Dest hash: 80a2c2e7a3696e78dcb0cac443a6b810
Warning: Cannot symlink from /home/student/LJ2_P4_ROS_Groep1/universal_robots_ws/devel/.private/ur_msgs/share/ur_msgs/cmake/ur_msgs-msg-paths.cmake to existing file /home/student/LJ2_P4_ROS_Groep1/universal_robots_ws/devel/share/ur_msgs/cmake/ur_msgs-msg-paths.cmake
Warning: Source hash: a20eb2affdc7c3400fbbbaef001468ba
Warning: Dest hash: 7780950193a2c73298cd2df7eeeaa244
Warning: Cannot symlink from /home/student/LJ2_P4_ROS_Groep1/universal_robots_ws/devel/.private/ur_msgs/share/ur_msgs/cmake/ur_msgsConfig.cmake to existing file /home/student/LJ2_P4_ROS_Groep1/universal_robots_ws/devel/share/ur_msgs/cmake/ur_msgsConfig.cmake
Warning: Source hash: ab83fce6bacf80fed269cab2120ede62
Warning: Dest hash: 3a53a1b5f4b5c98f4fd0be341e1da162
Warning: Cannot symlink from /home/student/LJ2_P4_ROS_Groep1/universal_robots_ws/devel/.private/ur_msgs/share/ur_msgs/cmake/ur_msgs-msg-extras.cmake to existing file /home/student/LJ2_P4_ROS_Groep1/universal_robots_ws/devel/share/ur_msgs/cmake/ur_msgs-msg-extras.cmake
Warning: Source hash: aff768344850f1591772bbb6e21bb1de
Warning: Dest hash: 870160e5b5f7b82795c2a648cee1ad33
Cleaning: (/home/student/universal_robots_ws/devel/.private/ur_msgs/cmake.lock, /home/student/universal_robots_ws/devel/./cmake.lock)
Cleaning: (/home/student/universal_robots_ws/devel/.private/ur_msgs/include/ur_msgs/RobotModeDataMsg.h, /home/student/universal_robots_ws/devel/include/ur_msgs/RobotModeDataMsg.h)
Cleaning: (/home/student/universal_robots_ws/devel/.private/ur_msgs/include/ur_msgs/MasterboardDataMsg.h, /home/student/universal_robots_ws/devel/include/ur_msgs/MasterboardDataMsg.h)
Cleaning: (/home/student/universal_robots_ws/devel/.private/ur_msgs/include/ur_msgs/SetPayloadResponse.h, /home/student/universal_robots_ws/devel/include/ur_msgs/SetPayloadResponse.h)
Cleaning: (/home/student/universal_robots_ws/devel/.private/ur_msgs/include/ur_msgs/SetIO.h, /home/student/universal_robots_ws/devel/include/ur_msgs/SetIO.h)
Cleaning: (/home/student/universal_robots_ws/devel/.private/ur_msgs/include/ur_msgs/RobotStateRTMsg.h, /home/student/universal_robots_ws/devel/include/ur_msgs/RobotStateRTMsg.h)
Cleaning: (/home/student/universal_robots_ws/devel/.private/ur_msgs/include/ur_msgs/SetSpeedSliderFractionResponse.h, /home/student/universal_robots_ws/devel/include/ur_msgs/SetSpeedSliderFractionResponse.h)
Cleaning: (/home/student/universal_robots_ws/devel/.private/ur_msgs/include/ur_msgs/ToolDataMsg.h, /home/student/universal_robots_ws/devel/include/ur_msgs/ToolDataMsg.h)
Cleaning: (/home/student/universal_robots_ws/devel/.private/ur_msgs/include/ur_msgs/IOStates.h, /home/student/universal_robots_ws/devel/include/ur_msgs/IOStates.h)
Cleaning: (/home/student/universal_robots_ws/devel/.private/ur_msgs/include/ur_msgs/SetIORequest.h, /home/student/universal_robots_ws/devel/include/ur_msgs/SetIORequest.h)
Cleaning: (/home/student/universal_robots_ws/devel/.private/ur_msgs/include/ur_msgs/SetSpeedSliderFraction.h, /home/student/universal_robots_ws/devel/include/ur_msgs/SetSpeedSliderFraction.h)
Cleaning: (/home/student/universal_robots_ws/devel/.private/ur_msgs/include/ur_msgs/SetIOResponse.h, /home/student/universal_robots_ws/devel/include/ur_msgs/SetIOResponse.h)
Cleaning: (/home/student/universal_robots_ws/devel/.private/ur_msgs/include/ur_msgs/SetPayloadRequest.h, /home/student/universal_robots_ws/devel/include/ur_msgs/SetPayloadRequest.h)
Cleaning: (/home/student/universal_robots_ws/devel/.private/ur_msgs/include/ur_msgs/SetSpeedSliderFractionRequest.h, /home/student/universal_robots_ws/devel/include/ur_msgs/SetSpeedSliderFractionRequest.h)
Cleaning: (/home/student/universal_robots_ws/devel/.private/ur_msgs/include/ur_msgs/SetPayload.h, /home/student/universal_robots_ws/devel/include/ur_msgs/SetPayload.h)
Cleaning: (/home/student/universal_robots_ws/devel/.private/ur_msgs/include/ur_msgs/Digital.h, /home/student/universal_robots_ws/devel/include/ur_msgs/Digital.h)
Cleaning: (/home/student/universal_robots_ws/devel/.private/ur_msgs/include/ur_msgs/Analog.h, /home/student/universal_robots_ws/devel/include/ur_msgs/Analog.h)
Cleaning: (/home/student/universal_robots_ws/devel/.private/ur_msgs/lib/python2.7/dist-packages/ur_msgs/__init__.py, /home/student/universal_robots_ws/devel/lib/python2.7/dist-packages/ur_msgs/__init__.py)
Cleaning: (/home/student/universal_robots_ws/devel/.private/ur_msgs/lib/python2.7/dist-packages/ur_msgs/msg/_ToolDataMsg.py, /home/student/universal_robots_ws/devel/lib/python2.7/dist-packages/ur_msgs/msg/_ToolDataMsg.py)
Cleaning: (/home/student/universal_robots_ws/devel/.private/ur_msgs/lib/python2.7/dist-packages/ur_msgs/msg/_Analog.py, /home/student/universal_robots_ws/devel/lib/python2.7/dist-packages/ur_msgs/msg/_Analog.py)
Cleaning: (/home/student/universal_robots_ws/devel/.private/ur_msgs/lib/python2.7/dist-packages/ur_msgs/msg/__init__.py, /home/student/universal_robots_ws/devel/lib/python2.7/dist-packages/ur_msgs/msg/__init__.py)
Cleaning: (/home/student/universal_robots_ws/devel/.private/ur_msgs/lib/python2.7/dist-packages/ur_msgs/msg/_RobotModeDataMsg.py, /home/student/universal_robots_ws/devel/lib/python2.7/dist-packages/ur_msgs/msg/_RobotModeDataMsg.py)
Cleaning: (/home/student/universal_robots_ws/devel/.private/ur_msgs/lib/python2.7/dist-packages/ur_msgs/msg/_RobotStateRTMsg.py, /home/student/universal_robots_ws/devel/lib/python2.7/dist-packages/ur_msgs/msg/_RobotStateRTMsg.py)
Cleaning: (/home/student/universal_robots_ws/devel/.private/ur_msgs/lib/python2.7/dist-packages/ur_msgs/msg/_Digital.py, /home/student/universal_robots_ws/devel/lib/python2.7/dist-packages/ur_msgs/msg/_Digital.py)
Cleaning: (/home/student/universal_robots_ws/devel/.private/ur_msgs/lib/python2.7/dist-packages/ur_msgs/msg/_MasterboardDataMsg.py, /home/student/universal_robots_ws/devel/lib/python2.7/dist-packages/ur_msgs/msg/_MasterboardDataMsg.py)
Cleaning: (/home/student/universal_robots_ws/devel/.private/ur_msgs/lib/python2.7/dist-packages/ur_msgs/msg/_IOStates.py, /home/student/universal_robots_ws/devel/lib/python2.7/dist-packages/ur_msgs/msg/_IOStates.py)
Cleaning: (/home/student/universal_robots_ws/devel/.private/ur_msgs/lib/python2.7/dist-packages/ur_msgs/srv/_SetIO.py, /home/student/universal_robots_ws/devel/lib/python2.7/dist-packages/ur_msgs/srv/_SetIO.py)
Cleaning: (/home/student/universal_robots_ws/devel/.private/ur_msgs/lib/python2.7/dist-packages/ur_msgs/srv/__init__.py, /home/student/universal_robots_ws/devel/lib/python2.7/dist-packages/ur_msgs/srv/__init__.py)
Cleaning: (/home/student/universal_robots_ws/devel/.private/ur_msgs/lib/python2.7/dist-packages/ur_msgs/srv/_SetSpeedSliderFraction.py, /home/student/universal_robots_ws/devel/lib/python2.7/dist-packages/ur_msgs/srv/_SetSpeedSliderFraction.py)
Cleaning: (/home/student/universal_robots_ws/devel/.private/ur_msgs/lib/python2.7/dist-packages/ur_msgs/srv/_SetPayload.py, /home/student/universal_robots_ws/devel/lib/python2.7/dist-packages/ur_msgs/srv/_SetPayload.py)
Cleaning: (/home/student/universal_robots_ws/devel/.private/ur_msgs/lib/pkgconfig/ur_msgs.pc, /home/student/universal_robots_ws/devel/lib/pkgconfig/ur_msgs.pc)
Cleaning: (/home/student/universal_robots_ws/devel/.private/ur_msgs/share/gennodejs/ros/ur_msgs/_index.js, /home/student/universal_robots_ws/devel/share/gennodejs/ros/ur_msgs/_index.js)
Cleaning: (/home/student/universal_robots_ws/devel/.private/ur_msgs/share/gennodejs/ros/ur_msgs/msg/MasterboardDataMsg.js, /home/student/universal_robots_ws/devel/share/gennodejs/ros/ur_msgs/msg/MasterboardDataMsg.js)
Cleaning: (/home/student/universal_robots_ws/devel/.private/ur_msgs/share/gennodejs/ros/ur_msgs/msg/Digital.js, /home/student/universal_robots_ws/devel/share/gennodejs/ros/ur_msgs/msg/Digital.js)
Cleaning: (/home/student/universal_robots_ws/devel/.private/ur_msgs/share/gennodejs/ros/ur_msgs/msg/Analog.js, /home/student/universal_robots_ws/devel/share/gennodejs/ros/ur_msgs/msg/Analog.js)
Cleaning: (/home/student/universal_robots_ws/devel/.private/ur_msgs/share/gennodejs/ros/ur_msgs/msg/RobotStateRTMsg.js, /home/student/universal_robots_ws/devel/share/gennodejs/ros/ur_msgs/msg/RobotStateRTMsg.js)
Cleaning: (/home/student/universal_robots_ws/devel/.private/ur_msgs/share/gennodejs/ros/ur_msgs/msg/RobotModeDataMsg.js, /home/student/universal_robots_ws/devel/share/gennodejs/ros/ur_msgs/msg/RobotModeDataMsg.js)
Cleaning: (/home/student/universal_robots_ws/devel/.private/ur_msgs/share/gennodejs/ros/ur_msgs/msg/_index.js, /home/student/universal_robots_ws/devel/share/gennodejs/ros/ur_msgs/msg/_index.js)
Cleaning: (/home/student/universal_robots_ws/devel/.private/ur_msgs/share/gennodejs/ros/ur_msgs/msg/IOStates.js, /home/student/universal_robots_ws/devel/share/gennodejs/ros/ur_msgs/msg/IOStates.js)
Cleaning: (/home/student/universal_robots_ws/devel/.private/ur_msgs/share/gennodejs/ros/ur_msgs/msg/ToolDataMsg.js, /home/student/universal_robots_ws/devel/share/gennodejs/ros/ur_msgs/msg/ToolDataMsg.js)
Cleaning: (/home/student/universal_robots_ws/devel/.private/ur_msgs/share/gennodejs/ros/ur_msgs/srv/SetPayload.js, /home/student/universal_robots_ws/devel/share/gennodejs/ros/ur_msgs/srv/SetPayload.js)
Cleaning: (/home/student/universal_robots_ws/devel/.private/ur_msgs/share/gennodejs/ros/ur_msgs/srv/SetSpeedSliderFraction.js, /home/student/universal_robots_ws/devel/share/gennodejs/ros/ur_msgs/srv/SetSpeedSliderFraction.js)
Cleaning: (/home/student/universal_robots_ws/devel/.private/ur_msgs/share/gennodejs/ros/ur_msgs/srv/_index.js, /home/student/universal_robots_ws/devel/share/gennodejs/ros/ur_msgs/srv/_index.js)
Cleaning: (/home/student/universal_robots_ws/devel/.private/ur_msgs/share/gennodejs/ros/ur_msgs/srv/SetIO.js, /home/student/universal_robots_ws/devel/share/gennodejs/ros/ur_msgs/srv/SetIO.js)
Cleaning: (/home/student/universal_robots_ws/devel/.private/ur_msgs/share/roseus/ros/ur_msgs/manifest.l, /home/student/universal_robots_ws/devel/share/roseus/ros/ur_msgs/manifest.l)
Cleaning: (/home/student/universal_robots_ws/devel/.private/ur_msgs/share/roseus/ros/ur_msgs/msg/IOStates.l, /home/student/universal_robots_ws/devel/share/roseus/ros/ur_msgs/msg/IOStates.l)
Cleaning: (/home/student/universal_robots_ws/devel/.private/ur_msgs/share/roseus/ros/ur_msgs/msg/ToolDataMsg.l, /home/student/universal_robots_ws/devel/share/roseus/ros/ur_msgs/msg/ToolDataMsg.l)
Cleaning: (/home/student/universal_robots_ws/devel/.private/ur_msgs/share/roseus/ros/ur_msgs/msg/Analog.l, /home/student/universal_robots_ws/devel/share/roseus/ros/ur_msgs/msg/Analog.l)
Cleaning: (/home/student/universal_robots_ws/devel/.private/ur_msgs/share/roseus/ros/ur_msgs/msg/RobotModeDataMsg.l, /home/student/universal_robots_ws/devel/share/roseus/ros/ur_msgs/msg/RobotModeDataMsg.l)
Cleaning: (/home/student/universal_robots_ws/devel/.private/ur_msgs/share/roseus/ros/ur_msgs/msg/Digital.l, /home/student/universal_robots_ws/devel/share/roseus/ros/ur_msgs/msg/Digital.l)
Cleaning: (/home/student/universal_robots_ws/devel/.private/ur_msgs/share/roseus/ros/ur_msgs/msg/MasterboardDataMsg.l, /home/student/universal_robots_ws/devel/share/roseus/ros/ur_msgs/msg/MasterboardDataMsg.l)
Cleaning: (/home/student/universal_robots_ws/devel/.private/ur_msgs/share/roseus/ros/ur_msgs/msg/RobotStateRTMsg.l, /home/student/universal_robots_ws/devel/share/roseus/ros/ur_msgs/msg/RobotStateRTMsg.l)
Cleaning: (/home/student/universal_robots_ws/devel/.private/ur_msgs/share/roseus/ros/ur_msgs/srv/SetIO.l, /home/student/universal_robots_ws/devel/share/roseus/ros/ur_msgs/srv/SetIO.l)
Cleaning: (/home/student/universal_robots_ws/devel/.private/ur_msgs/share/roseus/ros/ur_msgs/srv/SetPayload.l, /home/student/universal_robots_ws/devel/share/roseus/ros/ur_msgs/srv/SetPayload.l)
Cleaning: (/home/student/universal_robots_ws/devel/.private/ur_msgs/share/roseus/ros/ur_msgs/srv/SetSpeedSliderFraction.l, /home/student/universal_robots_ws/devel/share/roseus/ros/ur_msgs/srv/SetSpeedSliderFraction.l)
Cleaning: (/home/student/universal_robots_ws/devel/.private/ur_msgs/share/common-lisp/ros/ur_msgs/msg/Digital.lisp, /home/student/universal_robots_ws/devel/share/common-lisp/ros/ur_msgs/msg/Digital.lisp)
Cleaning: (/home/student/universal_robots_ws/devel/.private/ur_msgs/share/common-lisp/ros/ur_msgs/msg/Analog.lisp, /home/student/universal_robots_ws/devel/share/common-lisp/ros/ur_msgs/msg/Analog.lisp)
Cleaning: (/home/student/universal_robots_ws/devel/.private/ur_msgs/share/common-lisp/ros/ur_msgs/msg/MasterboardDataMsg.lisp, /home/student/universal_robots_ws/devel/share/common-lisp/ros/ur_msgs/msg/MasterboardDataMsg.lisp)
Cleaning: (/home/student/universal_robots_ws/devel/.private/ur_msgs/share/common-lisp/ros/ur_msgs/msg/_package_IOStates.lisp, /home/student/universal_robots_ws/devel/share/common-lisp/ros/ur_msgs/msg/_package_IOStates.lisp)
Cleaning: (/home/student/universal_robots_ws/devel/.private/ur_msgs/share/common-lisp/ros/ur_msgs/msg/_package.lisp, /home/student/universal_robots_ws/devel/share/common-lisp/ros/ur_msgs/msg/_package.lisp)
Cleaning: (/home/student/universal_robots_ws/devel/.private/ur_msgs/share/common-lisp/ros/ur_msgs/msg/_package_MasterboardDataMsg.lisp, /home/student/universal_robots_ws/devel/share/common-lisp/ros/ur_msgs/msg/_package_MasterboardDataMsg.lisp)
Cleaning: (/home/student/universal_robots_ws/devel/.private/ur_msgs/share/common-lisp/ros/ur_msgs/msg/_package_Analog.lisp, /home/student/universal_robots_ws/devel/share/common-lisp/ros/ur_msgs/msg/_package_Analog.lisp)
Cleaning: (/home/student/universal_robots_ws/devel/.private/ur_msgs/share/common-lisp/ros/ur_msgs/msg/ur_msgs-msg.asd, /home/student/universal_robots_ws/devel/share/common-lisp/ros/ur_msgs/msg/ur_msgs-msg.asd)
Cleaning: (/home/student/universal_robots_ws/devel/.private/ur_msgs/share/common-lisp/ros/ur_msgs/msg/_package_Digital.lisp, /home/student/universal_robots_ws/devel/share/common-lisp/ros/ur_msgs/msg/_package_Digital.lisp)
Cleaning: (/home/student/universal_robots_ws/devel/.private/ur_msgs/share/common-lisp/ros/ur_msgs/msg/IOStates.lisp, /home/student/universal_robots_ws/devel/share/common-lisp/ros/ur_msgs/msg/IOStates.lisp)
Cleaning: (/home/student/universal_robots_ws/devel/.private/ur_msgs/share/common-lisp/ros/ur_msgs/msg/_package_RobotStateRTMsg.lisp, /home/student/universal_robots_ws/devel/share/common-lisp/ros/ur_msgs/msg/_package_RobotStateRTMsg.lisp)
Cleaning: (/home/student/universal_robots_ws/devel/.private/ur_msgs/share/common-lisp/ros/ur_msgs/msg/RobotModeDataMsg.lisp, /home/student/universal_robots_ws/devel/share/common-lisp/ros/ur_msgs/msg/RobotModeDataMsg.lisp)
Cleaning: (/home/student/universal_robots_ws/devel/.private/ur_msgs/share/common-lisp/ros/ur_msgs/msg/_package_ToolDataMsg.lisp, /home/student/universal_robots_ws/devel/share/common-lisp/ros/ur_msgs/msg/_package_ToolDataMsg.lisp)
Cleaning: (/home/student/universal_robots_ws/devel/.private/ur_msgs/share/common-lisp/ros/ur_msgs/msg/_package_RobotModeDataMsg.lisp, /home/student/universal_robots_ws/devel/share/common-lisp/ros/ur_msgs/msg/_package_RobotModeDataMsg.lisp)
Cleaning: (/home/student/universal_robots_ws/devel/.private/ur_msgs/share/common-lisp/ros/ur_msgs/msg/RobotStateRTMsg.lisp, /home/student/universal_robots_ws/devel/share/common-lisp/ros/ur_msgs/msg/RobotStateRTMsg.lisp)
Cleaning: (/home/student/universal_robots_ws/devel/.private/ur_msgs/share/common-lisp/ros/ur_msgs/msg/ToolDataMsg.lisp, /home/student/universal_robots_ws/devel/share/common-lisp/ros/ur_msgs/msg/ToolDataMsg.lisp)
Cleaning: (/home/student/universal_robots_ws/devel/.private/ur_msgs/share/common-lisp/ros/ur_msgs/srv/ur_msgs-srv.asd, /home/student/universal_robots_ws/devel/share/common-lisp/ros/ur_msgs/srv/ur_msgs-srv.asd)
Cleaning: (/home/student/universal_robots_ws/devel/.private/ur_msgs/share/common-lisp/ros/ur_msgs/srv/_package_SetIO.lisp, /home/student/universal_robots_ws/devel/share/common-lisp/ros/ur_msgs/srv/_package_SetIO.lisp)
Cleaning: (/home/student/universal_robots_ws/devel/.private/ur_msgs/share/common-lisp/ros/ur_msgs/srv/_package.lisp, /home/student/universal_robots_ws/devel/share/common-lisp/ros/ur_msgs/srv/_package.lisp)
Cleaning: (/home/student/universal_robots_ws/devel/.private/ur_msgs/share/common-lisp/ros/ur_msgs/srv/SetSpeedSliderFraction.lisp, /home/student/universal_robots_ws/devel/share/common-lisp/ros/ur_msgs/srv/SetSpeedSliderFraction.lisp)
Cleaning: (/home/student/universal_robots_ws/devel/.private/ur_msgs/share/common-lisp/ros/ur_msgs/srv/SetPayload.lisp, /home/student/universal_robots_ws/devel/share/common-lisp/ros/ur_msgs/srv/SetPayload.lisp)
Cleaning: (/home/student/universal_robots_ws/devel/.private/ur_msgs/share/common-lisp/ros/ur_msgs/srv/_package_SetPayload.lisp, /home/student/universal_robots_ws/devel/share/common-lisp/ros/ur_msgs/srv/_package_SetPayload.lisp)
Cleaning: (/home/student/universal_robots_ws/devel/.private/ur_msgs/share/common-lisp/ros/ur_msgs/srv/SetIO.lisp, /home/student/universal_robots_ws/devel/share/common-lisp/ros/ur_msgs/srv/SetIO.lisp)
Cleaning: (/home/student/universal_robots_ws/devel/.private/ur_msgs/share/common-lisp/ros/ur_msgs/srv/_package_SetSpeedSliderFraction.lisp, /home/student/universal_robots_ws/devel/share/common-lisp/ros/ur_msgs/srv/_package_SetSpeedSliderFraction.lisp)
Cleaning: (/home/student/universal_robots_ws/devel/.private/ur_msgs/share/ur_msgs/cmake/ur_msgs-msg-paths.cmake, /home/student/universal_robots_ws/devel/share/ur_msgs/cmake/ur_msgs-msg-paths.cmake)
Cleaning: (/home/student/universal_robots_ws/devel/.private/ur_msgs/share/ur_msgs/cmake/ur_msgsConfig.cmake, /home/student/universal_robots_ws/devel/share/ur_msgs/cmake/ur_msgsConfig.cmake)
Cleaning: (/home/student/universal_robots_ws/devel/.private/ur_msgs/share/ur_msgs/cmake/ur_msgsConfig-version.cmake, /home/student/universal_robots_ws/devel/share/ur_msgs/cmake/ur_msgsConfig-version.cmake)
Cleaning: (/home/student/universal_robots_ws/devel/.private/ur_msgs/share/ur_msgs/cmake/ur_msgs-msg-extras.cmake, /home/student/universal_robots_ws/devel/share/ur_msgs/cmake/ur_msgs-msg-extras.cmake)
Unlinking: /home/student/universal_robots_ws/devel/include/ur_msgs/RobotModeDataMsg.h
Already unlinked: {}
Unlinking: /home/student/universal_robots_ws/devel/include/ur_msgs/MasterboardDataMsg.h
Already unlinked: {}
Unlinking: /home/student/universal_robots_ws/devel/include/ur_msgs/SetPayloadResponse.h
Already unlinked: {}
Unlinking: /home/student/universal_robots_ws/devel/include/ur_msgs/SetIO.h
Already unlinked: {}
Unlinking: /home/student/universal_robots_ws/devel/include/ur_msgs/RobotStateRTMsg.h
Already unlinked: {}
Unlinking: /home/student/universal_robots_ws/devel/include/ur_msgs/SetSpeedSliderFractionResponse.h
Already unlinked: {}
Unlinking: /home/student/universal_robots_ws/devel/include/ur_msgs/ToolDataMsg.h
Already unlinked: {}
Unlinking: /home/student/universal_robots_ws/devel/include/ur_msgs/IOStates.h
Already unlinked: {}
Unlinking: /home/student/universal_robots_ws/devel/include/ur_msgs/SetIORequest.h
Already unlinked: {}
Unlinking: /home/student/universal_robots_ws/devel/include/ur_msgs/SetSpeedSliderFraction.h
Already unlinked: {}
Unlinking: /home/student/universal_robots_ws/devel/include/ur_msgs/SetIOResponse.h
Already unlinked: {}
Unlinking: /home/student/universal_robots_ws/devel/include/ur_msgs/SetPayloadRequest.h
Already unlinked: {}
Unlinking: /home/student/universal_robots_ws/devel/include/ur_msgs/SetSpeedSliderFractionRequest.h
Already unlinked: {}
Unlinking: /home/student/universal_robots_ws/devel/include/ur_msgs/SetPayload.h
Already unlinked: {}
Unlinking: /home/student/universal_robots_ws/devel/include/ur_msgs/Digital.h
Already unlinked: {}
Unlinking: /home/student/universal_robots_ws/devel/include/ur_msgs/Analog.h
Already unlinked: {}
Unlinking: /home/student/universal_robots_ws/devel/lib/python2.7/dist-packages/ur_msgs/__init__.py
Already unlinked: {}
Unlinking: /home/student/universal_robots_ws/devel/lib/python2.7/dist-packages/ur_msgs/msg/_ToolDataMsg.py
Already unlinked: {}
Unlinking: /home/student/universal_robots_ws/devel/lib/python2.7/dist-packages/ur_msgs/msg/_Analog.py
Already unlinked: {}
Unlinking: /home/student/universal_robots_ws/devel/lib/python2.7/dist-packages/ur_msgs/msg/__init__.py
Already unlinked: {}
Unlinking: /home/student/universal_robots_ws/devel/lib/python2.7/dist-packages/ur_msgs/msg/_RobotModeDataMsg.py
Already unlinked: {}
Unlinking: /home/student/universal_robots_ws/devel/lib/python2.7/dist-packages/ur_msgs/msg/_RobotStateRTMsg.py
Already unlinked: {}
Unlinking: /home/student/universal_robots_ws/devel/lib/python2.7/dist-packages/ur_msgs/msg/_Digital.py
Already unlinked: {}
Unlinking: /home/student/universal_robots_ws/devel/lib/python2.7/dist-packages/ur_msgs/msg/_MasterboardDataMsg.py
Already unlinked: {}
Unlinking: /home/student/universal_robots_ws/devel/lib/python2.7/dist-packages/ur_msgs/msg/_IOStates.py
Already unlinked: {}
Unlinking: /home/student/universal_robots_ws/devel/lib/python2.7/dist-packages/ur_msgs/srv/_SetIO.py
Already unlinked: {}
Unlinking: /home/student/universal_robots_ws/devel/lib/python2.7/dist-packages/ur_msgs/srv/__init__.py
Already unlinked: {}
Unlinking: /home/student/universal_robots_ws/devel/lib/python2.7/dist-packages/ur_msgs/srv/_SetSpeedSliderFraction.py
Already unlinked: {}
Unlinking: /home/student/universal_robots_ws/devel/lib/python2.7/dist-packages/ur_msgs/srv/_SetPayload.py
Already unlinked: {}
Unlinking: /home/student/universal_robots_ws/devel/lib/pkgconfig/ur_msgs.pc
Already unlinked: {}
Unlinking: /home/student/universal_robots_ws/devel/share/gennodejs/ros/ur_msgs/_index.js
Already unlinked: {}
Unlinking: /home/student/universal_robots_ws/devel/share/gennodejs/ros/ur_msgs/msg/MasterboardDataMsg.js
Already unlinked: {}
Unlinking: /home/student/universal_robots_ws/devel/share/gennodejs/ros/ur_msgs/msg/Digital.js
Already unlinked: {}
Unlinking: /home/student/universal_robots_ws/devel/share/gennodejs/ros/ur_msgs/msg/Analog.js
Already unlinked: {}
Unlinking: /home/student/universal_robots_ws/devel/share/gennodejs/ros/ur_msgs/msg/RobotStateRTMsg.js
Already unlinked: {}
Unlinking: /home/student/universal_robots_ws/devel/share/gennodejs/ros/ur_msgs/msg/RobotModeDataMsg.js
Already unlinked: {}
Unlinking: /home/student/universal_robots_ws/devel/share/gennodejs/ros/ur_msgs/msg/_index.js
Already unlinked: {}
Unlinking: /home/student/universal_robots_ws/devel/share/gennodejs/ros/ur_msgs/msg/IOStates.js
Already unlinked: {}
Unlinking: /home/student/universal_robots_ws/devel/share/gennodejs/ros/ur_msgs/msg/ToolDataMsg.js
Already unlinked: {}
Unlinking: /home/student/universal_robots_ws/devel/share/gennodejs/ros/ur_msgs/srv/SetPayload.js
Already unlinked: {}
Unlinking: /home/student/universal_robots_ws/devel/share/gennodejs/ros/ur_msgs/srv/SetSpeedSliderFraction.js
Already unlinked: {}
Unlinking: /home/student/universal_robots_ws/devel/share/gennodejs/ros/ur_msgs/srv/_index.js
Already unlinked: {}
Unlinking: /home/student/universal_robots_ws/devel/share/gennodejs/ros/ur_msgs/srv/SetIO.js
Already unlinked: {}
Unlinking: /home/student/universal_robots_ws/devel/share/roseus/ros/ur_msgs/manifest.l
Already unlinked: {}
Unlinking: /home/student/universal_robots_ws/devel/share/roseus/ros/ur_msgs/msg/IOStates.l
Already unlinked: {}
Unlinking: /home/student/universal_robots_ws/devel/share/roseus/ros/ur_msgs/msg/ToolDataMsg.l
Already unlinked: {}
Unlinking: /home/student/universal_robots_ws/devel/share/roseus/ros/ur_msgs/msg/Analog.l
Already unlinked: {}
Unlinking: /home/student/universal_robots_ws/devel/share/roseus/ros/ur_msgs/msg/RobotModeDataMsg.l
Already unlinked: {}
Unlinking: /home/student/universal_robots_ws/devel/share/roseus/ros/ur_msgs/msg/Digital.l
Already unlinked: {}
Unlinking: /home/student/universal_robots_ws/devel/share/roseus/ros/ur_msgs/msg/MasterboardDataMsg.l
Already unlinked: {}
Unlinking: /home/student/universal_robots_ws/devel/share/roseus/ros/ur_msgs/msg/RobotStateRTMsg.l
Already unlinked: {}
Unlinking: /home/student/universal_robots_ws/devel/share/roseus/ros/ur_msgs/srv/SetIO.l
Already unlinked: {}
Unlinking: /home/student/universal_robots_ws/devel/share/roseus/ros/ur_msgs/srv/SetPayload.l
Already unlinked: {}
Unlinking: /home/student/universal_robots_ws/devel/share/roseus/ros/ur_msgs/srv/SetSpeedSliderFraction.l
Already unlinked: {}
Unlinking: /home/student/universal_robots_ws/devel/share/common-lisp/ros/ur_msgs/msg/Digital.lisp
Already unlinked: {}
Unlinking: /home/student/universal_robots_ws/devel/share/common-lisp/ros/ur_msgs/msg/Analog.lisp
Already unlinked: {}
Unlinking: /home/student/universal_robots_ws/devel/share/common-lisp/ros/ur_msgs/msg/MasterboardDataMsg.lisp
Already unlinked: {}
Unlinking: /home/student/universal_robots_ws/devel/share/common-lisp/ros/ur_msgs/msg/_package_IOStates.lisp
Already unlinked: {}
Unlinking: /home/student/universal_robots_ws/devel/share/common-lisp/ros/ur_msgs/msg/_package.lisp
Already unlinked: {}
Unlinking: /home/student/universal_robots_ws/devel/share/common-lisp/ros/ur_msgs/msg/_package_MasterboardDataMsg.lisp
Already unlinked: {}
Unlinking: /home/student/universal_robots_ws/devel/share/common-lisp/ros/ur_msgs/msg/_package_Analog.lisp
Already unlinked: {}
Unlinking: /home/student/universal_robots_ws/devel/share/common-lisp/ros/ur_msgs/msg/ur_msgs-msg.asd
Already unlinked: {}
Unlinking: /home/student/universal_robots_ws/devel/share/common-lisp/ros/ur_msgs/msg/_package_Digital.lisp
Already unlinked: {}
Unlinking: /home/student/universal_robots_ws/devel/share/common-lisp/ros/ur_msgs/msg/IOStates.lisp
Already unlinked: {}
Unlinking: /home/student/universal_robots_ws/devel/share/common-lisp/ros/ur_msgs/msg/_package_RobotStateRTMsg.lisp
Already unlinked: {}
Unlinking: /home/student/universal_robots_ws/devel/share/common-lisp/ros/ur_msgs/msg/RobotModeDataMsg.lisp
Already unlinked: {}
Unlinking: /home/student/universal_robots_ws/devel/share/common-lisp/ros/ur_msgs/msg/_package_ToolDataMsg.lisp
Already unlinked: {}
Unlinking: /home/student/universal_robots_ws/devel/share/common-lisp/ros/ur_msgs/msg/_package_RobotModeDataMsg.lisp
Already unlinked: {}
Unlinking: /home/student/universal_robots_ws/devel/share/common-lisp/ros/ur_msgs/msg/RobotStateRTMsg.lisp
Already unlinked: {}
Unlinking: /home/student/universal_robots_ws/devel/share/common-lisp/ros/ur_msgs/msg/ToolDataMsg.lisp
Already unlinked: {}
Unlinking: /home/student/universal_robots_ws/devel/share/common-lisp/ros/ur_msgs/srv/ur_msgs-srv.asd
Already unlinked: {}
Unlinking: /home/student/universal_robots_ws/devel/share/common-lisp/ros/ur_msgs/srv/_package_SetIO.lisp
Already unlinked: {}
Unlinking: /home/student/universal_robots_ws/devel/share/common-lisp/ros/ur_msgs/srv/_package.lisp
Already unlinked: {}
Unlinking: /home/student/universal_robots_ws/devel/share/common-lisp/ros/ur_msgs/srv/SetSpeedSliderFraction.lisp
Already unlinked: {}
Unlinking: /home/student/universal_robots_ws/devel/share/common-lisp/ros/ur_msgs/srv/SetPayload.lisp
Already unlinked: {}
Unlinking: /home/student/universal_robots_ws/devel/share/common-lisp/ros/ur_msgs/srv/_package_SetPayload.lisp
Already unlinked: {}
Unlinking: /home/student/universal_robots_ws/devel/share/common-lisp/ros/ur_msgs/srv/SetIO.lisp
Already unlinked: {}
Unlinking: /home/student/universal_robots_ws/devel/share/common-lisp/ros/ur_msgs/srv/_package_SetSpeedSliderFraction.lisp
Already unlinked: {}
Unlinking: /home/student/universal_robots_ws/devel/share/ur_msgs/cmake/ur_msgs-msg-paths.cmake
Already unlinked: {}
Unlinking: /home/student/universal_robots_ws/devel/share/ur_msgs/cmake/ur_msgsConfig.cmake
Already unlinked: {}
Unlinking: /home/student/universal_robots_ws/devel/share/ur_msgs/cmake/ur_msgsConfig-version.cmake
Already unlinked: {}
Unlinking: /home/student/universal_robots_ws/devel/share/ur_msgs/cmake/ur_msgs-msg-extras.cmake
Already unlinked: {}
